[0.100s] Invoking command in '/home/sli/slither_ws/build/dynamixel_sdk_examples': CMAKE_PREFIX_PATH=/home/sli/slither_ws/install/dynamixel_sdk_custom_interfaces:/home/sli/slither_ws/install/dynamixel_sdk:/home/sli/slither_ws/install/dynamixel_sdk_examples:/home/sli/slither_ws/install/locomotion_wire:/home/sli/slither_ws/install/locomotion:/home/sli/slither_ws/install/dynamixel_mpu9250:/home/sli/slither_ws/install/dynamixel_keyboard_controller:/opt/ros/humble /usr/bin/cmake --build /home/sli/slither_ws/build/dynamixel_sdk_examples -- -j4 -l4
[0.504s] [100%] Built target read_write_node
[2.370s] Invoked command in '/home/sli/slither_ws/build/dynamixel_sdk_examples' returned '0': CMAKE_PREFIX_PATH=/home/sli/slither_ws/install/dynamixel_sdk_custom_interfaces:/home/sli/slither_ws/install/dynamixel_sdk:/home/sli/slither_ws/install/dynamixel_sdk_examples:/home/sli/slither_ws/install/locomotion_wire:/home/sli/slither_ws/install/locomotion:/home/sli/slither_ws/install/dynamixel_mpu9250:/home/sli/slither_ws/install/dynamixel_keyboard_controller:/opt/ros/humble /usr/bin/cmake --build /home/sli/slither_ws/build/dynamixel_sdk_examples -- -j4 -l4
[2.558s] Invoking command in '/home/sli/slither_ws/build/dynamixel_sdk_examples': CMAKE_PREFIX_PATH=/home/sli/slither_ws/install/dynamixel_sdk_custom_interfaces:/home/sli/slither_ws/install/dynamixel_sdk:/home/sli/slither_ws/install/dynamixel_sdk_examples:/home/sli/slither_ws/install/locomotion_wire:/home/sli/slither_ws/install/locomotion:/home/sli/slither_ws/install/dynamixel_mpu9250:/home/sli/slither_ws/install/dynamixel_keyboard_controller:/opt/ros/humble /usr/bin/cmake --install /home/sli/slither_ws/build/dynamixel_sdk_examples
[2.607s] -- Install configuration: ""
[2.609s] -- Up-to-date: /home/sli/slither_ws/install/dynamixel_sdk_examples/lib/dynamixel_sdk_examples/read_write_node
[2.613s] -- Up-to-date: /home/sli/slither_ws/install/dynamixel_sdk_examples/share/ament_index/resource_index/package_run_dependencies/dynamixel_sdk_examples
[2.615s] -- Up-to-date: /home/sli/slither_ws/install/dynamixel_sdk_examples/share/ament_index/resource_index/parent_prefix_path/dynamixel_sdk_examples
[2.616s] -- Up-to-date: /home/sli/slither_ws/install/dynamixel_sdk_examples/share/dynamixel_sdk_examples/environment/ament_prefix_path.sh
[2.617s] -- Up-to-date: /home/sli/slither_ws/install/dynamixel_sdk_examples/share/dynamixel_sdk_examples/environment/ament_prefix_path.dsv
[2.618s] -- Up-to-date: /home/sli/slither_ws/install/dynamixel_sdk_examples/share/dynamixel_sdk_examples/environment/path.sh
[2.619s] -- Up-to-date: /home/sli/slither_ws/install/dynamixel_sdk_examples/share/dynamixel_sdk_examples/environment/path.dsv
[2.620s] -- Up-to-date: /home/sli/slither_ws/install/dynamixel_sdk_examples/share/dynamixel_sdk_examples/local_setup.bash
[2.622s] -- Up-to-date: /home/sli/slither_ws/install/dynamixel_sdk_examples/share/dynamixel_sdk_examples/local_setup.sh
[2.623s] -- Up-to-date: /home/sli/slither_ws/install/dynamixel_sdk_examples/share/dynamixel_sdk_examples/local_setup.zsh
[2.624s] -- Up-to-date: /home/sli/slither_ws/install/dynamixel_sdk_examples/share/dynamixel_sdk_examples/local_setup.dsv
[2.624s] -- Installing: /home/sli/slither_ws/install/dynamixel_sdk_examples/share/dynamixel_sdk_examples/package.dsv
[2.642s] -- Up-to-date: /home/sli/slither_ws/install/dynamixel_sdk_examples/share/ament_index/resource_index/packages/dynamixel_sdk_examples
[2.643s] -- Up-to-date: /home/sli/slither_ws/install/dynamixel_sdk_examples/share/dynamixel_sdk_examples/cmake/dynamixel_sdk_examplesConfig.cmake
[2.643s] -- Up-to-date: /home/sli/slither_ws/install/dynamixel_sdk_examples/share/dynamixel_sdk_examples/cmake/dynamixel_sdk_examplesConfig-version.cmake
[2.644s] -- Up-to-date: /home/sli/slither_ws/install/dynamixel_sdk_examples/share/dynamixel_sdk_examples/package.xml
[4.686s] Invoked command in '/home/sli/slither_ws/build/dynamixel_sdk_examples' returned '0': CMAKE_PREFIX_PATH=/home/sli/slither_ws/install/dynamixel_sdk_custom_interfaces:/home/sli/slither_ws/install/dynamixel_sdk:/home/sli/slither_ws/install/dynamixel_sdk_examples:/home/sli/slither_ws/install/locomotion_wire:/home/sli/slither_ws/install/locomotion:/home/sli/slither_ws/install/dynamixel_mpu9250:/home/sli/slither_ws/install/dynamixel_keyboard_controller:/opt/ros/humble /usr/bin/cmake --install /home/sli/slither_ws/build/dynamixel_sdk_examples
