[0.113s] Invoking command in '/home/sli/slither_ws/build/dynamixel_sdk_examples': CMAKE_PREFIX_PATH=/home/sli/slither_ws/install/dynamixel_sdk_custom_interfaces:/home/sli/slither_ws/install/dynamixel_sdk:/home/sli/slither_ws/install/dynamixel_sdk_examples:/home/sli/slither_ws/install/locomotion_wire:/home/sli/slither_ws/install/locomotion:/home/sli/slither_ws/install/dynamixel_mpu9250:/home/sli/slither_ws/install/dynamixel_keyboard_controller:/opt/ros/humble /usr/bin/cmake --build /home/sli/slither_ws/build/dynamixel_sdk_examples -- -j4 -l4
[0.508s] [100%] Built target read_write_node
[1.833s] Invoked command in '/home/sli/slither_ws/build/dynamixel_sdk_examples' returned '0': CMAKE_PREFIX_PATH=/home/sli/slither_ws/install/dynamixel_sdk_custom_interfaces:/home/sli/slither_ws/install/dynamixel_sdk:/home/sli/slither_ws/install/dynamixel_sdk_examples:/home/sli/slither_ws/install/locomotion_wire:/home/sli/slither_ws/install/locomotion:/home/sli/slither_ws/install/dynamixel_mpu9250:/home/sli/slither_ws/install/dynamixel_keyboard_controller:/opt/ros/humble /usr/bin/cmake --build /home/sli/slither_ws/build/dynamixel_sdk_examples -- -j4 -l4
[3.728s] Invoking command in '/home/sli/slither_ws/build/dynamixel_sdk_examples': CMAKE_PREFIX_PATH=/home/sli/slither_ws/install/dynamixel_sdk_custom_interfaces:/home/sli/slither_ws/install/dynamixel_sdk:/home/sli/slither_ws/install/dynamixel_sdk_examples:/home/sli/slither_ws/install/locomotion_wire:/home/sli/slither_ws/install/locomotion:/home/sli/slither_ws/install/dynamixel_mpu9250:/home/sli/slither_ws/install/dynamixel_keyboard_controller:/opt/ros/humble /usr/bin/cmake --install /home/sli/slither_ws/build/dynamixel_sdk_examples
[3.786s] -- Install configuration: ""
[3.787s] -- Up-to-date: /home/sli/slither_ws/install/dynamixel_sdk_examples/lib/dynamixel_sdk_examples/read_write_node
[3.789s] -- Up-to-date: /home/sli/slither_ws/install/dynamixel_sdk_examples/share/ament_index/resource_index/package_run_dependencies/dynamixel_sdk_examples
[3.792s] -- Up-to-date: /home/sli/slither_ws/install/dynamixel_sdk_examples/share/ament_index/resource_index/parent_prefix_path/dynamixel_sdk_examples
[3.794s] -- Up-to-date: /home/sli/slither_ws/install/dynamixel_sdk_examples/share/dynamixel_sdk_examples/environment/ament_prefix_path.sh
[3.795s] -- Up-to-date: /home/sli/slither_ws/install/dynamixel_sdk_examples/share/dynamixel_sdk_examples/environment/ament_prefix_path.dsv
[3.796s] -- Up-to-date: /home/sli/slither_ws/install/dynamixel_sdk_examples/share/dynamixel_sdk_examples/environment/path.sh
[3.798s] -- Up-to-date: /home/sli/slither_ws/install/dynamixel_sdk_examples/share/dynamixel_sdk_examples/environment/path.dsv
[3.799s] -- Up-to-date: /home/sli/slither_ws/install/dynamixel_sdk_examples/share/dynamixel_sdk_examples/local_setup.bash
[3.801s] -- Up-to-date: /home/sli/slither_ws/install/dynamixel_sdk_examples/share/dynamixel_sdk_examples/local_setup.sh
[3.803s] -- Up-to-date: /home/sli/slither_ws/install/dynamixel_sdk_examples/share/dynamixel_sdk_examples/local_setup.zsh
[3.804s] -- Up-to-date: /home/sli/slither_ws/install/dynamixel_sdk_examples/share/dynamixel_sdk_examples/local_setup.dsv
[3.804s] -- Installing: /home/sli/slither_ws/install/dynamixel_sdk_examples/share/dynamixel_sdk_examples/package.dsv
[3.804s] -- Up-to-date: /home/sli/slither_ws/install/dynamixel_sdk_examples/share/ament_index/resource_index/packages/dynamixel_sdk_examples
[3.805s] -- Up-to-date: /home/sli/slither_ws/install/dynamixel_sdk_examples/share/dynamixel_sdk_examples/cmake/dynamixel_sdk_examplesConfig.cmake
[3.805s] -- Up-to-date: /home/sli/slither_ws/install/dynamixel_sdk_examples/share/dynamixel_sdk_examples/cmake/dynamixel_sdk_examplesConfig-version.cmake
[3.805s] -- Up-to-date: /home/sli/slither_ws/install/dynamixel_sdk_examples/share/dynamixel_sdk_examples/package.xml
[3.839s] Invoked command in '/home/sli/slither_ws/build/dynamixel_sdk_examples' returned '0': CMAKE_PREFIX_PATH=/home/sli/slither_ws/install/dynamixel_sdk_custom_interfaces:/home/sli/slither_ws/install/dynamixel_sdk:/home/sli/slither_ws/install/dynamixel_sdk_examples:/home/sli/slither_ws/install/locomotion_wire:/home/sli/slither_ws/install/locomotion:/home/sli/slither_ws/install/dynamixel_mpu9250:/home/sli/slither_ws/install/dynamixel_keyboard_controller:/opt/ros/humble /usr/bin/cmake --install /home/sli/slither_ws/build/dynamixel_sdk_examples
