[0.503s] DEBUG:colcon:Command line arguments: ['/usr/bin/colcon', 'build']
[0.504s] DEBUG:colcon:Parsed command line arguments: Namespace(log_base=None, log_level=None, verb_name='build', build_base='build', install_base='install', merge_install=False, symlink_install=False, test_result_base=None, continue_on_error=False, executor='parallel', parallel_workers=4, event_handlers=None, ignore_user_meta=False, metas=['./colcon.meta'], base_paths=['.'], packages_ignore=None, packages_ignore_regex=None, paths=None, packages_up_to=None, packages_up_to_regex=None, packages_above=None, packages_above_and_dependencies=None, packages_above_depth=None, packages_select_by_dep=None, packages_skip_by_dep=None, packages_skip_up_to=None, packages_select_build_failed=False, packages_skip_build_finished=False, packages_select_test_failures=False, packages_skip_test_passed=False, packages_select=None, packages_skip=None, packages_select_regex=None, packages_skip_regex=None, packages_start=None, packages_end=None, allow_overriding=[], cmake_args=None, cmake_target=None, cmake_target_skip_unavailable=False, cmake_clean_cache=False, cmake_clean_first=False, cmake_force_configure=False, ament_cmake_args=None, catkin_cmake_args=None, catkin_skip_building_tests=False, mixin_files=None, mixin=None, verb_parser=<colcon_mixin.mixin.mixin_argument.MixinArgumentDecorator object at 0xffffaf16eef0>, verb_extension=<colcon_core.verb.build.BuildVerb object at 0xffffaf2b35b0>, main=<bound method BuildVerb.main of <colcon_core.verb.build.BuildVerb object at 0xffffaf2b35b0>>, mixin_verb=('build',))
[1.485s] Level 1:colcon.colcon_core.package_discovery:discover_packages(colcon_meta) check parameters
[1.485s] Level 1:colcon.colcon_core.package_discovery:discover_packages(recursive) check parameters
[1.485s] Level 1:colcon.colcon_core.package_discovery:discover_packages(ignore) check parameters
[1.486s] Level 1:colcon.colcon_core.package_discovery:discover_packages(path) check parameters
[1.486s] Level 1:colcon.colcon_core.package_discovery:discover_packages(colcon_meta) discover
[1.486s] Level 1:colcon.colcon_core.package_discovery:discover_packages(recursive) discover
[1.486s] INFO:colcon.colcon_core.package_discovery:Crawling recursively for packages in '/home/sli/slither_ws'
[1.487s] Level 1:colcon.colcon_core.package_identification:_identify(.) by extensions ['ignore', 'ignore_ament_install']
[1.487s] Level 1:colcon.colcon_core.package_identification:_identify(.) by extension 'ignore'
[1.488s] Level 1:colcon.colcon_core.package_identification:_identify(.) by extension 'ignore_ament_install'
[1.488s] Level 1:colcon.colcon_core.package_identification:_identify(.) by extensions ['colcon_pkg']
[1.489s] Level 1:colcon.colcon_core.package_identification:_identify(.) by extension 'colcon_pkg'
[1.489s] Level 1:colcon.colcon_core.package_identification:_identify(.) by extensions ['colcon_meta']
[1.489s] Level 1:colcon.colcon_core.package_identification:_identify(.) by extension 'colcon_meta'
[1.489s] Level 1:colcon.colcon_core.package_identification:_identify(.) by extensions ['ros']
[1.489s] Level 1:colcon.colcon_core.package_identification:_identify(.) by extension 'ros'
[1.545s] Level 1:colcon.colcon_core.package_identification:_identify(.) by extensions ['cmake', 'python']
[1.545s] Level 1:colcon.colcon_core.package_identification:_identify(.) by extension 'cmake'
[1.545s] Level 1:colcon.colcon_core.package_identification:_identify(.) by extension 'python'
[1.546s] Level 1:colcon.colcon_core.package_identification:_identify(.) by extensions ['python_setup_py']
[1.546s] Level 1:colcon.colcon_core.package_identification:_identify(.) by extension 'python_setup_py'
[1.546s] Level 1:colcon.colcon_core.package_identification:_identify(build) by extensions ['ignore', 'ignore_ament_install']
[1.547s] Level 1:colcon.colcon_core.package_identification:_identify(build) by extension 'ignore'
[1.547s] Level 1:colcon.colcon_core.package_identification:_identify(build) ignored
[1.547s] Level 1:colcon.colcon_core.package_identification:_identify(install) by extensions ['ignore', 'ignore_ament_install']
[1.548s] Level 1:colcon.colcon_core.package_identification:_identify(install) by extension 'ignore'
[1.548s] Level 1:colcon.colcon_core.package_identification:_identify(install) ignored
[1.549s] Level 1:colcon.colcon_core.package_identification:_identify(log) by extensions ['ignore', 'ignore_ament_install']
[1.549s] Level 1:colcon.colcon_core.package_identification:_identify(log) by extension 'ignore'
[1.549s] Level 1:colcon.colcon_core.package_identification:_identify(log) ignored
[1.550s] Level 1:colcon.colcon_core.package_identification:_identify(src) by extensions ['ignore', 'ignore_ament_install']
[1.550s] Level 1:colcon.colcon_core.package_identification:_identify(src) by extension 'ignore'
[1.550s] Level 1:colcon.colcon_core.package_identification:_identify(src) by extension 'ignore_ament_install'
[1.551s] Level 1:colcon.colcon_core.package_identification:_identify(src) by extensions ['colcon_pkg']
[1.551s] Level 1:colcon.colcon_core.package_identification:_identify(src) by extension 'colcon_pkg'
[1.551s] Level 1:colcon.colcon_core.package_identification:_identify(src) by extensions ['colcon_meta']
[1.551s] Level 1:colcon.colcon_core.package_identification:_identify(src) by extension 'colcon_meta'
[1.551s] Level 1:colcon.colcon_core.package_identification:_identify(src) by extensions ['ros']
[1.551s] Level 1:colcon.colcon_core.package_identification:_identify(src) by extension 'ros'
[1.552s] Level 1:colcon.colcon_core.package_identification:_identify(src) by extensions ['cmake', 'python']
[1.552s] Level 1:colcon.colcon_core.package_identification:_identify(src) by extension 'cmake'
[1.552s] Level 1:colcon.colcon_core.package_identification:_identify(src) by extension 'python'
[1.552s] Level 1:colcon.colcon_core.package_identification:_identify(src) by extensions ['python_setup_py']
[1.552s] Level 1:colcon.colcon_core.package_identification:_identify(src) by extension 'python_setup_py'
[1.553s] Level 1:colcon.colcon_core.package_identification:_identify(src/DynamixelSDK) by extensions ['ignore', 'ignore_ament_install']
[1.553s] Level 1:colcon.colcon_core.package_identification:_identify(src/DynamixelSDK) by extension 'ignore'
[1.553s] Level 1:colcon.colcon_core.package_identification:_identify(src/DynamixelSDK) by extension 'ignore_ament_install'
[1.554s] Level 1:colcon.colcon_core.package_identification:_identify(src/DynamixelSDK) by extensions ['colcon_pkg']
[1.554s] Level 1:colcon.colcon_core.package_identification:_identify(src/DynamixelSDK) by extension 'colcon_pkg'
[1.554s] Level 1:colcon.colcon_core.package_identification:_identify(src/DynamixelSDK) by extensions ['colcon_meta']
[1.554s] Level 1:colcon.colcon_core.package_identification:_identify(src/DynamixelSDK) by extension 'colcon_meta'
[1.554s] Level 1:colcon.colcon_core.package_identification:_identify(src/DynamixelSDK) by extensions ['ros']
[1.554s] Level 1:colcon.colcon_core.package_identification:_identify(src/DynamixelSDK) by extension 'ros'
[1.555s] Level 1:colcon.colcon_core.package_identification:_identify(src/DynamixelSDK) by extensions ['cmake', 'python']
[1.555s] Level 1:colcon.colcon_core.package_identification:_identify(src/DynamixelSDK) by extension 'cmake'
[1.555s] Level 1:colcon.colcon_core.package_identification:_identify(src/DynamixelSDK) by extension 'python'
[1.555s] Level 1:colcon.colcon_core.package_identification:_identify(src/DynamixelSDK) by extensions ['python_setup_py']
[1.555s] Level 1:colcon.colcon_core.package_identification:_identify(src/DynamixelSDK) by extension 'python_setup_py'
[1.556s] Level 1:colcon.colcon_core.package_identification:_identify(src/DynamixelSDK/dynamixel_sdk) by extensions ['ignore', 'ignore_ament_install']
[1.556s] Level 1:colcon.colcon_core.package_identification:_identify(src/DynamixelSDK/dynamixel_sdk) by extension 'ignore'
[1.556s] Level 1:colcon.colcon_core.package_identification:_identify(src/DynamixelSDK/dynamixel_sdk) by extension 'ignore_ament_install'
[1.556s] Level 1:colcon.colcon_core.package_identification:_identify(src/DynamixelSDK/dynamixel_sdk) by extensions ['colcon_pkg']
[1.556s] Level 1:colcon.colcon_core.package_identification:_identify(src/DynamixelSDK/dynamixel_sdk) by extension 'colcon_pkg'
[1.557s] Level 1:colcon.colcon_core.package_identification:_identify(src/DynamixelSDK/dynamixel_sdk) by extensions ['colcon_meta']
[1.557s] Level 1:colcon.colcon_core.package_identification:_identify(src/DynamixelSDK/dynamixel_sdk) by extension 'colcon_meta'
[1.557s] Level 1:colcon.colcon_core.package_identification:_identify(src/DynamixelSDK/dynamixel_sdk) by extensions ['ros']
[1.557s] Level 1:colcon.colcon_core.package_identification:_identify(src/DynamixelSDK/dynamixel_sdk) by extension 'ros'
[1.566s] DEBUG:colcon.colcon_core.package_identification:Package 'src/DynamixelSDK/dynamixel_sdk' with type 'ros.ament_cmake' and name 'dynamixel_sdk'
[1.566s] Level 1:colcon.colcon_core.package_identification:_identify(src/DynamixelSDK/dynamixel_sdk_custom_interfaces) by extensions ['ignore', 'ignore_ament_install']
[1.567s] Level 1:colcon.colcon_core.package_identification:_identify(src/DynamixelSDK/dynamixel_sdk_custom_interfaces) by extension 'ignore'
[1.567s] Level 1:colcon.colcon_core.package_identification:_identify(src/DynamixelSDK/dynamixel_sdk_custom_interfaces) by extension 'ignore_ament_install'
[1.567s] Level 1:colcon.colcon_core.package_identification:_identify(src/DynamixelSDK/dynamixel_sdk_custom_interfaces) by extensions ['colcon_pkg']
[1.567s] Level 1:colcon.colcon_core.package_identification:_identify(src/DynamixelSDK/dynamixel_sdk_custom_interfaces) by extension 'colcon_pkg'
[1.568s] Level 1:colcon.colcon_core.package_identification:_identify(src/DynamixelSDK/dynamixel_sdk_custom_interfaces) by extensions ['colcon_meta']
[1.568s] Level 1:colcon.colcon_core.package_identification:_identify(src/DynamixelSDK/dynamixel_sdk_custom_interfaces) by extension 'colcon_meta'
[1.568s] Level 1:colcon.colcon_core.package_identification:_identify(src/DynamixelSDK/dynamixel_sdk_custom_interfaces) by extensions ['ros']
[1.568s] Level 1:colcon.colcon_core.package_identification:_identify(src/DynamixelSDK/dynamixel_sdk_custom_interfaces) by extension 'ros'
[1.571s] DEBUG:colcon.colcon_core.package_identification:Package 'src/DynamixelSDK/dynamixel_sdk_custom_interfaces' with type 'ros.ament_cmake' and name 'dynamixel_sdk_custom_interfaces'
[1.572s] Level 1:colcon.colcon_core.package_identification:_identify(src/DynamixelSDK/dynamixel_sdk_examples) by extensions ['ignore', 'ignore_ament_install']
[1.572s] Level 1:colcon.colcon_core.package_identification:_identify(src/DynamixelSDK/dynamixel_sdk_examples) by extension 'ignore'
[1.572s] Level 1:colcon.colcon_core.package_identification:_identify(src/DynamixelSDK/dynamixel_sdk_examples) by extension 'ignore_ament_install'
[1.573s] Level 1:colcon.colcon_core.package_identification:_identify(src/DynamixelSDK/dynamixel_sdk_examples) by extensions ['colcon_pkg']
[1.573s] Level 1:colcon.colcon_core.package_identification:_identify(src/DynamixelSDK/dynamixel_sdk_examples) by extension 'colcon_pkg'
[1.573s] Level 1:colcon.colcon_core.package_identification:_identify(src/DynamixelSDK/dynamixel_sdk_examples) by extensions ['colcon_meta']
[1.573s] Level 1:colcon.colcon_core.package_identification:_identify(src/DynamixelSDK/dynamixel_sdk_examples) by extension 'colcon_meta'
[1.573s] Level 1:colcon.colcon_core.package_identification:_identify(src/DynamixelSDK/dynamixel_sdk_examples) by extensions ['ros']
[1.573s] Level 1:colcon.colcon_core.package_identification:_identify(src/DynamixelSDK/dynamixel_sdk_examples) by extension 'ros'
[1.577s] DEBUG:colcon.colcon_core.package_identification:Package 'src/DynamixelSDK/dynamixel_sdk_examples' with type 'ros.ament_cmake' and name 'dynamixel_sdk_examples'
[1.577s] Level 1:colcon.colcon_core.package_identification:_identify(src/dynamixel_keyboard_controller) by extensions ['ignore', 'ignore_ament_install']
[1.578s] Level 1:colcon.colcon_core.package_identification:_identify(src/dynamixel_keyboard_controller) by extension 'ignore'
[1.578s] Level 1:colcon.colcon_core.package_identification:_identify(src/dynamixel_keyboard_controller) by extension 'ignore_ament_install'
[1.578s] Level 1:colcon.colcon_core.package_identification:_identify(src/dynamixel_keyboard_controller) by extensions ['colcon_pkg']
[1.578s] Level 1:colcon.colcon_core.package_identification:_identify(src/dynamixel_keyboard_controller) by extension 'colcon_pkg'
[1.579s] Level 1:colcon.colcon_core.package_identification:_identify(src/dynamixel_keyboard_controller) by extensions ['colcon_meta']
[1.579s] Level 1:colcon.colcon_core.package_identification:_identify(src/dynamixel_keyboard_controller) by extension 'colcon_meta'
[1.579s] Level 1:colcon.colcon_core.package_identification:_identify(src/dynamixel_keyboard_controller) by extensions ['ros']
[1.579s] Level 1:colcon.colcon_core.package_identification:_identify(src/dynamixel_keyboard_controller) by extension 'ros'
[1.581s] DEBUG:colcon.colcon_core.package_identification:Package 'src/dynamixel_keyboard_controller' with type 'ros.ament_python' and name 'dynamixel_keyboard_controller'
[1.582s] Level 1:colcon.colcon_core.package_identification:_identify(src/dynamixel_mpu9250) by extensions ['ignore', 'ignore_ament_install']
[1.582s] Level 1:colcon.colcon_core.package_identification:_identify(src/dynamixel_mpu9250) by extension 'ignore'
[1.583s] Level 1:colcon.colcon_core.package_identification:_identify(src/dynamixel_mpu9250) by extension 'ignore_ament_install'
[1.583s] Level 1:colcon.colcon_core.package_identification:_identify(src/dynamixel_mpu9250) by extensions ['colcon_pkg']
[1.583s] Level 1:colcon.colcon_core.package_identification:_identify(src/dynamixel_mpu9250) by extension 'colcon_pkg'
[1.583s] Level 1:colcon.colcon_core.package_identification:_identify(src/dynamixel_mpu9250) by extensions ['colcon_meta']
[1.583s] Level 1:colcon.colcon_core.package_identification:_identify(src/dynamixel_mpu9250) by extension 'colcon_meta'
[1.583s] Level 1:colcon.colcon_core.package_identification:_identify(src/dynamixel_mpu9250) by extensions ['ros']
[1.583s] Level 1:colcon.colcon_core.package_identification:_identify(src/dynamixel_mpu9250) by extension 'ros'
[1.586s] DEBUG:colcon.colcon_core.package_identification:Package 'src/dynamixel_mpu9250' with type 'ros.ament_python' and name 'dynamixel_mpu9250'
[1.587s] Level 1:colcon.colcon_core.package_identification:_identify(src/locomotion) by extensions ['ignore', 'ignore_ament_install']
[1.587s] Level 1:colcon.colcon_core.package_identification:_identify(src/locomotion) by extension 'ignore'
[1.588s] Level 1:colcon.colcon_core.package_identification:_identify(src/locomotion) by extension 'ignore_ament_install'
[1.588s] Level 1:colcon.colcon_core.package_identification:_identify(src/locomotion) by extensions ['colcon_pkg']
[1.588s] Level 1:colcon.colcon_core.package_identification:_identify(src/locomotion) by extension 'colcon_pkg'
[1.588s] Level 1:colcon.colcon_core.package_identification:_identify(src/locomotion) by extensions ['colcon_meta']
[1.588s] Level 1:colcon.colcon_core.package_identification:_identify(src/locomotion) by extension 'colcon_meta'
[1.589s] Level 1:colcon.colcon_core.package_identification:_identify(src/locomotion) by extensions ['ros']
[1.589s] Level 1:colcon.colcon_core.package_identification:_identify(src/locomotion) by extension 'ros'
[1.591s] DEBUG:colcon.colcon_core.package_identification:Package 'src/locomotion' with type 'ros.ament_python' and name 'locomotion'
[1.592s] Level 1:colcon.colcon_core.package_identification:_identify(src/locomotion_wire) by extensions ['ignore', 'ignore_ament_install']
[1.593s] Level 1:colcon.colcon_core.package_identification:_identify(src/locomotion_wire) by extension 'ignore'
[1.593s] Level 1:colcon.colcon_core.package_identification:_identify(src/locomotion_wire) by extension 'ignore_ament_install'
[1.593s] Level 1:colcon.colcon_core.package_identification:_identify(src/locomotion_wire) by extensions ['colcon_pkg']
[1.593s] Level 1:colcon.colcon_core.package_identification:_identify(src/locomotion_wire) by extension 'colcon_pkg'
[1.593s] Level 1:colcon.colcon_core.package_identification:_identify(src/locomotion_wire) by extensions ['colcon_meta']
[1.593s] Level 1:colcon.colcon_core.package_identification:_identify(src/locomotion_wire) by extension 'colcon_meta'
[1.594s] Level 1:colcon.colcon_core.package_identification:_identify(src/locomotion_wire) by extensions ['ros']
[1.594s] Level 1:colcon.colcon_core.package_identification:_identify(src/locomotion_wire) by extension 'ros'
[1.597s] DEBUG:colcon.colcon_core.package_identification:Package 'src/locomotion_wire' with type 'ros.ament_python' and name 'locomotion_wire'
[1.597s] Level 1:colcon.colcon_core.package_discovery:discover_packages(recursive) using defaults
[1.598s] Level 1:colcon.colcon_core.package_discovery:discover_packages(ignore) discover
[1.598s] Level 1:colcon.colcon_core.package_discovery:discover_packages(ignore) using defaults
[1.598s] Level 1:colcon.colcon_core.package_discovery:discover_packages(path) discover
[1.598s] Level 1:colcon.colcon_core.package_discovery:discover_packages(path) using defaults
[1.721s] Level 1:colcon.colcon_core.package_discovery:discover_packages(prefix_path) check parameters
[1.721s] Level 1:colcon.colcon_core.package_discovery:discover_packages(prefix_path) discover
[1.731s] DEBUG:colcon.colcon_installed_package_information.package_discovery:Found 7 installed packages in /home/sli/slither_ws/install
[1.740s] DEBUG:colcon.colcon_installed_package_information.package_discovery:Found 270 installed packages in /opt/ros/humble
[1.746s] Level 1:colcon.colcon_core.package_discovery:discover_packages(prefix_path) using defaults
[1.910s] Level 5:colcon.colcon_core.verb:set package 'dynamixel_keyboard_controller' build argument 'cmake_args' from command line to 'None'
[1.911s] Level 5:colcon.colcon_core.verb:set package 'dynamixel_keyboard_controller' build argument 'cmake_target' from command line to 'None'
[1.911s] Level 5:colcon.colcon_core.verb:set package 'dynamixel_keyboard_controller' build argument 'cmake_target_skip_unavailable' from command line to 'False'
[1.911s] Level 5:colcon.colcon_core.verb:set package 'dynamixel_keyboard_controller' build argument 'cmake_clean_cache' from command line to 'False'
[1.911s] Level 5:colcon.colcon_core.verb:set package 'dynamixel_keyboard_controller' build argument 'cmake_clean_first' from command line to 'False'
[1.911s] Level 5:colcon.colcon_core.verb:set package 'dynamixel_keyboard_controller' build argument 'cmake_force_configure' from command line to 'False'
[1.911s] Level 5:colcon.colcon_core.verb:set package 'dynamixel_keyboard_controller' build argument 'ament_cmake_args' from command line to 'None'
[1.911s] Level 5:colcon.colcon_core.verb:set package 'dynamixel_keyboard_controller' build argument 'catkin_cmake_args' from command line to 'None'
[1.911s] Level 5:colcon.colcon_core.verb:set package 'dynamixel_keyboard_controller' build argument 'catkin_skip_building_tests' from command line to 'False'
[1.911s] DEBUG:colcon.colcon_core.verb:Building package 'dynamixel_keyboard_controller' with the following arguments: {'ament_cmake_args': None, 'build_base': '/home/sli/slither_ws/build/dynamixel_keyboard_controller', 'catkin_cmake_args': None, 'catkin_skip_building_tests': False, 'cmake_args': None, 'cmake_clean_cache': False, 'cmake_clean_first': False, 'cmake_force_configure': False, 'cmake_target': None, 'cmake_target_skip_unavailable': False, 'install_base': '/home/sli/slither_ws/install/dynamixel_keyboard_controller', 'merge_install': False, 'path': '/home/sli/slither_ws/src/dynamixel_keyboard_controller', 'symlink_install': False, 'test_result_base': None}
[1.913s] Level 5:colcon.colcon_core.verb:set package 'dynamixel_sdk' build argument 'cmake_args' from command line to 'None'
[1.913s] Level 5:colcon.colcon_core.verb:set package 'dynamixel_sdk' build argument 'cmake_target' from command line to 'None'
[1.913s] Level 5:colcon.colcon_core.verb:set package 'dynamixel_sdk' build argument 'cmake_target_skip_unavailable' from command line to 'False'
[1.913s] Level 5:colcon.colcon_core.verb:set package 'dynamixel_sdk' build argument 'cmake_clean_cache' from command line to 'False'
[1.913s] Level 5:colcon.colcon_core.verb:set package 'dynamixel_sdk' build argument 'cmake_clean_first' from command line to 'False'
[1.914s] Level 5:colcon.colcon_core.verb:set package 'dynamixel_sdk' build argument 'cmake_force_configure' from command line to 'False'
[1.914s] Level 5:colcon.colcon_core.verb:set package 'dynamixel_sdk' build argument 'ament_cmake_args' from command line to 'None'
[1.914s] Level 5:colcon.colcon_core.verb:set package 'dynamixel_sdk' build argument 'catkin_cmake_args' from command line to 'None'
[1.914s] Level 5:colcon.colcon_core.verb:set package 'dynamixel_sdk' build argument 'catkin_skip_building_tests' from command line to 'False'
[1.914s] DEBUG:colcon.colcon_core.verb:Building package 'dynamixel_sdk' with the following arguments: {'ament_cmake_args': None, 'build_base': '/home/sli/slither_ws/build/dynamixel_sdk', 'catkin_cmake_args': None, 'catkin_skip_building_tests': False, 'cmake_args': None, 'cmake_clean_cache': False, 'cmake_clean_first': False, 'cmake_force_configure': False, 'cmake_target': None, 'cmake_target_skip_unavailable': False, 'install_base': '/home/sli/slither_ws/install/dynamixel_sdk', 'merge_install': False, 'path': '/home/sli/slither_ws/src/DynamixelSDK/dynamixel_sdk', 'symlink_install': False, 'test_result_base': None}
[1.915s] Level 5:colcon.colcon_core.verb:set package 'dynamixel_sdk_custom_interfaces' build argument 'cmake_args' from command line to 'None'
[1.915s] Level 5:colcon.colcon_core.verb:set package 'dynamixel_sdk_custom_interfaces' build argument 'cmake_target' from command line to 'None'
[1.916s] Level 5:colcon.colcon_core.verb:set package 'dynamixel_sdk_custom_interfaces' build argument 'cmake_target_skip_unavailable' from command line to 'False'
[1.916s] Level 5:colcon.colcon_core.verb:set package 'dynamixel_sdk_custom_interfaces' build argument 'cmake_clean_cache' from command line to 'False'
[1.916s] Level 5:colcon.colcon_core.verb:set package 'dynamixel_sdk_custom_interfaces' build argument 'cmake_clean_first' from command line to 'False'
[1.916s] Level 5:colcon.colcon_core.verb:set package 'dynamixel_sdk_custom_interfaces' build argument 'cmake_force_configure' from command line to 'False'
[1.916s] Level 5:colcon.colcon_core.verb:set package 'dynamixel_sdk_custom_interfaces' build argument 'ament_cmake_args' from command line to 'None'
[1.916s] Level 5:colcon.colcon_core.verb:set package 'dynamixel_sdk_custom_interfaces' build argument 'catkin_cmake_args' from command line to 'None'
[1.916s] Level 5:colcon.colcon_core.verb:set package 'dynamixel_sdk_custom_interfaces' build argument 'catkin_skip_building_tests' from command line to 'False'
[1.916s] DEBUG:colcon.colcon_core.verb:Building package 'dynamixel_sdk_custom_interfaces' with the following arguments: {'ament_cmake_args': None, 'build_base': '/home/sli/slither_ws/build/dynamixel_sdk_custom_interfaces', 'catkin_cmake_args': None, 'catkin_skip_building_tests': False, 'cmake_args': None, 'cmake_clean_cache': False, 'cmake_clean_first': False, 'cmake_force_configure': False, 'cmake_target': None, 'cmake_target_skip_unavailable': False, 'install_base': '/home/sli/slither_ws/install/dynamixel_sdk_custom_interfaces', 'merge_install': False, 'path': '/home/sli/slither_ws/src/DynamixelSDK/dynamixel_sdk_custom_interfaces', 'symlink_install': False, 'test_result_base': None}
[1.918s] Level 5:colcon.colcon_core.verb:set package 'dynamixel_mpu9250' build argument 'cmake_args' from command line to 'None'
[1.918s] Level 5:colcon.colcon_core.verb:set package 'dynamixel_mpu9250' build argument 'cmake_target' from command line to 'None'
[1.918s] Level 5:colcon.colcon_core.verb:set package 'dynamixel_mpu9250' build argument 'cmake_target_skip_unavailable' from command line to 'False'
[1.918s] Level 5:colcon.colcon_core.verb:set package 'dynamixel_mpu9250' build argument 'cmake_clean_cache' from command line to 'False'
[1.918s] Level 5:colcon.colcon_core.verb:set package 'dynamixel_mpu9250' build argument 'cmake_clean_first' from command line to 'False'
[1.918s] Level 5:colcon.colcon_core.verb:set package 'dynamixel_mpu9250' build argument 'cmake_force_configure' from command line to 'False'
[1.919s] Level 5:colcon.colcon_core.verb:set package 'dynamixel_mpu9250' build argument 'ament_cmake_args' from command line to 'None'
[1.919s] Level 5:colcon.colcon_core.verb:set package 'dynamixel_mpu9250' build argument 'catkin_cmake_args' from command line to 'None'
[1.919s] Level 5:colcon.colcon_core.verb:set package 'dynamixel_mpu9250' build argument 'catkin_skip_building_tests' from command line to 'False'
[1.919s] DEBUG:colcon.colcon_core.verb:Building package 'dynamixel_mpu9250' with the following arguments: {'ament_cmake_args': None, 'build_base': '/home/sli/slither_ws/build/dynamixel_mpu9250', 'catkin_cmake_args': None, 'catkin_skip_building_tests': False, 'cmake_args': None, 'cmake_clean_cache': False, 'cmake_clean_first': False, 'cmake_force_configure': False, 'cmake_target': None, 'cmake_target_skip_unavailable': False, 'install_base': '/home/sli/slither_ws/install/dynamixel_mpu9250', 'merge_install': False, 'path': '/home/sli/slither_ws/src/dynamixel_mpu9250', 'symlink_install': False, 'test_result_base': None}
[1.920s] Level 5:colcon.colcon_core.verb:set package 'dynamixel_sdk_examples' build argument 'cmake_args' from command line to 'None'
[1.920s] Level 5:colcon.colcon_core.verb:set package 'dynamixel_sdk_examples' build argument 'cmake_target' from command line to 'None'
[1.921s] Level 5:colcon.colcon_core.verb:set package 'dynamixel_sdk_examples' build argument 'cmake_target_skip_unavailable' from command line to 'False'
[1.921s] Level 5:colcon.colcon_core.verb:set package 'dynamixel_sdk_examples' build argument 'cmake_clean_cache' from command line to 'False'
[1.921s] Level 5:colcon.colcon_core.verb:set package 'dynamixel_sdk_examples' build argument 'cmake_clean_first' from command line to 'False'
[1.921s] Level 5:colcon.colcon_core.verb:set package 'dynamixel_sdk_examples' build argument 'cmake_force_configure' from command line to 'False'
[1.921s] Level 5:colcon.colcon_core.verb:set package 'dynamixel_sdk_examples' build argument 'ament_cmake_args' from command line to 'None'
[1.921s] Level 5:colcon.colcon_core.verb:set package 'dynamixel_sdk_examples' build argument 'catkin_cmake_args' from command line to 'None'
[1.921s] Level 5:colcon.colcon_core.verb:set package 'dynamixel_sdk_examples' build argument 'catkin_skip_building_tests' from command line to 'False'
[1.921s] DEBUG:colcon.colcon_core.verb:Building package 'dynamixel_sdk_examples' with the following arguments: {'ament_cmake_args': None, 'build_base': '/home/sli/slither_ws/build/dynamixel_sdk_examples', 'catkin_cmake_args': None, 'catkin_skip_building_tests': False, 'cmake_args': None, 'cmake_clean_cache': False, 'cmake_clean_first': False, 'cmake_force_configure': False, 'cmake_target': None, 'cmake_target_skip_unavailable': False, 'install_base': '/home/sli/slither_ws/install/dynamixel_sdk_examples', 'merge_install': False, 'path': '/home/sli/slither_ws/src/DynamixelSDK/dynamixel_sdk_examples', 'symlink_install': False, 'test_result_base': None}
[1.923s] Level 5:colcon.colcon_core.verb:set package 'locomotion' build argument 'cmake_args' from command line to 'None'
[1.923s] Level 5:colcon.colcon_core.verb:set package 'locomotion' build argument 'cmake_target' from command line to 'None'
[1.923s] Level 5:colcon.colcon_core.verb:set package 'locomotion' build argument 'cmake_target_skip_unavailable' from command line to 'False'
[1.923s] Level 5:colcon.colcon_core.verb:set package 'locomotion' build argument 'cmake_clean_cache' from command line to 'False'
[1.923s] Level 5:colcon.colcon_core.verb:set package 'locomotion' build argument 'cmake_clean_first' from command line to 'False'
[1.923s] Level 5:colcon.colcon_core.verb:set package 'locomotion' build argument 'cmake_force_configure' from command line to 'False'
[1.923s] Level 5:colcon.colcon_core.verb:set package 'locomotion' build argument 'ament_cmake_args' from command line to 'None'
[1.923s] Level 5:colcon.colcon_core.verb:set package 'locomotion' build argument 'catkin_cmake_args' from command line to 'None'
[1.923s] Level 5:colcon.colcon_core.verb:set package 'locomotion' build argument 'catkin_skip_building_tests' from command line to 'False'
[1.924s] DEBUG:colcon.colcon_core.verb:Building package 'locomotion' with the following arguments: {'ament_cmake_args': None, 'build_base': '/home/sli/slither_ws/build/locomotion', 'catkin_cmake_args': None, 'catkin_skip_building_tests': False, 'cmake_args': None, 'cmake_clean_cache': False, 'cmake_clean_first': False, 'cmake_force_configure': False, 'cmake_target': None, 'cmake_target_skip_unavailable': False, 'install_base': '/home/sli/slither_ws/install/locomotion', 'merge_install': False, 'path': '/home/sli/slither_ws/src/locomotion', 'symlink_install': False, 'test_result_base': None}
[1.925s] Level 5:colcon.colcon_core.verb:set package 'locomotion_wire' build argument 'cmake_args' from command line to 'None'
[1.925s] Level 5:colcon.colcon_core.verb:set package 'locomotion_wire' build argument 'cmake_target' from command line to 'None'
[1.925s] Level 5:colcon.colcon_core.verb:set package 'locomotion_wire' build argument 'cmake_target_skip_unavailable' from command line to 'False'
[1.925s] Level 5:colcon.colcon_core.verb:set package 'locomotion_wire' build argument 'cmake_clean_cache' from command line to 'False'
[1.925s] Level 5:colcon.colcon_core.verb:set package 'locomotion_wire' build argument 'cmake_clean_first' from command line to 'False'
[1.926s] Level 5:colcon.colcon_core.verb:set package 'locomotion_wire' build argument 'cmake_force_configure' from command line to 'False'
[1.926s] Level 5:colcon.colcon_core.verb:set package 'locomotion_wire' build argument 'ament_cmake_args' from command line to 'None'
[1.926s] Level 5:colcon.colcon_core.verb:set package 'locomotion_wire' build argument 'catkin_cmake_args' from command line to 'None'
[1.926s] Level 5:colcon.colcon_core.verb:set package 'locomotion_wire' build argument 'catkin_skip_building_tests' from command line to 'False'
[1.926s] DEBUG:colcon.colcon_core.verb:Building package 'locomotion_wire' with the following arguments: {'ament_cmake_args': None, 'build_base': '/home/sli/slither_ws/build/locomotion_wire', 'catkin_cmake_args': None, 'catkin_skip_building_tests': False, 'cmake_args': None, 'cmake_clean_cache': False, 'cmake_clean_first': False, 'cmake_force_configure': False, 'cmake_target': None, 'cmake_target_skip_unavailable': False, 'install_base': '/home/sli/slither_ws/install/locomotion_wire', 'merge_install': False, 'path': '/home/sli/slither_ws/src/locomotion_wire', 'symlink_install': False, 'test_result_base': None}
[1.926s] INFO:colcon.colcon_core.executor:Executing jobs using 'parallel' executor
[1.930s] DEBUG:colcon.colcon_parallel_executor.executor.parallel:run_until_complete
[1.931s] INFO:colcon.colcon_ros.task.ament_cmake.build:Building ROS package in '/home/sli/slither_ws/src/DynamixelSDK/dynamixel_sdk' with build type 'ament_cmake'
[1.932s] INFO:colcon.colcon_cmake.task.cmake.build:Building CMake package in '/home/sli/slither_ws/src/DynamixelSDK/dynamixel_sdk'
[1.941s] INFO:colcon.colcon_core.plugin_system:Skipping extension 'colcon_core.shell.bat': Not used on non-Windows systems
[1.942s] INFO:colcon.colcon_core.shell:Skip shell extension 'powershell' for command environment: Not usable outside of PowerShell
[1.943s] DEBUG:colcon.colcon_core.shell:Skip shell extension 'dsv' for command environment
[1.964s] INFO:colcon.colcon_ros.task.ament_cmake.build:Building ROS package in '/home/sli/slither_ws/src/DynamixelSDK/dynamixel_sdk_custom_interfaces' with build type 'ament_cmake'
[1.965s] INFO:colcon.colcon_cmake.task.cmake.build:Building CMake package in '/home/sli/slither_ws/src/DynamixelSDK/dynamixel_sdk_custom_interfaces'
[1.966s] INFO:colcon.colcon_core.shell:Skip shell extension 'powershell' for command environment: Not usable outside of PowerShell
[1.966s] DEBUG:colcon.colcon_core.shell:Skip shell extension 'dsv' for command environment
[1.988s] INFO:colcon.colcon_ros.task.ament_python.build:Building ROS package in '/home/sli/slither_ws/src/dynamixel_keyboard_controller' with build type 'ament_python'
[1.988s] Level 1:colcon.colcon_core.shell:create_environment_hook('dynamixel_keyboard_controller', 'ament_prefix_path')
[1.990s] INFO:colcon.colcon_core.shell:Creating environment hook '/home/sli/slither_ws/install/dynamixel_keyboard_controller/share/dynamixel_keyboard_controller/hook/ament_prefix_path.ps1'
[1.993s] INFO:colcon.colcon_core.shell:Creating environment descriptor '/home/sli/slither_ws/install/dynamixel_keyboard_controller/share/dynamixel_keyboard_controller/hook/ament_prefix_path.dsv'
[1.996s] INFO:colcon.colcon_core.shell:Creating environment hook '/home/sli/slither_ws/install/dynamixel_keyboard_controller/share/dynamixel_keyboard_controller/hook/ament_prefix_path.sh'
[2.001s] INFO:colcon.colcon_core.shell:Skip shell extension 'powershell' for command environment: Not usable outside of PowerShell
[2.002s] DEBUG:colcon.colcon_core.shell:Skip shell extension 'dsv' for command environment
[2.043s] DEBUG:colcon.colcon_core.event_handler.log_command:Invoking command in '/home/sli/slither_ws/build/dynamixel_sdk': CMAKE_PREFIX_PATH=${CMAKE_PREFIX_PATH}:/home/sli/slither_ws/install/locomotion_wire:/home/sli/slither_ws/install/locomotion:/home/sli/slither_ws/install/dynamixel_mpu9250:/home/sli/slither_ws/install/dynamixel_keyboard_controller:/opt/ros/humble /usr/bin/cmake --build /home/sli/slither_ws/build/dynamixel_sdk -- -j4 -l4
[2.075s] DEBUG:colcon.colcon_core.event_handler.log_command:Invoking command in '/home/sli/slither_ws/build/dynamixel_sdk_custom_interfaces': CMAKE_PREFIX_PATH=${CMAKE_PREFIX_PATH}:/home/sli/slither_ws/install/locomotion_wire:/home/sli/slither_ws/install/locomotion:/home/sli/slither_ws/install/dynamixel_mpu9250:/home/sli/slither_ws/install/dynamixel_keyboard_controller:/opt/ros/humble /usr/bin/cmake --build /home/sli/slither_ws/build/dynamixel_sdk_custom_interfaces -- -j4 -l4
[3.908s] INFO:colcon.colcon_core.task.python.build:Building Python package in '/home/sli/slither_ws/src/dynamixel_keyboard_controller'
[3.909s] INFO:colcon.colcon_core.shell:Skip shell extension 'powershell' for command environment: Not usable outside of PowerShell
[3.910s] DEBUG:colcon.colcon_core.shell:Skip shell extension 'dsv' for command environment
[3.935s] DEBUG:colcon.colcon_core.event_handler.log_command:Invoked command in '/home/sli/slither_ws/build/dynamixel_sdk' returned '0': CMAKE_PREFIX_PATH=${CMAKE_PREFIX_PATH}:/home/sli/slither_ws/install/locomotion_wire:/home/sli/slither_ws/install/locomotion:/home/sli/slither_ws/install/dynamixel_mpu9250:/home/sli/slither_ws/install/dynamixel_keyboard_controller:/opt/ros/humble /usr/bin/cmake --build /home/sli/slither_ws/build/dynamixel_sdk -- -j4 -l4
[4.368s] DEBUG:colcon.colcon_core.event_handler.log_command:Invoking command in '/home/sli/slither_ws/build/dynamixel_sdk': CMAKE_PREFIX_PATH=${CMAKE_PREFIX_PATH}:/home/sli/slither_ws/install/locomotion_wire:/home/sli/slither_ws/install/locomotion:/home/sli/slither_ws/install/dynamixel_mpu9250:/home/sli/slither_ws/install/dynamixel_keyboard_controller:/opt/ros/humble /usr/bin/cmake --install /home/sli/slither_ws/build/dynamixel_sdk
[4.442s] Level 1:colcon.colcon_core.environment:create_environment_scripts_only(dynamixel_sdk)
[4.461s] DEBUG:colcon.colcon_core.event_handler.log_command:Invoked command in '/home/sli/slither_ws/build/dynamixel_sdk' returned '0': CMAKE_PREFIX_PATH=${CMAKE_PREFIX_PATH}:/home/sli/slither_ws/install/locomotion_wire:/home/sli/slither_ws/install/locomotion:/home/sli/slither_ws/install/dynamixel_mpu9250:/home/sli/slither_ws/install/dynamixel_keyboard_controller:/opt/ros/humble /usr/bin/cmake --install /home/sli/slither_ws/build/dynamixel_sdk
[4.465s] Level 1:colcon.colcon_core.environment:checking '/home/sli/slither_ws/install/dynamixel_sdk' for CMake module files
[4.469s] Level 1:colcon.colcon_core.environment:checking '/home/sli/slither_ws/install/dynamixel_sdk' for CMake config files
[4.471s] Level 1:colcon.colcon_core.shell:create_environment_hook('dynamixel_sdk', 'cmake_prefix_path')
[4.472s] INFO:colcon.colcon_core.shell:Creating environment hook '/home/sli/slither_ws/install/dynamixel_sdk/share/dynamixel_sdk/hook/cmake_prefix_path.ps1'
[4.475s] INFO:colcon.colcon_core.shell:Creating environment descriptor '/home/sli/slither_ws/install/dynamixel_sdk/share/dynamixel_sdk/hook/cmake_prefix_path.dsv'
[4.477s] INFO:colcon.colcon_core.shell:Creating environment hook '/home/sli/slither_ws/install/dynamixel_sdk/share/dynamixel_sdk/hook/cmake_prefix_path.sh'
[4.483s] Level 1:colcon.colcon_core.environment:checking '/home/sli/slither_ws/install/dynamixel_sdk/lib'
[4.485s] Level 1:colcon.colcon_core.shell:create_environment_hook('dynamixel_sdk', 'ld_library_path_lib')
[4.488s] INFO:colcon.colcon_core.shell:Creating environment hook '/home/sli/slither_ws/install/dynamixel_sdk/share/dynamixel_sdk/hook/ld_library_path_lib.ps1'
[4.491s] INFO:colcon.colcon_core.shell:Creating environment descriptor '/home/sli/slither_ws/install/dynamixel_sdk/share/dynamixel_sdk/hook/ld_library_path_lib.dsv'
[4.494s] INFO:colcon.colcon_core.shell:Creating environment hook '/home/sli/slither_ws/install/dynamixel_sdk/share/dynamixel_sdk/hook/ld_library_path_lib.sh'
[4.497s] Level 1:colcon.colcon_core.environment:checking '/home/sli/slither_ws/install/dynamixel_sdk/bin'
[4.498s] Level 1:colcon.colcon_core.environment:checking '/home/sli/slither_ws/install/dynamixel_sdk/lib/pkgconfig/dynamixel_sdk.pc'
[4.499s] Level 1:colcon.colcon_core.environment:checking '/home/sli/slither_ws/install/dynamixel_sdk/lib/python3.10/site-packages'
[4.501s] Level 1:colcon.colcon_core.environment:checking '/home/sli/slither_ws/install/dynamixel_sdk/bin'
[4.503s] INFO:colcon.colcon_core.shell:Creating package script '/home/sli/slither_ws/install/dynamixel_sdk/share/dynamixel_sdk/package.ps1'
[4.515s] INFO:colcon.colcon_core.shell:Creating package descriptor '/home/sli/slither_ws/install/dynamixel_sdk/share/dynamixel_sdk/package.dsv'
[4.519s] INFO:colcon.colcon_core.shell:Creating package script '/home/sli/slither_ws/install/dynamixel_sdk/share/dynamixel_sdk/package.sh'
[4.524s] INFO:colcon.colcon_core.shell:Creating package script '/home/sli/slither_ws/install/dynamixel_sdk/share/dynamixel_sdk/package.bash'
[4.528s] INFO:colcon.colcon_core.shell:Creating package script '/home/sli/slither_ws/install/dynamixel_sdk/share/dynamixel_sdk/package.zsh'
[4.533s] Level 1:colcon.colcon_core.environment:create_file_with_runtime_dependencies(/home/sli/slither_ws/install/dynamixel_sdk/share/colcon-core/packages/dynamixel_sdk)
[4.544s] DEBUG:colcon.colcon_core.event_handler.log_command:Invoked command in '/home/sli/slither_ws/build/dynamixel_sdk_custom_interfaces' returned '0': CMAKE_PREFIX_PATH=${CMAKE_PREFIX_PATH}:/home/sli/slither_ws/install/locomotion_wire:/home/sli/slither_ws/install/locomotion:/home/sli/slither_ws/install/dynamixel_mpu9250:/home/sli/slither_ws/install/dynamixel_keyboard_controller:/opt/ros/humble /usr/bin/cmake --build /home/sli/slither_ws/build/dynamixel_sdk_custom_interfaces -- -j4 -l4
[4.830s] Level 1:colcon.colcon_core.environment:create_environment_scripts_only(dynamixel_sdk)
[4.831s] Level 1:colcon.colcon_core.environment:checking '/home/sli/slither_ws/install/dynamixel_sdk' for CMake module files
[4.834s] Level 1:colcon.colcon_core.environment:checking '/home/sli/slither_ws/install/dynamixel_sdk' for CMake config files
[4.836s] Level 1:colcon.colcon_core.shell:create_environment_hook('dynamixel_sdk', 'cmake_prefix_path')
[4.837s] INFO:colcon.colcon_core.shell:Creating environment hook '/home/sli/slither_ws/install/dynamixel_sdk/share/dynamixel_sdk/hook/cmake_prefix_path.ps1'
[4.839s] INFO:colcon.colcon_core.shell:Creating environment descriptor '/home/sli/slither_ws/install/dynamixel_sdk/share/dynamixel_sdk/hook/cmake_prefix_path.dsv'
[4.842s] INFO:colcon.colcon_core.shell:Creating environment hook '/home/sli/slither_ws/install/dynamixel_sdk/share/dynamixel_sdk/hook/cmake_prefix_path.sh'
[4.844s] Level 1:colcon.colcon_core.environment:checking '/home/sli/slither_ws/install/dynamixel_sdk/lib'
[4.845s] Level 1:colcon.colcon_core.shell:create_environment_hook('dynamixel_sdk', 'ld_library_path_lib')
[4.847s] INFO:colcon.colcon_core.shell:Creating environment hook '/home/sli/slither_ws/install/dynamixel_sdk/share/dynamixel_sdk/hook/ld_library_path_lib.ps1'
[4.849s] INFO:colcon.colcon_core.shell:Creating environment descriptor '/home/sli/slither_ws/install/dynamixel_sdk/share/dynamixel_sdk/hook/ld_library_path_lib.dsv'
[4.851s] INFO:colcon.colcon_core.shell:Creating environment hook '/home/sli/slither_ws/install/dynamixel_sdk/share/dynamixel_sdk/hook/ld_library_path_lib.sh'
[4.854s] Level 1:colcon.colcon_core.environment:checking '/home/sli/slither_ws/install/dynamixel_sdk/bin'
[4.855s] Level 1:colcon.colcon_core.environment:checking '/home/sli/slither_ws/install/dynamixel_sdk/lib/pkgconfig/dynamixel_sdk.pc'
[4.856s] Level 1:colcon.colcon_core.environment:checking '/home/sli/slither_ws/install/dynamixel_sdk/lib/python3.10/site-packages'
[4.858s] Level 1:colcon.colcon_core.environment:checking '/home/sli/slither_ws/install/dynamixel_sdk/bin'
[4.860s] INFO:colcon.colcon_core.shell:Creating package script '/home/sli/slither_ws/install/dynamixel_sdk/share/dynamixel_sdk/package.ps1'
[4.863s] INFO:colcon.colcon_core.shell:Creating package descriptor '/home/sli/slither_ws/install/dynamixel_sdk/share/dynamixel_sdk/package.dsv'
[4.866s] INFO:colcon.colcon_core.shell:Creating package script '/home/sli/slither_ws/install/dynamixel_sdk/share/dynamixel_sdk/package.sh'
[4.869s] INFO:colcon.colcon_core.shell:Creating package script '/home/sli/slither_ws/install/dynamixel_sdk/share/dynamixel_sdk/package.bash'
[4.871s] INFO:colcon.colcon_core.shell:Creating package script '/home/sli/slither_ws/install/dynamixel_sdk/share/dynamixel_sdk/package.zsh'
[4.874s] Level 1:colcon.colcon_core.environment:create_file_with_runtime_dependencies(/home/sli/slither_ws/install/dynamixel_sdk/share/colcon-core/packages/dynamixel_sdk)
[4.876s] INFO:colcon.colcon_ros.task.ament_python.build:Building ROS package in '/home/sli/slither_ws/src/dynamixel_mpu9250' with build type 'ament_python'
[4.877s] Level 1:colcon.colcon_core.shell:create_environment_hook('dynamixel_mpu9250', 'ament_prefix_path')
[4.878s] INFO:colcon.colcon_core.shell:Creating environment hook '/home/sli/slither_ws/install/dynamixel_mpu9250/share/dynamixel_mpu9250/hook/ament_prefix_path.ps1'
[4.881s] INFO:colcon.colcon_core.shell:Creating environment descriptor '/home/sli/slither_ws/install/dynamixel_mpu9250/share/dynamixel_mpu9250/hook/ament_prefix_path.dsv'
[4.884s] INFO:colcon.colcon_core.shell:Creating environment hook '/home/sli/slither_ws/install/dynamixel_mpu9250/share/dynamixel_mpu9250/hook/ament_prefix_path.sh'
[4.888s] INFO:colcon.colcon_core.shell:Skip shell extension 'powershell' for command environment: Not usable outside of PowerShell
[4.888s] DEBUG:colcon.colcon_core.shell:Skip shell extension 'dsv' for command environment
[6.621s] INFO:colcon.colcon_core.task.python.build:Building Python package in '/home/sli/slither_ws/src/dynamixel_mpu9250'
[6.622s] INFO:colcon.colcon_core.shell:Skip shell extension 'powershell' for command environment: Not usable outside of PowerShell
[6.623s] DEBUG:colcon.colcon_core.shell:Skip shell extension 'dsv' for command environment
[6.655s] DEBUG:colcon.colcon_core.event_handler.log_command:Invoking command in '/home/sli/slither_ws/build/dynamixel_sdk_custom_interfaces': CMAKE_PREFIX_PATH=${CMAKE_PREFIX_PATH}:/home/sli/slither_ws/install/locomotion_wire:/home/sli/slither_ws/install/locomotion:/home/sli/slither_ws/install/dynamixel_mpu9250:/home/sli/slither_ws/install/dynamixel_keyboard_controller:/opt/ros/humble /usr/bin/cmake --install /home/sli/slither_ws/build/dynamixel_sdk_custom_interfaces
[6.663s] DEBUG:colcon.colcon_core.event_handler.log_command:Invoking command in '/home/sli/slither_ws/src/dynamixel_keyboard_controller': PYTHONPATH=/home/sli/slither_ws/build/dynamixel_keyboard_controller/prefix_override:/usr/lib/python3/dist-packages/colcon_core/task/python/colcon_distutils_commands:/home/sli/slither_ws/install/dynamixel_keyboard_controller/lib/python3.10/site-packages:${PYTHONPATH} /usr/bin/python3 -W ignore:setup.py install is deprecated setup.py egg_info --egg-base ../../build/dynamixel_keyboard_controller build --build-base /home/sli/slither_ws/build/dynamixel_keyboard_controller/build install --record /home/sli/slither_ws/build/dynamixel_keyboard_controller/install.log --single-version-externally-managed install_data
[7.069s] Level 1:colcon.colcon_core.environment:create_environment_scripts_only(dynamixel_sdk_custom_interfaces)
[7.071s] Level 1:colcon.colcon_core.environment:checking '/home/sli/slither_ws/install/dynamixel_sdk_custom_interfaces' for CMake module files
[7.073s] DEBUG:colcon.colcon_core.event_handler.log_command:Invoked command in '/home/sli/slither_ws/build/dynamixel_sdk_custom_interfaces' returned '0': CMAKE_PREFIX_PATH=${CMAKE_PREFIX_PATH}:/home/sli/slither_ws/install/locomotion_wire:/home/sli/slither_ws/install/locomotion:/home/sli/slither_ws/install/dynamixel_mpu9250:/home/sli/slither_ws/install/dynamixel_keyboard_controller:/opt/ros/humble /usr/bin/cmake --install /home/sli/slither_ws/build/dynamixel_sdk_custom_interfaces
[7.078s] Level 1:colcon.colcon_core.environment:checking '/home/sli/slither_ws/install/dynamixel_sdk_custom_interfaces' for CMake config files
[7.083s] Level 1:colcon.colcon_core.shell:create_environment_hook('dynamixel_sdk_custom_interfaces', 'cmake_prefix_path')
[7.084s] INFO:colcon.colcon_core.shell:Creating environment hook '/home/sli/slither_ws/install/dynamixel_sdk_custom_interfaces/share/dynamixel_sdk_custom_interfaces/hook/cmake_prefix_path.ps1'
[7.087s] INFO:colcon.colcon_core.shell:Creating environment descriptor '/home/sli/slither_ws/install/dynamixel_sdk_custom_interfaces/share/dynamixel_sdk_custom_interfaces/hook/cmake_prefix_path.dsv'
[7.089s] INFO:colcon.colcon_core.shell:Creating environment hook '/home/sli/slither_ws/install/dynamixel_sdk_custom_interfaces/share/dynamixel_sdk_custom_interfaces/hook/cmake_prefix_path.sh'
[7.093s] Level 1:colcon.colcon_core.environment:checking '/home/sli/slither_ws/install/dynamixel_sdk_custom_interfaces/lib'
[7.094s] Level 1:colcon.colcon_core.shell:create_environment_hook('dynamixel_sdk_custom_interfaces', 'ld_library_path_lib')
[7.095s] INFO:colcon.colcon_core.shell:Creating environment hook '/home/sli/slither_ws/install/dynamixel_sdk_custom_interfaces/share/dynamixel_sdk_custom_interfaces/hook/ld_library_path_lib.ps1'
[7.097s] INFO:colcon.colcon_core.shell:Creating environment descriptor '/home/sli/slither_ws/install/dynamixel_sdk_custom_interfaces/share/dynamixel_sdk_custom_interfaces/hook/ld_library_path_lib.dsv'
[7.100s] INFO:colcon.colcon_core.shell:Creating environment hook '/home/sli/slither_ws/install/dynamixel_sdk_custom_interfaces/share/dynamixel_sdk_custom_interfaces/hook/ld_library_path_lib.sh'
[7.102s] Level 1:colcon.colcon_core.environment:checking '/home/sli/slither_ws/install/dynamixel_sdk_custom_interfaces/bin'
[7.103s] Level 1:colcon.colcon_core.environment:checking '/home/sli/slither_ws/install/dynamixel_sdk_custom_interfaces/lib/pkgconfig/dynamixel_sdk_custom_interfaces.pc'
[7.104s] Level 1:colcon.colcon_core.environment:checking '/home/sli/slither_ws/install/dynamixel_sdk_custom_interfaces/lib/python3.10/site-packages'
[7.105s] Level 1:colcon.colcon_core.environment:checking '/home/sli/slither_ws/install/dynamixel_sdk_custom_interfaces/bin'
[7.107s] INFO:colcon.colcon_core.shell:Creating package script '/home/sli/slither_ws/install/dynamixel_sdk_custom_interfaces/share/dynamixel_sdk_custom_interfaces/package.ps1'
[7.111s] INFO:colcon.colcon_core.shell:Creating package descriptor '/home/sli/slither_ws/install/dynamixel_sdk_custom_interfaces/share/dynamixel_sdk_custom_interfaces/package.dsv'
[7.115s] INFO:colcon.colcon_core.shell:Creating package script '/home/sli/slither_ws/install/dynamixel_sdk_custom_interfaces/share/dynamixel_sdk_custom_interfaces/package.sh'
[7.118s] INFO:colcon.colcon_core.shell:Creating package script '/home/sli/slither_ws/install/dynamixel_sdk_custom_interfaces/share/dynamixel_sdk_custom_interfaces/package.bash'
[7.121s] INFO:colcon.colcon_core.shell:Creating package script '/home/sli/slither_ws/install/dynamixel_sdk_custom_interfaces/share/dynamixel_sdk_custom_interfaces/package.zsh'
[7.123s] Level 1:colcon.colcon_core.environment:create_file_with_runtime_dependencies(/home/sli/slither_ws/install/dynamixel_sdk_custom_interfaces/share/colcon-core/packages/dynamixel_sdk_custom_interfaces)
[7.754s] Level 1:colcon.colcon_core.environment:create_environment_scripts_only(dynamixel_sdk_custom_interfaces)
[7.756s] Level 1:colcon.colcon_core.environment:checking '/home/sli/slither_ws/install/dynamixel_sdk_custom_interfaces' for CMake module files
[7.760s] Level 1:colcon.colcon_core.environment:checking '/home/sli/slither_ws/install/dynamixel_sdk_custom_interfaces' for CMake config files
[7.763s] Level 1:colcon.colcon_core.shell:create_environment_hook('dynamixel_sdk_custom_interfaces', 'cmake_prefix_path')
[7.765s] INFO:colcon.colcon_core.shell:Creating environment hook '/home/sli/slither_ws/install/dynamixel_sdk_custom_interfaces/share/dynamixel_sdk_custom_interfaces/hook/cmake_prefix_path.ps1'
[7.767s] INFO:colcon.colcon_core.shell:Creating environment descriptor '/home/sli/slither_ws/install/dynamixel_sdk_custom_interfaces/share/dynamixel_sdk_custom_interfaces/hook/cmake_prefix_path.dsv'
[7.769s] INFO:colcon.colcon_core.shell:Creating environment hook '/home/sli/slither_ws/install/dynamixel_sdk_custom_interfaces/share/dynamixel_sdk_custom_interfaces/hook/cmake_prefix_path.sh'
[7.772s] Level 1:colcon.colcon_core.environment:checking '/home/sli/slither_ws/install/dynamixel_sdk_custom_interfaces/lib'
[7.772s] Level 1:colcon.colcon_core.shell:create_environment_hook('dynamixel_sdk_custom_interfaces', 'ld_library_path_lib')
[7.774s] INFO:colcon.colcon_core.shell:Creating environment hook '/home/sli/slither_ws/install/dynamixel_sdk_custom_interfaces/share/dynamixel_sdk_custom_interfaces/hook/ld_library_path_lib.ps1'
[7.777s] INFO:colcon.colcon_core.shell:Creating environment descriptor '/home/sli/slither_ws/install/dynamixel_sdk_custom_interfaces/share/dynamixel_sdk_custom_interfaces/hook/ld_library_path_lib.dsv'
[7.779s] INFO:colcon.colcon_core.shell:Creating environment hook '/home/sli/slither_ws/install/dynamixel_sdk_custom_interfaces/share/dynamixel_sdk_custom_interfaces/hook/ld_library_path_lib.sh'
[7.782s] Level 1:colcon.colcon_core.environment:checking '/home/sli/slither_ws/install/dynamixel_sdk_custom_interfaces/bin'
[7.782s] Level 1:colcon.colcon_core.environment:checking '/home/sli/slither_ws/install/dynamixel_sdk_custom_interfaces/lib/pkgconfig/dynamixel_sdk_custom_interfaces.pc'
[7.784s] Level 1:colcon.colcon_core.environment:checking '/home/sli/slither_ws/install/dynamixel_sdk_custom_interfaces/lib/python3.10/site-packages'
[7.785s] Level 1:colcon.colcon_core.environment:checking '/home/sli/slither_ws/install/dynamixel_sdk_custom_interfaces/bin'
[7.786s] INFO:colcon.colcon_core.shell:Creating package script '/home/sli/slither_ws/install/dynamixel_sdk_custom_interfaces/share/dynamixel_sdk_custom_interfaces/package.ps1'
[7.790s] INFO:colcon.colcon_core.shell:Creating package descriptor '/home/sli/slither_ws/install/dynamixel_sdk_custom_interfaces/share/dynamixel_sdk_custom_interfaces/package.dsv'
[7.793s] INFO:colcon.colcon_core.shell:Creating package script '/home/sli/slither_ws/install/dynamixel_sdk_custom_interfaces/share/dynamixel_sdk_custom_interfaces/package.sh'
[7.796s] INFO:colcon.colcon_core.shell:Creating package script '/home/sli/slither_ws/install/dynamixel_sdk_custom_interfaces/share/dynamixel_sdk_custom_interfaces/package.bash'
[7.798s] INFO:colcon.colcon_core.shell:Creating package script '/home/sli/slither_ws/install/dynamixel_sdk_custom_interfaces/share/dynamixel_sdk_custom_interfaces/package.zsh'
[7.801s] Level 1:colcon.colcon_core.environment:create_file_with_runtime_dependencies(/home/sli/slither_ws/install/dynamixel_sdk_custom_interfaces/share/colcon-core/packages/dynamixel_sdk_custom_interfaces)
[7.803s] INFO:colcon.colcon_ros.task.ament_cmake.build:Building ROS package in '/home/sli/slither_ws/src/DynamixelSDK/dynamixel_sdk_examples' with build type 'ament_cmake'
[7.804s] INFO:colcon.colcon_cmake.task.cmake.build:Building CMake package in '/home/sli/slither_ws/src/DynamixelSDK/dynamixel_sdk_examples'
[7.806s] INFO:colcon.colcon_core.shell:Skip shell extension 'powershell' for command environment: Not usable outside of PowerShell
[7.806s] DEBUG:colcon.colcon_core.shell:Skip shell extension 'dsv' for command environment
[7.842s] INFO:colcon.colcon_ros.task.ament_python.build:Building ROS package in '/home/sli/slither_ws/src/locomotion' with build type 'ament_python'
[7.843s] Level 1:colcon.colcon_core.shell:create_environment_hook('locomotion', 'ament_prefix_path')
[7.844s] INFO:colcon.colcon_core.shell:Creating environment hook '/home/sli/slither_ws/install/locomotion/share/locomotion/hook/ament_prefix_path.ps1'
[7.847s] INFO:colcon.colcon_core.shell:Creating environment descriptor '/home/sli/slither_ws/install/locomotion/share/locomotion/hook/ament_prefix_path.dsv'
[7.849s] INFO:colcon.colcon_core.shell:Creating environment hook '/home/sli/slither_ws/install/locomotion/share/locomotion/hook/ament_prefix_path.sh'
[7.853s] INFO:colcon.colcon_core.shell:Skip shell extension 'powershell' for command environment: Not usable outside of PowerShell
[7.853s] DEBUG:colcon.colcon_core.shell:Skip shell extension 'dsv' for command environment
[7.916s] DEBUG:colcon.colcon_core.event_handler.log_command:Invoking command in '/home/sli/slither_ws/build/dynamixel_sdk_examples': CMAKE_PREFIX_PATH=/home/sli/slither_ws/install/dynamixel_sdk_custom_interfaces:/home/sli/slither_ws/install/dynamixel_sdk:/home/sli/slither_ws/install/dynamixel_sdk_examples:/home/sli/slither_ws/install/locomotion_wire:/home/sli/slither_ws/install/locomotion:/home/sli/slither_ws/install/dynamixel_mpu9250:/home/sli/slither_ws/install/dynamixel_keyboard_controller:/opt/ros/humble /usr/bin/cmake --build /home/sli/slither_ws/build/dynamixel_sdk_examples -- -j4 -l4
[9.619s] INFO:colcon.colcon_core.task.python.build:Building Python package in '/home/sli/slither_ws/src/locomotion'
[9.620s] INFO:colcon.colcon_core.shell:Skip shell extension 'powershell' for command environment: Not usable outside of PowerShell
[9.620s] DEBUG:colcon.colcon_core.shell:Skip shell extension 'dsv' for command environment
[9.650s] DEBUG:colcon.colcon_core.event_handler.log_command:Invoked command in '/home/sli/slither_ws/build/dynamixel_sdk_examples' returned '0': CMAKE_PREFIX_PATH=/home/sli/slither_ws/install/dynamixel_sdk_custom_interfaces:/home/sli/slither_ws/install/dynamixel_sdk:/home/sli/slither_ws/install/dynamixel_sdk_examples:/home/sli/slither_ws/install/locomotion_wire:/home/sli/slither_ws/install/locomotion:/home/sli/slither_ws/install/dynamixel_mpu9250:/home/sli/slither_ws/install/dynamixel_keyboard_controller:/opt/ros/humble /usr/bin/cmake --build /home/sli/slither_ws/build/dynamixel_sdk_examples -- -j4 -l4
[9.670s] Level 1:colcon.colcon_core.environment:checking '/home/sli/slither_ws/install/dynamixel_keyboard_controller' for CMake module files
[9.674s] Level 1:colcon.colcon_core.environment:checking '/home/sli/slither_ws/install/dynamixel_keyboard_controller' for CMake config files
[9.679s] Level 1:colcon.colcon_core.environment:checking '/home/sli/slither_ws/install/dynamixel_keyboard_controller/lib'
[9.682s] DEBUG:colcon.colcon_core.event_handler.log_command:Invoking command in '/home/sli/slither_ws/src/dynamixel_mpu9250': CMAKE_PREFIX_PATH=/home/sli/slither_ws/install/dynamixel_sdk:/home/sli/slither_ws/install/dynamixel_sdk_examples:/home/sli/slither_ws/install/dynamixel_sdk_custom_interfaces LD_LIBRARY_PATH=/home/sli/slither_ws/install/dynamixel_sdk/lib:/home/sli/slither_ws/install/dynamixel_sdk_custom_interfaces/lib:/opt/ros/humble/opt/rviz_ogre_vendor/lib:/opt/ros/humble/lib/aarch64-linux-gnu:/opt/ros/humble/lib PYTHONPATH=/home/sli/slither_ws/build/dynamixel_mpu9250/prefix_override:/usr/lib/python3/dist-packages/colcon_core/task/python/colcon_distutils_commands:/home/sli/slither_ws/install/dynamixel_mpu9250/lib/python3.10/site-packages:${PYTHONPATH} /usr/bin/python3 -W ignore:setup.py install is deprecated setup.py egg_info --egg-base ../../build/dynamixel_mpu9250 build --build-base /home/sli/slither_ws/build/dynamixel_mpu9250/build install --record /home/sli/slither_ws/build/dynamixel_mpu9250/install.log --single-version-externally-managed install_data
[9.684s] DEBUG:colcon.colcon_core.event_handler.log_command:Invoked command in '/home/sli/slither_ws/src/dynamixel_keyboard_controller' returned '0': PYTHONPATH=/home/sli/slither_ws/build/dynamixel_keyboard_controller/prefix_override:/usr/lib/python3/dist-packages/colcon_core/task/python/colcon_distutils_commands:/home/sli/slither_ws/install/dynamixel_keyboard_controller/lib/python3.10/site-packages:${PYTHONPATH} /usr/bin/python3 -W ignore:setup.py install is deprecated setup.py egg_info --egg-base ../../build/dynamixel_keyboard_controller build --build-base /home/sli/slither_ws/build/dynamixel_keyboard_controller/build install --record /home/sli/slither_ws/build/dynamixel_keyboard_controller/install.log --single-version-externally-managed install_data
[9.685s] Level 1:colcon.colcon_core.environment:checking '/home/sli/slither_ws/install/dynamixel_keyboard_controller/bin'
[9.685s] Level 1:colcon.colcon_core.environment:checking '/home/sli/slither_ws/install/dynamixel_keyboard_controller/lib/pkgconfig/dynamixel_keyboard_controller.pc'
[9.687s] Level 1:colcon.colcon_core.environment:checking '/home/sli/slither_ws/install/dynamixel_keyboard_controller/lib/python3.10/site-packages'
[9.687s] Level 1:colcon.colcon_core.shell:create_environment_hook('dynamixel_keyboard_controller', 'pythonpath')
[9.688s] INFO:colcon.colcon_core.shell:Creating environment hook '/home/sli/slither_ws/install/dynamixel_keyboard_controller/share/dynamixel_keyboard_controller/hook/pythonpath.ps1'
[9.691s] INFO:colcon.colcon_core.shell:Creating environment descriptor '/home/sli/slither_ws/install/dynamixel_keyboard_controller/share/dynamixel_keyboard_controller/hook/pythonpath.dsv'
[9.693s] INFO:colcon.colcon_core.shell:Creating environment hook '/home/sli/slither_ws/install/dynamixel_keyboard_controller/share/dynamixel_keyboard_controller/hook/pythonpath.sh'
[9.696s] Level 1:colcon.colcon_core.environment:checking '/home/sli/slither_ws/install/dynamixel_keyboard_controller/bin'
[9.697s] Level 1:colcon.colcon_core.environment:create_environment_scripts_only(dynamixel_keyboard_controller)
[9.699s] INFO:colcon.colcon_core.shell:Creating package script '/home/sli/slither_ws/install/dynamixel_keyboard_controller/share/dynamixel_keyboard_controller/package.ps1'
[9.702s] INFO:colcon.colcon_core.shell:Creating package descriptor '/home/sli/slither_ws/install/dynamixel_keyboard_controller/share/dynamixel_keyboard_controller/package.dsv'
[9.705s] INFO:colcon.colcon_core.shell:Creating package script '/home/sli/slither_ws/install/dynamixel_keyboard_controller/share/dynamixel_keyboard_controller/package.sh'
[9.708s] INFO:colcon.colcon_core.shell:Creating package script '/home/sli/slither_ws/install/dynamixel_keyboard_controller/share/dynamixel_keyboard_controller/package.bash'
[9.711s] INFO:colcon.colcon_core.shell:Creating package script '/home/sli/slither_ws/install/dynamixel_keyboard_controller/share/dynamixel_keyboard_controller/package.zsh'
[9.713s] Level 1:colcon.colcon_core.environment:create_file_with_runtime_dependencies(/home/sli/slither_ws/install/dynamixel_keyboard_controller/share/colcon-core/packages/dynamixel_keyboard_controller)
[9.720s] INFO:colcon.colcon_ros.task.ament_python.build:Building ROS package in '/home/sli/slither_ws/src/locomotion_wire' with build type 'ament_python'
[9.721s] Level 1:colcon.colcon_core.shell:create_environment_hook('locomotion_wire', 'ament_prefix_path')
[9.723s] INFO:colcon.colcon_core.shell:Creating environment hook '/home/sli/slither_ws/install/locomotion_wire/share/locomotion_wire/hook/ament_prefix_path.ps1'
[9.725s] INFO:colcon.colcon_core.shell:Creating environment descriptor '/home/sli/slither_ws/install/locomotion_wire/share/locomotion_wire/hook/ament_prefix_path.dsv'
[9.727s] INFO:colcon.colcon_core.shell:Creating environment hook '/home/sli/slither_ws/install/locomotion_wire/share/locomotion_wire/hook/ament_prefix_path.sh'
[9.731s] INFO:colcon.colcon_core.shell:Skip shell extension 'powershell' for command environment: Not usable outside of PowerShell
[9.732s] DEBUG:colcon.colcon_core.shell:Skip shell extension 'dsv' for command environment
[11.548s] INFO:colcon.colcon_core.task.python.build:Building Python package in '/home/sli/slither_ws/src/locomotion_wire'
[11.550s] INFO:colcon.colcon_core.shell:Skip shell extension 'powershell' for command environment: Not usable outside of PowerShell
[11.551s] DEBUG:colcon.colcon_core.shell:Skip shell extension 'dsv' for command environment
[11.607s] DEBUG:colcon.colcon_core.event_handler.log_command:Invoking command in '/home/sli/slither_ws/build/dynamixel_sdk_examples': CMAKE_PREFIX_PATH=/home/sli/slither_ws/install/dynamixel_sdk_custom_interfaces:/home/sli/slither_ws/install/dynamixel_sdk:/home/sli/slither_ws/install/dynamixel_sdk_examples:/home/sli/slither_ws/install/locomotion_wire:/home/sli/slither_ws/install/locomotion:/home/sli/slither_ws/install/dynamixel_mpu9250:/home/sli/slither_ws/install/dynamixel_keyboard_controller:/opt/ros/humble /usr/bin/cmake --install /home/sli/slither_ws/build/dynamixel_sdk_examples
[11.703s] Level 1:colcon.colcon_core.environment:checking '/home/sli/slither_ws/install/dynamixel_mpu9250' for CMake module files
[11.714s] DEBUG:colcon.colcon_core.event_handler.log_command:Invoked command in '/home/sli/slither_ws/src/dynamixel_mpu9250' returned '0': CMAKE_PREFIX_PATH=/home/sli/slither_ws/install/dynamixel_sdk:/home/sli/slither_ws/install/dynamixel_sdk_examples:/home/sli/slither_ws/install/dynamixel_sdk_custom_interfaces LD_LIBRARY_PATH=/home/sli/slither_ws/install/dynamixel_sdk/lib:/home/sli/slither_ws/install/dynamixel_sdk_custom_interfaces/lib:/opt/ros/humble/opt/rviz_ogre_vendor/lib:/opt/ros/humble/lib/aarch64-linux-gnu:/opt/ros/humble/lib PYTHONPATH=/home/sli/slither_ws/build/dynamixel_mpu9250/prefix_override:/usr/lib/python3/dist-packages/colcon_core/task/python/colcon_distutils_commands:/home/sli/slither_ws/install/dynamixel_mpu9250/lib/python3.10/site-packages:${PYTHONPATH} /usr/bin/python3 -W ignore:setup.py install is deprecated setup.py egg_info --egg-base ../../build/dynamixel_mpu9250 build --build-base /home/sli/slither_ws/build/dynamixel_mpu9250/build install --record /home/sli/slither_ws/build/dynamixel_mpu9250/install.log --single-version-externally-managed install_data
[11.716s] Level 1:colcon.colcon_core.environment:checking '/home/sli/slither_ws/install/dynamixel_mpu9250' for CMake config files
[11.720s] Level 1:colcon.colcon_core.environment:checking '/home/sli/slither_ws/install/dynamixel_mpu9250/lib'
[11.720s] Level 1:colcon.colcon_core.environment:checking '/home/sli/slither_ws/install/dynamixel_mpu9250/bin'
[11.721s] Level 1:colcon.colcon_core.environment:checking '/home/sli/slither_ws/install/dynamixel_mpu9250/lib/pkgconfig/dynamixel_mpu9250.pc'
[11.722s] Level 1:colcon.colcon_core.environment:checking '/home/sli/slither_ws/install/dynamixel_mpu9250/lib/python3.10/site-packages'
[11.722s] Level 1:colcon.colcon_core.shell:create_environment_hook('dynamixel_mpu9250', 'pythonpath')
[11.723s] INFO:colcon.colcon_core.shell:Creating environment hook '/home/sli/slither_ws/install/dynamixel_mpu9250/share/dynamixel_mpu9250/hook/pythonpath.ps1'
[11.727s] INFO:colcon.colcon_core.shell:Creating environment descriptor '/home/sli/slither_ws/install/dynamixel_mpu9250/share/dynamixel_mpu9250/hook/pythonpath.dsv'
[11.729s] INFO:colcon.colcon_core.shell:Creating environment hook '/home/sli/slither_ws/install/dynamixel_mpu9250/share/dynamixel_mpu9250/hook/pythonpath.sh'
[11.732s] Level 1:colcon.colcon_core.environment:checking '/home/sli/slither_ws/install/dynamixel_mpu9250/bin'
[11.733s] Level 1:colcon.colcon_core.environment:create_environment_scripts_only(dynamixel_mpu9250)
[11.734s] INFO:colcon.colcon_core.shell:Creating package script '/home/sli/slither_ws/install/dynamixel_mpu9250/share/dynamixel_mpu9250/package.ps1'
[11.738s] INFO:colcon.colcon_core.shell:Creating package descriptor '/home/sli/slither_ws/install/dynamixel_mpu9250/share/dynamixel_mpu9250/package.dsv'
[11.741s] INFO:colcon.colcon_core.shell:Creating package script '/home/sli/slither_ws/install/dynamixel_mpu9250/share/dynamixel_mpu9250/package.sh'
[11.744s] INFO:colcon.colcon_core.shell:Creating package script '/home/sli/slither_ws/install/dynamixel_mpu9250/share/dynamixel_mpu9250/package.bash'
[11.746s] INFO:colcon.colcon_core.shell:Creating package script '/home/sli/slither_ws/install/dynamixel_mpu9250/share/dynamixel_mpu9250/package.zsh'
[11.748s] Level 1:colcon.colcon_core.environment:create_file_with_runtime_dependencies(/home/sli/slither_ws/install/dynamixel_mpu9250/share/colcon-core/packages/dynamixel_mpu9250)
[11.753s] Level 1:colcon.colcon_core.environment:create_environment_scripts_only(dynamixel_sdk_examples)
[11.755s] Level 1:colcon.colcon_core.environment:checking '/home/sli/slither_ws/install/dynamixel_sdk_examples' for CMake module files
[11.759s] Level 1:colcon.colcon_core.environment:checking '/home/sli/slither_ws/install/dynamixel_sdk_examples' for CMake config files
[11.762s] Level 1:colcon.colcon_core.shell:create_environment_hook('dynamixel_sdk_examples', 'cmake_prefix_path')
[11.764s] INFO:colcon.colcon_core.shell:Creating environment hook '/home/sli/slither_ws/install/dynamixel_sdk_examples/share/dynamixel_sdk_examples/hook/cmake_prefix_path.ps1'
[11.769s] INFO:colcon.colcon_core.shell:Creating environment descriptor '/home/sli/slither_ws/install/dynamixel_sdk_examples/share/dynamixel_sdk_examples/hook/cmake_prefix_path.dsv'
[11.770s] DEBUG:colcon.colcon_core.event_handler.log_command:Invoked command in '/home/sli/slither_ws/build/dynamixel_sdk_examples' returned '0': CMAKE_PREFIX_PATH=/home/sli/slither_ws/install/dynamixel_sdk_custom_interfaces:/home/sli/slither_ws/install/dynamixel_sdk:/home/sli/slither_ws/install/dynamixel_sdk_examples:/home/sli/slither_ws/install/locomotion_wire:/home/sli/slither_ws/install/locomotion:/home/sli/slither_ws/install/dynamixel_mpu9250:/home/sli/slither_ws/install/dynamixel_keyboard_controller:/opt/ros/humble /usr/bin/cmake --install /home/sli/slither_ws/build/dynamixel_sdk_examples
[11.772s] INFO:colcon.colcon_core.shell:Creating environment hook '/home/sli/slither_ws/install/dynamixel_sdk_examples/share/dynamixel_sdk_examples/hook/cmake_prefix_path.sh'
[11.776s] Level 1:colcon.colcon_core.environment:checking '/home/sli/slither_ws/install/dynamixel_sdk_examples/lib'
[11.777s] Level 1:colcon.colcon_core.environment:checking '/home/sli/slither_ws/install/dynamixel_sdk_examples/bin'
[11.777s] Level 1:colcon.colcon_core.environment:checking '/home/sli/slither_ws/install/dynamixel_sdk_examples/lib/pkgconfig/dynamixel_sdk_examples.pc'
[11.779s] Level 1:colcon.colcon_core.environment:checking '/home/sli/slither_ws/install/dynamixel_sdk_examples/lib/python3.10/site-packages'
[11.780s] Level 1:colcon.colcon_core.environment:checking '/home/sli/slither_ws/install/dynamixel_sdk_examples/bin'
[11.782s] INFO:colcon.colcon_core.shell:Creating package script '/home/sli/slither_ws/install/dynamixel_sdk_examples/share/dynamixel_sdk_examples/package.ps1'
[11.784s] INFO:colcon.colcon_core.shell:Creating package descriptor '/home/sli/slither_ws/install/dynamixel_sdk_examples/share/dynamixel_sdk_examples/package.dsv'
[11.788s] INFO:colcon.colcon_core.shell:Creating package script '/home/sli/slither_ws/install/dynamixel_sdk_examples/share/dynamixel_sdk_examples/package.sh'
[11.792s] INFO:colcon.colcon_core.shell:Creating package script '/home/sli/slither_ws/install/dynamixel_sdk_examples/share/dynamixel_sdk_examples/package.bash'
[11.795s] INFO:colcon.colcon_core.shell:Creating package script '/home/sli/slither_ws/install/dynamixel_sdk_examples/share/dynamixel_sdk_examples/package.zsh'
[11.798s] Level 1:colcon.colcon_core.environment:create_file_with_runtime_dependencies(/home/sli/slither_ws/install/dynamixel_sdk_examples/share/colcon-core/packages/dynamixel_sdk_examples)
[12.005s] Level 1:colcon.colcon_core.environment:create_environment_scripts_only(dynamixel_sdk_examples)
[12.007s] Level 1:colcon.colcon_core.environment:checking '/home/sli/slither_ws/install/dynamixel_sdk_examples' for CMake module files
[12.011s] Level 1:colcon.colcon_core.environment:checking '/home/sli/slither_ws/install/dynamixel_sdk_examples' for CMake config files
[12.015s] Level 1:colcon.colcon_core.shell:create_environment_hook('dynamixel_sdk_examples', 'cmake_prefix_path')
[12.017s] INFO:colcon.colcon_core.shell:Creating environment hook '/home/sli/slither_ws/install/dynamixel_sdk_examples/share/dynamixel_sdk_examples/hook/cmake_prefix_path.ps1'
[12.021s] INFO:colcon.colcon_core.shell:Creating environment descriptor '/home/sli/slither_ws/install/dynamixel_sdk_examples/share/dynamixel_sdk_examples/hook/cmake_prefix_path.dsv'
[12.024s] INFO:colcon.colcon_core.shell:Creating environment hook '/home/sli/slither_ws/install/dynamixel_sdk_examples/share/dynamixel_sdk_examples/hook/cmake_prefix_path.sh'
[12.028s] Level 1:colcon.colcon_core.environment:checking '/home/sli/slither_ws/install/dynamixel_sdk_examples/lib'
[12.030s] Level 1:colcon.colcon_core.environment:checking '/home/sli/slither_ws/install/dynamixel_sdk_examples/bin'
[12.031s] Level 1:colcon.colcon_core.environment:checking '/home/sli/slither_ws/install/dynamixel_sdk_examples/lib/pkgconfig/dynamixel_sdk_examples.pc'
[12.032s] Level 1:colcon.colcon_core.environment:checking '/home/sli/slither_ws/install/dynamixel_sdk_examples/lib/python3.10/site-packages'
[12.033s] Level 1:colcon.colcon_core.environment:checking '/home/sli/slither_ws/install/dynamixel_sdk_examples/bin'
[12.035s] INFO:colcon.colcon_core.shell:Creating package script '/home/sli/slither_ws/install/dynamixel_sdk_examples/share/dynamixel_sdk_examples/package.ps1'
[12.037s] INFO:colcon.colcon_core.shell:Creating package descriptor '/home/sli/slither_ws/install/dynamixel_sdk_examples/share/dynamixel_sdk_examples/package.dsv'
[12.040s] INFO:colcon.colcon_core.shell:Creating package script '/home/sli/slither_ws/install/dynamixel_sdk_examples/share/dynamixel_sdk_examples/package.sh'
[12.042s] INFO:colcon.colcon_core.shell:Creating package script '/home/sli/slither_ws/install/dynamixel_sdk_examples/share/dynamixel_sdk_examples/package.bash'
[12.045s] INFO:colcon.colcon_core.shell:Creating package script '/home/sli/slither_ws/install/dynamixel_sdk_examples/share/dynamixel_sdk_examples/package.zsh'
[12.047s] Level 1:colcon.colcon_core.environment:create_file_with_runtime_dependencies(/home/sli/slither_ws/install/dynamixel_sdk_examples/share/colcon-core/packages/dynamixel_sdk_examples)
[12.063s] DEBUG:colcon.colcon_core.event_handler.log_command:Invoking command in '/home/sli/slither_ws/src/locomotion': CMAKE_PREFIX_PATH=/home/sli/slither_ws/install/dynamixel_sdk_custom_interfaces:/home/sli/slither_ws/install/dynamixel_sdk:/home/sli/slither_ws/install/dynamixel_sdk_examples PYTHONPATH=/home/sli/slither_ws/build/locomotion/prefix_override:/usr/lib/python3/dist-packages/colcon_core/task/python/colcon_distutils_commands:/home/sli/slither_ws/install/locomotion/lib/python3.10/site-packages:${PYTHONPATH} /usr/bin/python3 -W ignore:setup.py install is deprecated setup.py egg_info --egg-base ../../build/locomotion build --build-base /home/sli/slither_ws/build/locomotion/build install --record /home/sli/slither_ws/build/locomotion/install.log --single-version-externally-managed install_data
[13.646s] DEBUG:colcon.colcon_core.event_handler.log_command:Invoking command in '/home/sli/slither_ws/src/locomotion_wire': CMAKE_PREFIX_PATH=/home/sli/slither_ws/install/dynamixel_sdk_custom_interfaces:/home/sli/slither_ws/install/dynamixel_sdk:/home/sli/slither_ws/install/dynamixel_sdk_examples PYTHONPATH=/home/sli/slither_ws/build/locomotion_wire/prefix_override:/usr/lib/python3/dist-packages/colcon_core/task/python/colcon_distutils_commands:/home/sli/slither_ws/install/locomotion_wire/lib/python3.10/site-packages:${PYTHONPATH} /usr/bin/python3 -W ignore:setup.py install is deprecated setup.py egg_info --egg-base ../../build/locomotion_wire build --build-base /home/sli/slither_ws/build/locomotion_wire/build install --record /home/sli/slither_ws/build/locomotion_wire/install.log --single-version-externally-managed install_data
[13.811s] Level 1:colcon.colcon_core.environment:checking '/home/sli/slither_ws/install/locomotion' for CMake module files
[13.814s] DEBUG:colcon.colcon_core.event_handler.log_command:Invoked command in '/home/sli/slither_ws/src/locomotion' returned '0': CMAKE_PREFIX_PATH=/home/sli/slither_ws/install/dynamixel_sdk_custom_interfaces:/home/sli/slither_ws/install/dynamixel_sdk:/home/sli/slither_ws/install/dynamixel_sdk_examples PYTHONPATH=/home/sli/slither_ws/build/locomotion/prefix_override:/usr/lib/python3/dist-packages/colcon_core/task/python/colcon_distutils_commands:/home/sli/slither_ws/install/locomotion/lib/python3.10/site-packages:${PYTHONPATH} /usr/bin/python3 -W ignore:setup.py install is deprecated setup.py egg_info --egg-base ../../build/locomotion build --build-base /home/sli/slither_ws/build/locomotion/build install --record /home/sli/slither_ws/build/locomotion/install.log --single-version-externally-managed install_data
[13.815s] Level 1:colcon.colcon_core.environment:checking '/home/sli/slither_ws/install/locomotion' for CMake config files
[13.819s] Level 1:colcon.colcon_core.environment:checking '/home/sli/slither_ws/install/locomotion/lib'
[13.819s] Level 1:colcon.colcon_core.environment:checking '/home/sli/slither_ws/install/locomotion/bin'
[13.820s] Level 1:colcon.colcon_core.environment:checking '/home/sli/slither_ws/install/locomotion/lib/pkgconfig/locomotion.pc'
[13.821s] Level 1:colcon.colcon_core.environment:checking '/home/sli/slither_ws/install/locomotion/lib/python3.10/site-packages'
[13.821s] Level 1:colcon.colcon_core.shell:create_environment_hook('locomotion', 'pythonpath')
[13.822s] INFO:colcon.colcon_core.shell:Creating environment hook '/home/sli/slither_ws/install/locomotion/share/locomotion/hook/pythonpath.ps1'
[13.824s] INFO:colcon.colcon_core.shell:Creating environment descriptor '/home/sli/slither_ws/install/locomotion/share/locomotion/hook/pythonpath.dsv'
[13.826s] INFO:colcon.colcon_core.shell:Creating environment hook '/home/sli/slither_ws/install/locomotion/share/locomotion/hook/pythonpath.sh'
[13.829s] Level 1:colcon.colcon_core.environment:checking '/home/sli/slither_ws/install/locomotion/bin'
[13.829s] Level 1:colcon.colcon_core.environment:create_environment_scripts_only(locomotion)
[13.831s] INFO:colcon.colcon_core.shell:Creating package script '/home/sli/slither_ws/install/locomotion/share/locomotion/package.ps1'
[13.833s] INFO:colcon.colcon_core.shell:Creating package descriptor '/home/sli/slither_ws/install/locomotion/share/locomotion/package.dsv'
[13.836s] INFO:colcon.colcon_core.shell:Creating package script '/home/sli/slither_ws/install/locomotion/share/locomotion/package.sh'
[13.838s] INFO:colcon.colcon_core.shell:Creating package script '/home/sli/slither_ws/install/locomotion/share/locomotion/package.bash'
[13.840s] INFO:colcon.colcon_core.shell:Creating package script '/home/sli/slither_ws/install/locomotion/share/locomotion/package.zsh'
[13.842s] Level 1:colcon.colcon_core.environment:create_file_with_runtime_dependencies(/home/sli/slither_ws/install/locomotion/share/colcon-core/packages/locomotion)
[15.159s] Level 1:colcon.colcon_core.environment:checking '/home/sli/slither_ws/install/locomotion_wire' for CMake module files
[15.161s] DEBUG:colcon.colcon_core.event_handler.log_command:Invoked command in '/home/sli/slither_ws/src/locomotion_wire' returned '0': CMAKE_PREFIX_PATH=/home/sli/slither_ws/install/dynamixel_sdk_custom_interfaces:/home/sli/slither_ws/install/dynamixel_sdk:/home/sli/slither_ws/install/dynamixel_sdk_examples PYTHONPATH=/home/sli/slither_ws/build/locomotion_wire/prefix_override:/usr/lib/python3/dist-packages/colcon_core/task/python/colcon_distutils_commands:/home/sli/slither_ws/install/locomotion_wire/lib/python3.10/site-packages:${PYTHONPATH} /usr/bin/python3 -W ignore:setup.py install is deprecated setup.py egg_info --egg-base ../../build/locomotion_wire build --build-base /home/sli/slither_ws/build/locomotion_wire/build install --record /home/sli/slither_ws/build/locomotion_wire/install.log --single-version-externally-managed install_data
[15.163s] Level 1:colcon.colcon_core.environment:checking '/home/sli/slither_ws/install/locomotion_wire' for CMake config files
[15.166s] Level 1:colcon.colcon_core.environment:checking '/home/sli/slither_ws/install/locomotion_wire/lib'
[15.167s] Level 1:colcon.colcon_core.environment:checking '/home/sli/slither_ws/install/locomotion_wire/bin'
[15.167s] Level 1:colcon.colcon_core.environment:checking '/home/sli/slither_ws/install/locomotion_wire/lib/pkgconfig/locomotion_wire.pc'
[15.168s] Level 1:colcon.colcon_core.environment:checking '/home/sli/slither_ws/install/locomotion_wire/lib/python3.10/site-packages'
[15.169s] Level 1:colcon.colcon_core.shell:create_environment_hook('locomotion_wire', 'pythonpath')
[15.169s] INFO:colcon.colcon_core.shell:Creating environment hook '/home/sli/slither_ws/install/locomotion_wire/share/locomotion_wire/hook/pythonpath.ps1'
[15.171s] INFO:colcon.colcon_core.shell:Creating environment descriptor '/home/sli/slither_ws/install/locomotion_wire/share/locomotion_wire/hook/pythonpath.dsv'
[15.173s] INFO:colcon.colcon_core.shell:Creating environment hook '/home/sli/slither_ws/install/locomotion_wire/share/locomotion_wire/hook/pythonpath.sh'
[15.176s] Level 1:colcon.colcon_core.environment:checking '/home/sli/slither_ws/install/locomotion_wire/bin'
[15.176s] Level 1:colcon.colcon_core.environment:create_environment_scripts_only(locomotion_wire)
[15.178s] INFO:colcon.colcon_core.shell:Creating package script '/home/sli/slither_ws/install/locomotion_wire/share/locomotion_wire/package.ps1'
[15.181s] INFO:colcon.colcon_core.shell:Creating package descriptor '/home/sli/slither_ws/install/locomotion_wire/share/locomotion_wire/package.dsv'
[15.183s] INFO:colcon.colcon_core.shell:Creating package script '/home/sli/slither_ws/install/locomotion_wire/share/locomotion_wire/package.sh'
[15.186s] INFO:colcon.colcon_core.shell:Creating package script '/home/sli/slither_ws/install/locomotion_wire/share/locomotion_wire/package.bash'
[15.188s] INFO:colcon.colcon_core.shell:Creating package script '/home/sli/slither_ws/install/locomotion_wire/share/locomotion_wire/package.zsh'
[15.191s] Level 1:colcon.colcon_core.environment:create_file_with_runtime_dependencies(/home/sli/slither_ws/install/locomotion_wire/share/colcon-core/packages/locomotion_wire)
[15.193s] DEBUG:colcon.colcon_parallel_executor.executor.parallel:closing loop
[15.195s] DEBUG:colcon.colcon_parallel_executor.executor.parallel:loop closed
[15.195s] DEBUG:colcon.colcon_parallel_executor.executor.parallel:run_until_complete finished with '0'
[15.195s] DEBUG:colcon.colcon_core.event_reactor:joining thread
[15.221s] INFO:colcon.colcon_core.plugin_system:Skipping extension 'colcon_notification.desktop_notification.terminal_notifier': Not used on non-Darwin systems
[15.221s] INFO:colcon.colcon_core.plugin_system:Skipping extension 'colcon_notification.desktop_notification.win32': Not used on non-Windows systems
[15.221s] INFO:colcon.colcon_notification.desktop_notification:Sending desktop notification using 'notify2'
[15.273s] DEBUG:colcon.colcon_core.event_reactor:joined thread
[15.275s] INFO:colcon.colcon_core.shell:Creating prefix script '/home/sli/slither_ws/install/local_setup.ps1'
[15.279s] INFO:colcon.colcon_core.shell:Creating prefix util module '/home/sli/slither_ws/install/_local_setup_util_ps1.py'
[15.286s] INFO:colcon.colcon_core.shell:Creating prefix chain script '/home/sli/slither_ws/install/setup.ps1'
[15.293s] INFO:colcon.colcon_core.shell:Creating prefix script '/home/sli/slither_ws/install/local_setup.sh'
[15.296s] INFO:colcon.colcon_core.shell:Creating prefix util module '/home/sli/slither_ws/install/_local_setup_util_sh.py'
[15.299s] INFO:colcon.colcon_core.shell:Creating prefix chain script '/home/sli/slither_ws/install/setup.sh'
[15.308s] INFO:colcon.colcon_core.shell:Creating prefix script '/home/sli/slither_ws/install/local_setup.bash'
[15.311s] INFO:colcon.colcon_core.shell:Creating prefix chain script '/home/sli/slither_ws/install/setup.bash'
[15.320s] INFO:colcon.colcon_core.shell:Creating prefix script '/home/sli/slither_ws/install/local_setup.zsh'
[15.323s] INFO:colcon.colcon_core.shell:Creating prefix chain script '/home/sli/slither_ws/install/setup.zsh'
