[0.486s] DEBUG:colcon:Command line arguments: ['/usr/bin/colcon', 'build']
[0.487s] DEBUG:colcon:Parsed command line arguments: Namespace(log_base=None, log_level=None, verb_name='build', build_base='build', install_base='install', merge_install=False, symlink_install=False, test_result_base=None, continue_on_error=False, executor='parallel', parallel_workers=4, event_handlers=None, ignore_user_meta=False, metas=['./colcon.meta'], base_paths=['.'], packages_ignore=None, packages_ignore_regex=None, paths=None, packages_up_to=None, packages_up_to_regex=None, packages_above=None, packages_above_and_dependencies=None, packages_above_depth=None, packages_select_by_dep=None, packages_skip_by_dep=None, packages_skip_up_to=None, packages_select_build_failed=False, packages_skip_build_finished=False, packages_select_test_failures=False, packages_skip_test_passed=False, packages_select=None, packages_skip=None, packages_select_regex=None, packages_skip_regex=None, packages_start=None, packages_end=None, allow_overriding=[], cmake_args=None, cmake_target=None, cmake_target_skip_unavailable=False, cmake_clean_cache=False, cmake_clean_first=False, cmake_force_configure=False, ament_cmake_args=None, catkin_cmake_args=None, catkin_skip_building_tests=False, mixin_files=None, mixin=None, verb_parser=<colcon_mixin.mixin.mixin_argument.MixinArgumentDecorator object at 0xffff80d2eef0>, verb_extension=<colcon_core.verb.build.BuildVerb object at 0xffff80e735b0>, main=<bound method BuildVerb.main of <colcon_core.verb.build.BuildVerb object at 0xffff80e735b0>>, mixin_verb=('build',))
[1.315s] Level 1:colcon.colcon_core.package_discovery:discover_packages(colcon_meta) check parameters
[1.316s] Level 1:colcon.colcon_core.package_discovery:discover_packages(recursive) check parameters
[1.316s] Level 1:colcon.colcon_core.package_discovery:discover_packages(ignore) check parameters
[1.316s] Level 1:colcon.colcon_core.package_discovery:discover_packages(path) check parameters
[1.316s] Level 1:colcon.colcon_core.package_discovery:discover_packages(colcon_meta) discover
[1.316s] Level 1:colcon.colcon_core.package_discovery:discover_packages(recursive) discover
[1.316s] INFO:colcon.colcon_core.package_discovery:Crawling recursively for packages in '/home/sli/slither_ws'
[1.317s] Level 1:colcon.colcon_core.package_identification:_identify(.) by extensions ['ignore', 'ignore_ament_install']
[1.317s] Level 1:colcon.colcon_core.package_identification:_identify(.) by extension 'ignore'
[1.318s] Level 1:colcon.colcon_core.package_identification:_identify(.) by extension 'ignore_ament_install'
[1.318s] Level 1:colcon.colcon_core.package_identification:_identify(.) by extensions ['colcon_pkg']
[1.318s] Level 1:colcon.colcon_core.package_identification:_identify(.) by extension 'colcon_pkg'
[1.318s] Level 1:colcon.colcon_core.package_identification:_identify(.) by extensions ['colcon_meta']
[1.318s] Level 1:colcon.colcon_core.package_identification:_identify(.) by extension 'colcon_meta'
[1.318s] Level 1:colcon.colcon_core.package_identification:_identify(.) by extensions ['ros']
[1.318s] Level 1:colcon.colcon_core.package_identification:_identify(.) by extension 'ros'
[1.365s] Level 1:colcon.colcon_core.package_identification:_identify(.) by extensions ['cmake', 'python']
[1.366s] Level 1:colcon.colcon_core.package_identification:_identify(.) by extension 'cmake'
[1.366s] Level 1:colcon.colcon_core.package_identification:_identify(.) by extension 'python'
[1.366s] Level 1:colcon.colcon_core.package_identification:_identify(.) by extensions ['python_setup_py']
[1.366s] Level 1:colcon.colcon_core.package_identification:_identify(.) by extension 'python_setup_py'
[1.367s] Level 1:colcon.colcon_core.package_identification:_identify(build) by extensions ['ignore', 'ignore_ament_install']
[1.367s] Level 1:colcon.colcon_core.package_identification:_identify(build) by extension 'ignore'
[1.367s] Level 1:colcon.colcon_core.package_identification:_identify(build) ignored
[1.368s] Level 1:colcon.colcon_core.package_identification:_identify(install) by extensions ['ignore', 'ignore_ament_install']
[1.368s] Level 1:colcon.colcon_core.package_identification:_identify(install) by extension 'ignore'
[1.368s] Level 1:colcon.colcon_core.package_identification:_identify(install) ignored
[1.369s] Level 1:colcon.colcon_core.package_identification:_identify(log) by extensions ['ignore', 'ignore_ament_install']
[1.369s] Level 1:colcon.colcon_core.package_identification:_identify(log) by extension 'ignore'
[1.370s] Level 1:colcon.colcon_core.package_identification:_identify(log) ignored
[1.370s] Level 1:colcon.colcon_core.package_identification:_identify(src) by extensions ['ignore', 'ignore_ament_install']
[1.370s] Level 1:colcon.colcon_core.package_identification:_identify(src) by extension 'ignore'
[1.370s] Level 1:colcon.colcon_core.package_identification:_identify(src) by extension 'ignore_ament_install'
[1.371s] Level 1:colcon.colcon_core.package_identification:_identify(src) by extensions ['colcon_pkg']
[1.371s] Level 1:colcon.colcon_core.package_identification:_identify(src) by extension 'colcon_pkg'
[1.371s] Level 1:colcon.colcon_core.package_identification:_identify(src) by extensions ['colcon_meta']
[1.371s] Level 1:colcon.colcon_core.package_identification:_identify(src) by extension 'colcon_meta'
[1.371s] Level 1:colcon.colcon_core.package_identification:_identify(src) by extensions ['ros']
[1.371s] Level 1:colcon.colcon_core.package_identification:_identify(src) by extension 'ros'
[1.372s] Level 1:colcon.colcon_core.package_identification:_identify(src) by extensions ['cmake', 'python']
[1.372s] Level 1:colcon.colcon_core.package_identification:_identify(src) by extension 'cmake'
[1.372s] Level 1:colcon.colcon_core.package_identification:_identify(src) by extension 'python'
[1.372s] Level 1:colcon.colcon_core.package_identification:_identify(src) by extensions ['python_setup_py']
[1.372s] Level 1:colcon.colcon_core.package_identification:_identify(src) by extension 'python_setup_py'
[1.373s] Level 1:colcon.colcon_core.package_identification:_identify(src/DynamixelSDK) by extensions ['ignore', 'ignore_ament_install']
[1.373s] Level 1:colcon.colcon_core.package_identification:_identify(src/DynamixelSDK) by extension 'ignore'
[1.373s] Level 1:colcon.colcon_core.package_identification:_identify(src/DynamixelSDK) by extension 'ignore_ament_install'
[1.373s] Level 1:colcon.colcon_core.package_identification:_identify(src/DynamixelSDK) by extensions ['colcon_pkg']
[1.374s] Level 1:colcon.colcon_core.package_identification:_identify(src/DynamixelSDK) by extension 'colcon_pkg'
[1.374s] Level 1:colcon.colcon_core.package_identification:_identify(src/DynamixelSDK) by extensions ['colcon_meta']
[1.374s] Level 1:colcon.colcon_core.package_identification:_identify(src/DynamixelSDK) by extension 'colcon_meta'
[1.374s] Level 1:colcon.colcon_core.package_identification:_identify(src/DynamixelSDK) by extensions ['ros']
[1.374s] Level 1:colcon.colcon_core.package_identification:_identify(src/DynamixelSDK) by extension 'ros'
[1.375s] Level 1:colcon.colcon_core.package_identification:_identify(src/DynamixelSDK) by extensions ['cmake', 'python']
[1.375s] Level 1:colcon.colcon_core.package_identification:_identify(src/DynamixelSDK) by extension 'cmake'
[1.375s] Level 1:colcon.colcon_core.package_identification:_identify(src/DynamixelSDK) by extension 'python'
[1.375s] Level 1:colcon.colcon_core.package_identification:_identify(src/DynamixelSDK) by extensions ['python_setup_py']
[1.375s] Level 1:colcon.colcon_core.package_identification:_identify(src/DynamixelSDK) by extension 'python_setup_py'
[1.376s] Level 1:colcon.colcon_core.package_identification:_identify(src/DynamixelSDK/dynamixel_sdk) by extensions ['ignore', 'ignore_ament_install']
[1.376s] Level 1:colcon.colcon_core.package_identification:_identify(src/DynamixelSDK/dynamixel_sdk) by extension 'ignore'
[1.376s] Level 1:colcon.colcon_core.package_identification:_identify(src/DynamixelSDK/dynamixel_sdk) by extension 'ignore_ament_install'
[1.376s] Level 1:colcon.colcon_core.package_identification:_identify(src/DynamixelSDK/dynamixel_sdk) by extensions ['colcon_pkg']
[1.377s] Level 1:colcon.colcon_core.package_identification:_identify(src/DynamixelSDK/dynamixel_sdk) by extension 'colcon_pkg'
[1.377s] Level 1:colcon.colcon_core.package_identification:_identify(src/DynamixelSDK/dynamixel_sdk) by extensions ['colcon_meta']
[1.377s] Level 1:colcon.colcon_core.package_identification:_identify(src/DynamixelSDK/dynamixel_sdk) by extension 'colcon_meta'
[1.377s] Level 1:colcon.colcon_core.package_identification:_identify(src/DynamixelSDK/dynamixel_sdk) by extensions ['ros']
[1.377s] Level 1:colcon.colcon_core.package_identification:_identify(src/DynamixelSDK/dynamixel_sdk) by extension 'ros'
[1.386s] DEBUG:colcon.colcon_core.package_identification:Package 'src/DynamixelSDK/dynamixel_sdk' with type 'ros.ament_cmake' and name 'dynamixel_sdk'
[1.386s] Level 1:colcon.colcon_core.package_identification:_identify(src/DynamixelSDK/dynamixel_sdk_custom_interfaces) by extensions ['ignore', 'ignore_ament_install']
[1.387s] Level 1:colcon.colcon_core.package_identification:_identify(src/DynamixelSDK/dynamixel_sdk_custom_interfaces) by extension 'ignore'
[1.387s] Level 1:colcon.colcon_core.package_identification:_identify(src/DynamixelSDK/dynamixel_sdk_custom_interfaces) by extension 'ignore_ament_install'
[1.387s] Level 1:colcon.colcon_core.package_identification:_identify(src/DynamixelSDK/dynamixel_sdk_custom_interfaces) by extensions ['colcon_pkg']
[1.387s] Level 1:colcon.colcon_core.package_identification:_identify(src/DynamixelSDK/dynamixel_sdk_custom_interfaces) by extension 'colcon_pkg'
[1.388s] Level 1:colcon.colcon_core.package_identification:_identify(src/DynamixelSDK/dynamixel_sdk_custom_interfaces) by extensions ['colcon_meta']
[1.388s] Level 1:colcon.colcon_core.package_identification:_identify(src/DynamixelSDK/dynamixel_sdk_custom_interfaces) by extension 'colcon_meta'
[1.388s] Level 1:colcon.colcon_core.package_identification:_identify(src/DynamixelSDK/dynamixel_sdk_custom_interfaces) by extensions ['ros']
[1.388s] Level 1:colcon.colcon_core.package_identification:_identify(src/DynamixelSDK/dynamixel_sdk_custom_interfaces) by extension 'ros'
[1.391s] DEBUG:colcon.colcon_core.package_identification:Package 'src/DynamixelSDK/dynamixel_sdk_custom_interfaces' with type 'ros.ament_cmake' and name 'dynamixel_sdk_custom_interfaces'
[1.392s] Level 1:colcon.colcon_core.package_identification:_identify(src/DynamixelSDK/dynamixel_sdk_examples) by extensions ['ignore', 'ignore_ament_install']
[1.392s] Level 1:colcon.colcon_core.package_identification:_identify(src/DynamixelSDK/dynamixel_sdk_examples) by extension 'ignore'
[1.392s] Level 1:colcon.colcon_core.package_identification:_identify(src/DynamixelSDK/dynamixel_sdk_examples) by extension 'ignore_ament_install'
[1.393s] Level 1:colcon.colcon_core.package_identification:_identify(src/DynamixelSDK/dynamixel_sdk_examples) by extensions ['colcon_pkg']
[1.393s] Level 1:colcon.colcon_core.package_identification:_identify(src/DynamixelSDK/dynamixel_sdk_examples) by extension 'colcon_pkg'
[1.393s] Level 1:colcon.colcon_core.package_identification:_identify(src/DynamixelSDK/dynamixel_sdk_examples) by extensions ['colcon_meta']
[1.393s] Level 1:colcon.colcon_core.package_identification:_identify(src/DynamixelSDK/dynamixel_sdk_examples) by extension 'colcon_meta'
[1.393s] Level 1:colcon.colcon_core.package_identification:_identify(src/DynamixelSDK/dynamixel_sdk_examples) by extensions ['ros']
[1.393s] Level 1:colcon.colcon_core.package_identification:_identify(src/DynamixelSDK/dynamixel_sdk_examples) by extension 'ros'
[1.396s] DEBUG:colcon.colcon_core.package_identification:Package 'src/DynamixelSDK/dynamixel_sdk_examples' with type 'ros.ament_cmake' and name 'dynamixel_sdk_examples'
[1.397s] Level 1:colcon.colcon_core.package_identification:_identify(src/dynamixel_keyboard_controller) by extensions ['ignore', 'ignore_ament_install']
[1.398s] Level 1:colcon.colcon_core.package_identification:_identify(src/dynamixel_keyboard_controller) by extension 'ignore'
[1.398s] Level 1:colcon.colcon_core.package_identification:_identify(src/dynamixel_keyboard_controller) by extension 'ignore_ament_install'
[1.398s] Level 1:colcon.colcon_core.package_identification:_identify(src/dynamixel_keyboard_controller) by extensions ['colcon_pkg']
[1.398s] Level 1:colcon.colcon_core.package_identification:_identify(src/dynamixel_keyboard_controller) by extension 'colcon_pkg'
[1.398s] Level 1:colcon.colcon_core.package_identification:_identify(src/dynamixel_keyboard_controller) by extensions ['colcon_meta']
[1.398s] Level 1:colcon.colcon_core.package_identification:_identify(src/dynamixel_keyboard_controller) by extension 'colcon_meta'
[1.399s] Level 1:colcon.colcon_core.package_identification:_identify(src/dynamixel_keyboard_controller) by extensions ['ros']
[1.399s] Level 1:colcon.colcon_core.package_identification:_identify(src/dynamixel_keyboard_controller) by extension 'ros'
[1.402s] DEBUG:colcon.colcon_core.package_identification:Package 'src/dynamixel_keyboard_controller' with type 'ros.ament_python' and name 'dynamixel_keyboard_controller'
[1.403s] Level 1:colcon.colcon_core.package_identification:_identify(src/dynamixel_mpu9250) by extensions ['ignore', 'ignore_ament_install']
[1.403s] Level 1:colcon.colcon_core.package_identification:_identify(src/dynamixel_mpu9250) by extension 'ignore'
[1.404s] Level 1:colcon.colcon_core.package_identification:_identify(src/dynamixel_mpu9250) by extension 'ignore_ament_install'
[1.404s] Level 1:colcon.colcon_core.package_identification:_identify(src/dynamixel_mpu9250) by extensions ['colcon_pkg']
[1.404s] Level 1:colcon.colcon_core.package_identification:_identify(src/dynamixel_mpu9250) by extension 'colcon_pkg'
[1.404s] Level 1:colcon.colcon_core.package_identification:_identify(src/dynamixel_mpu9250) by extensions ['colcon_meta']
[1.405s] Level 1:colcon.colcon_core.package_identification:_identify(src/dynamixel_mpu9250) by extension 'colcon_meta'
[1.405s] Level 1:colcon.colcon_core.package_identification:_identify(src/dynamixel_mpu9250) by extensions ['ros']
[1.405s] Level 1:colcon.colcon_core.package_identification:_identify(src/dynamixel_mpu9250) by extension 'ros'
[1.408s] DEBUG:colcon.colcon_core.package_identification:Package 'src/dynamixel_mpu9250' with type 'ros.ament_python' and name 'dynamixel_mpu9250'
[1.409s] Level 1:colcon.colcon_core.package_identification:_identify(src/locomotion) by extensions ['ignore', 'ignore_ament_install']
[1.410s] Level 1:colcon.colcon_core.package_identification:_identify(src/locomotion) by extension 'ignore'
[1.410s] Level 1:colcon.colcon_core.package_identification:_identify(src/locomotion) by extension 'ignore_ament_install'
[1.411s] Level 1:colcon.colcon_core.package_identification:_identify(src/locomotion) by extensions ['colcon_pkg']
[1.411s] Level 1:colcon.colcon_core.package_identification:_identify(src/locomotion) by extension 'colcon_pkg'
[1.411s] Level 1:colcon.colcon_core.package_identification:_identify(src/locomotion) by extensions ['colcon_meta']
[1.411s] Level 1:colcon.colcon_core.package_identification:_identify(src/locomotion) by extension 'colcon_meta'
[1.411s] Level 1:colcon.colcon_core.package_identification:_identify(src/locomotion) by extensions ['ros']
[1.412s] Level 1:colcon.colcon_core.package_identification:_identify(src/locomotion) by extension 'ros'
[1.415s] DEBUG:colcon.colcon_core.package_identification:Package 'src/locomotion' with type 'ros.ament_python' and name 'locomotion'
[1.416s] Level 1:colcon.colcon_core.package_identification:_identify(src/locomotion_wire) by extensions ['ignore', 'ignore_ament_install']
[1.416s] Level 1:colcon.colcon_core.package_identification:_identify(src/locomotion_wire) by extension 'ignore'
[1.417s] Level 1:colcon.colcon_core.package_identification:_identify(src/locomotion_wire) by extension 'ignore_ament_install'
[1.417s] Level 1:colcon.colcon_core.package_identification:_identify(src/locomotion_wire) by extensions ['colcon_pkg']
[1.417s] Level 1:colcon.colcon_core.package_identification:_identify(src/locomotion_wire) by extension 'colcon_pkg'
[1.418s] Level 1:colcon.colcon_core.package_identification:_identify(src/locomotion_wire) by extensions ['colcon_meta']
[1.418s] Level 1:colcon.colcon_core.package_identification:_identify(src/locomotion_wire) by extension 'colcon_meta'
[1.418s] Level 1:colcon.colcon_core.package_identification:_identify(src/locomotion_wire) by extensions ['ros']
[1.418s] Level 1:colcon.colcon_core.package_identification:_identify(src/locomotion_wire) by extension 'ros'
[1.422s] DEBUG:colcon.colcon_core.package_identification:Package 'src/locomotion_wire' with type 'ros.ament_python' and name 'locomotion_wire'
[1.422s] Level 1:colcon.colcon_core.package_discovery:discover_packages(recursive) using defaults
[1.423s] Level 1:colcon.colcon_core.package_discovery:discover_packages(ignore) discover
[1.423s] Level 1:colcon.colcon_core.package_discovery:discover_packages(ignore) using defaults
[1.423s] Level 1:colcon.colcon_core.package_discovery:discover_packages(path) discover
[1.423s] Level 1:colcon.colcon_core.package_discovery:discover_packages(path) using defaults
[1.552s] Level 1:colcon.colcon_core.package_discovery:discover_packages(prefix_path) check parameters
[1.553s] Level 1:colcon.colcon_core.package_discovery:discover_packages(prefix_path) discover
[1.563s] DEBUG:colcon.colcon_installed_package_information.package_discovery:Found 7 installed packages in /home/sli/slither_ws/install
[1.572s] DEBUG:colcon.colcon_installed_package_information.package_discovery:Found 270 installed packages in /opt/ros/humble
[1.578s] Level 1:colcon.colcon_core.package_discovery:discover_packages(prefix_path) using defaults
[1.743s] Level 5:colcon.colcon_core.verb:set package 'dynamixel_keyboard_controller' build argument 'cmake_args' from command line to 'None'
[1.744s] Level 5:colcon.colcon_core.verb:set package 'dynamixel_keyboard_controller' build argument 'cmake_target' from command line to 'None'
[1.744s] Level 5:colcon.colcon_core.verb:set package 'dynamixel_keyboard_controller' build argument 'cmake_target_skip_unavailable' from command line to 'False'
[1.744s] Level 5:colcon.colcon_core.verb:set package 'dynamixel_keyboard_controller' build argument 'cmake_clean_cache' from command line to 'False'
[1.744s] Level 5:colcon.colcon_core.verb:set package 'dynamixel_keyboard_controller' build argument 'cmake_clean_first' from command line to 'False'
[1.744s] Level 5:colcon.colcon_core.verb:set package 'dynamixel_keyboard_controller' build argument 'cmake_force_configure' from command line to 'False'
[1.744s] Level 5:colcon.colcon_core.verb:set package 'dynamixel_keyboard_controller' build argument 'ament_cmake_args' from command line to 'None'
[1.744s] Level 5:colcon.colcon_core.verb:set package 'dynamixel_keyboard_controller' build argument 'catkin_cmake_args' from command line to 'None'
[1.744s] Level 5:colcon.colcon_core.verb:set package 'dynamixel_keyboard_controller' build argument 'catkin_skip_building_tests' from command line to 'False'
[1.744s] DEBUG:colcon.colcon_core.verb:Building package 'dynamixel_keyboard_controller' with the following arguments: {'ament_cmake_args': None, 'build_base': '/home/sli/slither_ws/build/dynamixel_keyboard_controller', 'catkin_cmake_args': None, 'catkin_skip_building_tests': False, 'cmake_args': None, 'cmake_clean_cache': False, 'cmake_clean_first': False, 'cmake_force_configure': False, 'cmake_target': None, 'cmake_target_skip_unavailable': False, 'install_base': '/home/sli/slither_ws/install/dynamixel_keyboard_controller', 'merge_install': False, 'path': '/home/sli/slither_ws/src/dynamixel_keyboard_controller', 'symlink_install': False, 'test_result_base': None}
[1.746s] Level 5:colcon.colcon_core.verb:set package 'dynamixel_sdk' build argument 'cmake_args' from command line to 'None'
[1.746s] Level 5:colcon.colcon_core.verb:set package 'dynamixel_sdk' build argument 'cmake_target' from command line to 'None'
[1.746s] Level 5:colcon.colcon_core.verb:set package 'dynamixel_sdk' build argument 'cmake_target_skip_unavailable' from command line to 'False'
[1.746s] Level 5:colcon.colcon_core.verb:set package 'dynamixel_sdk' build argument 'cmake_clean_cache' from command line to 'False'
[1.746s] Level 5:colcon.colcon_core.verb:set package 'dynamixel_sdk' build argument 'cmake_clean_first' from command line to 'False'
[1.747s] Level 5:colcon.colcon_core.verb:set package 'dynamixel_sdk' build argument 'cmake_force_configure' from command line to 'False'
[1.747s] Level 5:colcon.colcon_core.verb:set package 'dynamixel_sdk' build argument 'ament_cmake_args' from command line to 'None'
[1.747s] Level 5:colcon.colcon_core.verb:set package 'dynamixel_sdk' build argument 'catkin_cmake_args' from command line to 'None'
[1.747s] Level 5:colcon.colcon_core.verb:set package 'dynamixel_sdk' build argument 'catkin_skip_building_tests' from command line to 'False'
[1.747s] DEBUG:colcon.colcon_core.verb:Building package 'dynamixel_sdk' with the following arguments: {'ament_cmake_args': None, 'build_base': '/home/sli/slither_ws/build/dynamixel_sdk', 'catkin_cmake_args': None, 'catkin_skip_building_tests': False, 'cmake_args': None, 'cmake_clean_cache': False, 'cmake_clean_first': False, 'cmake_force_configure': False, 'cmake_target': None, 'cmake_target_skip_unavailable': False, 'install_base': '/home/sli/slither_ws/install/dynamixel_sdk', 'merge_install': False, 'path': '/home/sli/slither_ws/src/DynamixelSDK/dynamixel_sdk', 'symlink_install': False, 'test_result_base': None}
[1.748s] Level 5:colcon.colcon_core.verb:set package 'dynamixel_sdk_custom_interfaces' build argument 'cmake_args' from command line to 'None'
[1.749s] Level 5:colcon.colcon_core.verb:set package 'dynamixel_sdk_custom_interfaces' build argument 'cmake_target' from command line to 'None'
[1.749s] Level 5:colcon.colcon_core.verb:set package 'dynamixel_sdk_custom_interfaces' build argument 'cmake_target_skip_unavailable' from command line to 'False'
[1.749s] Level 5:colcon.colcon_core.verb:set package 'dynamixel_sdk_custom_interfaces' build argument 'cmake_clean_cache' from command line to 'False'
[1.749s] Level 5:colcon.colcon_core.verb:set package 'dynamixel_sdk_custom_interfaces' build argument 'cmake_clean_first' from command line to 'False'
[1.749s] Level 5:colcon.colcon_core.verb:set package 'dynamixel_sdk_custom_interfaces' build argument 'cmake_force_configure' from command line to 'False'
[1.749s] Level 5:colcon.colcon_core.verb:set package 'dynamixel_sdk_custom_interfaces' build argument 'ament_cmake_args' from command line to 'None'
[1.749s] Level 5:colcon.colcon_core.verb:set package 'dynamixel_sdk_custom_interfaces' build argument 'catkin_cmake_args' from command line to 'None'
[1.749s] Level 5:colcon.colcon_core.verb:set package 'dynamixel_sdk_custom_interfaces' build argument 'catkin_skip_building_tests' from command line to 'False'
[1.749s] DEBUG:colcon.colcon_core.verb:Building package 'dynamixel_sdk_custom_interfaces' with the following arguments: {'ament_cmake_args': None, 'build_base': '/home/sli/slither_ws/build/dynamixel_sdk_custom_interfaces', 'catkin_cmake_args': None, 'catkin_skip_building_tests': False, 'cmake_args': None, 'cmake_clean_cache': False, 'cmake_clean_first': False, 'cmake_force_configure': False, 'cmake_target': None, 'cmake_target_skip_unavailable': False, 'install_base': '/home/sli/slither_ws/install/dynamixel_sdk_custom_interfaces', 'merge_install': False, 'path': '/home/sli/slither_ws/src/DynamixelSDK/dynamixel_sdk_custom_interfaces', 'symlink_install': False, 'test_result_base': None}
[1.751s] Level 5:colcon.colcon_core.verb:set package 'dynamixel_mpu9250' build argument 'cmake_args' from command line to 'None'
[1.751s] Level 5:colcon.colcon_core.verb:set package 'dynamixel_mpu9250' build argument 'cmake_target' from command line to 'None'
[1.751s] Level 5:colcon.colcon_core.verb:set package 'dynamixel_mpu9250' build argument 'cmake_target_skip_unavailable' from command line to 'False'
[1.751s] Level 5:colcon.colcon_core.verb:set package 'dynamixel_mpu9250' build argument 'cmake_clean_cache' from command line to 'False'
[1.751s] Level 5:colcon.colcon_core.verb:set package 'dynamixel_mpu9250' build argument 'cmake_clean_first' from command line to 'False'
[1.751s] Level 5:colcon.colcon_core.verb:set package 'dynamixel_mpu9250' build argument 'cmake_force_configure' from command line to 'False'
[1.751s] Level 5:colcon.colcon_core.verb:set package 'dynamixel_mpu9250' build argument 'ament_cmake_args' from command line to 'None'
[1.752s] Level 5:colcon.colcon_core.verb:set package 'dynamixel_mpu9250' build argument 'catkin_cmake_args' from command line to 'None'
[1.752s] Level 5:colcon.colcon_core.verb:set package 'dynamixel_mpu9250' build argument 'catkin_skip_building_tests' from command line to 'False'
[1.752s] DEBUG:colcon.colcon_core.verb:Building package 'dynamixel_mpu9250' with the following arguments: {'ament_cmake_args': None, 'build_base': '/home/sli/slither_ws/build/dynamixel_mpu9250', 'catkin_cmake_args': None, 'catkin_skip_building_tests': False, 'cmake_args': None, 'cmake_clean_cache': False, 'cmake_clean_first': False, 'cmake_force_configure': False, 'cmake_target': None, 'cmake_target_skip_unavailable': False, 'install_base': '/home/sli/slither_ws/install/dynamixel_mpu9250', 'merge_install': False, 'path': '/home/sli/slither_ws/src/dynamixel_mpu9250', 'symlink_install': False, 'test_result_base': None}
[1.753s] Level 5:colcon.colcon_core.verb:set package 'dynamixel_sdk_examples' build argument 'cmake_args' from command line to 'None'
[1.753s] Level 5:colcon.colcon_core.verb:set package 'dynamixel_sdk_examples' build argument 'cmake_target' from command line to 'None'
[1.754s] Level 5:colcon.colcon_core.verb:set package 'dynamixel_sdk_examples' build argument 'cmake_target_skip_unavailable' from command line to 'False'
[1.754s] Level 5:colcon.colcon_core.verb:set package 'dynamixel_sdk_examples' build argument 'cmake_clean_cache' from command line to 'False'
[1.754s] Level 5:colcon.colcon_core.verb:set package 'dynamixel_sdk_examples' build argument 'cmake_clean_first' from command line to 'False'
[1.754s] Level 5:colcon.colcon_core.verb:set package 'dynamixel_sdk_examples' build argument 'cmake_force_configure' from command line to 'False'
[1.754s] Level 5:colcon.colcon_core.verb:set package 'dynamixel_sdk_examples' build argument 'ament_cmake_args' from command line to 'None'
[1.754s] Level 5:colcon.colcon_core.verb:set package 'dynamixel_sdk_examples' build argument 'catkin_cmake_args' from command line to 'None'
[1.754s] Level 5:colcon.colcon_core.verb:set package 'dynamixel_sdk_examples' build argument 'catkin_skip_building_tests' from command line to 'False'
[1.754s] DEBUG:colcon.colcon_core.verb:Building package 'dynamixel_sdk_examples' with the following arguments: {'ament_cmake_args': None, 'build_base': '/home/sli/slither_ws/build/dynamixel_sdk_examples', 'catkin_cmake_args': None, 'catkin_skip_building_tests': False, 'cmake_args': None, 'cmake_clean_cache': False, 'cmake_clean_first': False, 'cmake_force_configure': False, 'cmake_target': None, 'cmake_target_skip_unavailable': False, 'install_base': '/home/sli/slither_ws/install/dynamixel_sdk_examples', 'merge_install': False, 'path': '/home/sli/slither_ws/src/DynamixelSDK/dynamixel_sdk_examples', 'symlink_install': False, 'test_result_base': None}
[1.756s] Level 5:colcon.colcon_core.verb:set package 'locomotion' build argument 'cmake_args' from command line to 'None'
[1.756s] Level 5:colcon.colcon_core.verb:set package 'locomotion' build argument 'cmake_target' from command line to 'None'
[1.756s] Level 5:colcon.colcon_core.verb:set package 'locomotion' build argument 'cmake_target_skip_unavailable' from command line to 'False'
[1.756s] Level 5:colcon.colcon_core.verb:set package 'locomotion' build argument 'cmake_clean_cache' from command line to 'False'
[1.756s] Level 5:colcon.colcon_core.verb:set package 'locomotion' build argument 'cmake_clean_first' from command line to 'False'
[1.756s] Level 5:colcon.colcon_core.verb:set package 'locomotion' build argument 'cmake_force_configure' from command line to 'False'
[1.756s] Level 5:colcon.colcon_core.verb:set package 'locomotion' build argument 'ament_cmake_args' from command line to 'None'
[1.756s] Level 5:colcon.colcon_core.verb:set package 'locomotion' build argument 'catkin_cmake_args' from command line to 'None'
[1.756s] Level 5:colcon.colcon_core.verb:set package 'locomotion' build argument 'catkin_skip_building_tests' from command line to 'False'
[1.757s] DEBUG:colcon.colcon_core.verb:Building package 'locomotion' with the following arguments: {'ament_cmake_args': None, 'build_base': '/home/sli/slither_ws/build/locomotion', 'catkin_cmake_args': None, 'catkin_skip_building_tests': False, 'cmake_args': None, 'cmake_clean_cache': False, 'cmake_clean_first': False, 'cmake_force_configure': False, 'cmake_target': None, 'cmake_target_skip_unavailable': False, 'install_base': '/home/sli/slither_ws/install/locomotion', 'merge_install': False, 'path': '/home/sli/slither_ws/src/locomotion', 'symlink_install': False, 'test_result_base': None}
[1.758s] Level 5:colcon.colcon_core.verb:set package 'locomotion_wire' build argument 'cmake_args' from command line to 'None'
[1.758s] Level 5:colcon.colcon_core.verb:set package 'locomotion_wire' build argument 'cmake_target' from command line to 'None'
[1.758s] Level 5:colcon.colcon_core.verb:set package 'locomotion_wire' build argument 'cmake_target_skip_unavailable' from command line to 'False'
[1.758s] Level 5:colcon.colcon_core.verb:set package 'locomotion_wire' build argument 'cmake_clean_cache' from command line to 'False'
[1.759s] Level 5:colcon.colcon_core.verb:set package 'locomotion_wire' build argument 'cmake_clean_first' from command line to 'False'
[1.759s] Level 5:colcon.colcon_core.verb:set package 'locomotion_wire' build argument 'cmake_force_configure' from command line to 'False'
[1.759s] Level 5:colcon.colcon_core.verb:set package 'locomotion_wire' build argument 'ament_cmake_args' from command line to 'None'
[1.759s] Level 5:colcon.colcon_core.verb:set package 'locomotion_wire' build argument 'catkin_cmake_args' from command line to 'None'
[1.759s] Level 5:colcon.colcon_core.verb:set package 'locomotion_wire' build argument 'catkin_skip_building_tests' from command line to 'False'
[1.759s] DEBUG:colcon.colcon_core.verb:Building package 'locomotion_wire' with the following arguments: {'ament_cmake_args': None, 'build_base': '/home/sli/slither_ws/build/locomotion_wire', 'catkin_cmake_args': None, 'catkin_skip_building_tests': False, 'cmake_args': None, 'cmake_clean_cache': False, 'cmake_clean_first': False, 'cmake_force_configure': False, 'cmake_target': None, 'cmake_target_skip_unavailable': False, 'install_base': '/home/sli/slither_ws/install/locomotion_wire', 'merge_install': False, 'path': '/home/sli/slither_ws/src/locomotion_wire', 'symlink_install': False, 'test_result_base': None}
[1.760s] INFO:colcon.colcon_core.executor:Executing jobs using 'parallel' executor
[1.763s] DEBUG:colcon.colcon_parallel_executor.executor.parallel:run_until_complete
[1.764s] INFO:colcon.colcon_ros.task.ament_cmake.build:Building ROS package in '/home/sli/slither_ws/src/DynamixelSDK/dynamixel_sdk' with build type 'ament_cmake'
[1.765s] INFO:colcon.colcon_cmake.task.cmake.build:Building CMake package in '/home/sli/slither_ws/src/DynamixelSDK/dynamixel_sdk'
[1.775s] INFO:colcon.colcon_core.plugin_system:Skipping extension 'colcon_core.shell.bat': Not used on non-Windows systems
[1.776s] INFO:colcon.colcon_core.shell:Skip shell extension 'powershell' for command environment: Not usable outside of PowerShell
[1.776s] DEBUG:colcon.colcon_core.shell:Skip shell extension 'dsv' for command environment
[1.798s] INFO:colcon.colcon_ros.task.ament_cmake.build:Building ROS package in '/home/sli/slither_ws/src/DynamixelSDK/dynamixel_sdk_custom_interfaces' with build type 'ament_cmake'
[1.799s] INFO:colcon.colcon_cmake.task.cmake.build:Building CMake package in '/home/sli/slither_ws/src/DynamixelSDK/dynamixel_sdk_custom_interfaces'
[1.800s] INFO:colcon.colcon_core.shell:Skip shell extension 'powershell' for command environment: Not usable outside of PowerShell
[1.801s] DEBUG:colcon.colcon_core.shell:Skip shell extension 'dsv' for command environment
[1.823s] INFO:colcon.colcon_ros.task.ament_python.build:Building ROS package in '/home/sli/slither_ws/src/dynamixel_keyboard_controller' with build type 'ament_python'
[1.824s] Level 1:colcon.colcon_core.shell:create_environment_hook('dynamixel_keyboard_controller', 'ament_prefix_path')
[1.826s] INFO:colcon.colcon_core.shell:Creating environment hook '/home/sli/slither_ws/install/dynamixel_keyboard_controller/share/dynamixel_keyboard_controller/hook/ament_prefix_path.ps1'
[1.829s] INFO:colcon.colcon_core.shell:Creating environment descriptor '/home/sli/slither_ws/install/dynamixel_keyboard_controller/share/dynamixel_keyboard_controller/hook/ament_prefix_path.dsv'
[1.832s] INFO:colcon.colcon_core.shell:Creating environment hook '/home/sli/slither_ws/install/dynamixel_keyboard_controller/share/dynamixel_keyboard_controller/hook/ament_prefix_path.sh'
[1.838s] INFO:colcon.colcon_core.shell:Skip shell extension 'powershell' for command environment: Not usable outside of PowerShell
[1.839s] DEBUG:colcon.colcon_core.shell:Skip shell extension 'dsv' for command environment
[1.880s] DEBUG:colcon.colcon_core.event_handler.log_command:Invoking command in '/home/sli/slither_ws/build/dynamixel_sdk': CMAKE_PREFIX_PATH=${CMAKE_PREFIX_PATH}:/home/sli/slither_ws/install/locomotion_wire:/home/sli/slither_ws/install/locomotion:/home/sli/slither_ws/install/dynamixel_mpu9250:/home/sli/slither_ws/install/dynamixel_keyboard_controller:/opt/ros/humble /usr/bin/cmake --build /home/sli/slither_ws/build/dynamixel_sdk -- -j4 -l4
[1.911s] DEBUG:colcon.colcon_core.event_handler.log_command:Invoking command in '/home/sli/slither_ws/build/dynamixel_sdk_custom_interfaces': CMAKE_PREFIX_PATH=${CMAKE_PREFIX_PATH}:/home/sli/slither_ws/install/locomotion_wire:/home/sli/slither_ws/install/locomotion:/home/sli/slither_ws/install/dynamixel_mpu9250:/home/sli/slither_ws/install/dynamixel_keyboard_controller:/opt/ros/humble /usr/bin/cmake --build /home/sli/slither_ws/build/dynamixel_sdk_custom_interfaces -- -j4 -l4
[3.741s] INFO:colcon.colcon_core.task.python.build:Building Python package in '/home/sli/slither_ws/src/dynamixel_keyboard_controller'
[3.742s] INFO:colcon.colcon_core.shell:Skip shell extension 'powershell' for command environment: Not usable outside of PowerShell
[3.743s] DEBUG:colcon.colcon_core.shell:Skip shell extension 'dsv' for command environment
[3.767s] DEBUG:colcon.colcon_core.event_handler.log_command:Invoked command in '/home/sli/slither_ws/build/dynamixel_sdk' returned '0': CMAKE_PREFIX_PATH=${CMAKE_PREFIX_PATH}:/home/sli/slither_ws/install/locomotion_wire:/home/sli/slither_ws/install/locomotion:/home/sli/slither_ws/install/dynamixel_mpu9250:/home/sli/slither_ws/install/dynamixel_keyboard_controller:/opt/ros/humble /usr/bin/cmake --build /home/sli/slither_ws/build/dynamixel_sdk -- -j4 -l4
[4.196s] DEBUG:colcon.colcon_core.event_handler.log_command:Invoking command in '/home/sli/slither_ws/build/dynamixel_sdk': CMAKE_PREFIX_PATH=${CMAKE_PREFIX_PATH}:/home/sli/slither_ws/install/locomotion_wire:/home/sli/slither_ws/install/locomotion:/home/sli/slither_ws/install/dynamixel_mpu9250:/home/sli/slither_ws/install/dynamixel_keyboard_controller:/opt/ros/humble /usr/bin/cmake --install /home/sli/slither_ws/build/dynamixel_sdk
[4.278s] Level 1:colcon.colcon_core.environment:create_environment_scripts_only(dynamixel_sdk)
[4.296s] DEBUG:colcon.colcon_core.event_handler.log_command:Invoked command in '/home/sli/slither_ws/build/dynamixel_sdk' returned '0': CMAKE_PREFIX_PATH=${CMAKE_PREFIX_PATH}:/home/sli/slither_ws/install/locomotion_wire:/home/sli/slither_ws/install/locomotion:/home/sli/slither_ws/install/dynamixel_mpu9250:/home/sli/slither_ws/install/dynamixel_keyboard_controller:/opt/ros/humble /usr/bin/cmake --install /home/sli/slither_ws/build/dynamixel_sdk
[4.308s] Level 1:colcon.colcon_core.environment:checking '/home/sli/slither_ws/install/dynamixel_sdk' for CMake module files
[4.312s] Level 1:colcon.colcon_core.environment:checking '/home/sli/slither_ws/install/dynamixel_sdk' for CMake config files
[4.313s] Level 1:colcon.colcon_core.shell:create_environment_hook('dynamixel_sdk', 'cmake_prefix_path')
[4.315s] INFO:colcon.colcon_core.shell:Creating environment hook '/home/sli/slither_ws/install/dynamixel_sdk/share/dynamixel_sdk/hook/cmake_prefix_path.ps1'
[4.319s] INFO:colcon.colcon_core.shell:Creating environment descriptor '/home/sli/slither_ws/install/dynamixel_sdk/share/dynamixel_sdk/hook/cmake_prefix_path.dsv'
[4.321s] INFO:colcon.colcon_core.shell:Creating environment hook '/home/sli/slither_ws/install/dynamixel_sdk/share/dynamixel_sdk/hook/cmake_prefix_path.sh'
[4.325s] Level 1:colcon.colcon_core.environment:checking '/home/sli/slither_ws/install/dynamixel_sdk/lib'
[4.327s] Level 1:colcon.colcon_core.shell:create_environment_hook('dynamixel_sdk', 'ld_library_path_lib')
[4.328s] INFO:colcon.colcon_core.shell:Creating environment hook '/home/sli/slither_ws/install/dynamixel_sdk/share/dynamixel_sdk/hook/ld_library_path_lib.ps1'
[4.330s] INFO:colcon.colcon_core.shell:Creating environment descriptor '/home/sli/slither_ws/install/dynamixel_sdk/share/dynamixel_sdk/hook/ld_library_path_lib.dsv'
[4.333s] INFO:colcon.colcon_core.shell:Creating environment hook '/home/sli/slither_ws/install/dynamixel_sdk/share/dynamixel_sdk/hook/ld_library_path_lib.sh'
[4.335s] Level 1:colcon.colcon_core.environment:checking '/home/sli/slither_ws/install/dynamixel_sdk/bin'
[4.336s] Level 1:colcon.colcon_core.environment:checking '/home/sli/slither_ws/install/dynamixel_sdk/lib/pkgconfig/dynamixel_sdk.pc'
[4.337s] Level 1:colcon.colcon_core.environment:checking '/home/sli/slither_ws/install/dynamixel_sdk/lib/python3.10/site-packages'
[4.339s] Level 1:colcon.colcon_core.environment:checking '/home/sli/slither_ws/install/dynamixel_sdk/bin'
[4.340s] INFO:colcon.colcon_core.shell:Creating package script '/home/sli/slither_ws/install/dynamixel_sdk/share/dynamixel_sdk/package.ps1'
[4.344s] INFO:colcon.colcon_core.shell:Creating package descriptor '/home/sli/slither_ws/install/dynamixel_sdk/share/dynamixel_sdk/package.dsv'
[4.347s] INFO:colcon.colcon_core.shell:Creating package script '/home/sli/slither_ws/install/dynamixel_sdk/share/dynamixel_sdk/package.sh'
[4.353s] INFO:colcon.colcon_core.shell:Creating package script '/home/sli/slither_ws/install/dynamixel_sdk/share/dynamixel_sdk/package.bash'
[4.357s] INFO:colcon.colcon_core.shell:Creating package script '/home/sli/slither_ws/install/dynamixel_sdk/share/dynamixel_sdk/package.zsh'
[4.360s] Level 1:colcon.colcon_core.environment:create_file_with_runtime_dependencies(/home/sli/slither_ws/install/dynamixel_sdk/share/colcon-core/packages/dynamixel_sdk)
[4.369s] DEBUG:colcon.colcon_core.event_handler.log_command:Invoked command in '/home/sli/slither_ws/build/dynamixel_sdk_custom_interfaces' returned '0': CMAKE_PREFIX_PATH=${CMAKE_PREFIX_PATH}:/home/sli/slither_ws/install/locomotion_wire:/home/sli/slither_ws/install/locomotion:/home/sli/slither_ws/install/dynamixel_mpu9250:/home/sli/slither_ws/install/dynamixel_keyboard_controller:/opt/ros/humble /usr/bin/cmake --build /home/sli/slither_ws/build/dynamixel_sdk_custom_interfaces -- -j4 -l4
[4.671s] Level 1:colcon.colcon_core.environment:create_environment_scripts_only(dynamixel_sdk)
[4.672s] Level 1:colcon.colcon_core.environment:checking '/home/sli/slither_ws/install/dynamixel_sdk' for CMake module files
[4.675s] Level 1:colcon.colcon_core.environment:checking '/home/sli/slither_ws/install/dynamixel_sdk' for CMake config files
[4.676s] Level 1:colcon.colcon_core.shell:create_environment_hook('dynamixel_sdk', 'cmake_prefix_path')
[4.677s] INFO:colcon.colcon_core.shell:Creating environment hook '/home/sli/slither_ws/install/dynamixel_sdk/share/dynamixel_sdk/hook/cmake_prefix_path.ps1'
[4.680s] INFO:colcon.colcon_core.shell:Creating environment descriptor '/home/sli/slither_ws/install/dynamixel_sdk/share/dynamixel_sdk/hook/cmake_prefix_path.dsv'
[4.682s] INFO:colcon.colcon_core.shell:Creating environment hook '/home/sli/slither_ws/install/dynamixel_sdk/share/dynamixel_sdk/hook/cmake_prefix_path.sh'
[4.685s] Level 1:colcon.colcon_core.environment:checking '/home/sli/slither_ws/install/dynamixel_sdk/lib'
[4.686s] Level 1:colcon.colcon_core.shell:create_environment_hook('dynamixel_sdk', 'ld_library_path_lib')
[4.687s] INFO:colcon.colcon_core.shell:Creating environment hook '/home/sli/slither_ws/install/dynamixel_sdk/share/dynamixel_sdk/hook/ld_library_path_lib.ps1'
[4.690s] INFO:colcon.colcon_core.shell:Creating environment descriptor '/home/sli/slither_ws/install/dynamixel_sdk/share/dynamixel_sdk/hook/ld_library_path_lib.dsv'
[4.692s] INFO:colcon.colcon_core.shell:Creating environment hook '/home/sli/slither_ws/install/dynamixel_sdk/share/dynamixel_sdk/hook/ld_library_path_lib.sh'
[4.694s] Level 1:colcon.colcon_core.environment:checking '/home/sli/slither_ws/install/dynamixel_sdk/bin'
[4.695s] Level 1:colcon.colcon_core.environment:checking '/home/sli/slither_ws/install/dynamixel_sdk/lib/pkgconfig/dynamixel_sdk.pc'
[4.696s] Level 1:colcon.colcon_core.environment:checking '/home/sli/slither_ws/install/dynamixel_sdk/lib/python3.10/site-packages'
[4.698s] Level 1:colcon.colcon_core.environment:checking '/home/sli/slither_ws/install/dynamixel_sdk/bin'
[4.699s] INFO:colcon.colcon_core.shell:Creating package script '/home/sli/slither_ws/install/dynamixel_sdk/share/dynamixel_sdk/package.ps1'
[4.702s] INFO:colcon.colcon_core.shell:Creating package descriptor '/home/sli/slither_ws/install/dynamixel_sdk/share/dynamixel_sdk/package.dsv'
[4.706s] INFO:colcon.colcon_core.shell:Creating package script '/home/sli/slither_ws/install/dynamixel_sdk/share/dynamixel_sdk/package.sh'
[4.709s] INFO:colcon.colcon_core.shell:Creating package script '/home/sli/slither_ws/install/dynamixel_sdk/share/dynamixel_sdk/package.bash'
[4.711s] INFO:colcon.colcon_core.shell:Creating package script '/home/sli/slither_ws/install/dynamixel_sdk/share/dynamixel_sdk/package.zsh'
[4.714s] Level 1:colcon.colcon_core.environment:create_file_with_runtime_dependencies(/home/sli/slither_ws/install/dynamixel_sdk/share/colcon-core/packages/dynamixel_sdk)
[4.719s] INFO:colcon.colcon_ros.task.ament_python.build:Building ROS package in '/home/sli/slither_ws/src/dynamixel_mpu9250' with build type 'ament_python'
[4.720s] Level 1:colcon.colcon_core.shell:create_environment_hook('dynamixel_mpu9250', 'ament_prefix_path')
[4.721s] INFO:colcon.colcon_core.shell:Creating environment hook '/home/sli/slither_ws/install/dynamixel_mpu9250/share/dynamixel_mpu9250/hook/ament_prefix_path.ps1'
[4.724s] INFO:colcon.colcon_core.shell:Creating environment descriptor '/home/sli/slither_ws/install/dynamixel_mpu9250/share/dynamixel_mpu9250/hook/ament_prefix_path.dsv'
[4.726s] INFO:colcon.colcon_core.shell:Creating environment hook '/home/sli/slither_ws/install/dynamixel_mpu9250/share/dynamixel_mpu9250/hook/ament_prefix_path.sh'
[4.729s] INFO:colcon.colcon_core.shell:Skip shell extension 'powershell' for command environment: Not usable outside of PowerShell
[4.730s] DEBUG:colcon.colcon_core.shell:Skip shell extension 'dsv' for command environment
[6.450s] INFO:colcon.colcon_core.task.python.build:Building Python package in '/home/sli/slither_ws/src/dynamixel_mpu9250'
[6.451s] INFO:colcon.colcon_core.shell:Skip shell extension 'powershell' for command environment: Not usable outside of PowerShell
[6.451s] DEBUG:colcon.colcon_core.shell:Skip shell extension 'dsv' for command environment
[6.484s] DEBUG:colcon.colcon_core.event_handler.log_command:Invoking command in '/home/sli/slither_ws/build/dynamixel_sdk_custom_interfaces': CMAKE_PREFIX_PATH=${CMAKE_PREFIX_PATH}:/home/sli/slither_ws/install/locomotion_wire:/home/sli/slither_ws/install/locomotion:/home/sli/slither_ws/install/dynamixel_mpu9250:/home/sli/slither_ws/install/dynamixel_keyboard_controller:/opt/ros/humble /usr/bin/cmake --install /home/sli/slither_ws/build/dynamixel_sdk_custom_interfaces
[6.497s] DEBUG:colcon.colcon_core.event_handler.log_command:Invoking command in '/home/sli/slither_ws/src/dynamixel_keyboard_controller': PYTHONPATH=/home/sli/slither_ws/build/dynamixel_keyboard_controller/prefix_override:/usr/lib/python3/dist-packages/colcon_core/task/python/colcon_distutils_commands:/home/sli/slither_ws/install/dynamixel_keyboard_controller/lib/python3.10/site-packages:${PYTHONPATH} /usr/bin/python3 -W ignore:setup.py install is deprecated setup.py egg_info --egg-base ../../build/dynamixel_keyboard_controller build --build-base /home/sli/slither_ws/build/dynamixel_keyboard_controller/build install --record /home/sli/slither_ws/build/dynamixel_keyboard_controller/install.log --single-version-externally-managed install_data
[6.929s] Level 1:colcon.colcon_core.environment:create_environment_scripts_only(dynamixel_sdk_custom_interfaces)
[6.931s] Level 1:colcon.colcon_core.environment:checking '/home/sli/slither_ws/install/dynamixel_sdk_custom_interfaces' for CMake module files
[6.937s] Level 1:colcon.colcon_core.environment:checking '/home/sli/slither_ws/install/dynamixel_sdk_custom_interfaces' for CMake config files
[6.940s] DEBUG:colcon.colcon_core.event_handler.log_command:Invoked command in '/home/sli/slither_ws/build/dynamixel_sdk_custom_interfaces' returned '0': CMAKE_PREFIX_PATH=${CMAKE_PREFIX_PATH}:/home/sli/slither_ws/install/locomotion_wire:/home/sli/slither_ws/install/locomotion:/home/sli/slither_ws/install/dynamixel_mpu9250:/home/sli/slither_ws/install/dynamixel_keyboard_controller:/opt/ros/humble /usr/bin/cmake --install /home/sli/slither_ws/build/dynamixel_sdk_custom_interfaces
[6.944s] Level 1:colcon.colcon_core.shell:create_environment_hook('dynamixel_sdk_custom_interfaces', 'cmake_prefix_path')
[6.945s] INFO:colcon.colcon_core.shell:Creating environment hook '/home/sli/slither_ws/install/dynamixel_sdk_custom_interfaces/share/dynamixel_sdk_custom_interfaces/hook/cmake_prefix_path.ps1'
[6.948s] INFO:colcon.colcon_core.shell:Creating environment descriptor '/home/sli/slither_ws/install/dynamixel_sdk_custom_interfaces/share/dynamixel_sdk_custom_interfaces/hook/cmake_prefix_path.dsv'
[6.951s] INFO:colcon.colcon_core.shell:Creating environment hook '/home/sli/slither_ws/install/dynamixel_sdk_custom_interfaces/share/dynamixel_sdk_custom_interfaces/hook/cmake_prefix_path.sh'
[6.956s] Level 1:colcon.colcon_core.environment:checking '/home/sli/slither_ws/install/dynamixel_sdk_custom_interfaces/lib'
[6.957s] Level 1:colcon.colcon_core.shell:create_environment_hook('dynamixel_sdk_custom_interfaces', 'ld_library_path_lib')
[6.958s] INFO:colcon.colcon_core.shell:Creating environment hook '/home/sli/slither_ws/install/dynamixel_sdk_custom_interfaces/share/dynamixel_sdk_custom_interfaces/hook/ld_library_path_lib.ps1'
[6.961s] INFO:colcon.colcon_core.shell:Creating environment descriptor '/home/sli/slither_ws/install/dynamixel_sdk_custom_interfaces/share/dynamixel_sdk_custom_interfaces/hook/ld_library_path_lib.dsv'
[6.964s] INFO:colcon.colcon_core.shell:Creating environment hook '/home/sli/slither_ws/install/dynamixel_sdk_custom_interfaces/share/dynamixel_sdk_custom_interfaces/hook/ld_library_path_lib.sh'
[6.968s] Level 1:colcon.colcon_core.environment:checking '/home/sli/slither_ws/install/dynamixel_sdk_custom_interfaces/bin'
[6.969s] Level 1:colcon.colcon_core.environment:checking '/home/sli/slither_ws/install/dynamixel_sdk_custom_interfaces/lib/pkgconfig/dynamixel_sdk_custom_interfaces.pc'
[6.971s] Level 1:colcon.colcon_core.environment:checking '/home/sli/slither_ws/install/dynamixel_sdk_custom_interfaces/lib/python3.10/site-packages'
[6.972s] Level 1:colcon.colcon_core.environment:checking '/home/sli/slither_ws/install/dynamixel_sdk_custom_interfaces/bin'
[6.974s] INFO:colcon.colcon_core.shell:Creating package script '/home/sli/slither_ws/install/dynamixel_sdk_custom_interfaces/share/dynamixel_sdk_custom_interfaces/package.ps1'
[6.977s] INFO:colcon.colcon_core.shell:Creating package descriptor '/home/sli/slither_ws/install/dynamixel_sdk_custom_interfaces/share/dynamixel_sdk_custom_interfaces/package.dsv'
[6.980s] INFO:colcon.colcon_core.shell:Creating package script '/home/sli/slither_ws/install/dynamixel_sdk_custom_interfaces/share/dynamixel_sdk_custom_interfaces/package.sh'
[6.983s] INFO:colcon.colcon_core.shell:Creating package script '/home/sli/slither_ws/install/dynamixel_sdk_custom_interfaces/share/dynamixel_sdk_custom_interfaces/package.bash'
[6.986s] INFO:colcon.colcon_core.shell:Creating package script '/home/sli/slither_ws/install/dynamixel_sdk_custom_interfaces/share/dynamixel_sdk_custom_interfaces/package.zsh'
[6.989s] Level 1:colcon.colcon_core.environment:create_file_with_runtime_dependencies(/home/sli/slither_ws/install/dynamixel_sdk_custom_interfaces/share/colcon-core/packages/dynamixel_sdk_custom_interfaces)
[7.602s] Level 1:colcon.colcon_core.environment:create_environment_scripts_only(dynamixel_sdk_custom_interfaces)
[7.603s] Level 1:colcon.colcon_core.environment:checking '/home/sli/slither_ws/install/dynamixel_sdk_custom_interfaces' for CMake module files
[7.608s] Level 1:colcon.colcon_core.environment:checking '/home/sli/slither_ws/install/dynamixel_sdk_custom_interfaces' for CMake config files
[7.611s] Level 1:colcon.colcon_core.shell:create_environment_hook('dynamixel_sdk_custom_interfaces', 'cmake_prefix_path')
[7.612s] INFO:colcon.colcon_core.shell:Creating environment hook '/home/sli/slither_ws/install/dynamixel_sdk_custom_interfaces/share/dynamixel_sdk_custom_interfaces/hook/cmake_prefix_path.ps1'
[7.615s] INFO:colcon.colcon_core.shell:Creating environment descriptor '/home/sli/slither_ws/install/dynamixel_sdk_custom_interfaces/share/dynamixel_sdk_custom_interfaces/hook/cmake_prefix_path.dsv'
[7.618s] INFO:colcon.colcon_core.shell:Creating environment hook '/home/sli/slither_ws/install/dynamixel_sdk_custom_interfaces/share/dynamixel_sdk_custom_interfaces/hook/cmake_prefix_path.sh'
[7.621s] Level 1:colcon.colcon_core.environment:checking '/home/sli/slither_ws/install/dynamixel_sdk_custom_interfaces/lib'
[7.621s] Level 1:colcon.colcon_core.shell:create_environment_hook('dynamixel_sdk_custom_interfaces', 'ld_library_path_lib')
[7.622s] INFO:colcon.colcon_core.shell:Creating environment hook '/home/sli/slither_ws/install/dynamixel_sdk_custom_interfaces/share/dynamixel_sdk_custom_interfaces/hook/ld_library_path_lib.ps1'
[7.627s] INFO:colcon.colcon_core.shell:Creating environment descriptor '/home/sli/slither_ws/install/dynamixel_sdk_custom_interfaces/share/dynamixel_sdk_custom_interfaces/hook/ld_library_path_lib.dsv'
[7.629s] INFO:colcon.colcon_core.shell:Creating environment hook '/home/sli/slither_ws/install/dynamixel_sdk_custom_interfaces/share/dynamixel_sdk_custom_interfaces/hook/ld_library_path_lib.sh'
[7.632s] Level 1:colcon.colcon_core.environment:checking '/home/sli/slither_ws/install/dynamixel_sdk_custom_interfaces/bin'
[7.632s] Level 1:colcon.colcon_core.environment:checking '/home/sli/slither_ws/install/dynamixel_sdk_custom_interfaces/lib/pkgconfig/dynamixel_sdk_custom_interfaces.pc'
[7.634s] Level 1:colcon.colcon_core.environment:checking '/home/sli/slither_ws/install/dynamixel_sdk_custom_interfaces/lib/python3.10/site-packages'
[7.635s] Level 1:colcon.colcon_core.environment:checking '/home/sli/slither_ws/install/dynamixel_sdk_custom_interfaces/bin'
[7.636s] INFO:colcon.colcon_core.shell:Creating package script '/home/sli/slither_ws/install/dynamixel_sdk_custom_interfaces/share/dynamixel_sdk_custom_interfaces/package.ps1'
[7.647s] INFO:colcon.colcon_core.shell:Creating package descriptor '/home/sli/slither_ws/install/dynamixel_sdk_custom_interfaces/share/dynamixel_sdk_custom_interfaces/package.dsv'
[7.654s] INFO:colcon.colcon_core.shell:Creating package script '/home/sli/slither_ws/install/dynamixel_sdk_custom_interfaces/share/dynamixel_sdk_custom_interfaces/package.sh'
[7.657s] INFO:colcon.colcon_core.shell:Creating package script '/home/sli/slither_ws/install/dynamixel_sdk_custom_interfaces/share/dynamixel_sdk_custom_interfaces/package.bash'
[7.659s] INFO:colcon.colcon_core.shell:Creating package script '/home/sli/slither_ws/install/dynamixel_sdk_custom_interfaces/share/dynamixel_sdk_custom_interfaces/package.zsh'
[7.663s] Level 1:colcon.colcon_core.environment:create_file_with_runtime_dependencies(/home/sli/slither_ws/install/dynamixel_sdk_custom_interfaces/share/colcon-core/packages/dynamixel_sdk_custom_interfaces)
[7.668s] INFO:colcon.colcon_ros.task.ament_cmake.build:Building ROS package in '/home/sli/slither_ws/src/DynamixelSDK/dynamixel_sdk_examples' with build type 'ament_cmake'
[7.669s] INFO:colcon.colcon_cmake.task.cmake.build:Building CMake package in '/home/sli/slither_ws/src/DynamixelSDK/dynamixel_sdk_examples'
[7.670s] INFO:colcon.colcon_core.shell:Skip shell extension 'powershell' for command environment: Not usable outside of PowerShell
[7.672s] DEBUG:colcon.colcon_core.shell:Skip shell extension 'dsv' for command environment
[7.709s] INFO:colcon.colcon_ros.task.ament_python.build:Building ROS package in '/home/sli/slither_ws/src/locomotion' with build type 'ament_python'
[7.709s] Level 1:colcon.colcon_core.shell:create_environment_hook('locomotion', 'ament_prefix_path')
[7.711s] INFO:colcon.colcon_core.shell:Creating environment hook '/home/sli/slither_ws/install/locomotion/share/locomotion/hook/ament_prefix_path.ps1'
[7.714s] INFO:colcon.colcon_core.shell:Creating environment descriptor '/home/sli/slither_ws/install/locomotion/share/locomotion/hook/ament_prefix_path.dsv'
[7.717s] INFO:colcon.colcon_core.shell:Creating environment hook '/home/sli/slither_ws/install/locomotion/share/locomotion/hook/ament_prefix_path.sh'
[7.721s] INFO:colcon.colcon_core.shell:Skip shell extension 'powershell' for command environment: Not usable outside of PowerShell
[7.721s] DEBUG:colcon.colcon_core.shell:Skip shell extension 'dsv' for command environment
[7.782s] DEBUG:colcon.colcon_core.event_handler.log_command:Invoking command in '/home/sli/slither_ws/build/dynamixel_sdk_examples': CMAKE_PREFIX_PATH=/home/sli/slither_ws/install/dynamixel_sdk_custom_interfaces:/home/sli/slither_ws/install/dynamixel_sdk:/home/sli/slither_ws/install/dynamixel_sdk_examples:/home/sli/slither_ws/install/locomotion_wire:/home/sli/slither_ws/install/locomotion:/home/sli/slither_ws/install/dynamixel_mpu9250:/home/sli/slither_ws/install/dynamixel_keyboard_controller:/opt/ros/humble /usr/bin/cmake --build /home/sli/slither_ws/build/dynamixel_sdk_examples -- -j4 -l4
[9.462s] INFO:colcon.colcon_core.task.python.build:Building Python package in '/home/sli/slither_ws/src/locomotion'
[9.463s] INFO:colcon.colcon_core.shell:Skip shell extension 'powershell' for command environment: Not usable outside of PowerShell
[9.464s] DEBUG:colcon.colcon_core.shell:Skip shell extension 'dsv' for command environment
[9.503s] Level 1:colcon.colcon_core.environment:checking '/home/sli/slither_ws/install/dynamixel_keyboard_controller' for CMake module files
[9.508s] DEBUG:colcon.colcon_core.event_handler.log_command:Invoking command in '/home/sli/slither_ws/src/dynamixel_mpu9250': CMAKE_PREFIX_PATH=/home/sli/slither_ws/install/dynamixel_sdk:/home/sli/slither_ws/install/dynamixel_sdk_examples:/home/sli/slither_ws/install/dynamixel_sdk_custom_interfaces LD_LIBRARY_PATH=/home/sli/slither_ws/install/dynamixel_sdk/lib:/home/sli/slither_ws/install/dynamixel_sdk_custom_interfaces/lib:/opt/ros/humble/opt/rviz_ogre_vendor/lib:/opt/ros/humble/lib/aarch64-linux-gnu:/opt/ros/humble/lib PYTHONPATH=/home/sli/slither_ws/build/dynamixel_mpu9250/prefix_override:/usr/lib/python3/dist-packages/colcon_core/task/python/colcon_distutils_commands:/home/sli/slither_ws/install/dynamixel_mpu9250/lib/python3.10/site-packages:${PYTHONPATH} /usr/bin/python3 -W ignore:setup.py install is deprecated setup.py egg_info --egg-base ../../build/dynamixel_mpu9250 build --build-base /home/sli/slither_ws/build/dynamixel_mpu9250/build install --record /home/sli/slither_ws/build/dynamixel_mpu9250/install.log --single-version-externally-managed install_data
[9.511s] DEBUG:colcon.colcon_core.event_handler.log_command:Invoked command in '/home/sli/slither_ws/src/dynamixel_keyboard_controller' returned '0': PYTHONPATH=/home/sli/slither_ws/build/dynamixel_keyboard_controller/prefix_override:/usr/lib/python3/dist-packages/colcon_core/task/python/colcon_distutils_commands:/home/sli/slither_ws/install/dynamixel_keyboard_controller/lib/python3.10/site-packages:${PYTHONPATH} /usr/bin/python3 -W ignore:setup.py install is deprecated setup.py egg_info --egg-base ../../build/dynamixel_keyboard_controller build --build-base /home/sli/slither_ws/build/dynamixel_keyboard_controller/build install --record /home/sli/slither_ws/build/dynamixel_keyboard_controller/install.log --single-version-externally-managed install_data
[9.513s] Level 1:colcon.colcon_core.environment:checking '/home/sli/slither_ws/install/dynamixel_keyboard_controller' for CMake config files
[9.518s] Level 1:colcon.colcon_core.environment:checking '/home/sli/slither_ws/install/dynamixel_keyboard_controller/lib'
[9.519s] Level 1:colcon.colcon_core.environment:checking '/home/sli/slither_ws/install/dynamixel_keyboard_controller/bin'
[9.519s] Level 1:colcon.colcon_core.environment:checking '/home/sli/slither_ws/install/dynamixel_keyboard_controller/lib/pkgconfig/dynamixel_keyboard_controller.pc'
[9.520s] Level 1:colcon.colcon_core.environment:checking '/home/sli/slither_ws/install/dynamixel_keyboard_controller/lib/python3.10/site-packages'
[9.521s] Level 1:colcon.colcon_core.shell:create_environment_hook('dynamixel_keyboard_controller', 'pythonpath')
[9.522s] INFO:colcon.colcon_core.shell:Creating environment hook '/home/sli/slither_ws/install/dynamixel_keyboard_controller/share/dynamixel_keyboard_controller/hook/pythonpath.ps1'
[9.524s] INFO:colcon.colcon_core.shell:Creating environment descriptor '/home/sli/slither_ws/install/dynamixel_keyboard_controller/share/dynamixel_keyboard_controller/hook/pythonpath.dsv'
[9.526s] INFO:colcon.colcon_core.shell:Creating environment hook '/home/sli/slither_ws/install/dynamixel_keyboard_controller/share/dynamixel_keyboard_controller/hook/pythonpath.sh'
[9.528s] Level 1:colcon.colcon_core.environment:checking '/home/sli/slither_ws/install/dynamixel_keyboard_controller/bin'
[9.529s] Level 1:colcon.colcon_core.environment:create_environment_scripts_only(dynamixel_keyboard_controller)
[9.530s] INFO:colcon.colcon_core.shell:Creating package script '/home/sli/slither_ws/install/dynamixel_keyboard_controller/share/dynamixel_keyboard_controller/package.ps1'
[9.534s] INFO:colcon.colcon_core.shell:Creating package descriptor '/home/sli/slither_ws/install/dynamixel_keyboard_controller/share/dynamixel_keyboard_controller/package.dsv'
[9.536s] INFO:colcon.colcon_core.shell:Creating package script '/home/sli/slither_ws/install/dynamixel_keyboard_controller/share/dynamixel_keyboard_controller/package.sh'
[9.538s] INFO:colcon.colcon_core.shell:Creating package script '/home/sli/slither_ws/install/dynamixel_keyboard_controller/share/dynamixel_keyboard_controller/package.bash'
[9.540s] INFO:colcon.colcon_core.shell:Creating package script '/home/sli/slither_ws/install/dynamixel_keyboard_controller/share/dynamixel_keyboard_controller/package.zsh'
[9.542s] Level 1:colcon.colcon_core.environment:create_file_with_runtime_dependencies(/home/sli/slither_ws/install/dynamixel_keyboard_controller/share/colcon-core/packages/dynamixel_keyboard_controller)
[9.551s] DEBUG:colcon.colcon_core.event_handler.log_command:Invoked command in '/home/sli/slither_ws/build/dynamixel_sdk_examples' returned '0': CMAKE_PREFIX_PATH=/home/sli/slither_ws/install/dynamixel_sdk_custom_interfaces:/home/sli/slither_ws/install/dynamixel_sdk:/home/sli/slither_ws/install/dynamixel_sdk_examples:/home/sli/slither_ws/install/locomotion_wire:/home/sli/slither_ws/install/locomotion:/home/sli/slither_ws/install/dynamixel_mpu9250:/home/sli/slither_ws/install/dynamixel_keyboard_controller:/opt/ros/humble /usr/bin/cmake --build /home/sli/slither_ws/build/dynamixel_sdk_examples -- -j4 -l4
[9.554s] INFO:colcon.colcon_ros.task.ament_python.build:Building ROS package in '/home/sli/slither_ws/src/locomotion_wire' with build type 'ament_python'
[9.554s] Level 1:colcon.colcon_core.shell:create_environment_hook('locomotion_wire', 'ament_prefix_path')
[9.556s] INFO:colcon.colcon_core.shell:Creating environment hook '/home/sli/slither_ws/install/locomotion_wire/share/locomotion_wire/hook/ament_prefix_path.ps1'
[9.558s] INFO:colcon.colcon_core.shell:Creating environment descriptor '/home/sli/slither_ws/install/locomotion_wire/share/locomotion_wire/hook/ament_prefix_path.dsv'
[9.561s] INFO:colcon.colcon_core.shell:Creating environment hook '/home/sli/slither_ws/install/locomotion_wire/share/locomotion_wire/hook/ament_prefix_path.sh'
[9.570s] INFO:colcon.colcon_core.shell:Skip shell extension 'powershell' for command environment: Not usable outside of PowerShell
[9.570s] DEBUG:colcon.colcon_core.shell:Skip shell extension 'dsv' for command environment
[11.687s] INFO:colcon.colcon_core.task.python.build:Building Python package in '/home/sli/slither_ws/src/locomotion_wire'
[11.688s] INFO:colcon.colcon_core.shell:Skip shell extension 'powershell' for command environment: Not usable outside of PowerShell
[11.688s] DEBUG:colcon.colcon_core.shell:Skip shell extension 'dsv' for command environment
[11.719s] Level 1:colcon.colcon_core.environment:checking '/home/sli/slither_ws/install/dynamixel_mpu9250' for CMake module files
[11.721s] DEBUG:colcon.colcon_core.event_handler.log_command:Invoked command in '/home/sli/slither_ws/src/dynamixel_mpu9250' returned '0': CMAKE_PREFIX_PATH=/home/sli/slither_ws/install/dynamixel_sdk:/home/sli/slither_ws/install/dynamixel_sdk_examples:/home/sli/slither_ws/install/dynamixel_sdk_custom_interfaces LD_LIBRARY_PATH=/home/sli/slither_ws/install/dynamixel_sdk/lib:/home/sli/slither_ws/install/dynamixel_sdk_custom_interfaces/lib:/opt/ros/humble/opt/rviz_ogre_vendor/lib:/opt/ros/humble/lib/aarch64-linux-gnu:/opt/ros/humble/lib PYTHONPATH=/home/sli/slither_ws/build/dynamixel_mpu9250/prefix_override:/usr/lib/python3/dist-packages/colcon_core/task/python/colcon_distutils_commands:/home/sli/slither_ws/install/dynamixel_mpu9250/lib/python3.10/site-packages:${PYTHONPATH} /usr/bin/python3 -W ignore:setup.py install is deprecated setup.py egg_info --egg-base ../../build/dynamixel_mpu9250 build --build-base /home/sli/slither_ws/build/dynamixel_mpu9250/build install --record /home/sli/slither_ws/build/dynamixel_mpu9250/install.log --single-version-externally-managed install_data
[11.723s] Level 1:colcon.colcon_core.environment:checking '/home/sli/slither_ws/install/dynamixel_mpu9250' for CMake config files
[11.727s] Level 1:colcon.colcon_core.environment:checking '/home/sli/slither_ws/install/dynamixel_mpu9250/lib'
[11.728s] Level 1:colcon.colcon_core.environment:checking '/home/sli/slither_ws/install/dynamixel_mpu9250/bin'
[11.728s] Level 1:colcon.colcon_core.environment:checking '/home/sli/slither_ws/install/dynamixel_mpu9250/lib/pkgconfig/dynamixel_mpu9250.pc'
[11.729s] Level 1:colcon.colcon_core.environment:checking '/home/sli/slither_ws/install/dynamixel_mpu9250/lib/python3.10/site-packages'
[11.730s] Level 1:colcon.colcon_core.shell:create_environment_hook('dynamixel_mpu9250', 'pythonpath')
[11.731s] INFO:colcon.colcon_core.shell:Creating environment hook '/home/sli/slither_ws/install/dynamixel_mpu9250/share/dynamixel_mpu9250/hook/pythonpath.ps1'
[11.734s] INFO:colcon.colcon_core.shell:Creating environment descriptor '/home/sli/slither_ws/install/dynamixel_mpu9250/share/dynamixel_mpu9250/hook/pythonpath.dsv'
[11.735s] INFO:colcon.colcon_core.shell:Creating environment hook '/home/sli/slither_ws/install/dynamixel_mpu9250/share/dynamixel_mpu9250/hook/pythonpath.sh'
[11.739s] Level 1:colcon.colcon_core.environment:checking '/home/sli/slither_ws/install/dynamixel_mpu9250/bin'
[11.740s] Level 1:colcon.colcon_core.environment:create_environment_scripts_only(dynamixel_mpu9250)
[11.741s] INFO:colcon.colcon_core.shell:Creating package script '/home/sli/slither_ws/install/dynamixel_mpu9250/share/dynamixel_mpu9250/package.ps1'
[11.744s] INFO:colcon.colcon_core.shell:Creating package descriptor '/home/sli/slither_ws/install/dynamixel_mpu9250/share/dynamixel_mpu9250/package.dsv'
[11.747s] INFO:colcon.colcon_core.shell:Creating package script '/home/sli/slither_ws/install/dynamixel_mpu9250/share/dynamixel_mpu9250/package.sh'
[11.751s] INFO:colcon.colcon_core.shell:Creating package script '/home/sli/slither_ws/install/dynamixel_mpu9250/share/dynamixel_mpu9250/package.bash'
[11.753s] INFO:colcon.colcon_core.shell:Creating package script '/home/sli/slither_ws/install/dynamixel_mpu9250/share/dynamixel_mpu9250/package.zsh'
[11.755s] Level 1:colcon.colcon_core.environment:create_file_with_runtime_dependencies(/home/sli/slither_ws/install/dynamixel_mpu9250/share/colcon-core/packages/dynamixel_mpu9250)
[11.771s] DEBUG:colcon.colcon_core.event_handler.log_command:Invoking command in '/home/sli/slither_ws/build/dynamixel_sdk_examples': CMAKE_PREFIX_PATH=/home/sli/slither_ws/install/dynamixel_sdk_custom_interfaces:/home/sli/slither_ws/install/dynamixel_sdk:/home/sli/slither_ws/install/dynamixel_sdk_examples:/home/sli/slither_ws/install/locomotion_wire:/home/sli/slither_ws/install/locomotion:/home/sli/slither_ws/install/dynamixel_mpu9250:/home/sli/slither_ws/install/dynamixel_keyboard_controller:/opt/ros/humble /usr/bin/cmake --install /home/sli/slither_ws/build/dynamixel_sdk_examples
[11.837s] Level 1:colcon.colcon_core.environment:create_environment_scripts_only(dynamixel_sdk_examples)
[11.838s] Level 1:colcon.colcon_core.environment:checking '/home/sli/slither_ws/install/dynamixel_sdk_examples' for CMake module files
[11.841s] DEBUG:colcon.colcon_core.event_handler.log_command:Invoked command in '/home/sli/slither_ws/build/dynamixel_sdk_examples' returned '0': CMAKE_PREFIX_PATH=/home/sli/slither_ws/install/dynamixel_sdk_custom_interfaces:/home/sli/slither_ws/install/dynamixel_sdk:/home/sli/slither_ws/install/dynamixel_sdk_examples:/home/sli/slither_ws/install/locomotion_wire:/home/sli/slither_ws/install/locomotion:/home/sli/slither_ws/install/dynamixel_mpu9250:/home/sli/slither_ws/install/dynamixel_keyboard_controller:/opt/ros/humble /usr/bin/cmake --install /home/sli/slither_ws/build/dynamixel_sdk_examples
[11.843s] Level 1:colcon.colcon_core.environment:checking '/home/sli/slither_ws/install/dynamixel_sdk_examples' for CMake config files
[11.846s] Level 1:colcon.colcon_core.shell:create_environment_hook('dynamixel_sdk_examples', 'cmake_prefix_path')
[11.847s] INFO:colcon.colcon_core.shell:Creating environment hook '/home/sli/slither_ws/install/dynamixel_sdk_examples/share/dynamixel_sdk_examples/hook/cmake_prefix_path.ps1'
[11.849s] INFO:colcon.colcon_core.shell:Creating environment descriptor '/home/sli/slither_ws/install/dynamixel_sdk_examples/share/dynamixel_sdk_examples/hook/cmake_prefix_path.dsv'
[11.851s] INFO:colcon.colcon_core.shell:Creating environment hook '/home/sli/slither_ws/install/dynamixel_sdk_examples/share/dynamixel_sdk_examples/hook/cmake_prefix_path.sh'
[11.855s] Level 1:colcon.colcon_core.environment:checking '/home/sli/slither_ws/install/dynamixel_sdk_examples/lib'
[11.857s] Level 1:colcon.colcon_core.environment:checking '/home/sli/slither_ws/install/dynamixel_sdk_examples/bin'
[11.858s] Level 1:colcon.colcon_core.environment:checking '/home/sli/slither_ws/install/dynamixel_sdk_examples/lib/pkgconfig/dynamixel_sdk_examples.pc'
[11.860s] Level 1:colcon.colcon_core.environment:checking '/home/sli/slither_ws/install/dynamixel_sdk_examples/lib/python3.10/site-packages'
[11.862s] Level 1:colcon.colcon_core.environment:checking '/home/sli/slither_ws/install/dynamixel_sdk_examples/bin'
[11.865s] INFO:colcon.colcon_core.shell:Creating package script '/home/sli/slither_ws/install/dynamixel_sdk_examples/share/dynamixel_sdk_examples/package.ps1'
[11.872s] INFO:colcon.colcon_core.shell:Creating package descriptor '/home/sli/slither_ws/install/dynamixel_sdk_examples/share/dynamixel_sdk_examples/package.dsv'
[11.878s] INFO:colcon.colcon_core.shell:Creating package script '/home/sli/slither_ws/install/dynamixel_sdk_examples/share/dynamixel_sdk_examples/package.sh'
[11.882s] INFO:colcon.colcon_core.shell:Creating package script '/home/sli/slither_ws/install/dynamixel_sdk_examples/share/dynamixel_sdk_examples/package.bash'
[11.885s] INFO:colcon.colcon_core.shell:Creating package script '/home/sli/slither_ws/install/dynamixel_sdk_examples/share/dynamixel_sdk_examples/package.zsh'
[11.889s] Level 1:colcon.colcon_core.environment:create_file_with_runtime_dependencies(/home/sli/slither_ws/install/dynamixel_sdk_examples/share/colcon-core/packages/dynamixel_sdk_examples)
[12.043s] DEBUG:colcon.colcon_core.event_handler.log_command:Invoking command in '/home/sli/slither_ws/src/locomotion': CMAKE_PREFIX_PATH=/home/sli/slither_ws/install/dynamixel_sdk_custom_interfaces:/home/sli/slither_ws/install/dynamixel_sdk:/home/sli/slither_ws/install/dynamixel_sdk_examples PYTHONPATH=/home/sli/slither_ws/build/locomotion/prefix_override:/usr/lib/python3/dist-packages/colcon_core/task/python/colcon_distutils_commands:/home/sli/slither_ws/install/locomotion/lib/python3.10/site-packages:${PYTHONPATH} /usr/bin/python3 -W ignore:setup.py install is deprecated setup.py egg_info --egg-base ../../build/locomotion build --build-base /home/sli/slither_ws/build/locomotion/build install --record /home/sli/slither_ws/build/locomotion/install.log --single-version-externally-managed install_data
[12.093s] Level 1:colcon.colcon_core.environment:create_environment_scripts_only(dynamixel_sdk_examples)
[12.094s] Level 1:colcon.colcon_core.environment:checking '/home/sli/slither_ws/install/dynamixel_sdk_examples' for CMake module files
[12.098s] Level 1:colcon.colcon_core.environment:checking '/home/sli/slither_ws/install/dynamixel_sdk_examples' for CMake config files
[12.100s] Level 1:colcon.colcon_core.shell:create_environment_hook('dynamixel_sdk_examples', 'cmake_prefix_path')
[12.101s] INFO:colcon.colcon_core.shell:Creating environment hook '/home/sli/slither_ws/install/dynamixel_sdk_examples/share/dynamixel_sdk_examples/hook/cmake_prefix_path.ps1'
[12.104s] INFO:colcon.colcon_core.shell:Creating environment descriptor '/home/sli/slither_ws/install/dynamixel_sdk_examples/share/dynamixel_sdk_examples/hook/cmake_prefix_path.dsv'
[12.106s] INFO:colcon.colcon_core.shell:Creating environment hook '/home/sli/slither_ws/install/dynamixel_sdk_examples/share/dynamixel_sdk_examples/hook/cmake_prefix_path.sh'
[12.112s] Level 1:colcon.colcon_core.environment:checking '/home/sli/slither_ws/install/dynamixel_sdk_examples/lib'
[12.113s] Level 1:colcon.colcon_core.environment:checking '/home/sli/slither_ws/install/dynamixel_sdk_examples/bin'
[12.114s] Level 1:colcon.colcon_core.environment:checking '/home/sli/slither_ws/install/dynamixel_sdk_examples/lib/pkgconfig/dynamixel_sdk_examples.pc'
[12.115s] Level 1:colcon.colcon_core.environment:checking '/home/sli/slither_ws/install/dynamixel_sdk_examples/lib/python3.10/site-packages'
[12.116s] Level 1:colcon.colcon_core.environment:checking '/home/sli/slither_ws/install/dynamixel_sdk_examples/bin'
[12.118s] INFO:colcon.colcon_core.shell:Creating package script '/home/sli/slither_ws/install/dynamixel_sdk_examples/share/dynamixel_sdk_examples/package.ps1'
[12.123s] INFO:colcon.colcon_core.shell:Creating package descriptor '/home/sli/slither_ws/install/dynamixel_sdk_examples/share/dynamixel_sdk_examples/package.dsv'
[12.126s] INFO:colcon.colcon_core.shell:Creating package script '/home/sli/slither_ws/install/dynamixel_sdk_examples/share/dynamixel_sdk_examples/package.sh'
[12.130s] INFO:colcon.colcon_core.shell:Creating package script '/home/sli/slither_ws/install/dynamixel_sdk_examples/share/dynamixel_sdk_examples/package.bash'
[12.132s] INFO:colcon.colcon_core.shell:Creating package script '/home/sli/slither_ws/install/dynamixel_sdk_examples/share/dynamixel_sdk_examples/package.zsh'
[12.135s] Level 1:colcon.colcon_core.environment:create_file_with_runtime_dependencies(/home/sli/slither_ws/install/dynamixel_sdk_examples/share/colcon-core/packages/dynamixel_sdk_examples)
[13.766s] DEBUG:colcon.colcon_core.event_handler.log_command:Invoking command in '/home/sli/slither_ws/src/locomotion_wire': CMAKE_PREFIX_PATH=/home/sli/slither_ws/install/dynamixel_sdk_custom_interfaces:/home/sli/slither_ws/install/dynamixel_sdk:/home/sli/slither_ws/install/dynamixel_sdk_examples PYTHONPATH=/home/sli/slither_ws/build/locomotion_wire/prefix_override:/usr/lib/python3/dist-packages/colcon_core/task/python/colcon_distutils_commands:/home/sli/slither_ws/install/locomotion_wire/lib/python3.10/site-packages:${PYTHONPATH} /usr/bin/python3 -W ignore:setup.py install is deprecated setup.py egg_info --egg-base ../../build/locomotion_wire build --build-base /home/sli/slither_ws/build/locomotion_wire/build install --record /home/sli/slither_ws/build/locomotion_wire/install.log --single-version-externally-managed install_data
[13.789s] Level 1:colcon.colcon_core.environment:checking '/home/sli/slither_ws/install/locomotion' for CMake module files
[13.791s] DEBUG:colcon.colcon_core.event_handler.log_command:Invoked command in '/home/sli/slither_ws/src/locomotion' returned '0': CMAKE_PREFIX_PATH=/home/sli/slither_ws/install/dynamixel_sdk_custom_interfaces:/home/sli/slither_ws/install/dynamixel_sdk:/home/sli/slither_ws/install/dynamixel_sdk_examples PYTHONPATH=/home/sli/slither_ws/build/locomotion/prefix_override:/usr/lib/python3/dist-packages/colcon_core/task/python/colcon_distutils_commands:/home/sli/slither_ws/install/locomotion/lib/python3.10/site-packages:${PYTHONPATH} /usr/bin/python3 -W ignore:setup.py install is deprecated setup.py egg_info --egg-base ../../build/locomotion build --build-base /home/sli/slither_ws/build/locomotion/build install --record /home/sli/slither_ws/build/locomotion/install.log --single-version-externally-managed install_data
[13.793s] Level 1:colcon.colcon_core.environment:checking '/home/sli/slither_ws/install/locomotion' for CMake config files
[13.797s] Level 1:colcon.colcon_core.environment:checking '/home/sli/slither_ws/install/locomotion/lib'
[13.797s] Level 1:colcon.colcon_core.environment:checking '/home/sli/slither_ws/install/locomotion/bin'
[13.798s] Level 1:colcon.colcon_core.environment:checking '/home/sli/slither_ws/install/locomotion/lib/pkgconfig/locomotion.pc'
[13.799s] Level 1:colcon.colcon_core.environment:checking '/home/sli/slither_ws/install/locomotion/lib/python3.10/site-packages'
[13.799s] Level 1:colcon.colcon_core.shell:create_environment_hook('locomotion', 'pythonpath')
[13.800s] INFO:colcon.colcon_core.shell:Creating environment hook '/home/sli/slither_ws/install/locomotion/share/locomotion/hook/pythonpath.ps1'
[13.802s] INFO:colcon.colcon_core.shell:Creating environment descriptor '/home/sli/slither_ws/install/locomotion/share/locomotion/hook/pythonpath.dsv'
[13.804s] INFO:colcon.colcon_core.shell:Creating environment hook '/home/sli/slither_ws/install/locomotion/share/locomotion/hook/pythonpath.sh'
[13.807s] Level 1:colcon.colcon_core.environment:checking '/home/sli/slither_ws/install/locomotion/bin'
[13.807s] Level 1:colcon.colcon_core.environment:create_environment_scripts_only(locomotion)
[13.809s] INFO:colcon.colcon_core.shell:Creating package script '/home/sli/slither_ws/install/locomotion/share/locomotion/package.ps1'
[13.812s] INFO:colcon.colcon_core.shell:Creating package descriptor '/home/sli/slither_ws/install/locomotion/share/locomotion/package.dsv'
[13.814s] INFO:colcon.colcon_core.shell:Creating package script '/home/sli/slither_ws/install/locomotion/share/locomotion/package.sh'
[13.816s] INFO:colcon.colcon_core.shell:Creating package script '/home/sli/slither_ws/install/locomotion/share/locomotion/package.bash'
[13.818s] INFO:colcon.colcon_core.shell:Creating package script '/home/sli/slither_ws/install/locomotion/share/locomotion/package.zsh'
[13.821s] Level 1:colcon.colcon_core.environment:create_file_with_runtime_dependencies(/home/sli/slither_ws/install/locomotion/share/colcon-core/packages/locomotion)
[15.244s] Level 1:colcon.colcon_core.environment:checking '/home/sli/slither_ws/install/locomotion_wire' for CMake module files
[15.246s] DEBUG:colcon.colcon_core.event_handler.log_command:Invoked command in '/home/sli/slither_ws/src/locomotion_wire' returned '0': CMAKE_PREFIX_PATH=/home/sli/slither_ws/install/dynamixel_sdk_custom_interfaces:/home/sli/slither_ws/install/dynamixel_sdk:/home/sli/slither_ws/install/dynamixel_sdk_examples PYTHONPATH=/home/sli/slither_ws/build/locomotion_wire/prefix_override:/usr/lib/python3/dist-packages/colcon_core/task/python/colcon_distutils_commands:/home/sli/slither_ws/install/locomotion_wire/lib/python3.10/site-packages:${PYTHONPATH} /usr/bin/python3 -W ignore:setup.py install is deprecated setup.py egg_info --egg-base ../../build/locomotion_wire build --build-base /home/sli/slither_ws/build/locomotion_wire/build install --record /home/sli/slither_ws/build/locomotion_wire/install.log --single-version-externally-managed install_data
[15.248s] Level 1:colcon.colcon_core.environment:checking '/home/sli/slither_ws/install/locomotion_wire' for CMake config files
[15.251s] Level 1:colcon.colcon_core.environment:checking '/home/sli/slither_ws/install/locomotion_wire/lib'
[15.252s] Level 1:colcon.colcon_core.environment:checking '/home/sli/slither_ws/install/locomotion_wire/bin'
[15.252s] Level 1:colcon.colcon_core.environment:checking '/home/sli/slither_ws/install/locomotion_wire/lib/pkgconfig/locomotion_wire.pc'
[15.253s] Level 1:colcon.colcon_core.environment:checking '/home/sli/slither_ws/install/locomotion_wire/lib/python3.10/site-packages'
[15.253s] Level 1:colcon.colcon_core.shell:create_environment_hook('locomotion_wire', 'pythonpath')
[15.254s] INFO:colcon.colcon_core.shell:Creating environment hook '/home/sli/slither_ws/install/locomotion_wire/share/locomotion_wire/hook/pythonpath.ps1'
[15.256s] INFO:colcon.colcon_core.shell:Creating environment descriptor '/home/sli/slither_ws/install/locomotion_wire/share/locomotion_wire/hook/pythonpath.dsv'
[15.258s] INFO:colcon.colcon_core.shell:Creating environment hook '/home/sli/slither_ws/install/locomotion_wire/share/locomotion_wire/hook/pythonpath.sh'
[15.261s] Level 1:colcon.colcon_core.environment:checking '/home/sli/slither_ws/install/locomotion_wire/bin'
[15.261s] Level 1:colcon.colcon_core.environment:create_environment_scripts_only(locomotion_wire)
[15.263s] INFO:colcon.colcon_core.shell:Creating package script '/home/sli/slither_ws/install/locomotion_wire/share/locomotion_wire/package.ps1'
[15.265s] INFO:colcon.colcon_core.shell:Creating package descriptor '/home/sli/slither_ws/install/locomotion_wire/share/locomotion_wire/package.dsv'
[15.268s] INFO:colcon.colcon_core.shell:Creating package script '/home/sli/slither_ws/install/locomotion_wire/share/locomotion_wire/package.sh'
[15.270s] INFO:colcon.colcon_core.shell:Creating package script '/home/sli/slither_ws/install/locomotion_wire/share/locomotion_wire/package.bash'
[15.271s] INFO:colcon.colcon_core.shell:Creating package script '/home/sli/slither_ws/install/locomotion_wire/share/locomotion_wire/package.zsh'
[15.273s] Level 1:colcon.colcon_core.environment:create_file_with_runtime_dependencies(/home/sli/slither_ws/install/locomotion_wire/share/colcon-core/packages/locomotion_wire)
[15.274s] DEBUG:colcon.colcon_parallel_executor.executor.parallel:closing loop
[15.276s] DEBUG:colcon.colcon_parallel_executor.executor.parallel:loop closed
[15.276s] DEBUG:colcon.colcon_parallel_executor.executor.parallel:run_until_complete finished with '0'
[15.277s] DEBUG:colcon.colcon_core.event_reactor:joining thread
[15.303s] INFO:colcon.colcon_core.plugin_system:Skipping extension 'colcon_notification.desktop_notification.terminal_notifier': Not used on non-Darwin systems
[15.304s] INFO:colcon.colcon_core.plugin_system:Skipping extension 'colcon_notification.desktop_notification.win32': Not used on non-Windows systems
[15.304s] INFO:colcon.colcon_notification.desktop_notification:Sending desktop notification using 'notify2'
[15.362s] DEBUG:colcon.colcon_core.event_reactor:joined thread
[15.363s] INFO:colcon.colcon_core.shell:Creating prefix script '/home/sli/slither_ws/install/local_setup.ps1'
[15.368s] INFO:colcon.colcon_core.shell:Creating prefix util module '/home/sli/slither_ws/install/_local_setup_util_ps1.py'
[15.374s] INFO:colcon.colcon_core.shell:Creating prefix chain script '/home/sli/slither_ws/install/setup.ps1'
[15.380s] INFO:colcon.colcon_core.shell:Creating prefix script '/home/sli/slither_ws/install/local_setup.sh'
[15.383s] INFO:colcon.colcon_core.shell:Creating prefix util module '/home/sli/slither_ws/install/_local_setup_util_sh.py'
[15.386s] INFO:colcon.colcon_core.shell:Creating prefix chain script '/home/sli/slither_ws/install/setup.sh'
[15.394s] INFO:colcon.colcon_core.shell:Creating prefix script '/home/sli/slither_ws/install/local_setup.bash'
[15.396s] INFO:colcon.colcon_core.shell:Creating prefix chain script '/home/sli/slither_ws/install/setup.bash'
[15.404s] INFO:colcon.colcon_core.shell:Creating prefix script '/home/sli/slither_ws/install/local_setup.zsh'
[15.408s] INFO:colcon.colcon_core.shell:Creating prefix chain script '/home/sli/slither_ws/install/setup.zsh'
