[0.108s] Invoking command in '/home/sli/slither_ws/build/dynamixel_sdk_examples': CMAKE_PREFIX_PATH=/home/sli/slither_ws/install/dynamixel_sdk_custom_interfaces:/home/sli/slither_ws/install/dynamixel_sdk:/home/sli/slither_ws/install/dynamixel_sdk_examples:/home/sli/slither_ws/install/locomotion_wire:/home/sli/slither_ws/install/locomotion:/home/sli/slither_ws/install/dynamixel_mpu9250:/home/sli/slither_ws/install/dynamixel_keyboard_controller:/opt/ros/humble /usr/bin/cmake --build /home/sli/slither_ws/build/dynamixel_sdk_examples -- -j4 -l4
[0.501s] [100%] Built target read_write_node
[2.044s] Invoked command in '/home/sli/slither_ws/build/dynamixel_sdk_examples' returned '0': CMAKE_PREFIX_PATH=/home/sli/slither_ws/install/dynamixel_sdk_custom_interfaces:/home/sli/slither_ws/install/dynamixel_sdk:/home/sli/slither_ws/install/dynamixel_sdk_examples:/home/sli/slither_ws/install/locomotion_wire:/home/sli/slither_ws/install/locomotion:/home/sli/slither_ws/install/dynamixel_mpu9250:/home/sli/slither_ws/install/dynamixel_keyboard_controller:/opt/ros/humble /usr/bin/cmake --build /home/sli/slither_ws/build/dynamixel_sdk_examples -- -j4 -l4
[3.980s] Invoking command in '/home/sli/slither_ws/build/dynamixel_sdk_examples': CMAKE_PREFIX_PATH=/home/sli/slither_ws/install/dynamixel_sdk_custom_interfaces:/home/sli/slither_ws/install/dynamixel_sdk:/home/sli/slither_ws/install/dynamixel_sdk_examples:/home/sli/slither_ws/install/locomotion_wire:/home/sli/slither_ws/install/locomotion:/home/sli/slither_ws/install/dynamixel_mpu9250:/home/sli/slither_ws/install/dynamixel_keyboard_controller:/opt/ros/humble /usr/bin/cmake --install /home/sli/slither_ws/build/dynamixel_sdk_examples
[4.045s] -- Install configuration: ""
[4.047s] -- Up-to-date: /home/sli/slither_ws/install/dynamixel_sdk_examples/lib/dynamixel_sdk_examples/read_write_node
[4.051s] -- Up-to-date: /home/sli/slither_ws/install/dynamixel_sdk_examples/share/ament_index/resource_index/package_run_dependencies/dynamixel_sdk_examples
[4.053s] -- Up-to-date: /home/sli/slither_ws/install/dynamixel_sdk_examples/share/ament_index/resource_index/parent_prefix_path/dynamixel_sdk_examples
[4.055s] -- Up-to-date: /home/sli/slither_ws/install/dynamixel_sdk_examples/share/dynamixel_sdk_examples/environment/ament_prefix_path.sh
[4.058s] -- Up-to-date: /home/sli/slither_ws/install/dynamixel_sdk_examples/share/dynamixel_sdk_examples/environment/ament_prefix_path.dsv
[4.059s] -- Up-to-date: /home/sli/slither_ws/install/dynamixel_sdk_examples/share/dynamixel_sdk_examples/environment/path.sh
[4.059s] -- Up-to-date: /home/sli/slither_ws/install/dynamixel_sdk_examples/share/dynamixel_sdk_examples/environment/path.dsv
[4.071s] -- Up-to-date: /home/sli/slither_ws/install/dynamixel_sdk_examples/share/dynamixel_sdk_examples/local_setup.bash
[4.072s] -- Up-to-date: /home/sli/slither_ws/install/dynamixel_sdk_examples/share/dynamixel_sdk_examples/local_setup.sh
[4.073s] -- Up-to-date: /home/sli/slither_ws/install/dynamixel_sdk_examples/share/dynamixel_sdk_examples/local_setup.zsh
[4.087s] -- Up-to-date: /home/sli/slither_ws/install/dynamixel_sdk_examples/share/dynamixel_sdk_examples/local_setup.dsv
[4.088s] -- Installing: /home/sli/slither_ws/install/dynamixel_sdk_examples/share/dynamixel_sdk_examples/package.dsv
[4.088s] -- Up-to-date: /home/sli/slither_ws/install/dynamixel_sdk_examples/share/ament_index/resource_index/packages/dynamixel_sdk_examples
[4.089s] -- Up-to-date: /home/sli/slither_ws/install/dynamixel_sdk_examples/share/dynamixel_sdk_examples/cmake/dynamixel_sdk_examplesConfig.cmake
[4.090s] -- Up-to-date: /home/sli/slither_ws/install/dynamixel_sdk_examples/share/dynamixel_sdk_examples/cmake/dynamixel_sdk_examplesConfig-version.cmake
[4.090s] -- Up-to-date: /home/sli/slither_ws/install/dynamixel_sdk_examples/share/dynamixel_sdk_examples/package.xml
[4.091s] Invoked command in '/home/sli/slither_ws/build/dynamixel_sdk_examples' returned '0': CMAKE_PREFIX_PATH=/home/sli/slither_ws/install/dynamixel_sdk_custom_interfaces:/home/sli/slither_ws/install/dynamixel_sdk:/home/sli/slither_ws/install/dynamixel_sdk_examples:/home/sli/slither_ws/install/locomotion_wire:/home/sli/slither_ws/install/locomotion:/home/sli/slither_ws/install/dynamixel_mpu9250:/home/sli/slither_ws/install/dynamixel_keyboard_controller:/opt/ros/humble /usr/bin/cmake --install /home/sli/slither_ws/build/dynamixel_sdk_examples
