[4.310s] Invoking command in '/home/sli/slither_ws/src/locomotion': AMENT_PREFIX_PATH=/home/sli/slither_ws/install/dynamixel_sdk_custom_interfaces:/home/sli/slither_ws/install/dynamixel_sdk:${AMENT_PREFIX_PATH} CMAKE_PREFIX_PATH=/home/sli/slither_ws/install/dynamixel_sdk_custom_interfaces:/home/sli/slither_ws/install/dynamixel_sdk LD_LIBRARY_PATH=/home/sli/slither_ws/install/dynamixel_sdk_custom_interfaces/lib:/home/sli/slither_ws/install/dynamixel_sdk/lib:${LD_LIBRARY_PATH} PYTHONPATH=/home/sli/slither_ws/build/locomotion/prefix_override:/usr/lib/python3/dist-packages/colcon_core/task/python/colcon_distutils_commands:/home/sli/slither_ws/install/locomotion/lib/python3.10/site-packages:/home/sli/slither_ws/install/dynamixel_sdk_custom_interfaces/local/lib/python3.10/dist-packages:${PYTHONPATH} /usr/bin/python3 -W ignore:setup.py install is deprecated setup.py egg_info --egg-base ../../build/locomotion build --build-base /home/sli/slither_ws/build/locomotion/build install --record /home/sli/slither_ws/build/locomotion/install.log --single-version-externally-managed install_data
[5.684s] running egg_info
[5.687s] writing ../../build/locomotion/locomotion.egg-info/PKG-INFO
[5.688s] writing dependency_links to ../../build/locomotion/locomotion.egg-info/dependency_links.txt
[5.690s] writing entry points to ../../build/locomotion/locomotion.egg-info/entry_points.txt
[5.690s] writing requirements to ../../build/locomotion/locomotion.egg-info/requires.txt
[5.691s] writing top-level names to ../../build/locomotion/locomotion.egg-info/top_level.txt
[5.700s] reading manifest file '../../build/locomotion/locomotion.egg-info/SOURCES.txt'
[5.704s] writing manifest file '../../build/locomotion/locomotion.egg-info/SOURCES.txt'
[5.705s] running build
[5.706s] running build_py
[5.708s] running install
[5.714s] running install_lib
[5.719s] running install_data
[5.720s] running install_egg_info
[5.730s] removing '/home/sli/slither_ws/install/locomotion/lib/python3.10/site-packages/locomotion-0.0.0-py3.10.egg-info' (and everything under it)
[5.731s] Copying ../../build/locomotion/locomotion.egg-info to /home/sli/slither_ws/install/locomotion/lib/python3.10/site-packages/locomotion-0.0.0-py3.10.egg-info
[5.738s] running install_scripts
[5.873s] Installing locomotion_node script to /home/sli/slither_ws/install/locomotion/lib/locomotion
[5.877s] writing list of installed files to '/home/sli/slither_ws/build/locomotion/install.log'
[6.043s] Invoked command in '/home/sli/slither_ws/src/locomotion' returned '0': AMENT_PREFIX_PATH=/home/sli/slither_ws/install/dynamixel_sdk_custom_interfaces:/home/sli/slither_ws/install/dynamixel_sdk:${AMENT_PREFIX_PATH} CMAKE_PREFIX_PATH=/home/sli/slither_ws/install/dynamixel_sdk_custom_interfaces:/home/sli/slither_ws/install/dynamixel_sdk LD_LIBRARY_PATH=/home/sli/slither_ws/install/dynamixel_sdk_custom_interfaces/lib:/home/sli/slither_ws/install/dynamixel_sdk/lib:${LD_LIBRARY_PATH} PYTHONPATH=/home/sli/slither_ws/build/locomotion/prefix_override:/usr/lib/python3/dist-packages/colcon_core/task/python/colcon_distutils_commands:/home/sli/slither_ws/install/locomotion/lib/python3.10/site-packages:/home/sli/slither_ws/install/dynamixel_sdk_custom_interfaces/local/lib/python3.10/dist-packages:${PYTHONPATH} /usr/bin/python3 -W ignore:setup.py install is deprecated setup.py egg_info --egg-base ../../build/locomotion build --build-base /home/sli/slither_ws/build/locomotion/build install --record /home/sli/slither_ws/build/locomotion/install.log --single-version-externally-managed install_data
