[4.592s] Invoking command in '/home/sli/slither_ws/src/dynamixel_keyboard_controller': PYTHONPATH=/home/sli/slither_ws/build/dynamixel_keyboard_controller/prefix_override:/usr/lib/python3/dist-packages/colcon_core/task/python/colcon_distutils_commands:/home/sli/slither_ws/install/dynamixel_keyboard_controller/lib/python3.10/site-packages:${PYTHONPATH} /usr/bin/python3 -W ignore:setup.py install is deprecated setup.py egg_info --egg-base ../../build/dynamixel_keyboard_controller build --build-base /home/sli/slither_ws/build/dynamixel_keyboard_controller/build install --record /home/sli/slither_ws/build/dynamixel_keyboard_controller/install.log --single-version-externally-managed install_data
[6.393s] running egg_info
[6.397s] writing ../../build/dynamixel_keyboard_controller/dynamixel_keyboard_controller.egg-info/PKG-INFO
[6.399s] writing dependency_links to ../../build/dynamixel_keyboard_controller/dynamixel_keyboard_controller.egg-info/dependency_links.txt
[6.400s] writing entry points to ../../build/dynamixel_keyboard_controller/dynamixel_keyboard_controller.egg-info/entry_points.txt
[6.401s] writing requirements to ../../build/dynamixel_keyboard_controller/dynamixel_keyboard_controller.egg-info/requires.txt
[6.402s] writing top-level names to ../../build/dynamixel_keyboard_controller/dynamixel_keyboard_controller.egg-info/top_level.txt
[6.414s] reading manifest file '../../build/dynamixel_keyboard_controller/dynamixel_keyboard_controller.egg-info/SOURCES.txt'
[6.420s] writing manifest file '../../build/dynamixel_keyboard_controller/dynamixel_keyboard_controller.egg-info/SOURCES.txt'
[6.421s] running build
[6.422s] running build_py
[6.424s] running install
[6.426s] running install_lib
[6.437s] running install_data
[6.438s] running install_egg_info
[6.447s] removing '/home/sli/slither_ws/install/dynamixel_keyboard_controller/lib/python3.10/site-packages/dynamixel_keyboard_controller-0.0.0-py3.10.egg-info' (and everything under it)
[6.449s] Copying ../../build/dynamixel_keyboard_controller/dynamixel_keyboard_controller.egg-info to /home/sli/slither_ws/install/dynamixel_keyboard_controller/lib/python3.10/site-packages/dynamixel_keyboard_controller-0.0.0-py3.10.egg-info
[6.458s] running install_scripts
[6.576s] Installing dynamixel_keyboard_controller script to /home/sli/slither_ws/install/dynamixel_keyboard_controller/lib/dynamixel_keyboard_controller
[6.579s] writing list of installed files to '/home/sli/slither_ws/build/dynamixel_keyboard_controller/install.log'
[7.688s] Invoked command in '/home/sli/slither_ws/src/dynamixel_keyboard_controller' returned '0': PYTHONPATH=/home/sli/slither_ws/build/dynamixel_keyboard_controller/prefix_override:/usr/lib/python3/dist-packages/colcon_core/task/python/colcon_distutils_commands:/home/sli/slither_ws/install/dynamixel_keyboard_controller/lib/python3.10/site-packages:${PYTHONPATH} /usr/bin/python3 -W ignore:setup.py install is deprecated setup.py egg_info --egg-base ../../build/dynamixel_keyboard_controller build --build-base /home/sli/slither_ws/build/dynamixel_keyboard_controller/build install --record /home/sli/slither_ws/build/dynamixel_keyboard_controller/install.log --single-version-externally-managed install_data
