[0.137s] Invoking command in '/home/sli/slither_ws/build/dynamixel_sdk_custom_interfaces': CMAKE_PREFIX_PATH=${CMAKE_PREFIX_PATH}:/home/sli/slither_ws/install/dynamixel_mpu9250:/home/sli/slither_ws/install/dynamixel_keyboard_controller:/opt/ros/humble /usr/bin/cmake --build /home/sli/slither_ws/build/dynamixel_sdk_custom_interfaces -- -j4 -l4
[0.649s] [35m[1mConsolidate compiler generated dependencies of target dynamixel_sdk_custom_interfaces__rosidl_generator_c[0m
[0.697s] [  2%] Built target dynamixel_sdk_custom_interfaces__cpp
[0.796s] [ 12%] Built target dynamixel_sdk_custom_interfaces__rosidl_generator_c
[0.815s] [35m[1mConsolidate compiler generated dependencies of target dynamixel_sdk_custom_interfaces__rosidl_typesupport_cpp[0m
[0.834s] [35m[1mConsolidate compiler generated dependencies of target dynamixel_sdk_custom_interfaces__rosidl_typesupport_introspection_cpp[0m
[0.874s] [ 12%] Built target ament_cmake_python_copy_dynamixel_sdk_custom_interfaces
[0.936s] [ 23%] Built target dynamixel_sdk_custom_interfaces__rosidl_typesupport_cpp
[0.938s] [35m[1mConsolidate compiler generated dependencies of target dynamixel_sdk_custom_interfaces__rosidl_typesupport_fastrtps_cpp[0m
[0.947s] [ 33%] Built target dynamixel_sdk_custom_interfaces__rosidl_typesupport_introspection_cpp
[1.006s] [35m[1mConsolidate compiler generated dependencies of target dynamixel_sdk_custom_interfaces__rosidl_typesupport_introspection_c[0m
[1.042s] [35m[1mConsolidate compiler generated dependencies of target dynamixel_sdk_custom_interfaces__rosidl_typesupport_c[0m
[1.059s] [ 43%] Built target dynamixel_sdk_custom_interfaces__rosidl_typesupport_fastrtps_cpp
[1.099s] [ 53%] Built target dynamixel_sdk_custom_interfaces__rosidl_typesupport_introspection_c
[1.121s] [ 64%] Built target dynamixel_sdk_custom_interfaces__rosidl_typesupport_c
[1.159s] [35m[1mConsolidate compiler generated dependencies of target dynamixel_sdk_custom_interfaces__rosidl_typesupport_fastrtps_c[0m
[1.245s] [ 74%] Built target dynamixel_sdk_custom_interfaces__rosidl_typesupport_fastrtps_c
[1.373s] [ 74%] Built target dynamixel_sdk_custom_interfaces
[1.508s] [ 76%] Built target dynamixel_sdk_custom_interfaces__py
[1.590s] [35m[1mConsolidate compiler generated dependencies of target dynamixel_sdk_custom_interfaces__rosidl_generator_py[0m
[1.673s] [ 84%] Built target dynamixel_sdk_custom_interfaces__rosidl_generator_py
[1.751s] [35m[1mConsolidate compiler generated dependencies of target dynamixel_sdk_custom_interfaces__rosidl_typesupport_fastrtps_c__pyext[0m
[1.757s] [35m[1mConsolidate compiler generated dependencies of target dynamixel_sdk_custom_interfaces__rosidl_typesupport_introspection_c__pyext[0m
[1.786s] [35m[1mConsolidate compiler generated dependencies of target dynamixel_sdk_custom_interfaces__rosidl_typesupport_c__pyext[0m
[1.851s] [ 89%] Built target dynamixel_sdk_custom_interfaces__rosidl_typesupport_introspection_c__pyext
[1.876s] [ 94%] Built target dynamixel_sdk_custom_interfaces__rosidl_typesupport_fastrtps_c__pyext
[1.892s] [100%] Built target dynamixel_sdk_custom_interfaces__rosidl_typesupport_c__pyext
[2.796s] running egg_info
[2.798s] writing dynamixel_sdk_custom_interfaces.egg-info/PKG-INFO
[2.799s] writing dependency_links to dynamixel_sdk_custom_interfaces.egg-info/dependency_links.txt
[2.801s] writing top-level names to dynamixel_sdk_custom_interfaces.egg-info/top_level.txt
[2.819s] reading manifest file 'dynamixel_sdk_custom_interfaces.egg-info/SOURCES.txt'
[2.823s] writing manifest file 'dynamixel_sdk_custom_interfaces.egg-info/SOURCES.txt'
[2.990s] [100%] Built target ament_cmake_python_build_dynamixel_sdk_custom_interfaces_egg
[3.045s] Invoked command in '/home/sli/slither_ws/build/dynamixel_sdk_custom_interfaces' returned '0': CMAKE_PREFIX_PATH=${CMAKE_PREFIX_PATH}:/home/sli/slither_ws/install/dynamixel_mpu9250:/home/sli/slither_ws/install/dynamixel_keyboard_controller:/opt/ros/humble /usr/bin/cmake --build /home/sli/slither_ws/build/dynamixel_sdk_custom_interfaces -- -j4 -l4
[4.644s] Invoking command in '/home/sli/slither_ws/build/dynamixel_sdk_custom_interfaces': CMAKE_PREFIX_PATH=${CMAKE_PREFIX_PATH}:/home/sli/slither_ws/install/dynamixel_mpu9250:/home/sli/slither_ws/install/dynamixel_keyboard_controller:/opt/ros/humble /usr/bin/cmake --install /home/sli/slither_ws/build/dynamixel_sdk_custom_interfaces
[4.681s] -- Install configuration: ""
[4.681s] -- Up-to-date: /home/sli/slither_ws/install/dynamixel_sdk_custom_interfaces/share/ament_index/resource_index/rosidl_interfaces/dynamixel_sdk_custom_interfaces
[4.684s] -- Up-to-date: /home/sli/slither_ws/install/dynamixel_sdk_custom_interfaces/include/dynamixel_sdk_custom_interfaces/dynamixel_sdk_custom_interfaces
[4.686s] -- Up-to-date: /home/sli/slither_ws/install/dynamixel_sdk_custom_interfaces/include/dynamixel_sdk_custom_interfaces/dynamixel_sdk_custom_interfaces/srv
[4.687s] -- Up-to-date: /home/sli/slither_ws/install/dynamixel_sdk_custom_interfaces/include/dynamixel_sdk_custom_interfaces/dynamixel_sdk_custom_interfaces/srv/detail
[4.688s] -- Up-to-date: /home/sli/slither_ws/install/dynamixel_sdk_custom_interfaces/include/dynamixel_sdk_custom_interfaces/dynamixel_sdk_custom_interfaces/srv/detail/get_position__functions.h
[4.689s] -- Up-to-date: /home/sli/slither_ws/install/dynamixel_sdk_custom_interfaces/include/dynamixel_sdk_custom_interfaces/dynamixel_sdk_custom_interfaces/srv/detail/get_position__type_support.h
[4.690s] -- Up-to-date: /home/sli/slither_ws/install/dynamixel_sdk_custom_interfaces/include/dynamixel_sdk_custom_interfaces/dynamixel_sdk_custom_interfaces/srv/detail/get_position__struct.h
[4.691s] -- Up-to-date: /home/sli/slither_ws/install/dynamixel_sdk_custom_interfaces/include/dynamixel_sdk_custom_interfaces/dynamixel_sdk_custom_interfaces/srv/detail/get_position__functions.c
[4.692s] -- Up-to-date: /home/sli/slither_ws/install/dynamixel_sdk_custom_interfaces/include/dynamixel_sdk_custom_interfaces/dynamixel_sdk_custom_interfaces/srv/get_position.h
[4.697s] -- Up-to-date: /home/sli/slither_ws/install/dynamixel_sdk_custom_interfaces/include/dynamixel_sdk_custom_interfaces/dynamixel_sdk_custom_interfaces/msg
[4.697s] -- Up-to-date: /home/sli/slither_ws/install/dynamixel_sdk_custom_interfaces/include/dynamixel_sdk_custom_interfaces/dynamixel_sdk_custom_interfaces/msg/detail
[4.698s] -- Up-to-date: /home/sli/slither_ws/install/dynamixel_sdk_custom_interfaces/include/dynamixel_sdk_custom_interfaces/dynamixel_sdk_custom_interfaces/msg/detail/set_position__functions.h
[4.699s] -- Up-to-date: /home/sli/slither_ws/install/dynamixel_sdk_custom_interfaces/include/dynamixel_sdk_custom_interfaces/dynamixel_sdk_custom_interfaces/msg/detail/set_position__struct.h
[4.700s] -- Up-to-date: /home/sli/slither_ws/install/dynamixel_sdk_custom_interfaces/include/dynamixel_sdk_custom_interfaces/dynamixel_sdk_custom_interfaces/msg/detail/set_position__functions.c
[4.700s] -- Up-to-date: /home/sli/slither_ws/install/dynamixel_sdk_custom_interfaces/include/dynamixel_sdk_custom_interfaces/dynamixel_sdk_custom_interfaces/msg/detail/set_position__type_support.h
[4.703s] -- Up-to-date: /home/sli/slither_ws/install/dynamixel_sdk_custom_interfaces/include/dynamixel_sdk_custom_interfaces/dynamixel_sdk_custom_interfaces/msg/set_position.h
[4.703s] -- Up-to-date: /home/sli/slither_ws/install/dynamixel_sdk_custom_interfaces/include/dynamixel_sdk_custom_interfaces/dynamixel_sdk_custom_interfaces/msg/rosidl_generator_c__visibility_control.h
[4.704s] -- Up-to-date: /home/sli/slither_ws/install/dynamixel_sdk_custom_interfaces/share/dynamixel_sdk_custom_interfaces/environment/library_path.sh
[4.705s] -- Up-to-date: /home/sli/slither_ws/install/dynamixel_sdk_custom_interfaces/share/dynamixel_sdk_custom_interfaces/environment/library_path.dsv
[4.706s] -- Up-to-date: /home/sli/slither_ws/install/dynamixel_sdk_custom_interfaces/lib/libdynamixel_sdk_custom_interfaces__rosidl_generator_c.so
[4.707s] -- Up-to-date: /home/sli/slither_ws/install/dynamixel_sdk_custom_interfaces/include/dynamixel_sdk_custom_interfaces/dynamixel_sdk_custom_interfaces
[4.707s] -- Up-to-date: /home/sli/slither_ws/install/dynamixel_sdk_custom_interfaces/include/dynamixel_sdk_custom_interfaces/dynamixel_sdk_custom_interfaces/srv
[4.708s] -- Up-to-date: /home/sli/slither_ws/install/dynamixel_sdk_custom_interfaces/include/dynamixel_sdk_custom_interfaces/dynamixel_sdk_custom_interfaces/srv/detail
[4.708s] -- Up-to-date: /home/sli/slither_ws/install/dynamixel_sdk_custom_interfaces/include/dynamixel_sdk_custom_interfaces/dynamixel_sdk_custom_interfaces/srv/detail/get_position__rosidl_typesupport_fastrtps_c.h
[4.709s] -- Up-to-date: /home/sli/slither_ws/install/dynamixel_sdk_custom_interfaces/include/dynamixel_sdk_custom_interfaces/dynamixel_sdk_custom_interfaces/msg
[4.718s] -- Up-to-date: /home/sli/slither_ws/install/dynamixel_sdk_custom_interfaces/include/dynamixel_sdk_custom_interfaces/dynamixel_sdk_custom_interfaces/msg/detail
[4.719s] -- Up-to-date: /home/sli/slither_ws/install/dynamixel_sdk_custom_interfaces/include/dynamixel_sdk_custom_interfaces/dynamixel_sdk_custom_interfaces/msg/detail/set_position__rosidl_typesupport_fastrtps_c.h
[4.720s] -- Up-to-date: /home/sli/slither_ws/install/dynamixel_sdk_custom_interfaces/include/dynamixel_sdk_custom_interfaces/dynamixel_sdk_custom_interfaces/msg/rosidl_typesupport_fastrtps_c__visibility_control.h
[4.722s] -- Up-to-date: /home/sli/slither_ws/install/dynamixel_sdk_custom_interfaces/lib/libdynamixel_sdk_custom_interfaces__rosidl_typesupport_fastrtps_c.so
[4.728s] -- Up-to-date: /home/sli/slither_ws/install/dynamixel_sdk_custom_interfaces/include/dynamixel_sdk_custom_interfaces/dynamixel_sdk_custom_interfaces
[4.728s] -- Up-to-date: /home/sli/slither_ws/install/dynamixel_sdk_custom_interfaces/include/dynamixel_sdk_custom_interfaces/dynamixel_sdk_custom_interfaces/srv
[4.729s] -- Up-to-date: /home/sli/slither_ws/install/dynamixel_sdk_custom_interfaces/include/dynamixel_sdk_custom_interfaces/dynamixel_sdk_custom_interfaces/srv/detail
[4.729s] -- Up-to-date: /home/sli/slither_ws/install/dynamixel_sdk_custom_interfaces/include/dynamixel_sdk_custom_interfaces/dynamixel_sdk_custom_interfaces/srv/detail/get_position__struct.hpp
[4.730s] -- Up-to-date: /home/sli/slither_ws/install/dynamixel_sdk_custom_interfaces/include/dynamixel_sdk_custom_interfaces/dynamixel_sdk_custom_interfaces/srv/detail/get_position__builder.hpp
[4.730s] -- Up-to-date: /home/sli/slither_ws/install/dynamixel_sdk_custom_interfaces/include/dynamixel_sdk_custom_interfaces/dynamixel_sdk_custom_interfaces/srv/detail/get_position__traits.hpp
[4.731s] -- Up-to-date: /home/sli/slither_ws/install/dynamixel_sdk_custom_interfaces/include/dynamixel_sdk_custom_interfaces/dynamixel_sdk_custom_interfaces/srv/get_position.hpp
[4.731s] -- Up-to-date: /home/sli/slither_ws/install/dynamixel_sdk_custom_interfaces/include/dynamixel_sdk_custom_interfaces/dynamixel_sdk_custom_interfaces/msg
[4.732s] -- Up-to-date: /home/sli/slither_ws/install/dynamixel_sdk_custom_interfaces/include/dynamixel_sdk_custom_interfaces/dynamixel_sdk_custom_interfaces/msg/detail
[4.732s] -- Up-to-date: /home/sli/slither_ws/install/dynamixel_sdk_custom_interfaces/include/dynamixel_sdk_custom_interfaces/dynamixel_sdk_custom_interfaces/msg/detail/set_position__traits.hpp
[4.733s] -- Up-to-date: /home/sli/slither_ws/install/dynamixel_sdk_custom_interfaces/include/dynamixel_sdk_custom_interfaces/dynamixel_sdk_custom_interfaces/msg/detail/set_position__struct.hpp
[4.734s] -- Up-to-date: /home/sli/slither_ws/install/dynamixel_sdk_custom_interfaces/include/dynamixel_sdk_custom_interfaces/dynamixel_sdk_custom_interfaces/msg/detail/set_position__builder.hpp
[4.734s] -- Up-to-date: /home/sli/slither_ws/install/dynamixel_sdk_custom_interfaces/include/dynamixel_sdk_custom_interfaces/dynamixel_sdk_custom_interfaces/msg/set_position.hpp
[4.735s] -- Up-to-date: /home/sli/slither_ws/install/dynamixel_sdk_custom_interfaces/include/dynamixel_sdk_custom_interfaces/dynamixel_sdk_custom_interfaces
[4.735s] -- Up-to-date: /home/sli/slither_ws/install/dynamixel_sdk_custom_interfaces/include/dynamixel_sdk_custom_interfaces/dynamixel_sdk_custom_interfaces/srv
[4.736s] -- Up-to-date: /home/sli/slither_ws/install/dynamixel_sdk_custom_interfaces/include/dynamixel_sdk_custom_interfaces/dynamixel_sdk_custom_interfaces/srv/detail
[4.737s] -- Up-to-date: /home/sli/slither_ws/install/dynamixel_sdk_custom_interfaces/include/dynamixel_sdk_custom_interfaces/dynamixel_sdk_custom_interfaces/srv/detail/get_position__rosidl_typesupport_fastrtps_cpp.hpp
[4.738s] -- Up-to-date: /home/sli/slither_ws/install/dynamixel_sdk_custom_interfaces/include/dynamixel_sdk_custom_interfaces/dynamixel_sdk_custom_interfaces/srv/detail/dds_fastrtps
[4.739s] -- Up-to-date: /home/sli/slither_ws/install/dynamixel_sdk_custom_interfaces/include/dynamixel_sdk_custom_interfaces/dynamixel_sdk_custom_interfaces/msg
[4.741s] -- Up-to-date: /home/sli/slither_ws/install/dynamixel_sdk_custom_interfaces/include/dynamixel_sdk_custom_interfaces/dynamixel_sdk_custom_interfaces/msg/detail
[4.742s] -- Up-to-date: /home/sli/slither_ws/install/dynamixel_sdk_custom_interfaces/include/dynamixel_sdk_custom_interfaces/dynamixel_sdk_custom_interfaces/msg/detail/dds_fastrtps
[4.743s] -- Up-to-date: /home/sli/slither_ws/install/dynamixel_sdk_custom_interfaces/include/dynamixel_sdk_custom_interfaces/dynamixel_sdk_custom_interfaces/msg/detail/set_position__rosidl_typesupport_fastrtps_cpp.hpp
[4.744s] -- Up-to-date: /home/sli/slither_ws/install/dynamixel_sdk_custom_interfaces/include/dynamixel_sdk_custom_interfaces/dynamixel_sdk_custom_interfaces/msg/rosidl_typesupport_fastrtps_cpp__visibility_control.h
[4.745s] -- Up-to-date: /home/sli/slither_ws/install/dynamixel_sdk_custom_interfaces/lib/libdynamixel_sdk_custom_interfaces__rosidl_typesupport_fastrtps_cpp.so
[4.745s] -- Up-to-date: /home/sli/slither_ws/install/dynamixel_sdk_custom_interfaces/include/dynamixel_sdk_custom_interfaces/dynamixel_sdk_custom_interfaces
[4.746s] -- Up-to-date: /home/sli/slither_ws/install/dynamixel_sdk_custom_interfaces/include/dynamixel_sdk_custom_interfaces/dynamixel_sdk_custom_interfaces/srv
[4.747s] -- Up-to-date: /home/sli/slither_ws/install/dynamixel_sdk_custom_interfaces/include/dynamixel_sdk_custom_interfaces/dynamixel_sdk_custom_interfaces/srv/detail
[4.748s] -- Up-to-date: /home/sli/slither_ws/install/dynamixel_sdk_custom_interfaces/include/dynamixel_sdk_custom_interfaces/dynamixel_sdk_custom_interfaces/srv/detail/get_position__rosidl_typesupport_introspection_c.h
[4.749s] -- Up-to-date: /home/sli/slither_ws/install/dynamixel_sdk_custom_interfaces/include/dynamixel_sdk_custom_interfaces/dynamixel_sdk_custom_interfaces/srv/detail/get_position__type_support.c
[4.749s] -- Up-to-date: /home/sli/slither_ws/install/dynamixel_sdk_custom_interfaces/include/dynamixel_sdk_custom_interfaces/dynamixel_sdk_custom_interfaces/msg
[4.750s] -- Up-to-date: /home/sli/slither_ws/install/dynamixel_sdk_custom_interfaces/include/dynamixel_sdk_custom_interfaces/dynamixel_sdk_custom_interfaces/msg/detail
[4.750s] -- Up-to-date: /home/sli/slither_ws/install/dynamixel_sdk_custom_interfaces/include/dynamixel_sdk_custom_interfaces/dynamixel_sdk_custom_interfaces/msg/detail/set_position__rosidl_typesupport_introspection_c.h
[4.751s] -- Up-to-date: /home/sli/slither_ws/install/dynamixel_sdk_custom_interfaces/include/dynamixel_sdk_custom_interfaces/dynamixel_sdk_custom_interfaces/msg/detail/set_position__type_support.c
[4.752s] -- Up-to-date: /home/sli/slither_ws/install/dynamixel_sdk_custom_interfaces/include/dynamixel_sdk_custom_interfaces/dynamixel_sdk_custom_interfaces/msg/rosidl_typesupport_introspection_c__visibility_control.h
[4.755s] -- Up-to-date: /home/sli/slither_ws/install/dynamixel_sdk_custom_interfaces/lib/libdynamixel_sdk_custom_interfaces__rosidl_typesupport_introspection_c.so
[4.756s] -- Up-to-date: /home/sli/slither_ws/install/dynamixel_sdk_custom_interfaces/lib/libdynamixel_sdk_custom_interfaces__rosidl_typesupport_c.so
[4.756s] -- Up-to-date: /home/sli/slither_ws/install/dynamixel_sdk_custom_interfaces/include/dynamixel_sdk_custom_interfaces/dynamixel_sdk_custom_interfaces
[4.757s] -- Up-to-date: /home/sli/slither_ws/install/dynamixel_sdk_custom_interfaces/include/dynamixel_sdk_custom_interfaces/dynamixel_sdk_custom_interfaces/srv
[4.758s] -- Up-to-date: /home/sli/slither_ws/install/dynamixel_sdk_custom_interfaces/include/dynamixel_sdk_custom_interfaces/dynamixel_sdk_custom_interfaces/srv/detail
[4.758s] -- Up-to-date: /home/sli/slither_ws/install/dynamixel_sdk_custom_interfaces/include/dynamixel_sdk_custom_interfaces/dynamixel_sdk_custom_interfaces/srv/detail/get_position__type_support.cpp
[4.759s] -- Up-to-date: /home/sli/slither_ws/install/dynamixel_sdk_custom_interfaces/include/dynamixel_sdk_custom_interfaces/dynamixel_sdk_custom_interfaces/srv/detail/get_position__rosidl_typesupport_introspection_cpp.hpp
[4.759s] -- Up-to-date: /home/sli/slither_ws/install/dynamixel_sdk_custom_interfaces/include/dynamixel_sdk_custom_interfaces/dynamixel_sdk_custom_interfaces/msg
[4.760s] -- Up-to-date: /home/sli/slither_ws/install/dynamixel_sdk_custom_interfaces/include/dynamixel_sdk_custom_interfaces/dynamixel_sdk_custom_interfaces/msg/detail
[4.760s] -- Up-to-date: /home/sli/slither_ws/install/dynamixel_sdk_custom_interfaces/include/dynamixel_sdk_custom_interfaces/dynamixel_sdk_custom_interfaces/msg/detail/set_position__rosidl_typesupport_introspection_cpp.hpp
[4.761s] -- Up-to-date: /home/sli/slither_ws/install/dynamixel_sdk_custom_interfaces/include/dynamixel_sdk_custom_interfaces/dynamixel_sdk_custom_interfaces/msg/detail/set_position__type_support.cpp
[4.767s] -- Up-to-date: /home/sli/slither_ws/install/dynamixel_sdk_custom_interfaces/lib/libdynamixel_sdk_custom_interfaces__rosidl_typesupport_introspection_cpp.so
[4.771s] -- Up-to-date: /home/sli/slither_ws/install/dynamixel_sdk_custom_interfaces/lib/libdynamixel_sdk_custom_interfaces__rosidl_typesupport_cpp.so
[4.773s] -- Up-to-date: /home/sli/slither_ws/install/dynamixel_sdk_custom_interfaces/share/dynamixel_sdk_custom_interfaces/environment/pythonpath.sh
[4.774s] -- Up-to-date: /home/sli/slither_ws/install/dynamixel_sdk_custom_interfaces/share/dynamixel_sdk_custom_interfaces/environment/pythonpath.dsv
[4.775s] -- Up-to-date: /home/sli/slither_ws/install/dynamixel_sdk_custom_interfaces/local/lib/python3.10/dist-packages/dynamixel_sdk_custom_interfaces-3.7.60-py3.10.egg-info
[4.776s] -- Installing: /home/sli/slither_ws/install/dynamixel_sdk_custom_interfaces/local/lib/python3.10/dist-packages/dynamixel_sdk_custom_interfaces-3.7.60-py3.10.egg-info/dependency_links.txt
[4.777s] -- Installing: /home/sli/slither_ws/install/dynamixel_sdk_custom_interfaces/local/lib/python3.10/dist-packages/dynamixel_sdk_custom_interfaces-3.7.60-py3.10.egg-info/top_level.txt
[4.779s] -- Installing: /home/sli/slither_ws/install/dynamixel_sdk_custom_interfaces/local/lib/python3.10/dist-packages/dynamixel_sdk_custom_interfaces-3.7.60-py3.10.egg-info/SOURCES.txt
[4.780s] -- Installing: /home/sli/slither_ws/install/dynamixel_sdk_custom_interfaces/local/lib/python3.10/dist-packages/dynamixel_sdk_custom_interfaces-3.7.60-py3.10.egg-info/PKG-INFO
[4.782s] -- Up-to-date: /home/sli/slither_ws/install/dynamixel_sdk_custom_interfaces/local/lib/python3.10/dist-packages/dynamixel_sdk_custom_interfaces
[4.789s] -- Up-to-date: /home/sli/slither_ws/install/dynamixel_sdk_custom_interfaces/local/lib/python3.10/dist-packages/dynamixel_sdk_custom_interfaces/dynamixel_sdk_custom_interfaces_s__rosidl_typesupport_fastrtps_c.cpython-310-aarch64-linux-gnu.so
[4.790s] -- Up-to-date: /home/sli/slither_ws/install/dynamixel_sdk_custom_interfaces/local/lib/python3.10/dist-packages/dynamixel_sdk_custom_interfaces/srv
[4.792s] -- Up-to-date: /home/sli/slither_ws/install/dynamixel_sdk_custom_interfaces/local/lib/python3.10/dist-packages/dynamixel_sdk_custom_interfaces/srv/_get_position.py
[4.793s] -- Up-to-date: /home/sli/slither_ws/install/dynamixel_sdk_custom_interfaces/local/lib/python3.10/dist-packages/dynamixel_sdk_custom_interfaces/srv/__init__.py
[4.794s] -- Up-to-date: /home/sli/slither_ws/install/dynamixel_sdk_custom_interfaces/local/lib/python3.10/dist-packages/dynamixel_sdk_custom_interfaces/srv/_get_position_s.c
[4.795s] -- Up-to-date: /home/sli/slither_ws/install/dynamixel_sdk_custom_interfaces/local/lib/python3.10/dist-packages/dynamixel_sdk_custom_interfaces/dynamixel_sdk_custom_interfaces_s__rosidl_typesupport_c.cpython-310-aarch64-linux-gnu.so
[4.796s] -- Up-to-date: /home/sli/slither_ws/install/dynamixel_sdk_custom_interfaces/local/lib/python3.10/dist-packages/dynamixel_sdk_custom_interfaces/msg
[4.797s] -- Up-to-date: /home/sli/slither_ws/install/dynamixel_sdk_custom_interfaces/local/lib/python3.10/dist-packages/dynamixel_sdk_custom_interfaces/msg/_set_position.py
[4.798s] -- Up-to-date: /home/sli/slither_ws/install/dynamixel_sdk_custom_interfaces/local/lib/python3.10/dist-packages/dynamixel_sdk_custom_interfaces/msg/__init__.py
[4.798s] -- Up-to-date: /home/sli/slither_ws/install/dynamixel_sdk_custom_interfaces/local/lib/python3.10/dist-packages/dynamixel_sdk_custom_interfaces/msg/_set_position_s.c
[4.799s] -- Up-to-date: /home/sli/slither_ws/install/dynamixel_sdk_custom_interfaces/local/lib/python3.10/dist-packages/dynamixel_sdk_custom_interfaces/_dynamixel_sdk_custom_interfaces_s.ep.rosidl_typesupport_introspection_c.c
[4.799s] -- Up-to-date: /home/sli/slither_ws/install/dynamixel_sdk_custom_interfaces/local/lib/python3.10/dist-packages/dynamixel_sdk_custom_interfaces/_dynamixel_sdk_custom_interfaces_s.ep.rosidl_typesupport_c.c
[4.800s] -- Up-to-date: /home/sli/slither_ws/install/dynamixel_sdk_custom_interfaces/local/lib/python3.10/dist-packages/dynamixel_sdk_custom_interfaces/__init__.py
[4.800s] -- Up-to-date: /home/sli/slither_ws/install/dynamixel_sdk_custom_interfaces/local/lib/python3.10/dist-packages/dynamixel_sdk_custom_interfaces/_dynamixel_sdk_custom_interfaces_s.ep.rosidl_typesupport_fastrtps_c.c
[4.801s] -- Up-to-date: /home/sli/slither_ws/install/dynamixel_sdk_custom_interfaces/local/lib/python3.10/dist-packages/dynamixel_sdk_custom_interfaces/dynamixel_sdk_custom_interfaces_s__rosidl_typesupport_introspection_c.cpython-310-aarch64-linux-gnu.so
[4.801s] -- Up-to-date: /home/sli/slither_ws/install/dynamixel_sdk_custom_interfaces/local/lib/python3.10/dist-packages/dynamixel_sdk_custom_interfaces/libdynamixel_sdk_custom_interfaces__rosidl_generator_py.so
[5.013s] Listing '/home/sli/slither_ws/install/dynamixel_sdk_custom_interfaces/local/lib/python3.10/dist-packages/dynamixel_sdk_custom_interfaces'...
[5.015s] Listing '/home/sli/slither_ws/install/dynamixel_sdk_custom_interfaces/local/lib/python3.10/dist-packages/dynamixel_sdk_custom_interfaces/msg'...
[5.017s] Listing '/home/sli/slither_ws/install/dynamixel_sdk_custom_interfaces/local/lib/python3.10/dist-packages/dynamixel_sdk_custom_interfaces/srv'...
[5.060s] -- Up-to-date: /home/sli/slither_ws/install/dynamixel_sdk_custom_interfaces/local/lib/python3.10/dist-packages/dynamixel_sdk_custom_interfaces/dynamixel_sdk_custom_interfaces_s__rosidl_typesupport_fastrtps_c.cpython-310-aarch64-linux-gnu.so
[5.063s] -- Up-to-date: /home/sli/slither_ws/install/dynamixel_sdk_custom_interfaces/local/lib/python3.10/dist-packages/dynamixel_sdk_custom_interfaces/dynamixel_sdk_custom_interfaces_s__rosidl_typesupport_introspection_c.cpython-310-aarch64-linux-gnu.so
[5.067s] -- Up-to-date: /home/sli/slither_ws/install/dynamixel_sdk_custom_interfaces/local/lib/python3.10/dist-packages/dynamixel_sdk_custom_interfaces/dynamixel_sdk_custom_interfaces_s__rosidl_typesupport_c.cpython-310-aarch64-linux-gnu.so
[5.072s] -- Up-to-date: /home/sli/slither_ws/install/dynamixel_sdk_custom_interfaces/lib/libdynamixel_sdk_custom_interfaces__rosidl_generator_py.so
[5.075s] -- Up-to-date: /home/sli/slither_ws/install/dynamixel_sdk_custom_interfaces/share/dynamixel_sdk_custom_interfaces/msg/SetPosition.idl
[5.076s] -- Up-to-date: /home/sli/slither_ws/install/dynamixel_sdk_custom_interfaces/share/dynamixel_sdk_custom_interfaces/srv/GetPosition.idl
[5.077s] -- Up-to-date: /home/sli/slither_ws/install/dynamixel_sdk_custom_interfaces/share/dynamixel_sdk_custom_interfaces/msg/SetPosition.msg
[5.079s] -- Up-to-date: /home/sli/slither_ws/install/dynamixel_sdk_custom_interfaces/share/dynamixel_sdk_custom_interfaces/srv/GetPosition.srv
[5.079s] -- Up-to-date: /home/sli/slither_ws/install/dynamixel_sdk_custom_interfaces/share/dynamixel_sdk_custom_interfaces/srv/GetPosition_Request.msg
[5.080s] -- Up-to-date: /home/sli/slither_ws/install/dynamixel_sdk_custom_interfaces/share/dynamixel_sdk_custom_interfaces/srv/GetPosition_Response.msg
[5.082s] -- Up-to-date: /home/sli/slither_ws/install/dynamixel_sdk_custom_interfaces/share/ament_index/resource_index/package_run_dependencies/dynamixel_sdk_custom_interfaces
[5.082s] -- Up-to-date: /home/sli/slither_ws/install/dynamixel_sdk_custom_interfaces/share/ament_index/resource_index/parent_prefix_path/dynamixel_sdk_custom_interfaces
[5.084s] -- Up-to-date: /home/sli/slither_ws/install/dynamixel_sdk_custom_interfaces/share/dynamixel_sdk_custom_interfaces/environment/ament_prefix_path.sh
[5.086s] -- Up-to-date: /home/sli/slither_ws/install/dynamixel_sdk_custom_interfaces/share/dynamixel_sdk_custom_interfaces/environment/ament_prefix_path.dsv
[5.087s] -- Up-to-date: /home/sli/slither_ws/install/dynamixel_sdk_custom_interfaces/share/dynamixel_sdk_custom_interfaces/environment/path.sh
[5.088s] -- Up-to-date: /home/sli/slither_ws/install/dynamixel_sdk_custom_interfaces/share/dynamixel_sdk_custom_interfaces/environment/path.dsv
[5.088s] -- Up-to-date: /home/sli/slither_ws/install/dynamixel_sdk_custom_interfaces/share/dynamixel_sdk_custom_interfaces/local_setup.bash
[5.089s] -- Up-to-date: /home/sli/slither_ws/install/dynamixel_sdk_custom_interfaces/share/dynamixel_sdk_custom_interfaces/local_setup.sh
[5.090s] -- Up-to-date: /home/sli/slither_ws/install/dynamixel_sdk_custom_interfaces/share/dynamixel_sdk_custom_interfaces/local_setup.zsh
[5.091s] -- Up-to-date: /home/sli/slither_ws/install/dynamixel_sdk_custom_interfaces/share/dynamixel_sdk_custom_interfaces/local_setup.dsv
[5.091s] -- Installing: /home/sli/slither_ws/install/dynamixel_sdk_custom_interfaces/share/dynamixel_sdk_custom_interfaces/package.dsv
[5.092s] -- Up-to-date: /home/sli/slither_ws/install/dynamixel_sdk_custom_interfaces/share/ament_index/resource_index/packages/dynamixel_sdk_custom_interfaces
[5.096s] -- Up-to-date: /home/sli/slither_ws/install/dynamixel_sdk_custom_interfaces/share/dynamixel_sdk_custom_interfaces/cmake/export_dynamixel_sdk_custom_interfaces__rosidl_generator_cExport.cmake
[5.098s] -- Up-to-date: /home/sli/slither_ws/install/dynamixel_sdk_custom_interfaces/share/dynamixel_sdk_custom_interfaces/cmake/export_dynamixel_sdk_custom_interfaces__rosidl_generator_cExport-noconfig.cmake
[5.101s] -- Up-to-date: /home/sli/slither_ws/install/dynamixel_sdk_custom_interfaces/share/dynamixel_sdk_custom_interfaces/cmake/export_dynamixel_sdk_custom_interfaces__rosidl_typesupport_fastrtps_cExport.cmake
[5.102s] -- Up-to-date: /home/sli/slither_ws/install/dynamixel_sdk_custom_interfaces/share/dynamixel_sdk_custom_interfaces/cmake/export_dynamixel_sdk_custom_interfaces__rosidl_typesupport_fastrtps_cExport-noconfig.cmake
[5.104s] -- Up-to-date: /home/sli/slither_ws/install/dynamixel_sdk_custom_interfaces/share/dynamixel_sdk_custom_interfaces/cmake/export_dynamixel_sdk_custom_interfaces__rosidl_generator_cppExport.cmake
[5.107s] -- Up-to-date: /home/sli/slither_ws/install/dynamixel_sdk_custom_interfaces/share/dynamixel_sdk_custom_interfaces/cmake/export_dynamixel_sdk_custom_interfaces__rosidl_typesupport_fastrtps_cppExport.cmake
[5.108s] -- Up-to-date: /home/sli/slither_ws/install/dynamixel_sdk_custom_interfaces/share/dynamixel_sdk_custom_interfaces/cmake/export_dynamixel_sdk_custom_interfaces__rosidl_typesupport_fastrtps_cppExport-noconfig.cmake
[5.110s] -- Up-to-date: /home/sli/slither_ws/install/dynamixel_sdk_custom_interfaces/share/dynamixel_sdk_custom_interfaces/cmake/dynamixel_sdk_custom_interfaces__rosidl_typesupport_introspection_cExport.cmake
[5.111s] -- Up-to-date: /home/sli/slither_ws/install/dynamixel_sdk_custom_interfaces/share/dynamixel_sdk_custom_interfaces/cmake/dynamixel_sdk_custom_interfaces__rosidl_typesupport_introspection_cExport-noconfig.cmake
[5.120s] -- Up-to-date: /home/sli/slither_ws/install/dynamixel_sdk_custom_interfaces/share/dynamixel_sdk_custom_interfaces/cmake/dynamixel_sdk_custom_interfaces__rosidl_typesupport_cExport.cmake
[5.121s] -- Up-to-date: /home/sli/slither_ws/install/dynamixel_sdk_custom_interfaces/share/dynamixel_sdk_custom_interfaces/cmake/dynamixel_sdk_custom_interfaces__rosidl_typesupport_cExport-noconfig.cmake
[5.127s] -- Up-to-date: /home/sli/slither_ws/install/dynamixel_sdk_custom_interfaces/share/dynamixel_sdk_custom_interfaces/cmake/dynamixel_sdk_custom_interfaces__rosidl_typesupport_introspection_cppExport.cmake
[5.129s] -- Up-to-date: /home/sli/slither_ws/install/dynamixel_sdk_custom_interfaces/share/dynamixel_sdk_custom_interfaces/cmake/dynamixel_sdk_custom_interfaces__rosidl_typesupport_introspection_cppExport-noconfig.cmake
[5.130s] -- Up-to-date: /home/sli/slither_ws/install/dynamixel_sdk_custom_interfaces/share/dynamixel_sdk_custom_interfaces/cmake/dynamixel_sdk_custom_interfaces__rosidl_typesupport_cppExport.cmake
[5.130s] -- Up-to-date: /home/sli/slither_ws/install/dynamixel_sdk_custom_interfaces/share/dynamixel_sdk_custom_interfaces/cmake/dynamixel_sdk_custom_interfaces__rosidl_typesupport_cppExport-noconfig.cmake
[5.132s] -- Up-to-date: /home/sli/slither_ws/install/dynamixel_sdk_custom_interfaces/share/dynamixel_sdk_custom_interfaces/cmake/export_dynamixel_sdk_custom_interfaces__rosidl_generator_pyExport.cmake
[5.134s] -- Up-to-date: /home/sli/slither_ws/install/dynamixel_sdk_custom_interfaces/share/dynamixel_sdk_custom_interfaces/cmake/export_dynamixel_sdk_custom_interfaces__rosidl_generator_pyExport-noconfig.cmake
[5.135s] -- Up-to-date: /home/sli/slither_ws/install/dynamixel_sdk_custom_interfaces/share/dynamixel_sdk_custom_interfaces/cmake/rosidl_cmake-extras.cmake
[5.136s] -- Up-to-date: /home/sli/slither_ws/install/dynamixel_sdk_custom_interfaces/share/dynamixel_sdk_custom_interfaces/cmake/ament_cmake_export_dependencies-extras.cmake
[5.138s] -- Up-to-date: /home/sli/slither_ws/install/dynamixel_sdk_custom_interfaces/share/dynamixel_sdk_custom_interfaces/cmake/ament_cmake_export_include_directories-extras.cmake
[5.140s] -- Up-to-date: /home/sli/slither_ws/install/dynamixel_sdk_custom_interfaces/share/dynamixel_sdk_custom_interfaces/cmake/ament_cmake_export_libraries-extras.cmake
[5.141s] -- Up-to-date: /home/sli/slither_ws/install/dynamixel_sdk_custom_interfaces/share/dynamixel_sdk_custom_interfaces/cmake/ament_cmake_export_targets-extras.cmake
[5.142s] -- Up-to-date: /home/sli/slither_ws/install/dynamixel_sdk_custom_interfaces/share/dynamixel_sdk_custom_interfaces/cmake/rosidl_cmake_export_typesupport_targets-extras.cmake
[5.143s] -- Up-to-date: /home/sli/slither_ws/install/dynamixel_sdk_custom_interfaces/share/dynamixel_sdk_custom_interfaces/cmake/rosidl_cmake_export_typesupport_libraries-extras.cmake
[5.145s] -- Up-to-date: /home/sli/slither_ws/install/dynamixel_sdk_custom_interfaces/share/dynamixel_sdk_custom_interfaces/cmake/dynamixel_sdk_custom_interfacesConfig.cmake
[5.146s] -- Up-to-date: /home/sli/slither_ws/install/dynamixel_sdk_custom_interfaces/share/dynamixel_sdk_custom_interfaces/cmake/dynamixel_sdk_custom_interfacesConfig-version.cmake
[5.147s] -- Up-to-date: /home/sli/slither_ws/install/dynamixel_sdk_custom_interfaces/share/dynamixel_sdk_custom_interfaces/package.xml
[5.164s] Invoked command in '/home/sli/slither_ws/build/dynamixel_sdk_custom_interfaces' returned '0': CMAKE_PREFIX_PATH=${CMAKE_PREFIX_PATH}:/home/sli/slither_ws/install/dynamixel_mpu9250:/home/sli/slither_ws/install/dynamixel_keyboard_controller:/opt/ros/humble /usr/bin/cmake --install /home/sli/slither_ws/build/dynamixel_sdk_custom_interfaces
