[0.087s] Invoking command in '/home/sli/slither_ws/build/dynamixel_sdk_examples': AMENT_PREFIX_PATH=/home/sli/slither_ws/install/dynamixel_sdk_custom_interfaces:/home/sli/slither_ws/install/dynamixel_sdk:${AMENT_PREFIX_PATH} CMAKE_PREFIX_PATH=/home/sli/slither_ws/install/dynamixel_sdk_custom_interfaces:/home/sli/slither_ws/install/dynamixel_sdk:/opt/ros/humble LD_LIBRARY_PATH=/home/sli/slither_ws/install/dynamixel_sdk_custom_interfaces/lib:/home/sli/slither_ws/install/dynamixel_sdk/lib:${LD_LIBRARY_PATH} PYTHONPATH=/home/sli/slither_ws/install/dynamixel_sdk_custom_interfaces/local/lib/python3.10/dist-packages:${PYTHONPATH} /usr/bin/cmake --build /home/sli/slither_ws/build/dynamixel_sdk_examples -- -j4 -l4
[0.416s] [100%] Built target read_write_node
[1.830s] Invoked command in '/home/sli/slither_ws/build/dynamixel_sdk_examples' returned '0': AMENT_PREFIX_PATH=/home/sli/slither_ws/install/dynamixel_sdk_custom_interfaces:/home/sli/slither_ws/install/dynamixel_sdk:${AMENT_PREFIX_PATH} CMAKE_PREFIX_PATH=/home/sli/slither_ws/install/dynamixel_sdk_custom_interfaces:/home/sli/slither_ws/install/dynamixel_sdk:/opt/ros/humble LD_LIBRARY_PATH=/home/sli/slither_ws/install/dynamixel_sdk_custom_interfaces/lib:/home/sli/slither_ws/install/dynamixel_sdk/lib:${LD_LIBRARY_PATH} PYTHONPATH=/home/sli/slither_ws/install/dynamixel_sdk_custom_interfaces/local/lib/python3.10/dist-packages:${PYTHONPATH} /usr/bin/cmake --build /home/sli/slither_ws/build/dynamixel_sdk_examples -- -j4 -l4
[3.955s] Invoking command in '/home/sli/slither_ws/build/dynamixel_sdk_examples': AMENT_PREFIX_PATH=/home/sli/slither_ws/install/dynamixel_sdk_custom_interfaces:/home/sli/slither_ws/install/dynamixel_sdk:${AMENT_PREFIX_PATH} CMAKE_PREFIX_PATH=/home/sli/slither_ws/install/dynamixel_sdk_custom_interfaces:/home/sli/slither_ws/install/dynamixel_sdk:/opt/ros/humble LD_LIBRARY_PATH=/home/sli/slither_ws/install/dynamixel_sdk_custom_interfaces/lib:/home/sli/slither_ws/install/dynamixel_sdk/lib:${LD_LIBRARY_PATH} PYTHONPATH=/home/sli/slither_ws/install/dynamixel_sdk_custom_interfaces/local/lib/python3.10/dist-packages:${PYTHONPATH} /usr/bin/cmake --install /home/sli/slither_ws/build/dynamixel_sdk_examples
[4.024s] -- Install configuration: ""
[4.027s] -- Up-to-date: /home/sli/slither_ws/install/dynamixel_sdk_examples/lib/dynamixel_sdk_examples/read_write_node
[4.031s] -- Up-to-date: /home/sli/slither_ws/install/dynamixel_sdk_examples/share/ament_index/resource_index/package_run_dependencies/dynamixel_sdk_examples
[4.033s] -- Up-to-date: /home/sli/slither_ws/install/dynamixel_sdk_examples/share/ament_index/resource_index/parent_prefix_path/dynamixel_sdk_examples
[4.035s] -- Up-to-date: /home/sli/slither_ws/install/dynamixel_sdk_examples/share/dynamixel_sdk_examples/environment/ament_prefix_path.sh
[4.037s] -- Up-to-date: /home/sli/slither_ws/install/dynamixel_sdk_examples/share/dynamixel_sdk_examples/environment/ament_prefix_path.dsv
[4.039s] -- Up-to-date: /home/sli/slither_ws/install/dynamixel_sdk_examples/share/dynamixel_sdk_examples/environment/path.sh
[4.041s] -- Up-to-date: /home/sli/slither_ws/install/dynamixel_sdk_examples/share/dynamixel_sdk_examples/environment/path.dsv
[4.042s] -- Up-to-date: /home/sli/slither_ws/install/dynamixel_sdk_examples/share/dynamixel_sdk_examples/local_setup.bash
[4.044s] -- Up-to-date: /home/sli/slither_ws/install/dynamixel_sdk_examples/share/dynamixel_sdk_examples/local_setup.sh
[4.047s] -- Up-to-date: /home/sli/slither_ws/install/dynamixel_sdk_examples/share/dynamixel_sdk_examples/local_setup.zsh
[4.049s] -- Up-to-date: /home/sli/slither_ws/install/dynamixel_sdk_examples/share/dynamixel_sdk_examples/local_setup.dsv
[4.052s] -- Installing: /home/sli/slither_ws/install/dynamixel_sdk_examples/share/dynamixel_sdk_examples/package.dsv
[4.057s] -- Up-to-date: /home/sli/slither_ws/install/dynamixel_sdk_examples/share/ament_index/resource_index/packages/dynamixel_sdk_examples
[4.059s] -- Up-to-date: /home/sli/slither_ws/install/dynamixel_sdk_examples/share/dynamixel_sdk_examples/cmake/dynamixel_sdk_examplesConfig.cmake
[4.061s] -- Up-to-date: /home/sli/slither_ws/install/dynamixel_sdk_examples/share/dynamixel_sdk_examples/cmake/dynamixel_sdk_examplesConfig-version.cmake
[4.064s] -- Up-to-date: /home/sli/slither_ws/install/dynamixel_sdk_examples/share/dynamixel_sdk_examples/package.xml
[4.099s] Invoked command in '/home/sli/slither_ws/build/dynamixel_sdk_examples' returned '0': AMENT_PREFIX_PATH=/home/sli/slither_ws/install/dynamixel_sdk_custom_interfaces:/home/sli/slither_ws/install/dynamixel_sdk:${AMENT_PREFIX_PATH} CMAKE_PREFIX_PATH=/home/sli/slither_ws/install/dynamixel_sdk_custom_interfaces:/home/sli/slither_ws/install/dynamixel_sdk:/opt/ros/humble LD_LIBRARY_PATH=/home/sli/slither_ws/install/dynamixel_sdk_custom_interfaces/lib:/home/sli/slither_ws/install/dynamixel_sdk/lib:${LD_LIBRARY_PATH} PYTHONPATH=/home/sli/slither_ws/install/dynamixel_sdk_custom_interfaces/local/lib/python3.10/dist-packages:${PYTHONPATH} /usr/bin/cmake --install /home/sli/slither_ws/build/dynamixel_sdk_examples
