[3.829s] Invoking command in '/home/sli/slither_ws/src/locomotion': AMENT_PREFIX_PATH=/home/sli/slither_ws/install/dynamixel_sdk_custom_interfaces:/home/sli/slither_ws/install/dynamixel_sdk:${AMENT_PREFIX_PATH} CMAKE_PREFIX_PATH=/home/sli/slither_ws/install/dynamixel_sdk_custom_interfaces:/home/sli/slither_ws/install/dynamixel_sdk LD_LIBRARY_PATH=/home/sli/slither_ws/install/dynamixel_sdk_custom_interfaces/lib:/home/sli/slither_ws/install/dynamixel_sdk/lib:${LD_LIBRARY_PATH} PYTHONPATH=/home/sli/slither_ws/build/locomotion/prefix_override:/usr/lib/python3/dist-packages/colcon_core/task/python/colcon_distutils_commands:/home/sli/slither_ws/install/locomotion/lib/python3.10/site-packages:/home/sli/slither_ws/install/dynamixel_sdk_custom_interfaces/local/lib/python3.10/dist-packages:${PYTHONPATH} /usr/bin/python3 -W ignore:setup.py install is deprecated setup.py egg_info --egg-base ../../build/locomotion build --build-base /home/sli/slither_ws/build/locomotion/build install --record /home/sli/slither_ws/build/locomotion/install.log --single-version-externally-managed install_data
[4.997s] running egg_info
[4.999s] writing ../../build/locomotion/locomotion.egg-info/PKG-INFO
[5.000s] writing dependency_links to ../../build/locomotion/locomotion.egg-info/dependency_links.txt
[5.001s] writing entry points to ../../build/locomotion/locomotion.egg-info/entry_points.txt
[5.002s] writing requirements to ../../build/locomotion/locomotion.egg-info/requires.txt
[5.002s] writing top-level names to ../../build/locomotion/locomotion.egg-info/top_level.txt
[5.011s] reading manifest file '../../build/locomotion/locomotion.egg-info/SOURCES.txt'
[5.014s] writing manifest file '../../build/locomotion/locomotion.egg-info/SOURCES.txt'
[5.015s] running build
[5.015s] running build_py
[5.016s] copying locomotion/locomotion.py -> /home/sli/slither_ws/build/locomotion/build/lib/locomotion
[5.017s] running install
[5.019s] running install_lib
[5.022s] copying /home/sli/slither_ws/build/locomotion/build/lib/locomotion/locomotion.py -> /home/sli/slither_ws/install/locomotion/lib/python3.10/site-packages/locomotion
[5.025s] byte-compiling /home/sli/slither_ws/install/locomotion/lib/python3.10/site-packages/locomotion/locomotion.py to locomotion.cpython-310.pyc
[5.032s] running install_data
[5.032s] running install_egg_info
[5.038s] removing '/home/sli/slither_ws/install/locomotion/lib/python3.10/site-packages/locomotion-0.0.0-py3.10.egg-info' (and everything under it)
[5.040s] Copying ../../build/locomotion/locomotion.egg-info to /home/sli/slither_ws/install/locomotion/lib/python3.10/site-packages/locomotion-0.0.0-py3.10.egg-info
[5.045s] running install_scripts
[5.130s] Installing locomotion_node script to /home/sli/slither_ws/install/locomotion/lib/locomotion
[5.131s] writing list of installed files to '/home/sli/slither_ws/build/locomotion/install.log'
[5.252s] Invoked command in '/home/sli/slither_ws/src/locomotion' returned '0': AMENT_PREFIX_PATH=/home/sli/slither_ws/install/dynamixel_sdk_custom_interfaces:/home/sli/slither_ws/install/dynamixel_sdk:${AMENT_PREFIX_PATH} CMAKE_PREFIX_PATH=/home/sli/slither_ws/install/dynamixel_sdk_custom_interfaces:/home/sli/slither_ws/install/dynamixel_sdk LD_LIBRARY_PATH=/home/sli/slither_ws/install/dynamixel_sdk_custom_interfaces/lib:/home/sli/slither_ws/install/dynamixel_sdk/lib:${LD_LIBRARY_PATH} PYTHONPATH=/home/sli/slither_ws/build/locomotion/prefix_override:/usr/lib/python3/dist-packages/colcon_core/task/python/colcon_distutils_commands:/home/sli/slither_ws/install/locomotion/lib/python3.10/site-packages:/home/sli/slither_ws/install/dynamixel_sdk_custom_interfaces/local/lib/python3.10/dist-packages:${PYTHONPATH} /usr/bin/python3 -W ignore:setup.py install is deprecated setup.py egg_info --egg-base ../../build/locomotion build --build-base /home/sli/slither_ws/build/locomotion/build install --record /home/sli/slither_ws/build/locomotion/install.log --single-version-externally-managed install_data
