[4.408s] Invoking command in '/home/sli/slither_ws/src/locomotion': CMAKE_PREFIX_PATH=/home/sli/slither_ws/install/dynamixel_sdk_custom_interfaces:/home/sli/slither_ws/install/dynamixel_sdk:/home/sli/slither_ws/install/dynamixel_sdk_examples PYTHONPATH=/home/sli/slither_ws/build/locomotion/prefix_override:/usr/lib/python3/dist-packages/colcon_core/task/python/colcon_distutils_commands:/home/sli/slither_ws/install/locomotion/lib/python3.10/site-packages:${PYTHONPATH} /usr/bin/python3 -W ignore:setup.py install is deprecated setup.py egg_info --egg-base ../../build/locomotion build --build-base /home/sli/slither_ws/build/locomotion/build install --record /home/sli/slither_ws/build/locomotion/install.log --single-version-externally-managed install_data
[5.813s] running egg_info
[5.816s] writing ../../build/locomotion/locomotion.egg-info/PKG-INFO
[5.817s] writing dependency_links to ../../build/locomotion/locomotion.egg-info/dependency_links.txt
[5.818s] writing entry points to ../../build/locomotion/locomotion.egg-info/entry_points.txt
[5.819s] writing requirements to ../../build/locomotion/locomotion.egg-info/requires.txt
[5.820s] writing top-level names to ../../build/locomotion/locomotion.egg-info/top_level.txt
[5.828s] reading manifest file '../../build/locomotion/locomotion.egg-info/SOURCES.txt'
[5.835s] writing manifest file '../../build/locomotion/locomotion.egg-info/SOURCES.txt'
[5.860s] running build
[5.862s] running build_py
[5.863s] running install
[5.864s] running install_lib
[5.865s] running install_data
[5.866s] running install_egg_info
[5.867s] removing '/home/sli/slither_ws/install/locomotion/lib/python3.10/site-packages/locomotion-0.0.0-py3.10.egg-info' (and everything under it)
[5.873s] Copying ../../build/locomotion/locomotion.egg-info to /home/sli/slither_ws/install/locomotion/lib/python3.10/site-packages/locomotion-0.0.0-py3.10.egg-info
[5.898s] running install_scripts
[6.030s] Installing locomotion_node script to /home/sli/slither_ws/install/locomotion/lib/locomotion
[6.032s] writing list of installed files to '/home/sli/slither_ws/build/locomotion/install.log'
[6.187s] Invoked command in '/home/sli/slither_ws/src/locomotion' returned '0': CMAKE_PREFIX_PATH=/home/sli/slither_ws/install/dynamixel_sdk_custom_interfaces:/home/sli/slither_ws/install/dynamixel_sdk:/home/sli/slither_ws/install/dynamixel_sdk_examples PYTHONPATH=/home/sli/slither_ws/build/locomotion/prefix_override:/usr/lib/python3/dist-packages/colcon_core/task/python/colcon_distutils_commands:/home/sli/slither_ws/install/locomotion/lib/python3.10/site-packages:${PYTHONPATH} /usr/bin/python3 -W ignore:setup.py install is deprecated setup.py egg_info --egg-base ../../build/locomotion build --build-base /home/sli/slither_ws/build/locomotion/build install --record /home/sli/slither_ws/build/locomotion/install.log --single-version-externally-managed install_data
