[4.184s] Invoking command in '/home/sli/slither_ws/src/locomotion': AMENT_PREFIX_PATH=/home/sli/slither_ws/install/dynamixel_sdk_custom_interfaces:/home/sli/slither_ws/install/dynamixel_sdk:${AMENT_PREFIX_PATH} CMAKE_PREFIX_PATH=/home/sli/slither_ws/install/dynamixel_sdk_custom_interfaces:/home/sli/slither_ws/install/dynamixel_sdk LD_LIBRARY_PATH=/home/sli/slither_ws/install/dynamixel_sdk_custom_interfaces/lib:/home/sli/slither_ws/install/dynamixel_sdk/lib:${LD_LIBRARY_PATH} PYTHONPATH=/home/sli/slither_ws/build/locomotion/prefix_override:/usr/lib/python3/dist-packages/colcon_core/task/python/colcon_distutils_commands:/home/sli/slither_ws/install/locomotion/lib/python3.10/site-packages:/home/sli/slither_ws/install/dynamixel_sdk_custom_interfaces/local/lib/python3.10/dist-packages:${PYTHONPATH} /usr/bin/python3 -W ignore:setup.py install is deprecated setup.py egg_info --egg-base ../../build/locomotion build --build-base /home/sli/slither_ws/build/locomotion/build install --record /home/sli/slither_ws/build/locomotion/install.log --single-version-externally-managed install_data
[5.544s] running egg_info
[5.547s] writing ../../build/locomotion/locomotion.egg-info/PKG-INFO
[5.548s] writing dependency_links to ../../build/locomotion/locomotion.egg-info/dependency_links.txt
[5.549s] writing entry points to ../../build/locomotion/locomotion.egg-info/entry_points.txt
[5.550s] writing requirements to ../../build/locomotion/locomotion.egg-info/requires.txt
[5.551s] writing top-level names to ../../build/locomotion/locomotion.egg-info/top_level.txt
[5.560s] reading manifest file '../../build/locomotion/locomotion.egg-info/SOURCES.txt'
[5.564s] writing manifest file '../../build/locomotion/locomotion.egg-info/SOURCES.txt'
[5.565s] running build
[5.566s] running build_py
[5.567s] running install
[5.569s] running install_lib
[5.575s] running install_data
[5.576s] running install_egg_info
[5.585s] removing '/home/sli/slither_ws/install/locomotion/lib/python3.10/site-packages/locomotion-0.0.0-py3.10.egg-info' (and everything under it)
[5.587s] Copying ../../build/locomotion/locomotion.egg-info to /home/sli/slither_ws/install/locomotion/lib/python3.10/site-packages/locomotion-0.0.0-py3.10.egg-info
[5.594s] running install_scripts
[5.693s] Installing locomotion_node script to /home/sli/slither_ws/install/locomotion/lib/locomotion
[5.695s] writing list of installed files to '/home/sli/slither_ws/build/locomotion/install.log'
[5.893s] Invoked command in '/home/sli/slither_ws/src/locomotion' returned '0': AMENT_PREFIX_PATH=/home/sli/slither_ws/install/dynamixel_sdk_custom_interfaces:/home/sli/slither_ws/install/dynamixel_sdk:${AMENT_PREFIX_PATH} CMAKE_PREFIX_PATH=/home/sli/slither_ws/install/dynamixel_sdk_custom_interfaces:/home/sli/slither_ws/install/dynamixel_sdk LD_LIBRARY_PATH=/home/sli/slither_ws/install/dynamixel_sdk_custom_interfaces/lib:/home/sli/slither_ws/install/dynamixel_sdk/lib:${LD_LIBRARY_PATH} PYTHONPATH=/home/sli/slither_ws/build/locomotion/prefix_override:/usr/lib/python3/dist-packages/colcon_core/task/python/colcon_distutils_commands:/home/sli/slither_ws/install/locomotion/lib/python3.10/site-packages:/home/sli/slither_ws/install/dynamixel_sdk_custom_interfaces/local/lib/python3.10/dist-packages:${PYTHONPATH} /usr/bin/python3 -W ignore:setup.py install is deprecated setup.py egg_info --egg-base ../../build/locomotion build --build-base /home/sli/slither_ws/build/locomotion/build install --record /home/sli/slither_ws/build/locomotion/install.log --single-version-externally-managed install_data
