[4.621s] Invoking command in '/home/sli/slither_ws/src/dynamixel_keyboard_controller': PYTHONPATH=/home/sli/slither_ws/build/dynamixel_keyboard_controller/prefix_override:/usr/lib/python3/dist-packages/colcon_core/task/python/colcon_distutils_commands:/home/sli/slither_ws/install/dynamixel_keyboard_controller/lib/python3.10/site-packages:${PYTHONPATH} /usr/bin/python3 -W ignore:setup.py install is deprecated setup.py egg_info --egg-base ../../build/dynamixel_keyboard_controller build --build-base /home/sli/slither_ws/build/dynamixel_keyboard_controller/build install --record /home/sli/slither_ws/build/dynamixel_keyboard_controller/install.log --single-version-externally-managed install_data
[6.204s] running egg_info
[6.208s] writing ../../build/dynamixel_keyboard_controller/dynamixel_keyboard_controller.egg-info/PKG-INFO
[6.217s] writing dependency_links to ../../build/dynamixel_keyboard_controller/dynamixel_keyboard_controller.egg-info/dependency_links.txt
[6.218s] writing entry points to ../../build/dynamixel_keyboard_controller/dynamixel_keyboard_controller.egg-info/entry_points.txt
[6.219s] writing requirements to ../../build/dynamixel_keyboard_controller/dynamixel_keyboard_controller.egg-info/requires.txt
[6.220s] writing top-level names to ../../build/dynamixel_keyboard_controller/dynamixel_keyboard_controller.egg-info/top_level.txt
[6.231s] reading manifest file '../../build/dynamixel_keyboard_controller/dynamixel_keyboard_controller.egg-info/SOURCES.txt'
[6.237s] writing manifest file '../../build/dynamixel_keyboard_controller/dynamixel_keyboard_controller.egg-info/SOURCES.txt'
[6.237s] running build
[6.238s] running build_py
[6.243s] running install
[6.245s] running install_lib
[6.254s] running install_data
[6.260s] running install_egg_info
[6.268s] removing '/home/sli/slither_ws/install/dynamixel_keyboard_controller/lib/python3.10/site-packages/dynamixel_keyboard_controller-0.0.0-py3.10.egg-info' (and everything under it)
[6.270s] Copying ../../build/dynamixel_keyboard_controller/dynamixel_keyboard_controller.egg-info to /home/sli/slither_ws/install/dynamixel_keyboard_controller/lib/python3.10/site-packages/dynamixel_keyboard_controller-0.0.0-py3.10.egg-info
[6.282s] running install_scripts
[6.388s] Installing dynamixel_keyboard_controller script to /home/sli/slither_ws/install/dynamixel_keyboard_controller/lib/dynamixel_keyboard_controller
[6.396s] writing list of installed files to '/home/sli/slither_ws/build/dynamixel_keyboard_controller/install.log'
[6.572s] Invoked command in '/home/sli/slither_ws/src/dynamixel_keyboard_controller' returned '0': PYTHONPATH=/home/sli/slither_ws/build/dynamixel_keyboard_controller/prefix_override:/usr/lib/python3/dist-packages/colcon_core/task/python/colcon_distutils_commands:/home/sli/slither_ws/install/dynamixel_keyboard_controller/lib/python3.10/site-packages:${PYTHONPATH} /usr/bin/python3 -W ignore:setup.py install is deprecated setup.py egg_info --egg-base ../../build/dynamixel_keyboard_controller build --build-base /home/sli/slither_ws/build/dynamixel_keyboard_controller/build install --record /home/sli/slither_ws/build/dynamixel_keyboard_controller/install.log --single-version-externally-managed install_data
