[4.553s] Invoking command in '/home/sli/slither_ws/src/dynamixel_keyboard_controller': PYTHONPATH=/home/sli/slither_ws/build/dynamixel_keyboard_controller/prefix_override:/usr/lib/python3/dist-packages/colcon_core/task/python/colcon_distutils_commands:/home/sli/slither_ws/install/dynamixel_keyboard_controller/lib/python3.10/site-packages:${PYTHONPATH} /usr/bin/python3 -W ignore:setup.py install is deprecated setup.py egg_info --egg-base ../../build/dynamixel_keyboard_controller build --build-base /home/sli/slither_ws/build/dynamixel_keyboard_controller/build install --record /home/sli/slither_ws/build/dynamixel_keyboard_controller/install.log --single-version-externally-managed install_data
[6.308s] running egg_info
[6.311s] writing ../../build/dynamixel_keyboard_controller/dynamixel_keyboard_controller.egg-info/PKG-INFO
[6.312s] writing dependency_links to ../../build/dynamixel_keyboard_controller/dynamixel_keyboard_controller.egg-info/dependency_links.txt
[6.314s] writing entry points to ../../build/dynamixel_keyboard_controller/dynamixel_keyboard_controller.egg-info/entry_points.txt
[6.315s] writing requirements to ../../build/dynamixel_keyboard_controller/dynamixel_keyboard_controller.egg-info/requires.txt
[6.315s] writing top-level names to ../../build/dynamixel_keyboard_controller/dynamixel_keyboard_controller.egg-info/top_level.txt
[6.326s] reading manifest file '../../build/dynamixel_keyboard_controller/dynamixel_keyboard_controller.egg-info/SOURCES.txt'
[6.331s] writing manifest file '../../build/dynamixel_keyboard_controller/dynamixel_keyboard_controller.egg-info/SOURCES.txt'
[6.332s] running build
[6.333s] running build_py
[6.336s] running install
[6.338s] running install_lib
[6.347s] running install_data
[6.348s] running install_egg_info
[6.356s] removing '/home/sli/slither_ws/install/dynamixel_keyboard_controller/lib/python3.10/site-packages/dynamixel_keyboard_controller-0.0.0-py3.10.egg-info' (and everything under it)
[6.358s] Copying ../../build/dynamixel_keyboard_controller/dynamixel_keyboard_controller.egg-info to /home/sli/slither_ws/install/dynamixel_keyboard_controller/lib/python3.10/site-packages/dynamixel_keyboard_controller-0.0.0-py3.10.egg-info
[6.371s] running install_scripts
[6.479s] Installing dynamixel_keyboard_controller script to /home/sli/slither_ws/install/dynamixel_keyboard_controller/lib/dynamixel_keyboard_controller
[6.485s] writing list of installed files to '/home/sli/slither_ws/build/dynamixel_keyboard_controller/install.log'
[7.547s] Invoked command in '/home/sli/slither_ws/src/dynamixel_keyboard_controller' returned '0': PYTHONPATH=/home/sli/slither_ws/build/dynamixel_keyboard_controller/prefix_override:/usr/lib/python3/dist-packages/colcon_core/task/python/colcon_distutils_commands:/home/sli/slither_ws/install/dynamixel_keyboard_controller/lib/python3.10/site-packages:${PYTHONPATH} /usr/bin/python3 -W ignore:setup.py install is deprecated setup.py egg_info --egg-base ../../build/dynamixel_keyboard_controller build --build-base /home/sli/slither_ws/build/dynamixel_keyboard_controller/build install --record /home/sli/slither_ws/build/dynamixel_keyboard_controller/install.log --single-version-externally-managed install_data
