[0.148s] Invoking command in '/home/sli/slither_ws/build/dynamixel_sdk': CMAKE_PREFIX_PATH=${CMAKE_PREFIX_PATH}:/home/sli/slither_ws/install/locomotion_wire:/home/sli/slither_ws/install/locomotion:/home/sli/slither_ws/install/dynamixel_mpu9250:/home/sli/slither_ws/install/dynamixel_keyboard_controller:/opt/ros/humble /usr/bin/cmake --build /home/sli/slither_ws/build/dynamixel_sdk -- -j4 -l4
[0.500s] [100%] Built target dynamixel_sdk
[2.093s] Invoked command in '/home/sli/slither_ws/build/dynamixel_sdk' returned '0': CMAKE_PREFIX_PATH=${CMAKE_PREFIX_PATH}:/home/sli/slither_ws/install/locomotion_wire:/home/sli/slither_ws/install/locomotion:/home/sli/slither_ws/install/dynamixel_mpu9250:/home/sli/slither_ws/install/dynamixel_keyboard_controller:/opt/ros/humble /usr/bin/cmake --build /home/sli/slither_ws/build/dynamixel_sdk -- -j4 -l4
[2.656s] Invoking command in '/home/sli/slither_ws/build/dynamixel_sdk': CMAKE_PREFIX_PATH=${CMAKE_PREFIX_PATH}:/home/sli/slither_ws/install/locomotion_wire:/home/sli/slither_ws/install/locomotion:/home/sli/slither_ws/install/dynamixel_mpu9250:/home/sli/slither_ws/install/dynamixel_keyboard_controller:/opt/ros/humble /usr/bin/cmake --install /home/sli/slither_ws/build/dynamixel_sdk
[2.717s] -- Install configuration: ""
[2.718s] -- Up-to-date: /home/sli/slither_ws/install/dynamixel_sdk/include/
[2.720s] -- Up-to-date: /home/sli/slither_ws/install/dynamixel_sdk/include//dynamixel_sdk
[2.721s] -- Up-to-date: /home/sli/slither_ws/install/dynamixel_sdk/include//dynamixel_sdk/port_handler_arduino.h
[2.723s] -- Up-to-date: /home/sli/slither_ws/install/dynamixel_sdk/include//dynamixel_sdk/packet_handler.h
[2.725s] -- Up-to-date: /home/sli/slither_ws/install/dynamixel_sdk/include//dynamixel_sdk/port_handler_mac.h
[2.727s] -- Up-to-date: /home/sli/slither_ws/install/dynamixel_sdk/include//dynamixel_sdk/group_sync_read.h
[2.728s] -- Up-to-date: /home/sli/slither_ws/install/dynamixel_sdk/include//dynamixel_sdk/group_bulk_write.h
[2.729s] -- Up-to-date: /home/sli/slither_ws/install/dynamixel_sdk/include//dynamixel_sdk/group_bulk_read.h
[2.730s] -- Up-to-date: /home/sli/slither_ws/install/dynamixel_sdk/include//dynamixel_sdk/group_sync_write.h
[2.730s] -- Up-to-date: /home/sli/slither_ws/install/dynamixel_sdk/include//dynamixel_sdk/port_handler_windows.h
[2.732s] -- Up-to-date: /home/sli/slither_ws/install/dynamixel_sdk/include//dynamixel_sdk/port_handler.h
[2.734s] -- Up-to-date: /home/sli/slither_ws/install/dynamixel_sdk/include//dynamixel_sdk/protocol2_packet_handler.h
[2.735s] -- Up-to-date: /home/sli/slither_ws/install/dynamixel_sdk/include//dynamixel_sdk/dynamixel_sdk.h
[2.736s] -- Up-to-date: /home/sli/slither_ws/install/dynamixel_sdk/include//dynamixel_sdk/protocol1_packet_handler.h
[2.739s] -- Up-to-date: /home/sli/slither_ws/install/dynamixel_sdk/include//dynamixel_sdk/port_handler_linux.h
[2.740s] -- Up-to-date: /home/sli/slither_ws/install/dynamixel_sdk/lib/libdynamixel_sdk.so
[2.740s] -- Up-to-date: /home/sli/slither_ws/install/dynamixel_sdk/share/dynamixel_sdk/environment/library_path.sh
[2.742s] -- Up-to-date: /home/sli/slither_ws/install/dynamixel_sdk/share/dynamixel_sdk/environment/library_path.dsv
[2.743s] -- Up-to-date: /home/sli/slither_ws/install/dynamixel_sdk/share/ament_index/resource_index/package_run_dependencies/dynamixel_sdk
[2.744s] -- Up-to-date: /home/sli/slither_ws/install/dynamixel_sdk/share/ament_index/resource_index/parent_prefix_path/dynamixel_sdk
[2.745s] -- Up-to-date: /home/sli/slither_ws/install/dynamixel_sdk/share/dynamixel_sdk/environment/ament_prefix_path.sh
[2.745s] -- Up-to-date: /home/sli/slither_ws/install/dynamixel_sdk/share/dynamixel_sdk/environment/ament_prefix_path.dsv
[2.747s] -- Up-to-date: /home/sli/slither_ws/install/dynamixel_sdk/share/dynamixel_sdk/environment/path.sh
[2.747s] -- Up-to-date: /home/sli/slither_ws/install/dynamixel_sdk/share/dynamixel_sdk/environment/path.dsv
[2.748s] -- Up-to-date: /home/sli/slither_ws/install/dynamixel_sdk/share/dynamixel_sdk/local_setup.bash
[2.749s] -- Up-to-date: /home/sli/slither_ws/install/dynamixel_sdk/share/dynamixel_sdk/local_setup.sh
[2.749s] -- Up-to-date: /home/sli/slither_ws/install/dynamixel_sdk/share/dynamixel_sdk/local_setup.zsh
[2.750s] -- Up-to-date: /home/sli/slither_ws/install/dynamixel_sdk/share/dynamixel_sdk/local_setup.dsv
[2.751s] -- Installing: /home/sli/slither_ws/install/dynamixel_sdk/share/dynamixel_sdk/package.dsv
[2.752s] -- Up-to-date: /home/sli/slither_ws/install/dynamixel_sdk/share/ament_index/resource_index/packages/dynamixel_sdk
[2.753s] -- Up-to-date: /home/sli/slither_ws/install/dynamixel_sdk/share/dynamixel_sdk/cmake/ament_cmake_export_include_directories-extras.cmake
[2.777s] -- Up-to-date: /home/sli/slither_ws/install/dynamixel_sdk/share/dynamixel_sdk/cmake/ament_cmake_export_libraries-extras.cmake
[2.777s] -- Up-to-date: /home/sli/slither_ws/install/dynamixel_sdk/share/dynamixel_sdk/cmake/dynamixel_sdkConfig.cmake
[2.778s] -- Up-to-date: /home/sli/slither_ws/install/dynamixel_sdk/share/dynamixel_sdk/cmake/dynamixel_sdkConfig-version.cmake
[2.779s] -- Up-to-date: /home/sli/slither_ws/install/dynamixel_sdk/share/dynamixel_sdk/package.xml
[2.780s] Invoked command in '/home/sli/slither_ws/build/dynamixel_sdk' returned '0': CMAKE_PREFIX_PATH=${CMAKE_PREFIX_PATH}:/home/sli/slither_ws/install/locomotion_wire:/home/sli/slither_ws/install/locomotion:/home/sli/slither_ws/install/dynamixel_mpu9250:/home/sli/slither_ws/install/dynamixel_keyboard_controller:/opt/ros/humble /usr/bin/cmake --install /home/sli/slither_ws/build/dynamixel_sdk
