[5.363s] Invoking command in '/home/sli/slither_ws/src/locomotion': CMAKE_PREFIX_PATH=/home/sli/slither_ws/install/dynamixel_sdk_custom_interfaces:/home/sli/slither_ws/install/dynamixel_sdk:/home/sli/slither_ws/install/dynamixel_sdk_examples PYTHONPATH=/home/sli/slither_ws/build/locomotion/prefix_override:/usr/lib/python3/dist-packages/colcon_core/task/python/colcon_distutils_commands:/home/sli/slither_ws/install/locomotion/lib/python3.10/site-packages:${PYTHONPATH} /usr/bin/python3 -W ignore:setup.py install is deprecated setup.py egg_info --egg-base ../../build/locomotion build --build-base /home/sli/slither_ws/build/locomotion/build install --record /home/sli/slither_ws/build/locomotion/install.log --single-version-externally-managed install_data
[7.136s] running egg_info
[7.141s] writing ../../build/locomotion/locomotion.egg-info/PKG-INFO
[7.144s] writing dependency_links to ../../build/locomotion/locomotion.egg-info/dependency_links.txt
[7.146s] writing entry points to ../../build/locomotion/locomotion.egg-info/entry_points.txt
[7.147s] writing requirements to ../../build/locomotion/locomotion.egg-info/requires.txt
[7.148s] writing top-level names to ../../build/locomotion/locomotion.egg-info/top_level.txt
[7.165s] reading manifest file '../../build/locomotion/locomotion.egg-info/SOURCES.txt'
[7.171s] writing manifest file '../../build/locomotion/locomotion.egg-info/SOURCES.txt'
[7.173s] running build
[7.175s] running build_py
[7.177s] running install
[7.179s] running install_lib
[7.193s] running install_data
[7.193s] running install_egg_info
[7.203s] removing '/home/sli/slither_ws/install/locomotion/lib/python3.10/site-packages/locomotion-0.0.0-py3.10.egg-info' (and everything under it)
[7.206s] Copying ../../build/locomotion/locomotion.egg-info to /home/sli/slither_ws/install/locomotion/lib/python3.10/site-packages/locomotion-0.0.0-py3.10.egg-info
[7.215s] running install_scripts
[7.331s] Installing locomotion_node script to /home/sli/slither_ws/install/locomotion/lib/locomotion
[7.334s] writing list of installed files to '/home/sli/slither_ws/build/locomotion/install.log'
[7.512s] Invoked command in '/home/sli/slither_ws/src/locomotion' returned '0': CMAKE_PREFIX_PATH=/home/sli/slither_ws/install/dynamixel_sdk_custom_interfaces:/home/sli/slither_ws/install/dynamixel_sdk:/home/sli/slither_ws/install/dynamixel_sdk_examples PYTHONPATH=/home/sli/slither_ws/build/locomotion/prefix_override:/usr/lib/python3/dist-packages/colcon_core/task/python/colcon_distutils_commands:/home/sli/slither_ws/install/locomotion/lib/python3.10/site-packages:${PYTHONPATH} /usr/bin/python3 -W ignore:setup.py install is deprecated setup.py egg_info --egg-base ../../build/locomotion build --build-base /home/sli/slither_ws/build/locomotion/build install --record /home/sli/slither_ws/build/locomotion/install.log --single-version-externally-managed install_data
