[0.069s] Invoking command in '/home/sli/slither_ws/build/dynamixel_sdk_examples': CMAKE_PREFIX_PATH=/home/sli/slither_ws/install/dynamixel_sdk_custom_interfaces:/home/sli/slither_ws/install/dynamixel_sdk:/home/sli/slither_ws/install/dynamixel_sdk_examples:/home/sli/slither_ws/install/dynamixel_mpu9250:/home/sli/slither_ws/install/dynamixel_keyboard_controller:/home/sli/ros2_ws/install/mpu6050_reader:/opt/ros/humble /usr/bin/cmake /home/sli/slither_ws/src/DynamixelSDK/dynamixel_sdk_examples -DCMAKE_INSTALL_PREFIX=/home/sli/slither_ws/install/dynamixel_sdk_examples
[0.356s] -- The C compiler identification is GNU 11.4.0
[0.634s] -- The CXX compiler identification is GNU 11.4.0
[0.668s] -- Detecting C compiler ABI info
[1.019s] -- Detecting C compiler ABI info - done
[1.047s] -- Check for working C compiler: /usr/bin/cc - skipped
[1.048s] -- Detecting C compile features
[1.049s] -- Detecting C compile features - done
[1.060s] -- Detecting CXX compiler ABI info
[1.453s] -- Detecting CXX compiler ABI info - done
[1.480s] -- Check for working CXX compiler: /usr/bin/c++ - skipped
[1.480s] -- Detecting CXX compile features
[1.482s] -- Detecting CXX compile features - done
[1.512s] -- Found ament_cmake: 1.3.10 (/opt/ros/humble/share/ament_cmake/cmake)
[2.323s] -- Found Python3: /usr/bin/python3 (found version "3.10.12") found components: Interpreter 
[2.942s] -- Found dynamixel_sdk: 3.7.60 (/home/sli/slither_ws/install/dynamixel_sdk/share/dynamixel_sdk/cmake)
[2.949s] -- Found dynamixel_sdk_custom_interfaces: 3.7.60 (/home/sli/slither_ws/install/dynamixel_sdk_custom_interfaces/share/dynamixel_sdk_custom_interfaces/cmake)
[3.283s] -- Found rosidl_generator_c: 3.1.5 (/opt/ros/humble/share/rosidl_generator_c/cmake)
[3.336s] -- Found rosidl_adapter: 3.1.5 (/opt/ros/humble/share/rosidl_adapter/cmake)
[3.402s] -- Found rosidl_generator_cpp: 3.1.5 (/opt/ros/humble/share/rosidl_generator_cpp/cmake)
[3.486s] -- Using all available rosidl_typesupport_c: rosidl_typesupport_fastrtps_c;rosidl_typesupport_introspection_c
[3.601s] -- Using all available rosidl_typesupport_cpp: rosidl_typesupport_fastrtps_cpp;rosidl_typesupport_introspection_cpp
[3.769s] -- Found rclcpp: 16.0.10 (/opt/ros/humble/share/rclcpp/cmake)
[4.239s] -- Found rmw_implementation_cmake: 6.1.2 (/opt/ros/humble/share/rmw_implementation_cmake/cmake)
[4.282s] -- Found rmw_fastrtps_cpp: 6.2.7 (/opt/ros/humble/share/rmw_fastrtps_cpp/cmake)
[4.996s] -- Found OpenSSL: /usr/lib/aarch64-linux-gnu/libcrypto.so (found version "3.0.2")  
[5.270s] -- Found FastRTPS: /opt/ros/humble/include  
[5.705s] -- Using RMW implementation 'rmw_fastrtps_cpp' as default
[5.837s] -- Looking for pthread.h
[6.198s] -- Looking for pthread.h - found
[6.199s] -- Performing Test CMAKE_HAVE_LIBC_PTHREAD
[6.557s] -- Performing Test CMAKE_HAVE_LIBC_PTHREAD - Success
[6.562s] -- Found Threads: TRUE  
[6.977s] -- Found ament_lint_auto: 0.12.11 (/opt/ros/humble/share/ament_lint_auto/cmake)
[7.501s] -- Added test 'copyright' to check source files copyright and LICENSE
[7.510s] -- Added test 'cppcheck' to perform static code analysis on C / C++ code
[7.510s] -- Configured cppcheck include dirs: /home/sli/slither_ws/src/DynamixelSDK/dynamixel_sdk_examples/include
[7.511s] -- Configured cppcheck exclude dirs and/or files: 
[7.518s] -- Added test 'cpplint' to check C / C++ code against the Google style
[7.518s] -- Configured cpplint exclude dirs and/or files: 
[7.523s] -- Added test 'lint_cmake' to check CMake code style
[7.533s] -- Added test 'uncrustify' to check C / C++ code style
[7.533s] -- Configured uncrustify additional arguments: 
[7.536s] -- Added test 'xmllint' to check XML markup files
[7.545s] -- Configuring done
[7.605s] -- Generating done
[7.612s] -- Build files have been written to: /home/sli/slither_ws/build/dynamixel_sdk_examples
[7.653s] Invoked command in '/home/sli/slither_ws/build/dynamixel_sdk_examples' returned '0': CMAKE_PREFIX_PATH=/home/sli/slither_ws/install/dynamixel_sdk_custom_interfaces:/home/sli/slither_ws/install/dynamixel_sdk:/home/sli/slither_ws/install/dynamixel_sdk_examples:/home/sli/slither_ws/install/dynamixel_mpu9250:/home/sli/slither_ws/install/dynamixel_keyboard_controller:/home/sli/ros2_ws/install/mpu6050_reader:/opt/ros/humble /usr/bin/cmake /home/sli/slither_ws/src/DynamixelSDK/dynamixel_sdk_examples -DCMAKE_INSTALL_PREFIX=/home/sli/slither_ws/install/dynamixel_sdk_examples
[7.663s] Invoking command in '/home/sli/slither_ws/build/dynamixel_sdk_examples': CMAKE_PREFIX_PATH=/home/sli/slither_ws/install/dynamixel_sdk_custom_interfaces:/home/sli/slither_ws/install/dynamixel_sdk:/home/sli/slither_ws/install/dynamixel_sdk_examples:/home/sli/slither_ws/install/dynamixel_mpu9250:/home/sli/slither_ws/install/dynamixel_keyboard_controller:/home/sli/ros2_ws/install/mpu6050_reader:/opt/ros/humble /usr/bin/cmake --build /home/sli/slither_ws/build/dynamixel_sdk_examples -- -j4 -l4
[7.891s] [ 50%] [32mBuilding CXX object CMakeFiles/read_write_node.dir/src/read_write_node.cpp.o[0m
[43.896s] [100%] [32m[1mLinking CXX executable read_write_node[0m
[45.770s] [100%] Built target read_write_node
[45.813s] Invoked command in '/home/sli/slither_ws/build/dynamixel_sdk_examples' returned '0': CMAKE_PREFIX_PATH=/home/sli/slither_ws/install/dynamixel_sdk_custom_interfaces:/home/sli/slither_ws/install/dynamixel_sdk:/home/sli/slither_ws/install/dynamixel_sdk_examples:/home/sli/slither_ws/install/dynamixel_mpu9250:/home/sli/slither_ws/install/dynamixel_keyboard_controller:/home/sli/ros2_ws/install/mpu6050_reader:/opt/ros/humble /usr/bin/cmake --build /home/sli/slither_ws/build/dynamixel_sdk_examples -- -j4 -l4
[45.972s] Invoking command in '/home/sli/slither_ws/build/dynamixel_sdk_examples': CMAKE_PREFIX_PATH=/home/sli/slither_ws/install/dynamixel_sdk_custom_interfaces:/home/sli/slither_ws/install/dynamixel_sdk:/home/sli/slither_ws/install/dynamixel_sdk_examples:/home/sli/slither_ws/install/dynamixel_mpu9250:/home/sli/slither_ws/install/dynamixel_keyboard_controller:/home/sli/ros2_ws/install/mpu6050_reader:/opt/ros/humble /usr/bin/cmake --install /home/sli/slither_ws/build/dynamixel_sdk_examples
[46.001s] -- Install configuration: ""
[46.002s] -- Installing: /home/sli/slither_ws/install/dynamixel_sdk_examples/lib/dynamixel_sdk_examples/read_write_node
[46.032s] -- Set runtime path of "/home/sli/slither_ws/install/dynamixel_sdk_examples/lib/dynamixel_sdk_examples/read_write_node" to ""
[46.033s] -- Installing: /home/sli/slither_ws/install/dynamixel_sdk_examples/share/ament_index/resource_index/package_run_dependencies/dynamixel_sdk_examples
[46.035s] -- Installing: /home/sli/slither_ws/install/dynamixel_sdk_examples/share/ament_index/resource_index/parent_prefix_path/dynamixel_sdk_examples
[46.036s] -- Installing: /home/sli/slither_ws/install/dynamixel_sdk_examples/share/dynamixel_sdk_examples/environment/ament_prefix_path.sh
[46.037s] -- Installing: /home/sli/slither_ws/install/dynamixel_sdk_examples/share/dynamixel_sdk_examples/environment/ament_prefix_path.dsv
[46.039s] -- Installing: /home/sli/slither_ws/install/dynamixel_sdk_examples/share/dynamixel_sdk_examples/environment/path.sh
[46.040s] -- Installing: /home/sli/slither_ws/install/dynamixel_sdk_examples/share/dynamixel_sdk_examples/environment/path.dsv
[46.041s] -- Installing: /home/sli/slither_ws/install/dynamixel_sdk_examples/share/dynamixel_sdk_examples/local_setup.bash
[46.042s] -- Installing: /home/sli/slither_ws/install/dynamixel_sdk_examples/share/dynamixel_sdk_examples/local_setup.sh
[46.043s] -- Installing: /home/sli/slither_ws/install/dynamixel_sdk_examples/share/dynamixel_sdk_examples/local_setup.zsh
[46.044s] -- Installing: /home/sli/slither_ws/install/dynamixel_sdk_examples/share/dynamixel_sdk_examples/local_setup.dsv
[46.045s] -- Installing: /home/sli/slither_ws/install/dynamixel_sdk_examples/share/dynamixel_sdk_examples/package.dsv
[46.047s] -- Installing: /home/sli/slither_ws/install/dynamixel_sdk_examples/share/ament_index/resource_index/packages/dynamixel_sdk_examples
[46.049s] -- Installing: /home/sli/slither_ws/install/dynamixel_sdk_examples/share/dynamixel_sdk_examples/cmake/dynamixel_sdk_examplesConfig.cmake
[46.050s] -- Installing: /home/sli/slither_ws/install/dynamixel_sdk_examples/share/dynamixel_sdk_examples/cmake/dynamixel_sdk_examplesConfig-version.cmake
[46.051s] -- Installing: /home/sli/slither_ws/install/dynamixel_sdk_examples/share/dynamixel_sdk_examples/package.xml
[46.061s] Invoked command in '/home/sli/slither_ws/build/dynamixel_sdk_examples' returned '0': CMAKE_PREFIX_PATH=/home/sli/slither_ws/install/dynamixel_sdk_custom_interfaces:/home/sli/slither_ws/install/dynamixel_sdk:/home/sli/slither_ws/install/dynamixel_sdk_examples:/home/sli/slither_ws/install/dynamixel_mpu9250:/home/sli/slither_ws/install/dynamixel_keyboard_controller:/home/sli/ros2_ws/install/mpu6050_reader:/opt/ros/humble /usr/bin/cmake --install /home/sli/slither_ws/build/dynamixel_sdk_examples
