[7.259s] Invoking command in '/home/sli/slither_ws/src/dynamixel_mpu9250': CMAKE_PREFIX_PATH=/home/sli/slither_ws/install/dynamixel_sdk:/home/sli/slither_ws/install/dynamixel_sdk_examples:/home/sli/slither_ws/install/dynamixel_sdk_custom_interfaces LD_LIBRARY_PATH=/home/sli/slither_ws/install/dynamixel_sdk/lib:/home/sli/slither_ws/install/dynamixel_sdk_custom_interfaces/lib:/opt/ros/humble/opt/rviz_ogre_vendor/lib:/opt/ros/humble/lib/aarch64-linux-gnu:/opt/ros/humble/lib PYTHONPATH=/home/sli/slither_ws/build/dynamixel_mpu9250/prefix_override:/usr/lib/python3/dist-packages/colcon_core/task/python/colcon_distutils_commands:/home/sli/slither_ws/install/dynamixel_mpu9250/lib/python3.10/site-packages:${PYTHONPATH} /usr/bin/python3 -W ignore:setup.py install is deprecated setup.py egg_info --egg-base ../../build/dynamixel_mpu9250 build --build-base /home/sli/slither_ws/build/dynamixel_mpu9250/build install --record /home/sli/slither_ws/build/dynamixel_mpu9250/install.log --single-version-externally-managed install_data
[8.624s] running egg_info
[8.627s] writing ../../build/dynamixel_mpu9250/dynamixel_mpu9250.egg-info/PKG-INFO
[8.637s] writing dependency_links to ../../build/dynamixel_mpu9250/dynamixel_mpu9250.egg-info/dependency_links.txt
[8.640s] writing entry points to ../../build/dynamixel_mpu9250/dynamixel_mpu9250.egg-info/entry_points.txt
[8.643s] writing requirements to ../../build/dynamixel_mpu9250/dynamixel_mpu9250.egg-info/requires.txt
[8.646s] writing top-level names to ../../build/dynamixel_mpu9250/dynamixel_mpu9250.egg-info/top_level.txt
[8.660s] reading manifest file '../../build/dynamixel_mpu9250/dynamixel_mpu9250.egg-info/SOURCES.txt'
[8.672s] writing manifest file '../../build/dynamixel_mpu9250/dynamixel_mpu9250.egg-info/SOURCES.txt'
[8.674s] running build
[8.676s] running build_py
[8.681s] running install
[8.683s] running install_lib
[8.695s] running install_data
[8.696s] running install_egg_info
[8.706s] removing '/home/sli/slither_ws/install/dynamixel_mpu9250/lib/python3.10/site-packages/dynamixel_mpu9250-0.0.0-py3.10.egg-info' (and everything under it)
[8.709s] Copying ../../build/dynamixel_mpu9250/dynamixel_mpu9250.egg-info to /home/sli/slither_ws/install/dynamixel_mpu9250/lib/python3.10/site-packages/dynamixel_mpu9250-0.0.0-py3.10.egg-info
[8.727s] running install_scripts
[8.847s] Installing dynamixel_controller script to /home/sli/slither_ws/install/dynamixel_mpu9250/lib/dynamixel_mpu9250
[8.849s] writing list of installed files to '/home/sli/slither_ws/build/dynamixel_mpu9250/install.log'
[9.033s] Invoked command in '/home/sli/slither_ws/src/dynamixel_mpu9250' returned '0': CMAKE_PREFIX_PATH=/home/sli/slither_ws/install/dynamixel_sdk:/home/sli/slither_ws/install/dynamixel_sdk_examples:/home/sli/slither_ws/install/dynamixel_sdk_custom_interfaces LD_LIBRARY_PATH=/home/sli/slither_ws/install/dynamixel_sdk/lib:/home/sli/slither_ws/install/dynamixel_sdk_custom_interfaces/lib:/opt/ros/humble/opt/rviz_ogre_vendor/lib:/opt/ros/humble/lib/aarch64-linux-gnu:/opt/ros/humble/lib PYTHONPATH=/home/sli/slither_ws/build/dynamixel_mpu9250/prefix_override:/usr/lib/python3/dist-packages/colcon_core/task/python/colcon_distutils_commands:/home/sli/slither_ws/install/dynamixel_mpu9250/lib/python3.10/site-packages:${PYTHONPATH} /usr/bin/python3 -W ignore:setup.py install is deprecated setup.py egg_info --egg-base ../../build/dynamixel_mpu9250 build --build-base /home/sli/slither_ws/build/dynamixel_mpu9250/build install --record /home/sli/slither_ws/build/dynamixel_mpu9250/install.log --single-version-externally-managed install_data
