[0.154s] Invoking command in '/home/sli/slither_ws/build/dynamixel_sdk': CMAKE_PREFIX_PATH=/opt/ros/humble /usr/bin/cmake --build /home/sli/slither_ws/build/dynamixel_sdk -- -j4 -l4
[0.807s] [100%] Built target dynamixel_sdk
[2.049s] Invoked command in '/home/sli/slither_ws/build/dynamixel_sdk' returned '0': CMAKE_PREFIX_PATH=/opt/ros/humble /usr/bin/cmake --build /home/sli/slither_ws/build/dynamixel_sdk -- -j4 -l4
[2.369s] Invoking command in '/home/sli/slither_ws/build/dynamixel_sdk': CMAKE_PREFIX_PATH=/opt/ros/humble /usr/bin/cmake --install /home/sli/slither_ws/build/dynamixel_sdk
[2.410s] -- Install configuration: ""
[2.414s] -- Up-to-date: /home/sli/slither_ws/install/dynamixel_sdk/include/
[2.419s] -- Up-to-date: /home/sli/slither_ws/install/dynamixel_sdk/include//dynamixel_sdk
[2.420s] -- Up-to-date: /home/sli/slither_ws/install/dynamixel_sdk/include//dynamixel_sdk/port_handler_arduino.h
[2.421s] -- Up-to-date: /home/sli/slither_ws/install/dynamixel_sdk/include//dynamixel_sdk/packet_handler.h
[2.422s] -- Up-to-date: /home/sli/slither_ws/install/dynamixel_sdk/include//dynamixel_sdk/port_handler_mac.h
[2.423s] -- Up-to-date: /home/sli/slither_ws/install/dynamixel_sdk/include//dynamixel_sdk/group_sync_read.h
[2.423s] -- Up-to-date: /home/sli/slither_ws/install/dynamixel_sdk/include//dynamixel_sdk/group_bulk_write.h
[2.424s] -- Up-to-date: /home/sli/slither_ws/install/dynamixel_sdk/include//dynamixel_sdk/group_bulk_read.h
[2.425s] -- Up-to-date: /home/sli/slither_ws/install/dynamixel_sdk/include//dynamixel_sdk/group_sync_write.h
[2.426s] -- Up-to-date: /home/sli/slither_ws/install/dynamixel_sdk/include//dynamixel_sdk/port_handler_windows.h
[2.427s] -- Up-to-date: /home/sli/slither_ws/install/dynamixel_sdk/include//dynamixel_sdk/port_handler.h
[2.428s] -- Up-to-date: /home/sli/slither_ws/install/dynamixel_sdk/include//dynamixel_sdk/protocol2_packet_handler.h
[2.429s] -- Up-to-date: /home/sli/slither_ws/install/dynamixel_sdk/include//dynamixel_sdk/dynamixel_sdk.h
[2.430s] -- Up-to-date: /home/sli/slither_ws/install/dynamixel_sdk/include//dynamixel_sdk/protocol1_packet_handler.h
[2.432s] -- Up-to-date: /home/sli/slither_ws/install/dynamixel_sdk/include//dynamixel_sdk/port_handler_linux.h
[2.433s] -- Up-to-date: /home/sli/slither_ws/install/dynamixel_sdk/lib/libdynamixel_sdk.so
[2.433s] -- Up-to-date: /home/sli/slither_ws/install/dynamixel_sdk/share/dynamixel_sdk/environment/library_path.sh
[2.434s] -- Up-to-date: /home/sli/slither_ws/install/dynamixel_sdk/share/dynamixel_sdk/environment/library_path.dsv
[2.435s] -- Up-to-date: /home/sli/slither_ws/install/dynamixel_sdk/share/ament_index/resource_index/package_run_dependencies/dynamixel_sdk
[2.436s] -- Up-to-date: /home/sli/slither_ws/install/dynamixel_sdk/share/ament_index/resource_index/parent_prefix_path/dynamixel_sdk
[2.437s] -- Up-to-date: /home/sli/slither_ws/install/dynamixel_sdk/share/dynamixel_sdk/environment/ament_prefix_path.sh
[2.437s] -- Up-to-date: /home/sli/slither_ws/install/dynamixel_sdk/share/dynamixel_sdk/environment/ament_prefix_path.dsv
[2.438s] -- Up-to-date: /home/sli/slither_ws/install/dynamixel_sdk/share/dynamixel_sdk/environment/path.sh
[2.439s] -- Up-to-date: /home/sli/slither_ws/install/dynamixel_sdk/share/dynamixel_sdk/environment/path.dsv
[2.440s] -- Up-to-date: /home/sli/slither_ws/install/dynamixel_sdk/share/dynamixel_sdk/local_setup.bash
[2.440s] -- Up-to-date: /home/sli/slither_ws/install/dynamixel_sdk/share/dynamixel_sdk/local_setup.sh
[2.442s] -- Up-to-date: /home/sli/slither_ws/install/dynamixel_sdk/share/dynamixel_sdk/local_setup.zsh
[2.443s] -- Up-to-date: /home/sli/slither_ws/install/dynamixel_sdk/share/dynamixel_sdk/local_setup.dsv
[2.450s] -- Installing: /home/sli/slither_ws/install/dynamixel_sdk/share/dynamixel_sdk/package.dsv
[2.453s] -- Up-to-date: /home/sli/slither_ws/install/dynamixel_sdk/share/ament_index/resource_index/packages/dynamixel_sdk
[2.454s] -- Up-to-date: /home/sli/slither_ws/install/dynamixel_sdk/share/dynamixel_sdk/cmake/ament_cmake_export_include_directories-extras.cmake
[2.455s] -- Up-to-date: /home/sli/slither_ws/install/dynamixel_sdk/share/dynamixel_sdk/cmake/ament_cmake_export_libraries-extras.cmake
[2.456s] -- Up-to-date: /home/sli/slither_ws/install/dynamixel_sdk/share/dynamixel_sdk/cmake/dynamixel_sdkConfig.cmake
[2.461s] -- Up-to-date: /home/sli/slither_ws/install/dynamixel_sdk/share/dynamixel_sdk/cmake/dynamixel_sdkConfig-version.cmake
[2.462s] -- Up-to-date: /home/sli/slither_ws/install/dynamixel_sdk/share/dynamixel_sdk/package.xml
[2.471s] Invoked command in '/home/sli/slither_ws/build/dynamixel_sdk' returned '0': CMAKE_PREFIX_PATH=/opt/ros/humble /usr/bin/cmake --install /home/sli/slither_ws/build/dynamixel_sdk
