[4.806s] Invoking command in '/home/sli/slither_ws/src/dynamixel_mpu9250': AMENT_PREFIX_PATH=/home/sli/slither_ws/install/dynamixel_sdk:${AMENT_PREFIX_PATH} CMAKE_PREFIX_PATH=/home/sli/slither_ws/install/dynamixel_sdk LD_LIBRARY_PATH=/home/sli/slither_ws/install/dynamixel_sdk/lib:${LD_LIBRARY_PATH} PYTHONPATH=/home/sli/slither_ws/build/dynamixel_mpu9250/prefix_override:/usr/lib/python3/dist-packages/colcon_core/task/python/colcon_distutils_commands:/home/sli/slither_ws/install/dynamixel_mpu9250/lib/python3.10/site-packages:${PYTHONPATH} /usr/bin/python3 -W ignore:setup.py install is deprecated setup.py egg_info --egg-base ../../build/dynamixel_mpu9250 build --build-base /home/sli/slither_ws/build/dynamixel_mpu9250/build install --record /home/sli/slither_ws/build/dynamixel_mpu9250/install.log --single-version-externally-managed install_data
[6.401s] running egg_info
[6.404s] writing ../../build/dynamixel_mpu9250/dynamixel_mpu9250.egg-info/PKG-INFO
[6.405s] writing dependency_links to ../../build/dynamixel_mpu9250/dynamixel_mpu9250.egg-info/dependency_links.txt
[6.407s] writing entry points to ../../build/dynamixel_mpu9250/dynamixel_mpu9250.egg-info/entry_points.txt
[6.408s] writing requirements to ../../build/dynamixel_mpu9250/dynamixel_mpu9250.egg-info/requires.txt
[6.409s] writing top-level names to ../../build/dynamixel_mpu9250/dynamixel_mpu9250.egg-info/top_level.txt
[6.418s] reading manifest file '../../build/dynamixel_mpu9250/dynamixel_mpu9250.egg-info/SOURCES.txt'
[6.423s] writing manifest file '../../build/dynamixel_mpu9250/dynamixel_mpu9250.egg-info/SOURCES.txt'
[6.424s] running build
[6.424s] running build_py
[6.426s] running install
[6.427s] running install_lib
[6.435s] byte-compiling /home/sli/slither_ws/install/dynamixel_mpu9250/lib/python3.10/site-packages/dynamixel_mpu9250/dynamixel_controller.py to dynamixel_controller.cpython-310.pyc
[6.443s] Sorry: IndentationError: expected an indented block after function definition on line 179 (dynamixel_controller.py, line 180)
[6.444s] running install_data
[6.445s] running install_egg_info
[6.452s] removing '/home/sli/slither_ws/install/dynamixel_mpu9250/lib/python3.10/site-packages/dynamixel_mpu9250-0.0.0-py3.10.egg-info' (and everything under it)
[6.454s] Copying ../../build/dynamixel_mpu9250/dynamixel_mpu9250.egg-info to /home/sli/slither_ws/install/dynamixel_mpu9250/lib/python3.10/site-packages/dynamixel_mpu9250-0.0.0-py3.10.egg-info
[6.461s] running install_scripts
[6.575s] Installing dynamixel_controller script to /home/sli/slither_ws/install/dynamixel_mpu9250/lib/dynamixel_mpu9250
[6.579s] writing list of installed files to '/home/sli/slither_ws/build/dynamixel_mpu9250/install.log'
[6.866s] Invoked command in '/home/sli/slither_ws/src/dynamixel_mpu9250' returned '0': AMENT_PREFIX_PATH=/home/sli/slither_ws/install/dynamixel_sdk:${AMENT_PREFIX_PATH} CMAKE_PREFIX_PATH=/home/sli/slither_ws/install/dynamixel_sdk LD_LIBRARY_PATH=/home/sli/slither_ws/install/dynamixel_sdk/lib:${LD_LIBRARY_PATH} PYTHONPATH=/home/sli/slither_ws/build/dynamixel_mpu9250/prefix_override:/usr/lib/python3/dist-packages/colcon_core/task/python/colcon_distutils_commands:/home/sli/slither_ws/install/dynamixel_mpu9250/lib/python3.10/site-packages:${PYTHONPATH} /usr/bin/python3 -W ignore:setup.py install is deprecated setup.py egg_info --egg-base ../../build/dynamixel_mpu9250 build --build-base /home/sli/slither_ws/build/dynamixel_mpu9250/build install --record /home/sli/slither_ws/build/dynamixel_mpu9250/install.log --single-version-externally-managed install_data
