[0.097s] Invoking command in '/home/sli/slither_ws/build/dynamixel_sdk_examples': AMENT_PREFIX_PATH=/home/sli/slither_ws/install/dynamixel_sdk_custom_interfaces:/home/sli/slither_ws/install/dynamixel_sdk:${AMENT_PREFIX_PATH} CMAKE_PREFIX_PATH=/home/sli/slither_ws/install/dynamixel_sdk_custom_interfaces:/home/sli/slither_ws/install/dynamixel_sdk:/opt/ros/humble LD_LIBRARY_PATH=/home/sli/slither_ws/install/dynamixel_sdk_custom_interfaces/lib:/home/sli/slither_ws/install/dynamixel_sdk/lib:${LD_LIBRARY_PATH} PYTHONPATH=/home/sli/slither_ws/install/dynamixel_sdk_custom_interfaces/local/lib/python3.10/dist-packages:${PYTHONPATH} /usr/bin/cmake --build /home/sli/slither_ws/build/dynamixel_sdk_examples -- -j4 -l4
[0.463s] [100%] Built target read_write_node
[1.936s] Invoked command in '/home/sli/slither_ws/build/dynamixel_sdk_examples' returned '0': AMENT_PREFIX_PATH=/home/sli/slither_ws/install/dynamixel_sdk_custom_interfaces:/home/sli/slither_ws/install/dynamixel_sdk:${AMENT_PREFIX_PATH} CMAKE_PREFIX_PATH=/home/sli/slither_ws/install/dynamixel_sdk_custom_interfaces:/home/sli/slither_ws/install/dynamixel_sdk:/opt/ros/humble LD_LIBRARY_PATH=/home/sli/slither_ws/install/dynamixel_sdk_custom_interfaces/lib:/home/sli/slither_ws/install/dynamixel_sdk/lib:${LD_LIBRARY_PATH} PYTHONPATH=/home/sli/slither_ws/install/dynamixel_sdk_custom_interfaces/local/lib/python3.10/dist-packages:${PYTHONPATH} /usr/bin/cmake --build /home/sli/slither_ws/build/dynamixel_sdk_examples -- -j4 -l4
[3.795s] Invoking command in '/home/sli/slither_ws/build/dynamixel_sdk_examples': AMENT_PREFIX_PATH=/home/sli/slither_ws/install/dynamixel_sdk_custom_interfaces:/home/sli/slither_ws/install/dynamixel_sdk:${AMENT_PREFIX_PATH} CMAKE_PREFIX_PATH=/home/sli/slither_ws/install/dynamixel_sdk_custom_interfaces:/home/sli/slither_ws/install/dynamixel_sdk:/opt/ros/humble LD_LIBRARY_PATH=/home/sli/slither_ws/install/dynamixel_sdk_custom_interfaces/lib:/home/sli/slither_ws/install/dynamixel_sdk/lib:${LD_LIBRARY_PATH} PYTHONPATH=/home/sli/slither_ws/install/dynamixel_sdk_custom_interfaces/local/lib/python3.10/dist-packages:${PYTHONPATH} /usr/bin/cmake --install /home/sli/slither_ws/build/dynamixel_sdk_examples
[3.889s] -- Install configuration: ""
[3.891s] -- Up-to-date: /home/sli/slither_ws/install/dynamixel_sdk_examples/lib/dynamixel_sdk_examples/read_write_node
[3.893s] -- Up-to-date: /home/sli/slither_ws/install/dynamixel_sdk_examples/share/ament_index/resource_index/package_run_dependencies/dynamixel_sdk_examples
[3.895s] -- Up-to-date: /home/sli/slither_ws/install/dynamixel_sdk_examples/share/ament_index/resource_index/parent_prefix_path/dynamixel_sdk_examples
[3.896s] -- Up-to-date: /home/sli/slither_ws/install/dynamixel_sdk_examples/share/dynamixel_sdk_examples/environment/ament_prefix_path.sh
[3.897s] -- Up-to-date: /home/sli/slither_ws/install/dynamixel_sdk_examples/share/dynamixel_sdk_examples/environment/ament_prefix_path.dsv
[3.899s] -- Up-to-date: /home/sli/slither_ws/install/dynamixel_sdk_examples/share/dynamixel_sdk_examples/environment/path.sh
[3.899s] -- Up-to-date: /home/sli/slither_ws/install/dynamixel_sdk_examples/share/dynamixel_sdk_examples/environment/path.dsv
[3.900s] -- Up-to-date: /home/sli/slither_ws/install/dynamixel_sdk_examples/share/dynamixel_sdk_examples/local_setup.bash
[3.921s] -- Up-to-date: /home/sli/slither_ws/install/dynamixel_sdk_examples/share/dynamixel_sdk_examples/local_setup.sh
[3.923s] -- Up-to-date: /home/sli/slither_ws/install/dynamixel_sdk_examples/share/dynamixel_sdk_examples/local_setup.zsh
[3.924s] -- Up-to-date: /home/sli/slither_ws/install/dynamixel_sdk_examples/share/dynamixel_sdk_examples/local_setup.dsv
[3.925s] -- Installing: /home/sli/slither_ws/install/dynamixel_sdk_examples/share/dynamixel_sdk_examples/package.dsv
[3.926s] -- Up-to-date: /home/sli/slither_ws/install/dynamixel_sdk_examples/share/ament_index/resource_index/packages/dynamixel_sdk_examples
[3.927s] -- Up-to-date: /home/sli/slither_ws/install/dynamixel_sdk_examples/share/dynamixel_sdk_examples/cmake/dynamixel_sdk_examplesConfig.cmake
[3.928s] -- Up-to-date: /home/sli/slither_ws/install/dynamixel_sdk_examples/share/dynamixel_sdk_examples/cmake/dynamixel_sdk_examplesConfig-version.cmake
[3.938s] -- Up-to-date: /home/sli/slither_ws/install/dynamixel_sdk_examples/share/dynamixel_sdk_examples/package.xml
[3.940s] Invoked command in '/home/sli/slither_ws/build/dynamixel_sdk_examples' returned '0': AMENT_PREFIX_PATH=/home/sli/slither_ws/install/dynamixel_sdk_custom_interfaces:/home/sli/slither_ws/install/dynamixel_sdk:${AMENT_PREFIX_PATH} CMAKE_PREFIX_PATH=/home/sli/slither_ws/install/dynamixel_sdk_custom_interfaces:/home/sli/slither_ws/install/dynamixel_sdk:/opt/ros/humble LD_LIBRARY_PATH=/home/sli/slither_ws/install/dynamixel_sdk_custom_interfaces/lib:/home/sli/slither_ws/install/dynamixel_sdk/lib:${LD_LIBRARY_PATH} PYTHONPATH=/home/sli/slither_ws/install/dynamixel_sdk_custom_interfaces/local/lib/python3.10/dist-packages:${PYTHONPATH} /usr/bin/cmake --install /home/sli/slither_ws/build/dynamixel_sdk_examples
