running egg_info
creating ../../build/dynamixel_keyboard_controller/dynamixel_keyboard_controller.egg-info
writing ../../build/dynamixel_keyboard_controller/dynamixel_keyboard_controller.egg-info/PKG-INFO
writing dependency_links to ../../build/dynamixel_keyboard_controller/dynamixel_keyboard_controller.egg-info/dependency_links.txt
writing entry points to ../../build/dynamixel_keyboard_controller/dynamixel_keyboard_controller.egg-info/entry_points.txt
writing requirements to ../../build/dynamixel_keyboard_controller/dynamixel_keyboard_controller.egg-info/requires.txt
writing top-level names to ../../build/dynamixel_keyboard_controller/dynamixel_keyboard_controller.egg-info/top_level.txt
writing manifest file '../../build/dynamixel_keyboard_controller/dynamixel_keyboard_controller.egg-info/SOURCES.txt'
reading manifest file '../../build/dynamixel_keyboard_controller/dynamixel_keyboard_controller.egg-info/SOURCES.txt'
writing manifest file '../../build/dynamixel_keyboard_controller/dynamixel_keyboard_controller.egg-info/SOURCES.txt'
running build
running build_py
creating /home/sli/slither_ws/build/dynamixel_keyboard_controller/build
creating /home/sli/slither_ws/build/dynamixel_keyboard_controller/build/lib
creating /home/sli/slither_ws/build/dynamixel_keyboard_controller/build/lib/dynamixel_keyboard_controller
copying dynamixel_keyboard_controller/controller (copy).py -> /home/sli/slither_ws/build/dynamixel_keyboard_controller/build/lib/dynamixel_keyboard_controller
copying dynamixel_keyboard_controller/controller.py -> /home/sli/slither_ws/build/dynamixel_keyboard_controller/build/lib/dynamixel_keyboard_controller
copying dynamixel_keyboard_controller/controller (success).py -> /home/sli/slither_ws/build/dynamixel_keyboard_controller/build/lib/dynamixel_keyboard_controller
copying dynamixel_keyboard_controller/__init__.py -> /home/sli/slither_ws/build/dynamixel_keyboard_controller/build/lib/dynamixel_keyboard_controller
running install
running install_lib
creating /home/sli/slither_ws/install/dynamixel_keyboard_controller/lib/python3.10/site-packages/dynamixel_keyboard_controller
copying /home/sli/slither_ws/build/dynamixel_keyboard_controller/build/lib/dynamixel_keyboard_controller/controller (copy).py -> /home/sli/slither_ws/install/dynamixel_keyboard_controller/lib/python3.10/site-packages/dynamixel_keyboard_controller
copying /home/sli/slither_ws/build/dynamixel_keyboard_controller/build/lib/dynamixel_keyboard_controller/controller.py -> /home/sli/slither_ws/install/dynamixel_keyboard_controller/lib/python3.10/site-packages/dynamixel_keyboard_controller
copying /home/sli/slither_ws/build/dynamixel_keyboard_controller/build/lib/dynamixel_keyboard_controller/controller (success).py -> /home/sli/slither_ws/install/dynamixel_keyboard_controller/lib/python3.10/site-packages/dynamixel_keyboard_controller
copying /home/sli/slither_ws/build/dynamixel_keyboard_controller/build/lib/dynamixel_keyboard_controller/__init__.py -> /home/sli/slither_ws/install/dynamixel_keyboard_controller/lib/python3.10/site-packages/dynamixel_keyboard_controller
byte-compiling /home/sli/slither_ws/install/dynamixel_keyboard_controller/lib/python3.10/site-packages/dynamixel_keyboard_controller/controller (copy).py to controller (copy).cpython-310.pyc
byte-compiling /home/sli/slither_ws/install/dynamixel_keyboard_controller/lib/python3.10/site-packages/dynamixel_keyboard_controller/controller.py to controller.cpython-310.pyc
byte-compiling /home/sli/slither_ws/install/dynamixel_keyboard_controller/lib/python3.10/site-packages/dynamixel_keyboard_controller/controller (success).py to controller (success).cpython-310.pyc
byte-compiling /home/sli/slither_ws/install/dynamixel_keyboard_controller/lib/python3.10/site-packages/dynamixel_keyboard_controller/__init__.py to __init__.cpython-310.pyc
running install_data
creating /home/sli/slither_ws/install/dynamixel_keyboard_controller/share/ament_index
creating /home/sli/slither_ws/install/dynamixel_keyboard_controller/share/ament_index/resource_index
creating /home/sli/slither_ws/install/dynamixel_keyboard_controller/share/ament_index/resource_index/packages
copying resource/dynamixel_keyboard_controller -> /home/sli/slither_ws/install/dynamixel_keyboard_controller/share/ament_index/resource_index/packages
copying package.xml -> /home/sli/slither_ws/install/dynamixel_keyboard_controller/share/dynamixel_keyboard_controller
running install_egg_info
Copying ../../build/dynamixel_keyboard_controller/dynamixel_keyboard_controller.egg-info to /home/sli/slither_ws/install/dynamixel_keyboard_controller/lib/python3.10/site-packages/dynamixel_keyboard_controller-0.0.0-py3.10.egg-info
running install_scripts
Installing dynamixel_keyboard_controller script to /home/sli/slither_ws/install/dynamixel_keyboard_controller/lib/dynamixel_keyboard_controller
writing list of installed files to '/home/sli/slither_ws/build/dynamixel_keyboard_controller/install.log'
