[0.564s] DEBUG:colcon:Command line arguments: ['/usr/bin/colcon', 'build']
[0.565s] DEBUG:colcon:Parsed command line arguments: Namespace(log_base=None, log_level=None, verb_name='build', build_base='build', install_base='install', merge_install=False, symlink_install=False, test_result_base=None, continue_on_error=False, executor='parallel', parallel_workers=4, event_handlers=None, ignore_user_meta=False, metas=['./colcon.meta'], base_paths=['.'], packages_ignore=None, packages_ignore_regex=None, paths=None, packages_up_to=None, packages_up_to_regex=None, packages_above=None, packages_above_and_dependencies=None, packages_above_depth=None, packages_select_by_dep=None, packages_skip_by_dep=None, packages_skip_up_to=None, packages_select_build_failed=False, packages_skip_build_finished=False, packages_select_test_failures=False, packages_skip_test_passed=False, packages_select=None, packages_skip=None, packages_select_regex=None, packages_skip_regex=None, packages_start=None, packages_end=None, allow_overriding=[], cmake_args=None, cmake_target=None, cmake_target_skip_unavailable=False, cmake_clean_cache=False, cmake_clean_first=False, cmake_force_configure=False, ament_cmake_args=None, catkin_cmake_args=None, catkin_skip_building_tests=False, mixin_files=None, mixin=None, verb_parser=<colcon_mixin.mixin.mixin_argument.MixinArgumentDecorator object at 0xffff96acaef0>, verb_extension=<colcon_core.verb.build.BuildVerb object at 0xffff96c0f5b0>, main=<bound method BuildVerb.main of <colcon_core.verb.build.BuildVerb object at 0xffff96c0f5b0>>, mixin_verb=('build',))
[1.472s] Level 1:colcon.colcon_core.package_discovery:discover_packages(colcon_meta) check parameters
[1.472s] Level 1:colcon.colcon_core.package_discovery:discover_packages(recursive) check parameters
[1.472s] Level 1:colcon.colcon_core.package_discovery:discover_packages(ignore) check parameters
[1.472s] Level 1:colcon.colcon_core.package_discovery:discover_packages(path) check parameters
[1.472s] Level 1:colcon.colcon_core.package_discovery:discover_packages(colcon_meta) discover
[1.473s] Level 1:colcon.colcon_core.package_discovery:discover_packages(recursive) discover
[1.473s] INFO:colcon.colcon_core.package_discovery:Crawling recursively for packages in '/home/sli/slither_ws'
[1.473s] Level 1:colcon.colcon_core.package_identification:_identify(.) by extensions ['ignore', 'ignore_ament_install']
[1.474s] Level 1:colcon.colcon_core.package_identification:_identify(.) by extension 'ignore'
[1.474s] Level 1:colcon.colcon_core.package_identification:_identify(.) by extension 'ignore_ament_install'
[1.474s] Level 1:colcon.colcon_core.package_identification:_identify(.) by extensions ['colcon_pkg']
[1.474s] Level 1:colcon.colcon_core.package_identification:_identify(.) by extension 'colcon_pkg'
[1.474s] Level 1:colcon.colcon_core.package_identification:_identify(.) by extensions ['colcon_meta']
[1.474s] Level 1:colcon.colcon_core.package_identification:_identify(.) by extension 'colcon_meta'
[1.475s] Level 1:colcon.colcon_core.package_identification:_identify(.) by extensions ['ros']
[1.475s] Level 1:colcon.colcon_core.package_identification:_identify(.) by extension 'ros'
[1.532s] Level 1:colcon.colcon_core.package_identification:_identify(.) by extensions ['cmake', 'python']
[1.532s] Level 1:colcon.colcon_core.package_identification:_identify(.) by extension 'cmake'
[1.533s] Level 1:colcon.colcon_core.package_identification:_identify(.) by extension 'python'
[1.533s] Level 1:colcon.colcon_core.package_identification:_identify(.) by extensions ['python_setup_py']
[1.533s] Level 1:colcon.colcon_core.package_identification:_identify(.) by extension 'python_setup_py'
[1.533s] Level 1:colcon.colcon_core.package_identification:_identify(build) by extensions ['ignore', 'ignore_ament_install']
[1.534s] Level 1:colcon.colcon_core.package_identification:_identify(build) by extension 'ignore'
[1.534s] Level 1:colcon.colcon_core.package_identification:_identify(build) ignored
[1.535s] Level 1:colcon.colcon_core.package_identification:_identify(install) by extensions ['ignore', 'ignore_ament_install']
[1.535s] Level 1:colcon.colcon_core.package_identification:_identify(install) by extension 'ignore'
[1.535s] Level 1:colcon.colcon_core.package_identification:_identify(install) ignored
[1.536s] Level 1:colcon.colcon_core.package_identification:_identify(log) by extensions ['ignore', 'ignore_ament_install']
[1.536s] Level 1:colcon.colcon_core.package_identification:_identify(log) by extension 'ignore'
[1.536s] Level 1:colcon.colcon_core.package_identification:_identify(log) ignored
[1.537s] Level 1:colcon.colcon_core.package_identification:_identify(src) by extensions ['ignore', 'ignore_ament_install']
[1.537s] Level 1:colcon.colcon_core.package_identification:_identify(src) by extension 'ignore'
[1.537s] Level 1:colcon.colcon_core.package_identification:_identify(src) by extension 'ignore_ament_install'
[1.537s] Level 1:colcon.colcon_core.package_identification:_identify(src) by extensions ['colcon_pkg']
[1.537s] Level 1:colcon.colcon_core.package_identification:_identify(src) by extension 'colcon_pkg'
[1.538s] Level 1:colcon.colcon_core.package_identification:_identify(src) by extensions ['colcon_meta']
[1.538s] Level 1:colcon.colcon_core.package_identification:_identify(src) by extension 'colcon_meta'
[1.538s] Level 1:colcon.colcon_core.package_identification:_identify(src) by extensions ['ros']
[1.538s] Level 1:colcon.colcon_core.package_identification:_identify(src) by extension 'ros'
[1.538s] Level 1:colcon.colcon_core.package_identification:_identify(src) by extensions ['cmake', 'python']
[1.539s] Level 1:colcon.colcon_core.package_identification:_identify(src) by extension 'cmake'
[1.539s] Level 1:colcon.colcon_core.package_identification:_identify(src) by extension 'python'
[1.539s] Level 1:colcon.colcon_core.package_identification:_identify(src) by extensions ['python_setup_py']
[1.539s] Level 1:colcon.colcon_core.package_identification:_identify(src) by extension 'python_setup_py'
[1.539s] Level 1:colcon.colcon_core.package_identification:_identify(src/DynamixelSDK) by extensions ['ignore', 'ignore_ament_install']
[1.540s] Level 1:colcon.colcon_core.package_identification:_identify(src/DynamixelSDK) by extension 'ignore'
[1.540s] Level 1:colcon.colcon_core.package_identification:_identify(src/DynamixelSDK) by extension 'ignore_ament_install'
[1.540s] Level 1:colcon.colcon_core.package_identification:_identify(src/DynamixelSDK) by extensions ['colcon_pkg']
[1.540s] Level 1:colcon.colcon_core.package_identification:_identify(src/DynamixelSDK) by extension 'colcon_pkg'
[1.540s] Level 1:colcon.colcon_core.package_identification:_identify(src/DynamixelSDK) by extensions ['colcon_meta']
[1.541s] Level 1:colcon.colcon_core.package_identification:_identify(src/DynamixelSDK) by extension 'colcon_meta'
[1.541s] Level 1:colcon.colcon_core.package_identification:_identify(src/DynamixelSDK) by extensions ['ros']
[1.541s] Level 1:colcon.colcon_core.package_identification:_identify(src/DynamixelSDK) by extension 'ros'
[1.541s] Level 1:colcon.colcon_core.package_identification:_identify(src/DynamixelSDK) by extensions ['cmake', 'python']
[1.541s] Level 1:colcon.colcon_core.package_identification:_identify(src/DynamixelSDK) by extension 'cmake'
[1.542s] Level 1:colcon.colcon_core.package_identification:_identify(src/DynamixelSDK) by extension 'python'
[1.542s] Level 1:colcon.colcon_core.package_identification:_identify(src/DynamixelSDK) by extensions ['python_setup_py']
[1.542s] Level 1:colcon.colcon_core.package_identification:_identify(src/DynamixelSDK) by extension 'python_setup_py'
[1.542s] Level 1:colcon.colcon_core.package_identification:_identify(src/DynamixelSDK/dynamixel_sdk) by extensions ['ignore', 'ignore_ament_install']
[1.543s] Level 1:colcon.colcon_core.package_identification:_identify(src/DynamixelSDK/dynamixel_sdk) by extension 'ignore'
[1.543s] Level 1:colcon.colcon_core.package_identification:_identify(src/DynamixelSDK/dynamixel_sdk) by extension 'ignore_ament_install'
[1.543s] Level 1:colcon.colcon_core.package_identification:_identify(src/DynamixelSDK/dynamixel_sdk) by extensions ['colcon_pkg']
[1.543s] Level 1:colcon.colcon_core.package_identification:_identify(src/DynamixelSDK/dynamixel_sdk) by extension 'colcon_pkg'
[1.543s] Level 1:colcon.colcon_core.package_identification:_identify(src/DynamixelSDK/dynamixel_sdk) by extensions ['colcon_meta']
[1.544s] Level 1:colcon.colcon_core.package_identification:_identify(src/DynamixelSDK/dynamixel_sdk) by extension 'colcon_meta'
[1.544s] Level 1:colcon.colcon_core.package_identification:_identify(src/DynamixelSDK/dynamixel_sdk) by extensions ['ros']
[1.544s] Level 1:colcon.colcon_core.package_identification:_identify(src/DynamixelSDK/dynamixel_sdk) by extension 'ros'
[1.553s] DEBUG:colcon.colcon_core.package_identification:Package 'src/DynamixelSDK/dynamixel_sdk' with type 'ros.ament_cmake' and name 'dynamixel_sdk'
[1.553s] Level 1:colcon.colcon_core.package_identification:_identify(src/DynamixelSDK/dynamixel_sdk_custom_interfaces) by extensions ['ignore', 'ignore_ament_install']
[1.554s] Level 1:colcon.colcon_core.package_identification:_identify(src/DynamixelSDK/dynamixel_sdk_custom_interfaces) by extension 'ignore'
[1.554s] Level 1:colcon.colcon_core.package_identification:_identify(src/DynamixelSDK/dynamixel_sdk_custom_interfaces) by extension 'ignore_ament_install'
[1.554s] Level 1:colcon.colcon_core.package_identification:_identify(src/DynamixelSDK/dynamixel_sdk_custom_interfaces) by extensions ['colcon_pkg']
[1.554s] Level 1:colcon.colcon_core.package_identification:_identify(src/DynamixelSDK/dynamixel_sdk_custom_interfaces) by extension 'colcon_pkg'
[1.555s] Level 1:colcon.colcon_core.package_identification:_identify(src/DynamixelSDK/dynamixel_sdk_custom_interfaces) by extensions ['colcon_meta']
[1.555s] Level 1:colcon.colcon_core.package_identification:_identify(src/DynamixelSDK/dynamixel_sdk_custom_interfaces) by extension 'colcon_meta'
[1.555s] Level 1:colcon.colcon_core.package_identification:_identify(src/DynamixelSDK/dynamixel_sdk_custom_interfaces) by extensions ['ros']
[1.555s] Level 1:colcon.colcon_core.package_identification:_identify(src/DynamixelSDK/dynamixel_sdk_custom_interfaces) by extension 'ros'
[1.558s] DEBUG:colcon.colcon_core.package_identification:Package 'src/DynamixelSDK/dynamixel_sdk_custom_interfaces' with type 'ros.ament_cmake' and name 'dynamixel_sdk_custom_interfaces'
[1.559s] Level 1:colcon.colcon_core.package_identification:_identify(src/DynamixelSDK/dynamixel_sdk_examples) by extensions ['ignore', 'ignore_ament_install']
[1.559s] Level 1:colcon.colcon_core.package_identification:_identify(src/DynamixelSDK/dynamixel_sdk_examples) by extension 'ignore'
[1.559s] Level 1:colcon.colcon_core.package_identification:_identify(src/DynamixelSDK/dynamixel_sdk_examples) by extension 'ignore_ament_install'
[1.560s] Level 1:colcon.colcon_core.package_identification:_identify(src/DynamixelSDK/dynamixel_sdk_examples) by extensions ['colcon_pkg']
[1.560s] Level 1:colcon.colcon_core.package_identification:_identify(src/DynamixelSDK/dynamixel_sdk_examples) by extension 'colcon_pkg'
[1.560s] Level 1:colcon.colcon_core.package_identification:_identify(src/DynamixelSDK/dynamixel_sdk_examples) by extensions ['colcon_meta']
[1.560s] Level 1:colcon.colcon_core.package_identification:_identify(src/DynamixelSDK/dynamixel_sdk_examples) by extension 'colcon_meta'
[1.560s] Level 1:colcon.colcon_core.package_identification:_identify(src/DynamixelSDK/dynamixel_sdk_examples) by extensions ['ros']
[1.560s] Level 1:colcon.colcon_core.package_identification:_identify(src/DynamixelSDK/dynamixel_sdk_examples) by extension 'ros'
[1.564s] DEBUG:colcon.colcon_core.package_identification:Package 'src/DynamixelSDK/dynamixel_sdk_examples' with type 'ros.ament_cmake' and name 'dynamixel_sdk_examples'
[1.564s] Level 1:colcon.colcon_core.package_identification:_identify(src/dynamixel_keyboard_controller) by extensions ['ignore', 'ignore_ament_install']
[1.565s] Level 1:colcon.colcon_core.package_identification:_identify(src/dynamixel_keyboard_controller) by extension 'ignore'
[1.565s] Level 1:colcon.colcon_core.package_identification:_identify(src/dynamixel_keyboard_controller) by extension 'ignore_ament_install'
[1.565s] Level 1:colcon.colcon_core.package_identification:_identify(src/dynamixel_keyboard_controller) by extensions ['colcon_pkg']
[1.565s] Level 1:colcon.colcon_core.package_identification:_identify(src/dynamixel_keyboard_controller) by extension 'colcon_pkg'
[1.565s] Level 1:colcon.colcon_core.package_identification:_identify(src/dynamixel_keyboard_controller) by extensions ['colcon_meta']
[1.566s] Level 1:colcon.colcon_core.package_identification:_identify(src/dynamixel_keyboard_controller) by extension 'colcon_meta'
[1.566s] Level 1:colcon.colcon_core.package_identification:_identify(src/dynamixel_keyboard_controller) by extensions ['ros']
[1.566s] Level 1:colcon.colcon_core.package_identification:_identify(src/dynamixel_keyboard_controller) by extension 'ros'
[1.568s] DEBUG:colcon.colcon_core.package_identification:Package 'src/dynamixel_keyboard_controller' with type 'ros.ament_python' and name 'dynamixel_keyboard_controller'
[1.569s] Level 1:colcon.colcon_core.package_identification:_identify(src/dynamixel_mpu9250) by extensions ['ignore', 'ignore_ament_install']
[1.569s] Level 1:colcon.colcon_core.package_identification:_identify(src/dynamixel_mpu9250) by extension 'ignore'
[1.569s] Level 1:colcon.colcon_core.package_identification:_identify(src/dynamixel_mpu9250) by extension 'ignore_ament_install'
[1.569s] Level 1:colcon.colcon_core.package_identification:_identify(src/dynamixel_mpu9250) by extensions ['colcon_pkg']
[1.569s] Level 1:colcon.colcon_core.package_identification:_identify(src/dynamixel_mpu9250) by extension 'colcon_pkg'
[1.570s] Level 1:colcon.colcon_core.package_identification:_identify(src/dynamixel_mpu9250) by extensions ['colcon_meta']
[1.570s] Level 1:colcon.colcon_core.package_identification:_identify(src/dynamixel_mpu9250) by extension 'colcon_meta'
[1.570s] Level 1:colcon.colcon_core.package_identification:_identify(src/dynamixel_mpu9250) by extensions ['ros']
[1.570s] Level 1:colcon.colcon_core.package_identification:_identify(src/dynamixel_mpu9250) by extension 'ros'
[1.573s] DEBUG:colcon.colcon_core.package_identification:Package 'src/dynamixel_mpu9250' with type 'ros.ament_python' and name 'dynamixel_mpu9250'
[1.574s] Level 1:colcon.colcon_core.package_identification:_identify(src/locomotion) by extensions ['ignore', 'ignore_ament_install']
[1.574s] Level 1:colcon.colcon_core.package_identification:_identify(src/locomotion) by extension 'ignore'
[1.574s] Level 1:colcon.colcon_core.package_identification:_identify(src/locomotion) by extension 'ignore_ament_install'
[1.575s] Level 1:colcon.colcon_core.package_identification:_identify(src/locomotion) by extensions ['colcon_pkg']
[1.575s] Level 1:colcon.colcon_core.package_identification:_identify(src/locomotion) by extension 'colcon_pkg'
[1.575s] Level 1:colcon.colcon_core.package_identification:_identify(src/locomotion) by extensions ['colcon_meta']
[1.575s] Level 1:colcon.colcon_core.package_identification:_identify(src/locomotion) by extension 'colcon_meta'
[1.575s] Level 1:colcon.colcon_core.package_identification:_identify(src/locomotion) by extensions ['ros']
[1.575s] Level 1:colcon.colcon_core.package_identification:_identify(src/locomotion) by extension 'ros'
[1.578s] DEBUG:colcon.colcon_core.package_identification:Package 'src/locomotion' with type 'ros.ament_python' and name 'locomotion'
[1.579s] Level 1:colcon.colcon_core.package_identification:_identify(src/locomotion_wire) by extensions ['ignore', 'ignore_ament_install']
[1.579s] Level 1:colcon.colcon_core.package_identification:_identify(src/locomotion_wire) by extension 'ignore'
[1.579s] Level 1:colcon.colcon_core.package_identification:_identify(src/locomotion_wire) by extension 'ignore_ament_install'
[1.580s] Level 1:colcon.colcon_core.package_identification:_identify(src/locomotion_wire) by extensions ['colcon_pkg']
[1.580s] Level 1:colcon.colcon_core.package_identification:_identify(src/locomotion_wire) by extension 'colcon_pkg'
[1.580s] Level 1:colcon.colcon_core.package_identification:_identify(src/locomotion_wire) by extensions ['colcon_meta']
[1.580s] Level 1:colcon.colcon_core.package_identification:_identify(src/locomotion_wire) by extension 'colcon_meta'
[1.580s] Level 1:colcon.colcon_core.package_identification:_identify(src/locomotion_wire) by extensions ['ros']
[1.581s] Level 1:colcon.colcon_core.package_identification:_identify(src/locomotion_wire) by extension 'ros'
[1.583s] DEBUG:colcon.colcon_core.package_identification:Package 'src/locomotion_wire' with type 'ros.ament_python' and name 'locomotion_wire'
[1.584s] Level 1:colcon.colcon_core.package_discovery:discover_packages(recursive) using defaults
[1.584s] Level 1:colcon.colcon_core.package_discovery:discover_packages(ignore) discover
[1.584s] Level 1:colcon.colcon_core.package_discovery:discover_packages(ignore) using defaults
[1.585s] Level 1:colcon.colcon_core.package_discovery:discover_packages(path) discover
[1.585s] Level 1:colcon.colcon_core.package_discovery:discover_packages(path) using defaults
[1.733s] Level 1:colcon.colcon_core.package_discovery:discover_packages(prefix_path) check parameters
[1.733s] Level 1:colcon.colcon_core.package_discovery:discover_packages(prefix_path) discover
[1.744s] DEBUG:colcon.colcon_installed_package_information.package_discovery:Found 7 installed packages in /home/sli/slither_ws/install
[1.752s] DEBUG:colcon.colcon_installed_package_information.package_discovery:Found 270 installed packages in /opt/ros/humble
[1.758s] Level 1:colcon.colcon_core.package_discovery:discover_packages(prefix_path) using defaults
[1.920s] Level 5:colcon.colcon_core.verb:set package 'dynamixel_keyboard_controller' build argument 'cmake_args' from command line to 'None'
[1.921s] Level 5:colcon.colcon_core.verb:set package 'dynamixel_keyboard_controller' build argument 'cmake_target' from command line to 'None'
[1.921s] Level 5:colcon.colcon_core.verb:set package 'dynamixel_keyboard_controller' build argument 'cmake_target_skip_unavailable' from command line to 'False'
[1.921s] Level 5:colcon.colcon_core.verb:set package 'dynamixel_keyboard_controller' build argument 'cmake_clean_cache' from command line to 'False'
[1.921s] Level 5:colcon.colcon_core.verb:set package 'dynamixel_keyboard_controller' build argument 'cmake_clean_first' from command line to 'False'
[1.921s] Level 5:colcon.colcon_core.verb:set package 'dynamixel_keyboard_controller' build argument 'cmake_force_configure' from command line to 'False'
[1.921s] Level 5:colcon.colcon_core.verb:set package 'dynamixel_keyboard_controller' build argument 'ament_cmake_args' from command line to 'None'
[1.921s] Level 5:colcon.colcon_core.verb:set package 'dynamixel_keyboard_controller' build argument 'catkin_cmake_args' from command line to 'None'
[1.921s] Level 5:colcon.colcon_core.verb:set package 'dynamixel_keyboard_controller' build argument 'catkin_skip_building_tests' from command line to 'False'
[1.921s] DEBUG:colcon.colcon_core.verb:Building package 'dynamixel_keyboard_controller' with the following arguments: {'ament_cmake_args': None, 'build_base': '/home/sli/slither_ws/build/dynamixel_keyboard_controller', 'catkin_cmake_args': None, 'catkin_skip_building_tests': False, 'cmake_args': None, 'cmake_clean_cache': False, 'cmake_clean_first': False, 'cmake_force_configure': False, 'cmake_target': None, 'cmake_target_skip_unavailable': False, 'install_base': '/home/sli/slither_ws/install/dynamixel_keyboard_controller', 'merge_install': False, 'path': '/home/sli/slither_ws/src/dynamixel_keyboard_controller', 'symlink_install': False, 'test_result_base': None}
[1.923s] Level 5:colcon.colcon_core.verb:set package 'dynamixel_sdk' build argument 'cmake_args' from command line to 'None'
[1.923s] Level 5:colcon.colcon_core.verb:set package 'dynamixel_sdk' build argument 'cmake_target' from command line to 'None'
[1.923s] Level 5:colcon.colcon_core.verb:set package 'dynamixel_sdk' build argument 'cmake_target_skip_unavailable' from command line to 'False'
[1.923s] Level 5:colcon.colcon_core.verb:set package 'dynamixel_sdk' build argument 'cmake_clean_cache' from command line to 'False'
[1.923s] Level 5:colcon.colcon_core.verb:set package 'dynamixel_sdk' build argument 'cmake_clean_first' from command line to 'False'
[1.924s] Level 5:colcon.colcon_core.verb:set package 'dynamixel_sdk' build argument 'cmake_force_configure' from command line to 'False'
[1.924s] Level 5:colcon.colcon_core.verb:set package 'dynamixel_sdk' build argument 'ament_cmake_args' from command line to 'None'
[1.924s] Level 5:colcon.colcon_core.verb:set package 'dynamixel_sdk' build argument 'catkin_cmake_args' from command line to 'None'
[1.924s] Level 5:colcon.colcon_core.verb:set package 'dynamixel_sdk' build argument 'catkin_skip_building_tests' from command line to 'False'
[1.924s] DEBUG:colcon.colcon_core.verb:Building package 'dynamixel_sdk' with the following arguments: {'ament_cmake_args': None, 'build_base': '/home/sli/slither_ws/build/dynamixel_sdk', 'catkin_cmake_args': None, 'catkin_skip_building_tests': False, 'cmake_args': None, 'cmake_clean_cache': False, 'cmake_clean_first': False, 'cmake_force_configure': False, 'cmake_target': None, 'cmake_target_skip_unavailable': False, 'install_base': '/home/sli/slither_ws/install/dynamixel_sdk', 'merge_install': False, 'path': '/home/sli/slither_ws/src/DynamixelSDK/dynamixel_sdk', 'symlink_install': False, 'test_result_base': None}
[1.925s] Level 5:colcon.colcon_core.verb:set package 'dynamixel_sdk_custom_interfaces' build argument 'cmake_args' from command line to 'None'
[1.926s] Level 5:colcon.colcon_core.verb:set package 'dynamixel_sdk_custom_interfaces' build argument 'cmake_target' from command line to 'None'
[1.926s] Level 5:colcon.colcon_core.verb:set package 'dynamixel_sdk_custom_interfaces' build argument 'cmake_target_skip_unavailable' from command line to 'False'
[1.926s] Level 5:colcon.colcon_core.verb:set package 'dynamixel_sdk_custom_interfaces' build argument 'cmake_clean_cache' from command line to 'False'
[1.926s] Level 5:colcon.colcon_core.verb:set package 'dynamixel_sdk_custom_interfaces' build argument 'cmake_clean_first' from command line to 'False'
[1.926s] Level 5:colcon.colcon_core.verb:set package 'dynamixel_sdk_custom_interfaces' build argument 'cmake_force_configure' from command line to 'False'
[1.926s] Level 5:colcon.colcon_core.verb:set package 'dynamixel_sdk_custom_interfaces' build argument 'ament_cmake_args' from command line to 'None'
[1.926s] Level 5:colcon.colcon_core.verb:set package 'dynamixel_sdk_custom_interfaces' build argument 'catkin_cmake_args' from command line to 'None'
[1.926s] Level 5:colcon.colcon_core.verb:set package 'dynamixel_sdk_custom_interfaces' build argument 'catkin_skip_building_tests' from command line to 'False'
[1.926s] DEBUG:colcon.colcon_core.verb:Building package 'dynamixel_sdk_custom_interfaces' with the following arguments: {'ament_cmake_args': None, 'build_base': '/home/sli/slither_ws/build/dynamixel_sdk_custom_interfaces', 'catkin_cmake_args': None, 'catkin_skip_building_tests': False, 'cmake_args': None, 'cmake_clean_cache': False, 'cmake_clean_first': False, 'cmake_force_configure': False, 'cmake_target': None, 'cmake_target_skip_unavailable': False, 'install_base': '/home/sli/slither_ws/install/dynamixel_sdk_custom_interfaces', 'merge_install': False, 'path': '/home/sli/slither_ws/src/DynamixelSDK/dynamixel_sdk_custom_interfaces', 'symlink_install': False, 'test_result_base': None}
[1.928s] Level 5:colcon.colcon_core.verb:set package 'dynamixel_mpu9250' build argument 'cmake_args' from command line to 'None'
[1.928s] Level 5:colcon.colcon_core.verb:set package 'dynamixel_mpu9250' build argument 'cmake_target' from command line to 'None'
[1.928s] Level 5:colcon.colcon_core.verb:set package 'dynamixel_mpu9250' build argument 'cmake_target_skip_unavailable' from command line to 'False'
[1.928s] Level 5:colcon.colcon_core.verb:set package 'dynamixel_mpu9250' build argument 'cmake_clean_cache' from command line to 'False'
[1.928s] Level 5:colcon.colcon_core.verb:set package 'dynamixel_mpu9250' build argument 'cmake_clean_first' from command line to 'False'
[1.928s] Level 5:colcon.colcon_core.verb:set package 'dynamixel_mpu9250' build argument 'cmake_force_configure' from command line to 'False'
[1.928s] Level 5:colcon.colcon_core.verb:set package 'dynamixel_mpu9250' build argument 'ament_cmake_args' from command line to 'None'
[1.929s] Level 5:colcon.colcon_core.verb:set package 'dynamixel_mpu9250' build argument 'catkin_cmake_args' from command line to 'None'
[1.929s] Level 5:colcon.colcon_core.verb:set package 'dynamixel_mpu9250' build argument 'catkin_skip_building_tests' from command line to 'False'
[1.929s] DEBUG:colcon.colcon_core.verb:Building package 'dynamixel_mpu9250' with the following arguments: {'ament_cmake_args': None, 'build_base': '/home/sli/slither_ws/build/dynamixel_mpu9250', 'catkin_cmake_args': None, 'catkin_skip_building_tests': False, 'cmake_args': None, 'cmake_clean_cache': False, 'cmake_clean_first': False, 'cmake_force_configure': False, 'cmake_target': None, 'cmake_target_skip_unavailable': False, 'install_base': '/home/sli/slither_ws/install/dynamixel_mpu9250', 'merge_install': False, 'path': '/home/sli/slither_ws/src/dynamixel_mpu9250', 'symlink_install': False, 'test_result_base': None}
[1.930s] Level 5:colcon.colcon_core.verb:set package 'dynamixel_sdk_examples' build argument 'cmake_args' from command line to 'None'
[1.930s] Level 5:colcon.colcon_core.verb:set package 'dynamixel_sdk_examples' build argument 'cmake_target' from command line to 'None'
[1.930s] Level 5:colcon.colcon_core.verb:set package 'dynamixel_sdk_examples' build argument 'cmake_target_skip_unavailable' from command line to 'False'
[1.931s] Level 5:colcon.colcon_core.verb:set package 'dynamixel_sdk_examples' build argument 'cmake_clean_cache' from command line to 'False'
[1.931s] Level 5:colcon.colcon_core.verb:set package 'dynamixel_sdk_examples' build argument 'cmake_clean_first' from command line to 'False'
[1.931s] Level 5:colcon.colcon_core.verb:set package 'dynamixel_sdk_examples' build argument 'cmake_force_configure' from command line to 'False'
[1.931s] Level 5:colcon.colcon_core.verb:set package 'dynamixel_sdk_examples' build argument 'ament_cmake_args' from command line to 'None'
[1.931s] Level 5:colcon.colcon_core.verb:set package 'dynamixel_sdk_examples' build argument 'catkin_cmake_args' from command line to 'None'
[1.931s] Level 5:colcon.colcon_core.verb:set package 'dynamixel_sdk_examples' build argument 'catkin_skip_building_tests' from command line to 'False'
[1.931s] DEBUG:colcon.colcon_core.verb:Building package 'dynamixel_sdk_examples' with the following arguments: {'ament_cmake_args': None, 'build_base': '/home/sli/slither_ws/build/dynamixel_sdk_examples', 'catkin_cmake_args': None, 'catkin_skip_building_tests': False, 'cmake_args': None, 'cmake_clean_cache': False, 'cmake_clean_first': False, 'cmake_force_configure': False, 'cmake_target': None, 'cmake_target_skip_unavailable': False, 'install_base': '/home/sli/slither_ws/install/dynamixel_sdk_examples', 'merge_install': False, 'path': '/home/sli/slither_ws/src/DynamixelSDK/dynamixel_sdk_examples', 'symlink_install': False, 'test_result_base': None}
[1.933s] Level 5:colcon.colcon_core.verb:set package 'locomotion' build argument 'cmake_args' from command line to 'None'
[1.933s] Level 5:colcon.colcon_core.verb:set package 'locomotion' build argument 'cmake_target' from command line to 'None'
[1.933s] Level 5:colcon.colcon_core.verb:set package 'locomotion' build argument 'cmake_target_skip_unavailable' from command line to 'False'
[1.933s] Level 5:colcon.colcon_core.verb:set package 'locomotion' build argument 'cmake_clean_cache' from command line to 'False'
[1.933s] Level 5:colcon.colcon_core.verb:set package 'locomotion' build argument 'cmake_clean_first' from command line to 'False'
[1.933s] Level 5:colcon.colcon_core.verb:set package 'locomotion' build argument 'cmake_force_configure' from command line to 'False'
[1.933s] Level 5:colcon.colcon_core.verb:set package 'locomotion' build argument 'ament_cmake_args' from command line to 'None'
[1.933s] Level 5:colcon.colcon_core.verb:set package 'locomotion' build argument 'catkin_cmake_args' from command line to 'None'
[1.934s] Level 5:colcon.colcon_core.verb:set package 'locomotion' build argument 'catkin_skip_building_tests' from command line to 'False'
[1.934s] DEBUG:colcon.colcon_core.verb:Building package 'locomotion' with the following arguments: {'ament_cmake_args': None, 'build_base': '/home/sli/slither_ws/build/locomotion', 'catkin_cmake_args': None, 'catkin_skip_building_tests': False, 'cmake_args': None, 'cmake_clean_cache': False, 'cmake_clean_first': False, 'cmake_force_configure': False, 'cmake_target': None, 'cmake_target_skip_unavailable': False, 'install_base': '/home/sli/slither_ws/install/locomotion', 'merge_install': False, 'path': '/home/sli/slither_ws/src/locomotion', 'symlink_install': False, 'test_result_base': None}
[1.935s] Level 5:colcon.colcon_core.verb:set package 'locomotion_wire' build argument 'cmake_args' from command line to 'None'
[1.935s] Level 5:colcon.colcon_core.verb:set package 'locomotion_wire' build argument 'cmake_target' from command line to 'None'
[1.935s] Level 5:colcon.colcon_core.verb:set package 'locomotion_wire' build argument 'cmake_target_skip_unavailable' from command line to 'False'
[1.936s] Level 5:colcon.colcon_core.verb:set package 'locomotion_wire' build argument 'cmake_clean_cache' from command line to 'False'
[1.936s] Level 5:colcon.colcon_core.verb:set package 'locomotion_wire' build argument 'cmake_clean_first' from command line to 'False'
[1.936s] Level 5:colcon.colcon_core.verb:set package 'locomotion_wire' build argument 'cmake_force_configure' from command line to 'False'
[1.936s] Level 5:colcon.colcon_core.verb:set package 'locomotion_wire' build argument 'ament_cmake_args' from command line to 'None'
[1.936s] Level 5:colcon.colcon_core.verb:set package 'locomotion_wire' build argument 'catkin_cmake_args' from command line to 'None'
[1.936s] Level 5:colcon.colcon_core.verb:set package 'locomotion_wire' build argument 'catkin_skip_building_tests' from command line to 'False'
[1.936s] DEBUG:colcon.colcon_core.verb:Building package 'locomotion_wire' with the following arguments: {'ament_cmake_args': None, 'build_base': '/home/sli/slither_ws/build/locomotion_wire', 'catkin_cmake_args': None, 'catkin_skip_building_tests': False, 'cmake_args': None, 'cmake_clean_cache': False, 'cmake_clean_first': False, 'cmake_force_configure': False, 'cmake_target': None, 'cmake_target_skip_unavailable': False, 'install_base': '/home/sli/slither_ws/install/locomotion_wire', 'merge_install': False, 'path': '/home/sli/slither_ws/src/locomotion_wire', 'symlink_install': False, 'test_result_base': None}
[1.937s] INFO:colcon.colcon_core.executor:Executing jobs using 'parallel' executor
[1.940s] DEBUG:colcon.colcon_parallel_executor.executor.parallel:run_until_complete
[1.941s] INFO:colcon.colcon_ros.task.ament_cmake.build:Building ROS package in '/home/sli/slither_ws/src/DynamixelSDK/dynamixel_sdk' with build type 'ament_cmake'
[1.942s] INFO:colcon.colcon_cmake.task.cmake.build:Building CMake package in '/home/sli/slither_ws/src/DynamixelSDK/dynamixel_sdk'
[1.952s] INFO:colcon.colcon_core.plugin_system:Skipping extension 'colcon_core.shell.bat': Not used on non-Windows systems
[1.953s] INFO:colcon.colcon_core.shell:Skip shell extension 'powershell' for command environment: Not usable outside of PowerShell
[1.953s] DEBUG:colcon.colcon_core.shell:Skip shell extension 'dsv' for command environment
[1.976s] INFO:colcon.colcon_ros.task.ament_cmake.build:Building ROS package in '/home/sli/slither_ws/src/DynamixelSDK/dynamixel_sdk_custom_interfaces' with build type 'ament_cmake'
[1.977s] INFO:colcon.colcon_cmake.task.cmake.build:Building CMake package in '/home/sli/slither_ws/src/DynamixelSDK/dynamixel_sdk_custom_interfaces'
[1.979s] INFO:colcon.colcon_core.shell:Skip shell extension 'powershell' for command environment: Not usable outside of PowerShell
[1.979s] DEBUG:colcon.colcon_core.shell:Skip shell extension 'dsv' for command environment
[2.002s] INFO:colcon.colcon_ros.task.ament_python.build:Building ROS package in '/home/sli/slither_ws/src/dynamixel_keyboard_controller' with build type 'ament_python'
[2.003s] Level 1:colcon.colcon_core.shell:create_environment_hook('dynamixel_keyboard_controller', 'ament_prefix_path')
[2.005s] INFO:colcon.colcon_core.shell:Creating environment hook '/home/sli/slither_ws/install/dynamixel_keyboard_controller/share/dynamixel_keyboard_controller/hook/ament_prefix_path.ps1'
[2.008s] INFO:colcon.colcon_core.shell:Creating environment descriptor '/home/sli/slither_ws/install/dynamixel_keyboard_controller/share/dynamixel_keyboard_controller/hook/ament_prefix_path.dsv'
[2.011s] INFO:colcon.colcon_core.shell:Creating environment hook '/home/sli/slither_ws/install/dynamixel_keyboard_controller/share/dynamixel_keyboard_controller/hook/ament_prefix_path.sh'
[2.016s] INFO:colcon.colcon_core.shell:Skip shell extension 'powershell' for command environment: Not usable outside of PowerShell
[2.017s] DEBUG:colcon.colcon_core.shell:Skip shell extension 'dsv' for command environment
[2.059s] DEBUG:colcon.colcon_core.event_handler.log_command:Invoking command in '/home/sli/slither_ws/build/dynamixel_sdk': CMAKE_PREFIX_PATH=${CMAKE_PREFIX_PATH}:/home/sli/slither_ws/install/locomotion_wire:/home/sli/slither_ws/install/locomotion:/home/sli/slither_ws/install/dynamixel_mpu9250:/home/sli/slither_ws/install/dynamixel_keyboard_controller:/opt/ros/humble /usr/bin/cmake --build /home/sli/slither_ws/build/dynamixel_sdk -- -j4 -l4
[2.090s] DEBUG:colcon.colcon_core.event_handler.log_command:Invoking command in '/home/sli/slither_ws/build/dynamixel_sdk_custom_interfaces': CMAKE_PREFIX_PATH=${CMAKE_PREFIX_PATH}:/home/sli/slither_ws/install/locomotion_wire:/home/sli/slither_ws/install/locomotion:/home/sli/slither_ws/install/dynamixel_mpu9250:/home/sli/slither_ws/install/dynamixel_keyboard_controller:/opt/ros/humble /usr/bin/cmake --build /home/sli/slither_ws/build/dynamixel_sdk_custom_interfaces -- -j4 -l4
[3.973s] INFO:colcon.colcon_core.task.python.build:Building Python package in '/home/sli/slither_ws/src/dynamixel_keyboard_controller'
[3.975s] INFO:colcon.colcon_core.shell:Skip shell extension 'powershell' for command environment: Not usable outside of PowerShell
[3.975s] DEBUG:colcon.colcon_core.shell:Skip shell extension 'dsv' for command environment
[4.002s] DEBUG:colcon.colcon_core.event_handler.log_command:Invoked command in '/home/sli/slither_ws/build/dynamixel_sdk' returned '0': CMAKE_PREFIX_PATH=${CMAKE_PREFIX_PATH}:/home/sli/slither_ws/install/locomotion_wire:/home/sli/slither_ws/install/locomotion:/home/sli/slither_ws/install/dynamixel_mpu9250:/home/sli/slither_ws/install/dynamixel_keyboard_controller:/opt/ros/humble /usr/bin/cmake --build /home/sli/slither_ws/build/dynamixel_sdk -- -j4 -l4
[4.617s] DEBUG:colcon.colcon_core.event_handler.log_command:Invoking command in '/home/sli/slither_ws/build/dynamixel_sdk': CMAKE_PREFIX_PATH=${CMAKE_PREFIX_PATH}:/home/sli/slither_ws/install/locomotion_wire:/home/sli/slither_ws/install/locomotion:/home/sli/slither_ws/install/dynamixel_mpu9250:/home/sli/slither_ws/install/dynamixel_keyboard_controller:/opt/ros/humble /usr/bin/cmake --install /home/sli/slither_ws/build/dynamixel_sdk
[4.697s] Level 1:colcon.colcon_core.environment:create_environment_scripts_only(dynamixel_sdk)
[4.712s] DEBUG:colcon.colcon_core.event_handler.log_command:Invoked command in '/home/sli/slither_ws/build/dynamixel_sdk' returned '0': CMAKE_PREFIX_PATH=${CMAKE_PREFIX_PATH}:/home/sli/slither_ws/install/locomotion_wire:/home/sli/slither_ws/install/locomotion:/home/sli/slither_ws/install/dynamixel_mpu9250:/home/sli/slither_ws/install/dynamixel_keyboard_controller:/opt/ros/humble /usr/bin/cmake --install /home/sli/slither_ws/build/dynamixel_sdk
[4.720s] Level 1:colcon.colcon_core.environment:checking '/home/sli/slither_ws/install/dynamixel_sdk' for CMake module files
[4.723s] Level 1:colcon.colcon_core.environment:checking '/home/sli/slither_ws/install/dynamixel_sdk' for CMake config files
[4.724s] Level 1:colcon.colcon_core.shell:create_environment_hook('dynamixel_sdk', 'cmake_prefix_path')
[4.725s] INFO:colcon.colcon_core.shell:Creating environment hook '/home/sli/slither_ws/install/dynamixel_sdk/share/dynamixel_sdk/hook/cmake_prefix_path.ps1'
[4.728s] INFO:colcon.colcon_core.shell:Creating environment descriptor '/home/sli/slither_ws/install/dynamixel_sdk/share/dynamixel_sdk/hook/cmake_prefix_path.dsv'
[4.730s] INFO:colcon.colcon_core.shell:Creating environment hook '/home/sli/slither_ws/install/dynamixel_sdk/share/dynamixel_sdk/hook/cmake_prefix_path.sh'
[4.733s] Level 1:colcon.colcon_core.environment:checking '/home/sli/slither_ws/install/dynamixel_sdk/lib'
[4.734s] Level 1:colcon.colcon_core.shell:create_environment_hook('dynamixel_sdk', 'ld_library_path_lib')
[4.735s] INFO:colcon.colcon_core.shell:Creating environment hook '/home/sli/slither_ws/install/dynamixel_sdk/share/dynamixel_sdk/hook/ld_library_path_lib.ps1'
[4.737s] INFO:colcon.colcon_core.shell:Creating environment descriptor '/home/sli/slither_ws/install/dynamixel_sdk/share/dynamixel_sdk/hook/ld_library_path_lib.dsv'
[4.739s] INFO:colcon.colcon_core.shell:Creating environment hook '/home/sli/slither_ws/install/dynamixel_sdk/share/dynamixel_sdk/hook/ld_library_path_lib.sh'
[4.742s] Level 1:colcon.colcon_core.environment:checking '/home/sli/slither_ws/install/dynamixel_sdk/bin'
[4.742s] Level 1:colcon.colcon_core.environment:checking '/home/sli/slither_ws/install/dynamixel_sdk/lib/pkgconfig/dynamixel_sdk.pc'
[4.743s] Level 1:colcon.colcon_core.environment:checking '/home/sli/slither_ws/install/dynamixel_sdk/lib/python3.10/site-packages'
[4.744s] Level 1:colcon.colcon_core.environment:checking '/home/sli/slither_ws/install/dynamixel_sdk/bin'
[4.745s] INFO:colcon.colcon_core.shell:Creating package script '/home/sli/slither_ws/install/dynamixel_sdk/share/dynamixel_sdk/package.ps1'
[4.749s] INFO:colcon.colcon_core.shell:Creating package descriptor '/home/sli/slither_ws/install/dynamixel_sdk/share/dynamixel_sdk/package.dsv'
[4.770s] INFO:colcon.colcon_core.shell:Creating package script '/home/sli/slither_ws/install/dynamixel_sdk/share/dynamixel_sdk/package.sh'
[4.773s] INFO:colcon.colcon_core.shell:Creating package script '/home/sli/slither_ws/install/dynamixel_sdk/share/dynamixel_sdk/package.bash'
[4.778s] INFO:colcon.colcon_core.shell:Creating package script '/home/sli/slither_ws/install/dynamixel_sdk/share/dynamixel_sdk/package.zsh'
[4.781s] Level 1:colcon.colcon_core.environment:create_file_with_runtime_dependencies(/home/sli/slither_ws/install/dynamixel_sdk/share/colcon-core/packages/dynamixel_sdk)
[4.792s] DEBUG:colcon.colcon_core.event_handler.log_command:Invoked command in '/home/sli/slither_ws/build/dynamixel_sdk_custom_interfaces' returned '0': CMAKE_PREFIX_PATH=${CMAKE_PREFIX_PATH}:/home/sli/slither_ws/install/locomotion_wire:/home/sli/slither_ws/install/locomotion:/home/sli/slither_ws/install/dynamixel_mpu9250:/home/sli/slither_ws/install/dynamixel_keyboard_controller:/opt/ros/humble /usr/bin/cmake --build /home/sli/slither_ws/build/dynamixel_sdk_custom_interfaces -- -j4 -l4
[5.102s] Level 1:colcon.colcon_core.environment:create_environment_scripts_only(dynamixel_sdk)
[5.103s] Level 1:colcon.colcon_core.environment:checking '/home/sli/slither_ws/install/dynamixel_sdk' for CMake module files
[5.107s] Level 1:colcon.colcon_core.environment:checking '/home/sli/slither_ws/install/dynamixel_sdk' for CMake config files
[5.108s] Level 1:colcon.colcon_core.shell:create_environment_hook('dynamixel_sdk', 'cmake_prefix_path')
[5.109s] INFO:colcon.colcon_core.shell:Creating environment hook '/home/sli/slither_ws/install/dynamixel_sdk/share/dynamixel_sdk/hook/cmake_prefix_path.ps1'
[5.112s] INFO:colcon.colcon_core.shell:Creating environment descriptor '/home/sli/slither_ws/install/dynamixel_sdk/share/dynamixel_sdk/hook/cmake_prefix_path.dsv'
[5.114s] INFO:colcon.colcon_core.shell:Creating environment hook '/home/sli/slither_ws/install/dynamixel_sdk/share/dynamixel_sdk/hook/cmake_prefix_path.sh'
[5.117s] Level 1:colcon.colcon_core.environment:checking '/home/sli/slither_ws/install/dynamixel_sdk/lib'
[5.118s] Level 1:colcon.colcon_core.shell:create_environment_hook('dynamixel_sdk', 'ld_library_path_lib')
[5.119s] INFO:colcon.colcon_core.shell:Creating environment hook '/home/sli/slither_ws/install/dynamixel_sdk/share/dynamixel_sdk/hook/ld_library_path_lib.ps1'
[5.121s] INFO:colcon.colcon_core.shell:Creating environment descriptor '/home/sli/slither_ws/install/dynamixel_sdk/share/dynamixel_sdk/hook/ld_library_path_lib.dsv'
[5.124s] INFO:colcon.colcon_core.shell:Creating environment hook '/home/sli/slither_ws/install/dynamixel_sdk/share/dynamixel_sdk/hook/ld_library_path_lib.sh'
[5.126s] Level 1:colcon.colcon_core.environment:checking '/home/sli/slither_ws/install/dynamixel_sdk/bin'
[5.126s] Level 1:colcon.colcon_core.environment:checking '/home/sli/slither_ws/install/dynamixel_sdk/lib/pkgconfig/dynamixel_sdk.pc'
[5.128s] Level 1:colcon.colcon_core.environment:checking '/home/sli/slither_ws/install/dynamixel_sdk/lib/python3.10/site-packages'
[5.129s] Level 1:colcon.colcon_core.environment:checking '/home/sli/slither_ws/install/dynamixel_sdk/bin'
[5.131s] INFO:colcon.colcon_core.shell:Creating package script '/home/sli/slither_ws/install/dynamixel_sdk/share/dynamixel_sdk/package.ps1'
[5.133s] INFO:colcon.colcon_core.shell:Creating package descriptor '/home/sli/slither_ws/install/dynamixel_sdk/share/dynamixel_sdk/package.dsv'
[5.136s] INFO:colcon.colcon_core.shell:Creating package script '/home/sli/slither_ws/install/dynamixel_sdk/share/dynamixel_sdk/package.sh'
[5.139s] INFO:colcon.colcon_core.shell:Creating package script '/home/sli/slither_ws/install/dynamixel_sdk/share/dynamixel_sdk/package.bash'
[5.142s] INFO:colcon.colcon_core.shell:Creating package script '/home/sli/slither_ws/install/dynamixel_sdk/share/dynamixel_sdk/package.zsh'
[5.144s] Level 1:colcon.colcon_core.environment:create_file_with_runtime_dependencies(/home/sli/slither_ws/install/dynamixel_sdk/share/colcon-core/packages/dynamixel_sdk)
[5.148s] INFO:colcon.colcon_ros.task.ament_python.build:Building ROS package in '/home/sli/slither_ws/src/dynamixel_mpu9250' with build type 'ament_python'
[5.149s] Level 1:colcon.colcon_core.shell:create_environment_hook('dynamixel_mpu9250', 'ament_prefix_path')
[5.150s] INFO:colcon.colcon_core.shell:Creating environment hook '/home/sli/slither_ws/install/dynamixel_mpu9250/share/dynamixel_mpu9250/hook/ament_prefix_path.ps1'
[5.153s] INFO:colcon.colcon_core.shell:Creating environment descriptor '/home/sli/slither_ws/install/dynamixel_mpu9250/share/dynamixel_mpu9250/hook/ament_prefix_path.dsv'
[5.155s] INFO:colcon.colcon_core.shell:Creating environment hook '/home/sli/slither_ws/install/dynamixel_mpu9250/share/dynamixel_mpu9250/hook/ament_prefix_path.sh'
[5.158s] INFO:colcon.colcon_core.shell:Skip shell extension 'powershell' for command environment: Not usable outside of PowerShell
[5.159s] DEBUG:colcon.colcon_core.shell:Skip shell extension 'dsv' for command environment
[6.749s] INFO:colcon.colcon_core.task.python.build:Building Python package in '/home/sli/slither_ws/src/dynamixel_mpu9250'
[6.750s] INFO:colcon.colcon_core.shell:Skip shell extension 'powershell' for command environment: Not usable outside of PowerShell
[6.751s] DEBUG:colcon.colcon_core.shell:Skip shell extension 'dsv' for command environment
[6.788s] DEBUG:colcon.colcon_core.event_handler.log_command:Invoking command in '/home/sli/slither_ws/build/dynamixel_sdk_custom_interfaces': CMAKE_PREFIX_PATH=${CMAKE_PREFIX_PATH}:/home/sli/slither_ws/install/locomotion_wire:/home/sli/slither_ws/install/locomotion:/home/sli/slither_ws/install/dynamixel_mpu9250:/home/sli/slither_ws/install/dynamixel_keyboard_controller:/opt/ros/humble /usr/bin/cmake --install /home/sli/slither_ws/build/dynamixel_sdk_custom_interfaces
[6.802s] DEBUG:colcon.colcon_core.event_handler.log_command:Invoking command in '/home/sli/slither_ws/src/dynamixel_keyboard_controller': PYTHONPATH=/home/sli/slither_ws/build/dynamixel_keyboard_controller/prefix_override:/usr/lib/python3/dist-packages/colcon_core/task/python/colcon_distutils_commands:/home/sli/slither_ws/install/dynamixel_keyboard_controller/lib/python3.10/site-packages:${PYTHONPATH} /usr/bin/python3 -W ignore:setup.py install is deprecated setup.py egg_info --egg-base ../../build/dynamixel_keyboard_controller build --build-base /home/sli/slither_ws/build/dynamixel_keyboard_controller/build install --record /home/sli/slither_ws/build/dynamixel_keyboard_controller/install.log --single-version-externally-managed install_data
[7.245s] Level 1:colcon.colcon_core.environment:create_environment_scripts_only(dynamixel_sdk_custom_interfaces)
[7.248s] Level 1:colcon.colcon_core.environment:checking '/home/sli/slither_ws/install/dynamixel_sdk_custom_interfaces' for CMake module files
[7.250s] DEBUG:colcon.colcon_core.event_handler.log_command:Invoked command in '/home/sli/slither_ws/build/dynamixel_sdk_custom_interfaces' returned '0': CMAKE_PREFIX_PATH=${CMAKE_PREFIX_PATH}:/home/sli/slither_ws/install/locomotion_wire:/home/sli/slither_ws/install/locomotion:/home/sli/slither_ws/install/dynamixel_mpu9250:/home/sli/slither_ws/install/dynamixel_keyboard_controller:/opt/ros/humble /usr/bin/cmake --install /home/sli/slither_ws/build/dynamixel_sdk_custom_interfaces
[7.256s] Level 1:colcon.colcon_core.environment:checking '/home/sli/slither_ws/install/dynamixel_sdk_custom_interfaces' for CMake config files
[7.260s] Level 1:colcon.colcon_core.shell:create_environment_hook('dynamixel_sdk_custom_interfaces', 'cmake_prefix_path')
[7.262s] INFO:colcon.colcon_core.shell:Creating environment hook '/home/sli/slither_ws/install/dynamixel_sdk_custom_interfaces/share/dynamixel_sdk_custom_interfaces/hook/cmake_prefix_path.ps1'
[7.265s] INFO:colcon.colcon_core.shell:Creating environment descriptor '/home/sli/slither_ws/install/dynamixel_sdk_custom_interfaces/share/dynamixel_sdk_custom_interfaces/hook/cmake_prefix_path.dsv'
[7.267s] INFO:colcon.colcon_core.shell:Creating environment hook '/home/sli/slither_ws/install/dynamixel_sdk_custom_interfaces/share/dynamixel_sdk_custom_interfaces/hook/cmake_prefix_path.sh'
[7.271s] Level 1:colcon.colcon_core.environment:checking '/home/sli/slither_ws/install/dynamixel_sdk_custom_interfaces/lib'
[7.272s] Level 1:colcon.colcon_core.shell:create_environment_hook('dynamixel_sdk_custom_interfaces', 'ld_library_path_lib')
[7.274s] INFO:colcon.colcon_core.shell:Creating environment hook '/home/sli/slither_ws/install/dynamixel_sdk_custom_interfaces/share/dynamixel_sdk_custom_interfaces/hook/ld_library_path_lib.ps1'
[7.279s] INFO:colcon.colcon_core.shell:Creating environment descriptor '/home/sli/slither_ws/install/dynamixel_sdk_custom_interfaces/share/dynamixel_sdk_custom_interfaces/hook/ld_library_path_lib.dsv'
[7.281s] INFO:colcon.colcon_core.shell:Creating environment hook '/home/sli/slither_ws/install/dynamixel_sdk_custom_interfaces/share/dynamixel_sdk_custom_interfaces/hook/ld_library_path_lib.sh'
[7.285s] Level 1:colcon.colcon_core.environment:checking '/home/sli/slither_ws/install/dynamixel_sdk_custom_interfaces/bin'
[7.286s] Level 1:colcon.colcon_core.environment:checking '/home/sli/slither_ws/install/dynamixel_sdk_custom_interfaces/lib/pkgconfig/dynamixel_sdk_custom_interfaces.pc'
[7.287s] Level 1:colcon.colcon_core.environment:checking '/home/sli/slither_ws/install/dynamixel_sdk_custom_interfaces/lib/python3.10/site-packages'
[7.288s] Level 1:colcon.colcon_core.environment:checking '/home/sli/slither_ws/install/dynamixel_sdk_custom_interfaces/bin'
[7.291s] INFO:colcon.colcon_core.shell:Creating package script '/home/sli/slither_ws/install/dynamixel_sdk_custom_interfaces/share/dynamixel_sdk_custom_interfaces/package.ps1'
[7.296s] INFO:colcon.colcon_core.shell:Creating package descriptor '/home/sli/slither_ws/install/dynamixel_sdk_custom_interfaces/share/dynamixel_sdk_custom_interfaces/package.dsv'
[7.299s] INFO:colcon.colcon_core.shell:Creating package script '/home/sli/slither_ws/install/dynamixel_sdk_custom_interfaces/share/dynamixel_sdk_custom_interfaces/package.sh'
[7.302s] INFO:colcon.colcon_core.shell:Creating package script '/home/sli/slither_ws/install/dynamixel_sdk_custom_interfaces/share/dynamixel_sdk_custom_interfaces/package.bash'
[7.304s] INFO:colcon.colcon_core.shell:Creating package script '/home/sli/slither_ws/install/dynamixel_sdk_custom_interfaces/share/dynamixel_sdk_custom_interfaces/package.zsh'
[7.307s] Level 1:colcon.colcon_core.environment:create_file_with_runtime_dependencies(/home/sli/slither_ws/install/dynamixel_sdk_custom_interfaces/share/colcon-core/packages/dynamixel_sdk_custom_interfaces)
[7.977s] Level 1:colcon.colcon_core.environment:create_environment_scripts_only(dynamixel_sdk_custom_interfaces)
[7.978s] Level 1:colcon.colcon_core.environment:checking '/home/sli/slither_ws/install/dynamixel_sdk_custom_interfaces' for CMake module files
[7.983s] Level 1:colcon.colcon_core.environment:checking '/home/sli/slither_ws/install/dynamixel_sdk_custom_interfaces' for CMake config files
[7.986s] Level 1:colcon.colcon_core.shell:create_environment_hook('dynamixel_sdk_custom_interfaces', 'cmake_prefix_path')
[7.987s] INFO:colcon.colcon_core.shell:Creating environment hook '/home/sli/slither_ws/install/dynamixel_sdk_custom_interfaces/share/dynamixel_sdk_custom_interfaces/hook/cmake_prefix_path.ps1'
[7.989s] INFO:colcon.colcon_core.shell:Creating environment descriptor '/home/sli/slither_ws/install/dynamixel_sdk_custom_interfaces/share/dynamixel_sdk_custom_interfaces/hook/cmake_prefix_path.dsv'
[7.991s] INFO:colcon.colcon_core.shell:Creating environment hook '/home/sli/slither_ws/install/dynamixel_sdk_custom_interfaces/share/dynamixel_sdk_custom_interfaces/hook/cmake_prefix_path.sh'
[7.994s] Level 1:colcon.colcon_core.environment:checking '/home/sli/slither_ws/install/dynamixel_sdk_custom_interfaces/lib'
[7.996s] Level 1:colcon.colcon_core.shell:create_environment_hook('dynamixel_sdk_custom_interfaces', 'ld_library_path_lib')
[7.997s] INFO:colcon.colcon_core.shell:Creating environment hook '/home/sli/slither_ws/install/dynamixel_sdk_custom_interfaces/share/dynamixel_sdk_custom_interfaces/hook/ld_library_path_lib.ps1'
[8.000s] INFO:colcon.colcon_core.shell:Creating environment descriptor '/home/sli/slither_ws/install/dynamixel_sdk_custom_interfaces/share/dynamixel_sdk_custom_interfaces/hook/ld_library_path_lib.dsv'
[8.002s] INFO:colcon.colcon_core.shell:Creating environment hook '/home/sli/slither_ws/install/dynamixel_sdk_custom_interfaces/share/dynamixel_sdk_custom_interfaces/hook/ld_library_path_lib.sh'
[8.004s] Level 1:colcon.colcon_core.environment:checking '/home/sli/slither_ws/install/dynamixel_sdk_custom_interfaces/bin'
[8.005s] Level 1:colcon.colcon_core.environment:checking '/home/sli/slither_ws/install/dynamixel_sdk_custom_interfaces/lib/pkgconfig/dynamixel_sdk_custom_interfaces.pc'
[8.006s] Level 1:colcon.colcon_core.environment:checking '/home/sli/slither_ws/install/dynamixel_sdk_custom_interfaces/lib/python3.10/site-packages'
[8.007s] Level 1:colcon.colcon_core.environment:checking '/home/sli/slither_ws/install/dynamixel_sdk_custom_interfaces/bin'
[8.009s] INFO:colcon.colcon_core.shell:Creating package script '/home/sli/slither_ws/install/dynamixel_sdk_custom_interfaces/share/dynamixel_sdk_custom_interfaces/package.ps1'
[8.012s] INFO:colcon.colcon_core.shell:Creating package descriptor '/home/sli/slither_ws/install/dynamixel_sdk_custom_interfaces/share/dynamixel_sdk_custom_interfaces/package.dsv'
[8.015s] INFO:colcon.colcon_core.shell:Creating package script '/home/sli/slither_ws/install/dynamixel_sdk_custom_interfaces/share/dynamixel_sdk_custom_interfaces/package.sh'
[8.018s] INFO:colcon.colcon_core.shell:Creating package script '/home/sli/slither_ws/install/dynamixel_sdk_custom_interfaces/share/dynamixel_sdk_custom_interfaces/package.bash'
[8.021s] INFO:colcon.colcon_core.shell:Creating package script '/home/sli/slither_ws/install/dynamixel_sdk_custom_interfaces/share/dynamixel_sdk_custom_interfaces/package.zsh'
[8.023s] Level 1:colcon.colcon_core.environment:create_file_with_runtime_dependencies(/home/sli/slither_ws/install/dynamixel_sdk_custom_interfaces/share/colcon-core/packages/dynamixel_sdk_custom_interfaces)
[8.025s] INFO:colcon.colcon_ros.task.ament_cmake.build:Building ROS package in '/home/sli/slither_ws/src/DynamixelSDK/dynamixel_sdk_examples' with build type 'ament_cmake'
[8.026s] INFO:colcon.colcon_cmake.task.cmake.build:Building CMake package in '/home/sli/slither_ws/src/DynamixelSDK/dynamixel_sdk_examples'
[8.027s] INFO:colcon.colcon_core.shell:Skip shell extension 'powershell' for command environment: Not usable outside of PowerShell
[8.028s] DEBUG:colcon.colcon_core.shell:Skip shell extension 'dsv' for command environment
[8.070s] INFO:colcon.colcon_ros.task.ament_python.build:Building ROS package in '/home/sli/slither_ws/src/locomotion' with build type 'ament_python'
[8.071s] Level 1:colcon.colcon_core.shell:create_environment_hook('locomotion', 'ament_prefix_path')
[8.072s] INFO:colcon.colcon_core.shell:Creating environment hook '/home/sli/slither_ws/install/locomotion/share/locomotion/hook/ament_prefix_path.ps1'
[8.076s] INFO:colcon.colcon_core.shell:Creating environment descriptor '/home/sli/slither_ws/install/locomotion/share/locomotion/hook/ament_prefix_path.dsv'
[8.080s] INFO:colcon.colcon_core.shell:Creating environment hook '/home/sli/slither_ws/install/locomotion/share/locomotion/hook/ament_prefix_path.sh'
[8.084s] INFO:colcon.colcon_core.shell:Skip shell extension 'powershell' for command environment: Not usable outside of PowerShell
[8.084s] DEBUG:colcon.colcon_core.shell:Skip shell extension 'dsv' for command environment
[8.138s] DEBUG:colcon.colcon_core.event_handler.log_command:Invoking command in '/home/sli/slither_ws/build/dynamixel_sdk_examples': CMAKE_PREFIX_PATH=/home/sli/slither_ws/install/dynamixel_sdk_custom_interfaces:/home/sli/slither_ws/install/dynamixel_sdk:/home/sli/slither_ws/install/dynamixel_sdk_examples:/home/sli/slither_ws/install/locomotion_wire:/home/sli/slither_ws/install/locomotion:/home/sli/slither_ws/install/dynamixel_mpu9250:/home/sli/slither_ws/install/dynamixel_keyboard_controller:/opt/ros/humble /usr/bin/cmake --build /home/sli/slither_ws/build/dynamixel_sdk_examples -- -j4 -l4
[10.379s] INFO:colcon.colcon_core.task.python.build:Building Python package in '/home/sli/slither_ws/src/locomotion'
[10.381s] INFO:colcon.colcon_core.shell:Skip shell extension 'powershell' for command environment: Not usable outside of PowerShell
[10.381s] DEBUG:colcon.colcon_core.shell:Skip shell extension 'dsv' for command environment
[10.408s] DEBUG:colcon.colcon_core.event_handler.log_command:Invoked command in '/home/sli/slither_ws/build/dynamixel_sdk_examples' returned '0': CMAKE_PREFIX_PATH=/home/sli/slither_ws/install/dynamixel_sdk_custom_interfaces:/home/sli/slither_ws/install/dynamixel_sdk:/home/sli/slither_ws/install/dynamixel_sdk_examples:/home/sli/slither_ws/install/locomotion_wire:/home/sli/slither_ws/install/locomotion:/home/sli/slither_ws/install/dynamixel_mpu9250:/home/sli/slither_ws/install/dynamixel_keyboard_controller:/opt/ros/humble /usr/bin/cmake --build /home/sli/slither_ws/build/dynamixel_sdk_examples -- -j4 -l4
[10.427s] DEBUG:colcon.colcon_core.event_handler.log_command:Invoking command in '/home/sli/slither_ws/src/dynamixel_mpu9250': CMAKE_PREFIX_PATH=/home/sli/slither_ws/install/dynamixel_sdk:/home/sli/slither_ws/install/dynamixel_sdk_examples:/home/sli/slither_ws/install/dynamixel_sdk_custom_interfaces LD_LIBRARY_PATH=/home/sli/slither_ws/install/dynamixel_sdk/lib:/home/sli/slither_ws/install/dynamixel_sdk_custom_interfaces/lib:/opt/ros/humble/opt/rviz_ogre_vendor/lib:/opt/ros/humble/lib/aarch64-linux-gnu:/opt/ros/humble/lib PYTHONPATH=/home/sli/slither_ws/build/dynamixel_mpu9250/prefix_override:/usr/lib/python3/dist-packages/colcon_core/task/python/colcon_distutils_commands:/home/sli/slither_ws/install/dynamixel_mpu9250/lib/python3.10/site-packages:${PYTHONPATH} /usr/bin/python3 -W ignore:setup.py install is deprecated setup.py egg_info --egg-base ../../build/dynamixel_mpu9250 build --build-base /home/sli/slither_ws/build/dynamixel_mpu9250/build install --record /home/sli/slither_ws/build/dynamixel_mpu9250/install.log --single-version-externally-managed install_data
[10.436s] Level 1:colcon.colcon_core.environment:checking '/home/sli/slither_ws/install/dynamixel_keyboard_controller' for CMake module files
[10.440s] DEBUG:colcon.colcon_core.event_handler.log_command:Invoked command in '/home/sli/slither_ws/src/dynamixel_keyboard_controller' returned '0': PYTHONPATH=/home/sli/slither_ws/build/dynamixel_keyboard_controller/prefix_override:/usr/lib/python3/dist-packages/colcon_core/task/python/colcon_distutils_commands:/home/sli/slither_ws/install/dynamixel_keyboard_controller/lib/python3.10/site-packages:${PYTHONPATH} /usr/bin/python3 -W ignore:setup.py install is deprecated setup.py egg_info --egg-base ../../build/dynamixel_keyboard_controller build --build-base /home/sli/slither_ws/build/dynamixel_keyboard_controller/build install --record /home/sli/slither_ws/build/dynamixel_keyboard_controller/install.log --single-version-externally-managed install_data
[10.443s] Level 1:colcon.colcon_core.environment:checking '/home/sli/slither_ws/install/dynamixel_keyboard_controller' for CMake config files
[10.448s] Level 1:colcon.colcon_core.environment:checking '/home/sli/slither_ws/install/dynamixel_keyboard_controller/lib'
[10.449s] Level 1:colcon.colcon_core.environment:checking '/home/sli/slither_ws/install/dynamixel_keyboard_controller/bin'
[10.449s] Level 1:colcon.colcon_core.environment:checking '/home/sli/slither_ws/install/dynamixel_keyboard_controller/lib/pkgconfig/dynamixel_keyboard_controller.pc'
[10.451s] Level 1:colcon.colcon_core.environment:checking '/home/sli/slither_ws/install/dynamixel_keyboard_controller/lib/python3.10/site-packages'
[10.451s] Level 1:colcon.colcon_core.shell:create_environment_hook('dynamixel_keyboard_controller', 'pythonpath')
[10.452s] INFO:colcon.colcon_core.shell:Creating environment hook '/home/sli/slither_ws/install/dynamixel_keyboard_controller/share/dynamixel_keyboard_controller/hook/pythonpath.ps1'
[10.455s] INFO:colcon.colcon_core.shell:Creating environment descriptor '/home/sli/slither_ws/install/dynamixel_keyboard_controller/share/dynamixel_keyboard_controller/hook/pythonpath.dsv'
[10.469s] INFO:colcon.colcon_core.shell:Creating environment hook '/home/sli/slither_ws/install/dynamixel_keyboard_controller/share/dynamixel_keyboard_controller/hook/pythonpath.sh'
[10.473s] Level 1:colcon.colcon_core.environment:checking '/home/sli/slither_ws/install/dynamixel_keyboard_controller/bin'
[10.473s] Level 1:colcon.colcon_core.environment:create_environment_scripts_only(dynamixel_keyboard_controller)
[10.475s] INFO:colcon.colcon_core.shell:Creating package script '/home/sli/slither_ws/install/dynamixel_keyboard_controller/share/dynamixel_keyboard_controller/package.ps1'
[10.480s] INFO:colcon.colcon_core.shell:Creating package descriptor '/home/sli/slither_ws/install/dynamixel_keyboard_controller/share/dynamixel_keyboard_controller/package.dsv'
[10.483s] INFO:colcon.colcon_core.shell:Creating package script '/home/sli/slither_ws/install/dynamixel_keyboard_controller/share/dynamixel_keyboard_controller/package.sh'
[10.485s] INFO:colcon.colcon_core.shell:Creating package script '/home/sli/slither_ws/install/dynamixel_keyboard_controller/share/dynamixel_keyboard_controller/package.bash'
[10.488s] INFO:colcon.colcon_core.shell:Creating package script '/home/sli/slither_ws/install/dynamixel_keyboard_controller/share/dynamixel_keyboard_controller/package.zsh'
[10.491s] Level 1:colcon.colcon_core.environment:create_file_with_runtime_dependencies(/home/sli/slither_ws/install/dynamixel_keyboard_controller/share/colcon-core/packages/dynamixel_keyboard_controller)
[10.495s] INFO:colcon.colcon_ros.task.ament_python.build:Building ROS package in '/home/sli/slither_ws/src/locomotion_wire' with build type 'ament_python'
[10.497s] Level 1:colcon.colcon_core.shell:create_environment_hook('locomotion_wire', 'ament_prefix_path')
[10.499s] INFO:colcon.colcon_core.shell:Creating environment hook '/home/sli/slither_ws/install/locomotion_wire/share/locomotion_wire/hook/ament_prefix_path.ps1'
[10.504s] INFO:colcon.colcon_core.shell:Creating environment descriptor '/home/sli/slither_ws/install/locomotion_wire/share/locomotion_wire/hook/ament_prefix_path.dsv'
[10.507s] INFO:colcon.colcon_core.shell:Creating environment hook '/home/sli/slither_ws/install/locomotion_wire/share/locomotion_wire/hook/ament_prefix_path.sh'
[10.511s] INFO:colcon.colcon_core.shell:Skip shell extension 'powershell' for command environment: Not usable outside of PowerShell
[10.522s] DEBUG:colcon.colcon_core.shell:Skip shell extension 'dsv' for command environment
[10.595s] DEBUG:colcon.colcon_core.event_handler.log_command:Invoking command in '/home/sli/slither_ws/build/dynamixel_sdk_examples': CMAKE_PREFIX_PATH=/home/sli/slither_ws/install/dynamixel_sdk_custom_interfaces:/home/sli/slither_ws/install/dynamixel_sdk:/home/sli/slither_ws/install/dynamixel_sdk_examples:/home/sli/slither_ws/install/locomotion_wire:/home/sli/slither_ws/install/locomotion:/home/sli/slither_ws/install/dynamixel_mpu9250:/home/sli/slither_ws/install/dynamixel_keyboard_controller:/opt/ros/humble /usr/bin/cmake --install /home/sli/slither_ws/build/dynamixel_sdk_examples
[12.693s] INFO:colcon.colcon_core.task.python.build:Building Python package in '/home/sli/slither_ws/src/locomotion_wire'
[12.695s] INFO:colcon.colcon_core.shell:Skip shell extension 'powershell' for command environment: Not usable outside of PowerShell
[12.695s] DEBUG:colcon.colcon_core.shell:Skip shell extension 'dsv' for command environment
[12.722s] Level 1:colcon.colcon_core.environment:create_environment_scripts_only(dynamixel_sdk_examples)
[12.724s] DEBUG:colcon.colcon_core.event_handler.log_command:Invoked command in '/home/sli/slither_ws/build/dynamixel_sdk_examples' returned '0': CMAKE_PREFIX_PATH=/home/sli/slither_ws/install/dynamixel_sdk_custom_interfaces:/home/sli/slither_ws/install/dynamixel_sdk:/home/sli/slither_ws/install/dynamixel_sdk_examples:/home/sli/slither_ws/install/locomotion_wire:/home/sli/slither_ws/install/locomotion:/home/sli/slither_ws/install/dynamixel_mpu9250:/home/sli/slither_ws/install/dynamixel_keyboard_controller:/opt/ros/humble /usr/bin/cmake --install /home/sli/slither_ws/build/dynamixel_sdk_examples
[12.725s] Level 1:colcon.colcon_core.environment:checking '/home/sli/slither_ws/install/dynamixel_sdk_examples' for CMake module files
[12.729s] Level 1:colcon.colcon_core.environment:checking '/home/sli/slither_ws/install/dynamixel_sdk_examples' for CMake config files
[12.731s] Level 1:colcon.colcon_core.shell:create_environment_hook('dynamixel_sdk_examples', 'cmake_prefix_path')
[12.732s] INFO:colcon.colcon_core.shell:Creating environment hook '/home/sli/slither_ws/install/dynamixel_sdk_examples/share/dynamixel_sdk_examples/hook/cmake_prefix_path.ps1'
[12.735s] INFO:colcon.colcon_core.shell:Creating environment descriptor '/home/sli/slither_ws/install/dynamixel_sdk_examples/share/dynamixel_sdk_examples/hook/cmake_prefix_path.dsv'
[12.737s] INFO:colcon.colcon_core.shell:Creating environment hook '/home/sli/slither_ws/install/dynamixel_sdk_examples/share/dynamixel_sdk_examples/hook/cmake_prefix_path.sh'
[12.740s] Level 1:colcon.colcon_core.environment:checking '/home/sli/slither_ws/install/dynamixel_sdk_examples/lib'
[12.741s] Level 1:colcon.colcon_core.environment:checking '/home/sli/slither_ws/install/dynamixel_sdk_examples/bin'
[12.741s] Level 1:colcon.colcon_core.environment:checking '/home/sli/slither_ws/install/dynamixel_sdk_examples/lib/pkgconfig/dynamixel_sdk_examples.pc'
[12.743s] Level 1:colcon.colcon_core.environment:checking '/home/sli/slither_ws/install/dynamixel_sdk_examples/lib/python3.10/site-packages'
[12.744s] Level 1:colcon.colcon_core.environment:checking '/home/sli/slither_ws/install/dynamixel_sdk_examples/bin'
[12.745s] INFO:colcon.colcon_core.shell:Creating package script '/home/sli/slither_ws/install/dynamixel_sdk_examples/share/dynamixel_sdk_examples/package.ps1'
[12.748s] INFO:colcon.colcon_core.shell:Creating package descriptor '/home/sli/slither_ws/install/dynamixel_sdk_examples/share/dynamixel_sdk_examples/package.dsv'
[12.750s] INFO:colcon.colcon_core.shell:Creating package script '/home/sli/slither_ws/install/dynamixel_sdk_examples/share/dynamixel_sdk_examples/package.sh'
[12.753s] INFO:colcon.colcon_core.shell:Creating package script '/home/sli/slither_ws/install/dynamixel_sdk_examples/share/dynamixel_sdk_examples/package.bash'
[12.755s] INFO:colcon.colcon_core.shell:Creating package script '/home/sli/slither_ws/install/dynamixel_sdk_examples/share/dynamixel_sdk_examples/package.zsh'
[12.758s] Level 1:colcon.colcon_core.environment:create_file_with_runtime_dependencies(/home/sli/slither_ws/install/dynamixel_sdk_examples/share/colcon-core/packages/dynamixel_sdk_examples)
[12.765s] Level 1:colcon.colcon_core.environment:checking '/home/sli/slither_ws/install/dynamixel_mpu9250' for CMake module files
[12.768s] DEBUG:colcon.colcon_core.event_handler.log_command:Invoked command in '/home/sli/slither_ws/src/dynamixel_mpu9250' returned '0': CMAKE_PREFIX_PATH=/home/sli/slither_ws/install/dynamixel_sdk:/home/sli/slither_ws/install/dynamixel_sdk_examples:/home/sli/slither_ws/install/dynamixel_sdk_custom_interfaces LD_LIBRARY_PATH=/home/sli/slither_ws/install/dynamixel_sdk/lib:/home/sli/slither_ws/install/dynamixel_sdk_custom_interfaces/lib:/opt/ros/humble/opt/rviz_ogre_vendor/lib:/opt/ros/humble/lib/aarch64-linux-gnu:/opt/ros/humble/lib PYTHONPATH=/home/sli/slither_ws/build/dynamixel_mpu9250/prefix_override:/usr/lib/python3/dist-packages/colcon_core/task/python/colcon_distutils_commands:/home/sli/slither_ws/install/dynamixel_mpu9250/lib/python3.10/site-packages:${PYTHONPATH} /usr/bin/python3 -W ignore:setup.py install is deprecated setup.py egg_info --egg-base ../../build/dynamixel_mpu9250 build --build-base /home/sli/slither_ws/build/dynamixel_mpu9250/build install --record /home/sli/slither_ws/build/dynamixel_mpu9250/install.log --single-version-externally-managed install_data
[12.770s] Level 1:colcon.colcon_core.environment:checking '/home/sli/slither_ws/install/dynamixel_mpu9250' for CMake config files
[12.775s] Level 1:colcon.colcon_core.environment:checking '/home/sli/slither_ws/install/dynamixel_mpu9250/lib'
[12.776s] Level 1:colcon.colcon_core.environment:checking '/home/sli/slither_ws/install/dynamixel_mpu9250/bin'
[12.776s] Level 1:colcon.colcon_core.environment:checking '/home/sli/slither_ws/install/dynamixel_mpu9250/lib/pkgconfig/dynamixel_mpu9250.pc'
[12.777s] Level 1:colcon.colcon_core.environment:checking '/home/sli/slither_ws/install/dynamixel_mpu9250/lib/python3.10/site-packages'
[12.778s] Level 1:colcon.colcon_core.shell:create_environment_hook('dynamixel_mpu9250', 'pythonpath')
[12.779s] INFO:colcon.colcon_core.shell:Creating environment hook '/home/sli/slither_ws/install/dynamixel_mpu9250/share/dynamixel_mpu9250/hook/pythonpath.ps1'
[12.782s] INFO:colcon.colcon_core.shell:Creating environment descriptor '/home/sli/slither_ws/install/dynamixel_mpu9250/share/dynamixel_mpu9250/hook/pythonpath.dsv'
[12.788s] INFO:colcon.colcon_core.shell:Creating environment hook '/home/sli/slither_ws/install/dynamixel_mpu9250/share/dynamixel_mpu9250/hook/pythonpath.sh'
[12.794s] Level 1:colcon.colcon_core.environment:checking '/home/sli/slither_ws/install/dynamixel_mpu9250/bin'
[12.795s] Level 1:colcon.colcon_core.environment:create_environment_scripts_only(dynamixel_mpu9250)
[12.796s] INFO:colcon.colcon_core.shell:Creating package script '/home/sli/slither_ws/install/dynamixel_mpu9250/share/dynamixel_mpu9250/package.ps1'
[12.799s] INFO:colcon.colcon_core.shell:Creating package descriptor '/home/sli/slither_ws/install/dynamixel_mpu9250/share/dynamixel_mpu9250/package.dsv'
[12.802s] INFO:colcon.colcon_core.shell:Creating package script '/home/sli/slither_ws/install/dynamixel_mpu9250/share/dynamixel_mpu9250/package.sh'
[12.806s] INFO:colcon.colcon_core.shell:Creating package script '/home/sli/slither_ws/install/dynamixel_mpu9250/share/dynamixel_mpu9250/package.bash'
[12.809s] INFO:colcon.colcon_core.shell:Creating package script '/home/sli/slither_ws/install/dynamixel_mpu9250/share/dynamixel_mpu9250/package.zsh'
[12.811s] Level 1:colcon.colcon_core.environment:create_file_with_runtime_dependencies(/home/sli/slither_ws/install/dynamixel_mpu9250/share/colcon-core/packages/dynamixel_mpu9250)
[13.007s] Level 1:colcon.colcon_core.environment:create_environment_scripts_only(dynamixel_sdk_examples)
[13.009s] Level 1:colcon.colcon_core.environment:checking '/home/sli/slither_ws/install/dynamixel_sdk_examples' for CMake module files
[13.015s] Level 1:colcon.colcon_core.environment:checking '/home/sli/slither_ws/install/dynamixel_sdk_examples' for CMake config files
[13.019s] Level 1:colcon.colcon_core.shell:create_environment_hook('dynamixel_sdk_examples', 'cmake_prefix_path')
[13.021s] INFO:colcon.colcon_core.shell:Creating environment hook '/home/sli/slither_ws/install/dynamixel_sdk_examples/share/dynamixel_sdk_examples/hook/cmake_prefix_path.ps1'
[13.026s] INFO:colcon.colcon_core.shell:Creating environment descriptor '/home/sli/slither_ws/install/dynamixel_sdk_examples/share/dynamixel_sdk_examples/hook/cmake_prefix_path.dsv'
[13.030s] INFO:colcon.colcon_core.shell:Creating environment hook '/home/sli/slither_ws/install/dynamixel_sdk_examples/share/dynamixel_sdk_examples/hook/cmake_prefix_path.sh'
[13.036s] Level 1:colcon.colcon_core.environment:checking '/home/sli/slither_ws/install/dynamixel_sdk_examples/lib'
[13.037s] Level 1:colcon.colcon_core.environment:checking '/home/sli/slither_ws/install/dynamixel_sdk_examples/bin'
[13.038s] Level 1:colcon.colcon_core.environment:checking '/home/sli/slither_ws/install/dynamixel_sdk_examples/lib/pkgconfig/dynamixel_sdk_examples.pc'
[13.039s] Level 1:colcon.colcon_core.environment:checking '/home/sli/slither_ws/install/dynamixel_sdk_examples/lib/python3.10/site-packages'
[13.041s] Level 1:colcon.colcon_core.environment:checking '/home/sli/slither_ws/install/dynamixel_sdk_examples/bin'
[13.044s] INFO:colcon.colcon_core.shell:Creating package script '/home/sli/slither_ws/install/dynamixel_sdk_examples/share/dynamixel_sdk_examples/package.ps1'
[13.048s] INFO:colcon.colcon_core.shell:Creating package descriptor '/home/sli/slither_ws/install/dynamixel_sdk_examples/share/dynamixel_sdk_examples/package.dsv'
[13.055s] INFO:colcon.colcon_core.shell:Creating package script '/home/sli/slither_ws/install/dynamixel_sdk_examples/share/dynamixel_sdk_examples/package.sh'
[13.061s] INFO:colcon.colcon_core.shell:Creating package script '/home/sli/slither_ws/install/dynamixel_sdk_examples/share/dynamixel_sdk_examples/package.bash'
[13.067s] INFO:colcon.colcon_core.shell:Creating package script '/home/sli/slither_ws/install/dynamixel_sdk_examples/share/dynamixel_sdk_examples/package.zsh'
[13.072s] Level 1:colcon.colcon_core.environment:create_file_with_runtime_dependencies(/home/sli/slither_ws/install/dynamixel_sdk_examples/share/colcon-core/packages/dynamixel_sdk_examples)
[13.085s] DEBUG:colcon.colcon_core.event_handler.log_command:Invoking command in '/home/sli/slither_ws/src/locomotion': CMAKE_PREFIX_PATH=/home/sli/slither_ws/install/dynamixel_sdk_custom_interfaces:/home/sli/slither_ws/install/dynamixel_sdk:/home/sli/slither_ws/install/dynamixel_sdk_examples PYTHONPATH=/home/sli/slither_ws/build/locomotion/prefix_override:/usr/lib/python3/dist-packages/colcon_core/task/python/colcon_distutils_commands:/home/sli/slither_ws/install/locomotion/lib/python3.10/site-packages:${PYTHONPATH} /usr/bin/python3 -W ignore:setup.py install is deprecated setup.py egg_info --egg-base ../../build/locomotion build --build-base /home/sli/slither_ws/build/locomotion/build install --record /home/sli/slither_ws/build/locomotion/install.log --single-version-externally-managed install_data
[15.135s] Level 1:colcon.colcon_core.environment:checking '/home/sli/slither_ws/install/locomotion' for CMake module files
[15.139s] Level 1:colcon.colcon_core.environment:checking '/home/sli/slither_ws/install/locomotion' for CMake config files
[15.143s] Level 1:colcon.colcon_core.environment:checking '/home/sli/slither_ws/install/locomotion/lib'
[15.144s] Level 1:colcon.colcon_core.environment:checking '/home/sli/slither_ws/install/locomotion/bin'
[15.145s] Level 1:colcon.colcon_core.environment:checking '/home/sli/slither_ws/install/locomotion/lib/pkgconfig/locomotion.pc'
[15.146s] Level 1:colcon.colcon_core.environment:checking '/home/sli/slither_ws/install/locomotion/lib/python3.10/site-packages'
[15.147s] Level 1:colcon.colcon_core.shell:create_environment_hook('locomotion', 'pythonpath')
[15.148s] INFO:colcon.colcon_core.shell:Creating environment hook '/home/sli/slither_ws/install/locomotion/share/locomotion/hook/pythonpath.ps1'
[15.152s] DEBUG:colcon.colcon_core.event_handler.log_command:Invoked command in '/home/sli/slither_ws/src/locomotion' returned '0': CMAKE_PREFIX_PATH=/home/sli/slither_ws/install/dynamixel_sdk_custom_interfaces:/home/sli/slither_ws/install/dynamixel_sdk:/home/sli/slither_ws/install/dynamixel_sdk_examples PYTHONPATH=/home/sli/slither_ws/build/locomotion/prefix_override:/usr/lib/python3/dist-packages/colcon_core/task/python/colcon_distutils_commands:/home/sli/slither_ws/install/locomotion/lib/python3.10/site-packages:${PYTHONPATH} /usr/bin/python3 -W ignore:setup.py install is deprecated setup.py egg_info --egg-base ../../build/locomotion build --build-base /home/sli/slither_ws/build/locomotion/build install --record /home/sli/slither_ws/build/locomotion/install.log --single-version-externally-managed install_data
[15.155s] INFO:colcon.colcon_core.shell:Creating environment descriptor '/home/sli/slither_ws/install/locomotion/share/locomotion/hook/pythonpath.dsv'
[15.158s] INFO:colcon.colcon_core.shell:Creating environment hook '/home/sli/slither_ws/install/locomotion/share/locomotion/hook/pythonpath.sh'
[15.162s] Level 1:colcon.colcon_core.environment:checking '/home/sli/slither_ws/install/locomotion/bin'
[15.163s] Level 1:colcon.colcon_core.environment:create_environment_scripts_only(locomotion)
[15.164s] INFO:colcon.colcon_core.shell:Creating package script '/home/sli/slither_ws/install/locomotion/share/locomotion/package.ps1'
[15.167s] INFO:colcon.colcon_core.shell:Creating package descriptor '/home/sli/slither_ws/install/locomotion/share/locomotion/package.dsv'
[15.169s] INFO:colcon.colcon_core.shell:Creating package script '/home/sli/slither_ws/install/locomotion/share/locomotion/package.sh'
[15.171s] INFO:colcon.colcon_core.shell:Creating package script '/home/sli/slither_ws/install/locomotion/share/locomotion/package.bash'
[15.173s] INFO:colcon.colcon_core.shell:Creating package script '/home/sli/slither_ws/install/locomotion/share/locomotion/package.zsh'
[15.175s] Level 1:colcon.colcon_core.environment:create_file_with_runtime_dependencies(/home/sli/slither_ws/install/locomotion/share/colcon-core/packages/locomotion)
[15.189s] DEBUG:colcon.colcon_core.event_handler.log_command:Invoking command in '/home/sli/slither_ws/src/locomotion_wire': CMAKE_PREFIX_PATH=/home/sli/slither_ws/install/dynamixel_sdk_custom_interfaces:/home/sli/slither_ws/install/dynamixel_sdk:/home/sli/slither_ws/install/dynamixel_sdk_examples PYTHONPATH=/home/sli/slither_ws/build/locomotion_wire/prefix_override:/usr/lib/python3/dist-packages/colcon_core/task/python/colcon_distutils_commands:/home/sli/slither_ws/install/locomotion_wire/lib/python3.10/site-packages:${PYTHONPATH} /usr/bin/python3 -W ignore:setup.py install is deprecated setup.py egg_info --egg-base ../../build/locomotion_wire build --build-base /home/sli/slither_ws/build/locomotion_wire/build install --record /home/sli/slither_ws/build/locomotion_wire/install.log --single-version-externally-managed install_data
[16.751s] Level 1:colcon.colcon_core.environment:checking '/home/sli/slither_ws/install/locomotion_wire' for CMake module files
[16.752s] DEBUG:colcon.colcon_core.event_handler.log_command:Invoked command in '/home/sli/slither_ws/src/locomotion_wire' returned '0': CMAKE_PREFIX_PATH=/home/sli/slither_ws/install/dynamixel_sdk_custom_interfaces:/home/sli/slither_ws/install/dynamixel_sdk:/home/sli/slither_ws/install/dynamixel_sdk_examples PYTHONPATH=/home/sli/slither_ws/build/locomotion_wire/prefix_override:/usr/lib/python3/dist-packages/colcon_core/task/python/colcon_distutils_commands:/home/sli/slither_ws/install/locomotion_wire/lib/python3.10/site-packages:${PYTHONPATH} /usr/bin/python3 -W ignore:setup.py install is deprecated setup.py egg_info --egg-base ../../build/locomotion_wire build --build-base /home/sli/slither_ws/build/locomotion_wire/build install --record /home/sli/slither_ws/build/locomotion_wire/install.log --single-version-externally-managed install_data
[16.754s] Level 1:colcon.colcon_core.environment:checking '/home/sli/slither_ws/install/locomotion_wire' for CMake config files
[16.757s] Level 1:colcon.colcon_core.environment:checking '/home/sli/slither_ws/install/locomotion_wire/lib'
[16.758s] Level 1:colcon.colcon_core.environment:checking '/home/sli/slither_ws/install/locomotion_wire/bin'
[16.758s] Level 1:colcon.colcon_core.environment:checking '/home/sli/slither_ws/install/locomotion_wire/lib/pkgconfig/locomotion_wire.pc'
[16.760s] Level 1:colcon.colcon_core.environment:checking '/home/sli/slither_ws/install/locomotion_wire/lib/python3.10/site-packages'
[16.760s] Level 1:colcon.colcon_core.shell:create_environment_hook('locomotion_wire', 'pythonpath')
[16.761s] INFO:colcon.colcon_core.shell:Creating environment hook '/home/sli/slither_ws/install/locomotion_wire/share/locomotion_wire/hook/pythonpath.ps1'
[16.763s] INFO:colcon.colcon_core.shell:Creating environment descriptor '/home/sli/slither_ws/install/locomotion_wire/share/locomotion_wire/hook/pythonpath.dsv'
[16.765s] INFO:colcon.colcon_core.shell:Creating environment hook '/home/sli/slither_ws/install/locomotion_wire/share/locomotion_wire/hook/pythonpath.sh'
[16.768s] Level 1:colcon.colcon_core.environment:checking '/home/sli/slither_ws/install/locomotion_wire/bin'
[16.769s] Level 1:colcon.colcon_core.environment:create_environment_scripts_only(locomotion_wire)
[16.770s] INFO:colcon.colcon_core.shell:Creating package script '/home/sli/slither_ws/install/locomotion_wire/share/locomotion_wire/package.ps1'
[16.773s] INFO:colcon.colcon_core.shell:Creating package descriptor '/home/sli/slither_ws/install/locomotion_wire/share/locomotion_wire/package.dsv'
[16.775s] INFO:colcon.colcon_core.shell:Creating package script '/home/sli/slither_ws/install/locomotion_wire/share/locomotion_wire/package.sh'
[16.777s] INFO:colcon.colcon_core.shell:Creating package script '/home/sli/slither_ws/install/locomotion_wire/share/locomotion_wire/package.bash'
[16.779s] INFO:colcon.colcon_core.shell:Creating package script '/home/sli/slither_ws/install/locomotion_wire/share/locomotion_wire/package.zsh'
[16.781s] Level 1:colcon.colcon_core.environment:create_file_with_runtime_dependencies(/home/sli/slither_ws/install/locomotion_wire/share/colcon-core/packages/locomotion_wire)
[16.782s] DEBUG:colcon.colcon_parallel_executor.executor.parallel:closing loop
[16.784s] DEBUG:colcon.colcon_parallel_executor.executor.parallel:loop closed
[16.784s] DEBUG:colcon.colcon_parallel_executor.executor.parallel:run_until_complete finished with '0'
[16.785s] DEBUG:colcon.colcon_core.event_reactor:joining thread
[16.812s] INFO:colcon.colcon_core.plugin_system:Skipping extension 'colcon_notification.desktop_notification.terminal_notifier': Not used on non-Darwin systems
[16.813s] INFO:colcon.colcon_core.plugin_system:Skipping extension 'colcon_notification.desktop_notification.win32': Not used on non-Windows systems
[16.813s] INFO:colcon.colcon_notification.desktop_notification:Sending desktop notification using 'notify2'
[16.865s] DEBUG:colcon.colcon_core.event_reactor:joined thread
[16.866s] INFO:colcon.colcon_core.shell:Creating prefix script '/home/sli/slither_ws/install/local_setup.ps1'
[16.870s] INFO:colcon.colcon_core.shell:Creating prefix util module '/home/sli/slither_ws/install/_local_setup_util_ps1.py'
[16.878s] INFO:colcon.colcon_core.shell:Creating prefix chain script '/home/sli/slither_ws/install/setup.ps1'
[16.887s] INFO:colcon.colcon_core.shell:Creating prefix script '/home/sli/slither_ws/install/local_setup.sh'
[16.890s] INFO:colcon.colcon_core.shell:Creating prefix util module '/home/sli/slither_ws/install/_local_setup_util_sh.py'
[16.893s] INFO:colcon.colcon_core.shell:Creating prefix chain script '/home/sli/slither_ws/install/setup.sh'
[16.901s] INFO:colcon.colcon_core.shell:Creating prefix script '/home/sli/slither_ws/install/local_setup.bash'
[16.904s] INFO:colcon.colcon_core.shell:Creating prefix chain script '/home/sli/slither_ws/install/setup.bash'
[16.910s] INFO:colcon.colcon_core.shell:Creating prefix script '/home/sli/slither_ws/install/local_setup.zsh'
[16.913s] INFO:colcon.colcon_core.shell:Creating prefix chain script '/home/sli/slither_ws/install/setup.zsh'
