running egg_info
writing ../../build/locomotion_wire/locomotion_wire.egg-info/PKG-INFO
writing dependency_links to ../../build/locomotion_wire/locomotion_wire.egg-info/dependency_links.txt
writing entry points to ../../build/locomotion_wire/locomotion_wire.egg-info/entry_points.txt
writing requirements to ../../build/locomotion_wire/locomotion_wire.egg-info/requires.txt
writing top-level names to ../../build/locomotion_wire/locomotion_wire.egg-info/top_level.txt
reading manifest file '../../build/locomotion_wire/locomotion_wire.egg-info/SOURCES.txt'
writing manifest file '../../build/locomotion_wire/locomotion_wire.egg-info/SOURCES.txt'
running build
running build_py
copying locomotion_wire/locomotion_wire.py -> /home/sli/slither_ws/build/locomotion_wire/build/lib/locomotion_wire
running install
running install_lib
copying /home/sli/slither_ws/build/locomotion_wire/build/lib/locomotion_wire/locomotion_wire.py -> /home/sli/slither_ws/install/locomotion_wire/lib/python3.10/site-packages/locomotion_wire
byte-compiling /home/sli/slither_ws/install/locomotion_wire/lib/python3.10/site-packages/locomotion_wire/locomotion_wire.py to locomotion_wire.cpython-310.pyc
Sorry: IndentationError: expected an indented block after 'elif' statement on line 267 (locomotion_wire.py, line 268)
running install_data
running install_egg_info
removing '/home/sli/slither_ws/install/locomotion_wire/lib/python3.10/site-packages/locomotion_wire-0.0.0-py3.10.egg-info' (and everything under it)
Copying ../../build/locomotion_wire/locomotion_wire.egg-info to /home/sli/slither_ws/install/locomotion_wire/lib/python3.10/site-packages/locomotion_wire-0.0.0-py3.10.egg-info
running install_scripts
Installing locomotion_wire script to /home/sli/slither_ws/install/locomotion_wire/lib/locomotion_wire
writing list of installed files to '/home/sli/slither_ws/build/locomotion_wire/install.log'
