[4.079s] Invoking command in '/home/sli/slither_ws/src/locomotion_wire': AMENT_PREFIX_PATH=/home/sli/slither_ws/install/dynamixel_sdk_custom_interfaces:/home/sli/slither_ws/install/dynamixel_sdk:${AMENT_PREFIX_PATH} CMAKE_PREFIX_PATH=/home/sli/slither_ws/install/dynamixel_sdk_custom_interfaces:/home/sli/slither_ws/install/dynamixel_sdk LD_LIBRARY_PATH=/home/sli/slither_ws/install/dynamixel_sdk_custom_interfaces/lib:/home/sli/slither_ws/install/dynamixel_sdk/lib:${LD_LIBRARY_PATH} PYTHONPATH=/home/sli/slither_ws/build/locomotion_wire/prefix_override:/usr/lib/python3/dist-packages/colcon_core/task/python/colcon_distutils_commands:/home/sli/slither_ws/install/locomotion_wire/lib/python3.10/site-packages:/home/sli/slither_ws/install/dynamixel_sdk_custom_interfaces/local/lib/python3.10/dist-packages:${PYTHONPATH} /usr/bin/python3 -W ignore:setup.py install is deprecated setup.py egg_info --egg-base ../../build/locomotion_wire build --build-base /home/sli/slither_ws/build/locomotion_wire/build install --record /home/sli/slither_ws/build/locomotion_wire/install.log --single-version-externally-managed install_data
[5.259s] running egg_info
[5.263s] writing ../../build/locomotion_wire/locomotion_wire.egg-info/PKG-INFO
[5.264s] writing dependency_links to ../../build/locomotion_wire/locomotion_wire.egg-info/dependency_links.txt
[5.265s] writing entry points to ../../build/locomotion_wire/locomotion_wire.egg-info/entry_points.txt
[5.265s] writing requirements to ../../build/locomotion_wire/locomotion_wire.egg-info/requires.txt
[5.266s] writing top-level names to ../../build/locomotion_wire/locomotion_wire.egg-info/top_level.txt
[5.275s] reading manifest file '../../build/locomotion_wire/locomotion_wire.egg-info/SOURCES.txt'
[5.279s] writing manifest file '../../build/locomotion_wire/locomotion_wire.egg-info/SOURCES.txt'
[5.280s] running build
[5.280s] running build_py
[5.281s] copying locomotion_wire/locomotion_wire.py -> /home/sli/slither_ws/build/locomotion_wire/build/lib/locomotion_wire
[5.282s] running install
[5.283s] running install_lib
[5.287s] copying /home/sli/slither_ws/build/locomotion_wire/build/lib/locomotion_wire/locomotion_wire.py -> /home/sli/slither_ws/install/locomotion_wire/lib/python3.10/site-packages/locomotion_wire
[5.291s] byte-compiling /home/sli/slither_ws/install/locomotion_wire/lib/python3.10/site-packages/locomotion_wire/locomotion_wire.py to locomotion_wire.cpython-310.pyc
[5.303s] Sorry: IndentationError: expected an indented block after 'elif' statement on line 267 (locomotion_wire.py, line 268)
[5.303s] running install_data
[5.304s] running install_egg_info
[5.310s] removing '/home/sli/slither_ws/install/locomotion_wire/lib/python3.10/site-packages/locomotion_wire-0.0.0-py3.10.egg-info' (and everything under it)
[5.311s] Copying ../../build/locomotion_wire/locomotion_wire.egg-info to /home/sli/slither_ws/install/locomotion_wire/lib/python3.10/site-packages/locomotion_wire-0.0.0-py3.10.egg-info
[5.317s] running install_scripts
[5.402s] Installing locomotion_wire script to /home/sli/slither_ws/install/locomotion_wire/lib/locomotion_wire
[5.404s] writing list of installed files to '/home/sli/slither_ws/build/locomotion_wire/install.log'
[5.531s] Invoked command in '/home/sli/slither_ws/src/locomotion_wire' returned '0': AMENT_PREFIX_PATH=/home/sli/slither_ws/install/dynamixel_sdk_custom_interfaces:/home/sli/slither_ws/install/dynamixel_sdk:${AMENT_PREFIX_PATH} CMAKE_PREFIX_PATH=/home/sli/slither_ws/install/dynamixel_sdk_custom_interfaces:/home/sli/slither_ws/install/dynamixel_sdk LD_LIBRARY_PATH=/home/sli/slither_ws/install/dynamixel_sdk_custom_interfaces/lib:/home/sli/slither_ws/install/dynamixel_sdk/lib:${LD_LIBRARY_PATH} PYTHONPATH=/home/sli/slither_ws/build/locomotion_wire/prefix_override:/usr/lib/python3/dist-packages/colcon_core/task/python/colcon_distutils_commands:/home/sli/slither_ws/install/locomotion_wire/lib/python3.10/site-packages:/home/sli/slither_ws/install/dynamixel_sdk_custom_interfaces/local/lib/python3.10/dist-packages:${PYTHONPATH} /usr/bin/python3 -W ignore:setup.py install is deprecated setup.py egg_info --egg-base ../../build/locomotion_wire build --build-base /home/sli/slither_ws/build/locomotion_wire/build install --record /home/sli/slither_ws/build/locomotion_wire/install.log --single-version-externally-managed install_data
