[0.630s] DEBUG:colcon:Command line arguments: ['/usr/bin/colcon', 'build']
[0.631s] DEBUG:colcon:Parsed command line arguments: Namespace(log_base=None, log_level=None, verb_name='build', build_base='build', install_base='install', merge_install=False, symlink_install=False, test_result_base=None, continue_on_error=False, executor='parallel', parallel_workers=4, event_handlers=None, ignore_user_meta=False, metas=['./colcon.meta'], base_paths=['.'], packages_ignore=None, packages_ignore_regex=None, paths=None, packages_up_to=None, packages_up_to_regex=None, packages_above=None, packages_above_and_dependencies=None, packages_above_depth=None, packages_select_by_dep=None, packages_skip_by_dep=None, packages_skip_up_to=None, packages_select_build_failed=False, packages_skip_build_finished=False, packages_select_test_failures=False, packages_skip_test_passed=False, packages_select=None, packages_skip=None, packages_select_regex=None, packages_skip_regex=None, packages_start=None, packages_end=None, allow_overriding=[], cmake_args=None, cmake_target=None, cmake_target_skip_unavailable=False, cmake_clean_cache=False, cmake_clean_first=False, cmake_force_configure=False, ament_cmake_args=None, catkin_cmake_args=None, catkin_skip_building_tests=False, mixin_files=None, mixin=None, verb_parser=<colcon_mixin.mixin.mixin_argument.MixinArgumentDecorator object at 0xffffaf0d28f0>, verb_extension=<colcon_core.verb.build.BuildVerb object at 0xffffaf20af20>, main=<bound method BuildVerb.main of <colcon_core.verb.build.BuildVerb object at 0xffffaf20af20>>, mixin_verb=('build',))
[1.476s] Level 1:colcon.colcon_core.package_discovery:discover_packages(colcon_meta) check parameters
[1.476s] Level 1:colcon.colcon_core.package_discovery:discover_packages(recursive) check parameters
[1.476s] Level 1:colcon.colcon_core.package_discovery:discover_packages(ignore) check parameters
[1.476s] Level 1:colcon.colcon_core.package_discovery:discover_packages(path) check parameters
[1.476s] Level 1:colcon.colcon_core.package_discovery:discover_packages(colcon_meta) discover
[1.477s] Level 1:colcon.colcon_core.package_discovery:discover_packages(recursive) discover
[1.477s] INFO:colcon.colcon_core.package_discovery:Crawling recursively for packages in '/home/sli/slither_ws'
[1.478s] Level 1:colcon.colcon_core.package_identification:_identify(.) by extensions ['ignore', 'ignore_ament_install']
[1.478s] Level 1:colcon.colcon_core.package_identification:_identify(.) by extension 'ignore'
[1.479s] Level 1:colcon.colcon_core.package_identification:_identify(.) by extension 'ignore_ament_install'
[1.479s] Level 1:colcon.colcon_core.package_identification:_identify(.) by extensions ['colcon_pkg']
[1.479s] Level 1:colcon.colcon_core.package_identification:_identify(.) by extension 'colcon_pkg'
[1.479s] Level 1:colcon.colcon_core.package_identification:_identify(.) by extensions ['colcon_meta']
[1.479s] Level 1:colcon.colcon_core.package_identification:_identify(.) by extension 'colcon_meta'
[1.479s] Level 1:colcon.colcon_core.package_identification:_identify(.) by extensions ['ros']
[1.479s] Level 1:colcon.colcon_core.package_identification:_identify(.) by extension 'ros'
[1.527s] Level 1:colcon.colcon_core.package_identification:_identify(.) by extensions ['cmake', 'python']
[1.528s] Level 1:colcon.colcon_core.package_identification:_identify(.) by extension 'cmake'
[1.528s] Level 1:colcon.colcon_core.package_identification:_identify(.) by extension 'python'
[1.528s] Level 1:colcon.colcon_core.package_identification:_identify(.) by extensions ['python_setup_py']
[1.528s] Level 1:colcon.colcon_core.package_identification:_identify(.) by extension 'python_setup_py'
[1.529s] Level 1:colcon.colcon_core.package_identification:_identify(build) by extensions ['ignore', 'ignore_ament_install']
[1.529s] Level 1:colcon.colcon_core.package_identification:_identify(build) by extension 'ignore'
[1.529s] Level 1:colcon.colcon_core.package_identification:_identify(build) ignored
[1.530s] Level 1:colcon.colcon_core.package_identification:_identify(install) by extensions ['ignore', 'ignore_ament_install']
[1.530s] Level 1:colcon.colcon_core.package_identification:_identify(install) by extension 'ignore'
[1.531s] Level 1:colcon.colcon_core.package_identification:_identify(install) ignored
[1.531s] Level 1:colcon.colcon_core.package_identification:_identify(log) by extensions ['ignore', 'ignore_ament_install']
[1.531s] Level 1:colcon.colcon_core.package_identification:_identify(log) by extension 'ignore'
[1.531s] Level 1:colcon.colcon_core.package_identification:_identify(log) ignored
[1.532s] Level 1:colcon.colcon_core.package_identification:_identify(src) by extensions ['ignore', 'ignore_ament_install']
[1.532s] Level 1:colcon.colcon_core.package_identification:_identify(src) by extension 'ignore'
[1.532s] Level 1:colcon.colcon_core.package_identification:_identify(src) by extension 'ignore_ament_install'
[1.533s] Level 1:colcon.colcon_core.package_identification:_identify(src) by extensions ['colcon_pkg']
[1.533s] Level 1:colcon.colcon_core.package_identification:_identify(src) by extension 'colcon_pkg'
[1.533s] Level 1:colcon.colcon_core.package_identification:_identify(src) by extensions ['colcon_meta']
[1.533s] Level 1:colcon.colcon_core.package_identification:_identify(src) by extension 'colcon_meta'
[1.533s] Level 1:colcon.colcon_core.package_identification:_identify(src) by extensions ['ros']
[1.533s] Level 1:colcon.colcon_core.package_identification:_identify(src) by extension 'ros'
[1.534s] Level 1:colcon.colcon_core.package_identification:_identify(src) by extensions ['cmake', 'python']
[1.534s] Level 1:colcon.colcon_core.package_identification:_identify(src) by extension 'cmake'
[1.534s] Level 1:colcon.colcon_core.package_identification:_identify(src) by extension 'python'
[1.534s] Level 1:colcon.colcon_core.package_identification:_identify(src) by extensions ['python_setup_py']
[1.534s] Level 1:colcon.colcon_core.package_identification:_identify(src) by extension 'python_setup_py'
[1.535s] Level 1:colcon.colcon_core.package_identification:_identify(src/DynamixelSDK) by extensions ['ignore', 'ignore_ament_install']
[1.535s] Level 1:colcon.colcon_core.package_identification:_identify(src/DynamixelSDK) by extension 'ignore'
[1.535s] Level 1:colcon.colcon_core.package_identification:_identify(src/DynamixelSDK) by extension 'ignore_ament_install'
[1.535s] Level 1:colcon.colcon_core.package_identification:_identify(src/DynamixelSDK) by extensions ['colcon_pkg']
[1.535s] Level 1:colcon.colcon_core.package_identification:_identify(src/DynamixelSDK) by extension 'colcon_pkg'
[1.536s] Level 1:colcon.colcon_core.package_identification:_identify(src/DynamixelSDK) by extensions ['colcon_meta']
[1.536s] Level 1:colcon.colcon_core.package_identification:_identify(src/DynamixelSDK) by extension 'colcon_meta'
[1.536s] Level 1:colcon.colcon_core.package_identification:_identify(src/DynamixelSDK) by extensions ['ros']
[1.536s] Level 1:colcon.colcon_core.package_identification:_identify(src/DynamixelSDK) by extension 'ros'
[1.536s] Level 1:colcon.colcon_core.package_identification:_identify(src/DynamixelSDK) by extensions ['cmake', 'python']
[1.536s] Level 1:colcon.colcon_core.package_identification:_identify(src/DynamixelSDK) by extension 'cmake'
[1.537s] Level 1:colcon.colcon_core.package_identification:_identify(src/DynamixelSDK) by extension 'python'
[1.537s] Level 1:colcon.colcon_core.package_identification:_identify(src/DynamixelSDK) by extensions ['python_setup_py']
[1.537s] Level 1:colcon.colcon_core.package_identification:_identify(src/DynamixelSDK) by extension 'python_setup_py'
[1.537s] Level 1:colcon.colcon_core.package_identification:_identify(src/DynamixelSDK/dynamixel_sdk) by extensions ['ignore', 'ignore_ament_install']
[1.538s] Level 1:colcon.colcon_core.package_identification:_identify(src/DynamixelSDK/dynamixel_sdk) by extension 'ignore'
[1.538s] Level 1:colcon.colcon_core.package_identification:_identify(src/DynamixelSDK/dynamixel_sdk) by extension 'ignore_ament_install'
[1.538s] Level 1:colcon.colcon_core.package_identification:_identify(src/DynamixelSDK/dynamixel_sdk) by extensions ['colcon_pkg']
[1.538s] Level 1:colcon.colcon_core.package_identification:_identify(src/DynamixelSDK/dynamixel_sdk) by extension 'colcon_pkg'
[1.538s] Level 1:colcon.colcon_core.package_identification:_identify(src/DynamixelSDK/dynamixel_sdk) by extensions ['colcon_meta']
[1.539s] Level 1:colcon.colcon_core.package_identification:_identify(src/DynamixelSDK/dynamixel_sdk) by extension 'colcon_meta'
[1.539s] Level 1:colcon.colcon_core.package_identification:_identify(src/DynamixelSDK/dynamixel_sdk) by extensions ['ros']
[1.539s] Level 1:colcon.colcon_core.package_identification:_identify(src/DynamixelSDK/dynamixel_sdk) by extension 'ros'
[1.548s] DEBUG:colcon.colcon_core.package_identification:Package 'src/DynamixelSDK/dynamixel_sdk' with type 'ros.ament_cmake' and name 'dynamixel_sdk'
[1.548s] Level 1:colcon.colcon_core.package_identification:_identify(src/DynamixelSDK/dynamixel_sdk_custom_interfaces) by extensions ['ignore', 'ignore_ament_install']
[1.549s] Level 1:colcon.colcon_core.package_identification:_identify(src/DynamixelSDK/dynamixel_sdk_custom_interfaces) by extension 'ignore'
[1.549s] Level 1:colcon.colcon_core.package_identification:_identify(src/DynamixelSDK/dynamixel_sdk_custom_interfaces) by extension 'ignore_ament_install'
[1.549s] Level 1:colcon.colcon_core.package_identification:_identify(src/DynamixelSDK/dynamixel_sdk_custom_interfaces) by extensions ['colcon_pkg']
[1.549s] Level 1:colcon.colcon_core.package_identification:_identify(src/DynamixelSDK/dynamixel_sdk_custom_interfaces) by extension 'colcon_pkg'
[1.550s] Level 1:colcon.colcon_core.package_identification:_identify(src/DynamixelSDK/dynamixel_sdk_custom_interfaces) by extensions ['colcon_meta']
[1.550s] Level 1:colcon.colcon_core.package_identification:_identify(src/DynamixelSDK/dynamixel_sdk_custom_interfaces) by extension 'colcon_meta'
[1.550s] Level 1:colcon.colcon_core.package_identification:_identify(src/DynamixelSDK/dynamixel_sdk_custom_interfaces) by extensions ['ros']
[1.550s] Level 1:colcon.colcon_core.package_identification:_identify(src/DynamixelSDK/dynamixel_sdk_custom_interfaces) by extension 'ros'
[1.553s] DEBUG:colcon.colcon_core.package_identification:Package 'src/DynamixelSDK/dynamixel_sdk_custom_interfaces' with type 'ros.ament_cmake' and name 'dynamixel_sdk_custom_interfaces'
[1.554s] Level 1:colcon.colcon_core.package_identification:_identify(src/DynamixelSDK/dynamixel_sdk_examples) by extensions ['ignore', 'ignore_ament_install']
[1.554s] Level 1:colcon.colcon_core.package_identification:_identify(src/DynamixelSDK/dynamixel_sdk_examples) by extension 'ignore'
[1.554s] Level 1:colcon.colcon_core.package_identification:_identify(src/DynamixelSDK/dynamixel_sdk_examples) by extension 'ignore_ament_install'
[1.555s] Level 1:colcon.colcon_core.package_identification:_identify(src/DynamixelSDK/dynamixel_sdk_examples) by extensions ['colcon_pkg']
[1.555s] Level 1:colcon.colcon_core.package_identification:_identify(src/DynamixelSDK/dynamixel_sdk_examples) by extension 'colcon_pkg'
[1.555s] Level 1:colcon.colcon_core.package_identification:_identify(src/DynamixelSDK/dynamixel_sdk_examples) by extensions ['colcon_meta']
[1.555s] Level 1:colcon.colcon_core.package_identification:_identify(src/DynamixelSDK/dynamixel_sdk_examples) by extension 'colcon_meta'
[1.555s] Level 1:colcon.colcon_core.package_identification:_identify(src/DynamixelSDK/dynamixel_sdk_examples) by extensions ['ros']
[1.555s] Level 1:colcon.colcon_core.package_identification:_identify(src/DynamixelSDK/dynamixel_sdk_examples) by extension 'ros'
[1.559s] DEBUG:colcon.colcon_core.package_identification:Package 'src/DynamixelSDK/dynamixel_sdk_examples' with type 'ros.ament_cmake' and name 'dynamixel_sdk_examples'
[1.559s] Level 1:colcon.colcon_core.package_identification:_identify(src/dynamixel_keyboard_controller) by extensions ['ignore', 'ignore_ament_install']
[1.560s] Level 1:colcon.colcon_core.package_identification:_identify(src/dynamixel_keyboard_controller) by extension 'ignore'
[1.560s] Level 1:colcon.colcon_core.package_identification:_identify(src/dynamixel_keyboard_controller) by extension 'ignore_ament_install'
[1.560s] Level 1:colcon.colcon_core.package_identification:_identify(src/dynamixel_keyboard_controller) by extensions ['colcon_pkg']
[1.560s] Level 1:colcon.colcon_core.package_identification:_identify(src/dynamixel_keyboard_controller) by extension 'colcon_pkg'
[1.560s] Level 1:colcon.colcon_core.package_identification:_identify(src/dynamixel_keyboard_controller) by extensions ['colcon_meta']
[1.560s] Level 1:colcon.colcon_core.package_identification:_identify(src/dynamixel_keyboard_controller) by extension 'colcon_meta'
[1.561s] Level 1:colcon.colcon_core.package_identification:_identify(src/dynamixel_keyboard_controller) by extensions ['ros']
[1.561s] Level 1:colcon.colcon_core.package_identification:_identify(src/dynamixel_keyboard_controller) by extension 'ros'
[1.563s] DEBUG:colcon.colcon_core.package_identification:Package 'src/dynamixel_keyboard_controller' with type 'ros.ament_python' and name 'dynamixel_keyboard_controller'
[1.564s] Level 1:colcon.colcon_core.package_identification:_identify(src/dynamixel_mpu9250) by extensions ['ignore', 'ignore_ament_install']
[1.564s] Level 1:colcon.colcon_core.package_identification:_identify(src/dynamixel_mpu9250) by extension 'ignore'
[1.564s] Level 1:colcon.colcon_core.package_identification:_identify(src/dynamixel_mpu9250) by extension 'ignore_ament_install'
[1.564s] Level 1:colcon.colcon_core.package_identification:_identify(src/dynamixel_mpu9250) by extensions ['colcon_pkg']
[1.565s] Level 1:colcon.colcon_core.package_identification:_identify(src/dynamixel_mpu9250) by extension 'colcon_pkg'
[1.565s] Level 1:colcon.colcon_core.package_identification:_identify(src/dynamixel_mpu9250) by extensions ['colcon_meta']
[1.565s] Level 1:colcon.colcon_core.package_identification:_identify(src/dynamixel_mpu9250) by extension 'colcon_meta'
[1.565s] Level 1:colcon.colcon_core.package_identification:_identify(src/dynamixel_mpu9250) by extensions ['ros']
[1.565s] Level 1:colcon.colcon_core.package_identification:_identify(src/dynamixel_mpu9250) by extension 'ros'
[1.568s] DEBUG:colcon.colcon_core.package_identification:Package 'src/dynamixel_mpu9250' with type 'ros.ament_python' and name 'dynamixel_mpu9250'
[1.568s] Level 1:colcon.colcon_core.package_discovery:discover_packages(recursive) using defaults
[1.569s] Level 1:colcon.colcon_core.package_discovery:discover_packages(ignore) discover
[1.569s] Level 1:colcon.colcon_core.package_discovery:discover_packages(ignore) using defaults
[1.569s] Level 1:colcon.colcon_core.package_discovery:discover_packages(path) discover
[1.569s] Level 1:colcon.colcon_core.package_discovery:discover_packages(path) using defaults
[1.653s] Level 1:colcon.colcon_core.package_discovery:discover_packages(prefix_path) check parameters
[1.653s] Level 1:colcon.colcon_core.package_discovery:discover_packages(prefix_path) discover
[1.662s] DEBUG:colcon.colcon_installed_package_information.package_discovery:Found 5 installed packages in /home/sli/slither_ws/install
[1.671s] DEBUG:colcon.colcon_installed_package_information.package_discovery:Found 270 installed packages in /opt/ros/humble
[1.715s] Level 1:colcon.colcon_core.package_discovery:discover_packages(prefix_path) using defaults
[1.876s] Level 5:colcon.colcon_core.verb:set package 'dynamixel_keyboard_controller' build argument 'cmake_args' from command line to 'None'
[1.876s] Level 5:colcon.colcon_core.verb:set package 'dynamixel_keyboard_controller' build argument 'cmake_target' from command line to 'None'
[1.876s] Level 5:colcon.colcon_core.verb:set package 'dynamixel_keyboard_controller' build argument 'cmake_target_skip_unavailable' from command line to 'False'
[1.876s] Level 5:colcon.colcon_core.verb:set package 'dynamixel_keyboard_controller' build argument 'cmake_clean_cache' from command line to 'False'
[1.877s] Level 5:colcon.colcon_core.verb:set package 'dynamixel_keyboard_controller' build argument 'cmake_clean_first' from command line to 'False'
[1.877s] Level 5:colcon.colcon_core.verb:set package 'dynamixel_keyboard_controller' build argument 'cmake_force_configure' from command line to 'False'
[1.877s] Level 5:colcon.colcon_core.verb:set package 'dynamixel_keyboard_controller' build argument 'ament_cmake_args' from command line to 'None'
[1.877s] Level 5:colcon.colcon_core.verb:set package 'dynamixel_keyboard_controller' build argument 'catkin_cmake_args' from command line to 'None'
[1.877s] Level 5:colcon.colcon_core.verb:set package 'dynamixel_keyboard_controller' build argument 'catkin_skip_building_tests' from command line to 'False'
[1.877s] DEBUG:colcon.colcon_core.verb:Building package 'dynamixel_keyboard_controller' with the following arguments: {'ament_cmake_args': None, 'build_base': '/home/sli/slither_ws/build/dynamixel_keyboard_controller', 'catkin_cmake_args': None, 'catkin_skip_building_tests': False, 'cmake_args': None, 'cmake_clean_cache': False, 'cmake_clean_first': False, 'cmake_force_configure': False, 'cmake_target': None, 'cmake_target_skip_unavailable': False, 'install_base': '/home/sli/slither_ws/install/dynamixel_keyboard_controller', 'merge_install': False, 'path': '/home/sli/slither_ws/src/dynamixel_keyboard_controller', 'symlink_install': False, 'test_result_base': None}
[1.879s] Level 5:colcon.colcon_core.verb:set package 'dynamixel_sdk' build argument 'cmake_args' from command line to 'None'
[1.879s] Level 5:colcon.colcon_core.verb:set package 'dynamixel_sdk' build argument 'cmake_target' from command line to 'None'
[1.879s] Level 5:colcon.colcon_core.verb:set package 'dynamixel_sdk' build argument 'cmake_target_skip_unavailable' from command line to 'False'
[1.879s] Level 5:colcon.colcon_core.verb:set package 'dynamixel_sdk' build argument 'cmake_clean_cache' from command line to 'False'
[1.879s] Level 5:colcon.colcon_core.verb:set package 'dynamixel_sdk' build argument 'cmake_clean_first' from command line to 'False'
[1.879s] Level 5:colcon.colcon_core.verb:set package 'dynamixel_sdk' build argument 'cmake_force_configure' from command line to 'False'
[1.879s] Level 5:colcon.colcon_core.verb:set package 'dynamixel_sdk' build argument 'ament_cmake_args' from command line to 'None'
[1.879s] Level 5:colcon.colcon_core.verb:set package 'dynamixel_sdk' build argument 'catkin_cmake_args' from command line to 'None'
[1.880s] Level 5:colcon.colcon_core.verb:set package 'dynamixel_sdk' build argument 'catkin_skip_building_tests' from command line to 'False'
[1.880s] DEBUG:colcon.colcon_core.verb:Building package 'dynamixel_sdk' with the following arguments: {'ament_cmake_args': None, 'build_base': '/home/sli/slither_ws/build/dynamixel_sdk', 'catkin_cmake_args': None, 'catkin_skip_building_tests': False, 'cmake_args': None, 'cmake_clean_cache': False, 'cmake_clean_first': False, 'cmake_force_configure': False, 'cmake_target': None, 'cmake_target_skip_unavailable': False, 'install_base': '/home/sli/slither_ws/install/dynamixel_sdk', 'merge_install': False, 'path': '/home/sli/slither_ws/src/DynamixelSDK/dynamixel_sdk', 'symlink_install': False, 'test_result_base': None}
[1.881s] Level 5:colcon.colcon_core.verb:set package 'dynamixel_sdk_custom_interfaces' build argument 'cmake_args' from command line to 'None'
[1.881s] Level 5:colcon.colcon_core.verb:set package 'dynamixel_sdk_custom_interfaces' build argument 'cmake_target' from command line to 'None'
[1.881s] Level 5:colcon.colcon_core.verb:set package 'dynamixel_sdk_custom_interfaces' build argument 'cmake_target_skip_unavailable' from command line to 'False'
[1.881s] Level 5:colcon.colcon_core.verb:set package 'dynamixel_sdk_custom_interfaces' build argument 'cmake_clean_cache' from command line to 'False'
[1.882s] Level 5:colcon.colcon_core.verb:set package 'dynamixel_sdk_custom_interfaces' build argument 'cmake_clean_first' from command line to 'False'
[1.882s] Level 5:colcon.colcon_core.verb:set package 'dynamixel_sdk_custom_interfaces' build argument 'cmake_force_configure' from command line to 'False'
[1.882s] Level 5:colcon.colcon_core.verb:set package 'dynamixel_sdk_custom_interfaces' build argument 'ament_cmake_args' from command line to 'None'
[1.882s] Level 5:colcon.colcon_core.verb:set package 'dynamixel_sdk_custom_interfaces' build argument 'catkin_cmake_args' from command line to 'None'
[1.882s] Level 5:colcon.colcon_core.verb:set package 'dynamixel_sdk_custom_interfaces' build argument 'catkin_skip_building_tests' from command line to 'False'
[1.882s] DEBUG:colcon.colcon_core.verb:Building package 'dynamixel_sdk_custom_interfaces' with the following arguments: {'ament_cmake_args': None, 'build_base': '/home/sli/slither_ws/build/dynamixel_sdk_custom_interfaces', 'catkin_cmake_args': None, 'catkin_skip_building_tests': False, 'cmake_args': None, 'cmake_clean_cache': False, 'cmake_clean_first': False, 'cmake_force_configure': False, 'cmake_target': None, 'cmake_target_skip_unavailable': False, 'install_base': '/home/sli/slither_ws/install/dynamixel_sdk_custom_interfaces', 'merge_install': False, 'path': '/home/sli/slither_ws/src/DynamixelSDK/dynamixel_sdk_custom_interfaces', 'symlink_install': False, 'test_result_base': None}
[1.883s] Level 5:colcon.colcon_core.verb:set package 'dynamixel_mpu9250' build argument 'cmake_args' from command line to 'None'
[1.884s] Level 5:colcon.colcon_core.verb:set package 'dynamixel_mpu9250' build argument 'cmake_target' from command line to 'None'
[1.884s] Level 5:colcon.colcon_core.verb:set package 'dynamixel_mpu9250' build argument 'cmake_target_skip_unavailable' from command line to 'False'
[1.884s] Level 5:colcon.colcon_core.verb:set package 'dynamixel_mpu9250' build argument 'cmake_clean_cache' from command line to 'False'
[1.884s] Level 5:colcon.colcon_core.verb:set package 'dynamixel_mpu9250' build argument 'cmake_clean_first' from command line to 'False'
[1.884s] Level 5:colcon.colcon_core.verb:set package 'dynamixel_mpu9250' build argument 'cmake_force_configure' from command line to 'False'
[1.884s] Level 5:colcon.colcon_core.verb:set package 'dynamixel_mpu9250' build argument 'ament_cmake_args' from command line to 'None'
[1.884s] Level 5:colcon.colcon_core.verb:set package 'dynamixel_mpu9250' build argument 'catkin_cmake_args' from command line to 'None'
[1.884s] Level 5:colcon.colcon_core.verb:set package 'dynamixel_mpu9250' build argument 'catkin_skip_building_tests' from command line to 'False'
[1.884s] DEBUG:colcon.colcon_core.verb:Building package 'dynamixel_mpu9250' with the following arguments: {'ament_cmake_args': None, 'build_base': '/home/sli/slither_ws/build/dynamixel_mpu9250', 'catkin_cmake_args': None, 'catkin_skip_building_tests': False, 'cmake_args': None, 'cmake_clean_cache': False, 'cmake_clean_first': False, 'cmake_force_configure': False, 'cmake_target': None, 'cmake_target_skip_unavailable': False, 'install_base': '/home/sli/slither_ws/install/dynamixel_mpu9250', 'merge_install': False, 'path': '/home/sli/slither_ws/src/dynamixel_mpu9250', 'symlink_install': False, 'test_result_base': None}
[1.886s] Level 5:colcon.colcon_core.verb:set package 'dynamixel_sdk_examples' build argument 'cmake_args' from command line to 'None'
[1.886s] Level 5:colcon.colcon_core.verb:set package 'dynamixel_sdk_examples' build argument 'cmake_target' from command line to 'None'
[1.886s] Level 5:colcon.colcon_core.verb:set package 'dynamixel_sdk_examples' build argument 'cmake_target_skip_unavailable' from command line to 'False'
[1.886s] Level 5:colcon.colcon_core.verb:set package 'dynamixel_sdk_examples' build argument 'cmake_clean_cache' from command line to 'False'
[1.886s] Level 5:colcon.colcon_core.verb:set package 'dynamixel_sdk_examples' build argument 'cmake_clean_first' from command line to 'False'
[1.887s] Level 5:colcon.colcon_core.verb:set package 'dynamixel_sdk_examples' build argument 'cmake_force_configure' from command line to 'False'
[1.887s] Level 5:colcon.colcon_core.verb:set package 'dynamixel_sdk_examples' build argument 'ament_cmake_args' from command line to 'None'
[1.887s] Level 5:colcon.colcon_core.verb:set package 'dynamixel_sdk_examples' build argument 'catkin_cmake_args' from command line to 'None'
[1.887s] Level 5:colcon.colcon_core.verb:set package 'dynamixel_sdk_examples' build argument 'catkin_skip_building_tests' from command line to 'False'
[1.887s] DEBUG:colcon.colcon_core.verb:Building package 'dynamixel_sdk_examples' with the following arguments: {'ament_cmake_args': None, 'build_base': '/home/sli/slither_ws/build/dynamixel_sdk_examples', 'catkin_cmake_args': None, 'catkin_skip_building_tests': False, 'cmake_args': None, 'cmake_clean_cache': False, 'cmake_clean_first': False, 'cmake_force_configure': False, 'cmake_target': None, 'cmake_target_skip_unavailable': False, 'install_base': '/home/sli/slither_ws/install/dynamixel_sdk_examples', 'merge_install': False, 'path': '/home/sli/slither_ws/src/DynamixelSDK/dynamixel_sdk_examples', 'symlink_install': False, 'test_result_base': None}
[1.887s] INFO:colcon.colcon_core.executor:Executing jobs using 'parallel' executor
[1.891s] DEBUG:colcon.colcon_parallel_executor.executor.parallel:run_until_complete
[1.892s] INFO:colcon.colcon_ros.task.ament_cmake.build:Building ROS package in '/home/sli/slither_ws/src/DynamixelSDK/dynamixel_sdk' with build type 'ament_cmake'
[1.893s] INFO:colcon.colcon_cmake.task.cmake.build:Building CMake package in '/home/sli/slither_ws/src/DynamixelSDK/dynamixel_sdk'
[1.902s] INFO:colcon.colcon_core.plugin_system:Skipping extension 'colcon_core.shell.bat': Not used on non-Windows systems
[1.903s] INFO:colcon.colcon_core.shell:Skip shell extension 'powershell' for command environment: Not usable outside of PowerShell
[1.903s] DEBUG:colcon.colcon_core.shell:Skip shell extension 'dsv' for command environment
[1.924s] INFO:colcon.colcon_ros.task.ament_cmake.build:Building ROS package in '/home/sli/slither_ws/src/DynamixelSDK/dynamixel_sdk_custom_interfaces' with build type 'ament_cmake'
[1.925s] INFO:colcon.colcon_cmake.task.cmake.build:Building CMake package in '/home/sli/slither_ws/src/DynamixelSDK/dynamixel_sdk_custom_interfaces'
[1.926s] INFO:colcon.colcon_core.shell:Skip shell extension 'powershell' for command environment: Not usable outside of PowerShell
[1.927s] DEBUG:colcon.colcon_core.shell:Skip shell extension 'dsv' for command environment
[1.948s] INFO:colcon.colcon_ros.task.ament_python.build:Building ROS package in '/home/sli/slither_ws/src/dynamixel_keyboard_controller' with build type 'ament_python'
[1.949s] Level 1:colcon.colcon_core.shell:create_environment_hook('dynamixel_keyboard_controller', 'ament_prefix_path')
[1.950s] INFO:colcon.colcon_core.shell:Creating environment hook '/home/sli/slither_ws/install/dynamixel_keyboard_controller/share/dynamixel_keyboard_controller/hook/ament_prefix_path.ps1'
[1.954s] INFO:colcon.colcon_core.shell:Creating environment descriptor '/home/sli/slither_ws/install/dynamixel_keyboard_controller/share/dynamixel_keyboard_controller/hook/ament_prefix_path.dsv'
[1.957s] INFO:colcon.colcon_core.shell:Creating environment hook '/home/sli/slither_ws/install/dynamixel_keyboard_controller/share/dynamixel_keyboard_controller/hook/ament_prefix_path.sh'
[1.961s] INFO:colcon.colcon_core.shell:Skip shell extension 'powershell' for command environment: Not usable outside of PowerShell
[1.962s] DEBUG:colcon.colcon_core.shell:Skip shell extension 'dsv' for command environment
[2.004s] DEBUG:colcon.colcon_core.event_handler.log_command:Invoking command in '/home/sli/slither_ws/build/dynamixel_sdk': CMAKE_PREFIX_PATH=${CMAKE_PREFIX_PATH}:/home/sli/slither_ws/install/dynamixel_mpu9250:/home/sli/slither_ws/install/dynamixel_keyboard_controller:/opt/ros/humble /usr/bin/cmake --build /home/sli/slither_ws/build/dynamixel_sdk -- -j4 -l4
[2.035s] DEBUG:colcon.colcon_core.event_handler.log_command:Invoking command in '/home/sli/slither_ws/build/dynamixel_sdk_custom_interfaces': CMAKE_PREFIX_PATH=${CMAKE_PREFIX_PATH}:/home/sli/slither_ws/install/dynamixel_mpu9250:/home/sli/slither_ws/install/dynamixel_keyboard_controller:/opt/ros/humble /usr/bin/cmake --build /home/sli/slither_ws/build/dynamixel_sdk_custom_interfaces -- -j4 -l4
[3.909s] INFO:colcon.colcon_core.task.python.build:Building Python package in '/home/sli/slither_ws/src/dynamixel_keyboard_controller'
[3.910s] INFO:colcon.colcon_core.shell:Skip shell extension 'powershell' for command environment: Not usable outside of PowerShell
[3.910s] DEBUG:colcon.colcon_core.shell:Skip shell extension 'dsv' for command environment
[3.935s] DEBUG:colcon.colcon_core.event_handler.log_command:Invoked command in '/home/sli/slither_ws/build/dynamixel_sdk' returned '0': CMAKE_PREFIX_PATH=${CMAKE_PREFIX_PATH}:/home/sli/slither_ws/install/dynamixel_mpu9250:/home/sli/slither_ws/install/dynamixel_keyboard_controller:/opt/ros/humble /usr/bin/cmake --build /home/sli/slither_ws/build/dynamixel_sdk -- -j4 -l4
[4.351s] DEBUG:colcon.colcon_core.event_handler.log_command:Invoking command in '/home/sli/slither_ws/build/dynamixel_sdk': CMAKE_PREFIX_PATH=${CMAKE_PREFIX_PATH}:/home/sli/slither_ws/install/dynamixel_mpu9250:/home/sli/slither_ws/install/dynamixel_keyboard_controller:/opt/ros/humble /usr/bin/cmake --install /home/sli/slither_ws/build/dynamixel_sdk
[4.445s] Level 1:colcon.colcon_core.environment:create_environment_scripts_only(dynamixel_sdk)
[4.460s] DEBUG:colcon.colcon_core.event_handler.log_command:Invoked command in '/home/sli/slither_ws/build/dynamixel_sdk' returned '0': CMAKE_PREFIX_PATH=${CMAKE_PREFIX_PATH}:/home/sli/slither_ws/install/dynamixel_mpu9250:/home/sli/slither_ws/install/dynamixel_keyboard_controller:/opt/ros/humble /usr/bin/cmake --install /home/sli/slither_ws/build/dynamixel_sdk
[4.464s] Level 1:colcon.colcon_core.environment:checking '/home/sli/slither_ws/install/dynamixel_sdk' for CMake module files
[4.468s] Level 1:colcon.colcon_core.environment:checking '/home/sli/slither_ws/install/dynamixel_sdk' for CMake config files
[4.469s] Level 1:colcon.colcon_core.shell:create_environment_hook('dynamixel_sdk', 'cmake_prefix_path')
[4.470s] INFO:colcon.colcon_core.shell:Creating environment hook '/home/sli/slither_ws/install/dynamixel_sdk/share/dynamixel_sdk/hook/cmake_prefix_path.ps1'
[4.474s] INFO:colcon.colcon_core.shell:Creating environment descriptor '/home/sli/slither_ws/install/dynamixel_sdk/share/dynamixel_sdk/hook/cmake_prefix_path.dsv'
[4.476s] INFO:colcon.colcon_core.shell:Creating environment hook '/home/sli/slither_ws/install/dynamixel_sdk/share/dynamixel_sdk/hook/cmake_prefix_path.sh'
[4.481s] Level 1:colcon.colcon_core.environment:checking '/home/sli/slither_ws/install/dynamixel_sdk/lib'
[4.482s] Level 1:colcon.colcon_core.shell:create_environment_hook('dynamixel_sdk', 'ld_library_path_lib')
[4.484s] INFO:colcon.colcon_core.shell:Creating environment hook '/home/sli/slither_ws/install/dynamixel_sdk/share/dynamixel_sdk/hook/ld_library_path_lib.ps1'
[4.486s] INFO:colcon.colcon_core.shell:Creating environment descriptor '/home/sli/slither_ws/install/dynamixel_sdk/share/dynamixel_sdk/hook/ld_library_path_lib.dsv'
[4.488s] INFO:colcon.colcon_core.shell:Creating environment hook '/home/sli/slither_ws/install/dynamixel_sdk/share/dynamixel_sdk/hook/ld_library_path_lib.sh'
[4.490s] Level 1:colcon.colcon_core.environment:checking '/home/sli/slither_ws/install/dynamixel_sdk/bin'
[4.491s] Level 1:colcon.colcon_core.environment:checking '/home/sli/slither_ws/install/dynamixel_sdk/lib/pkgconfig/dynamixel_sdk.pc'
[4.492s] Level 1:colcon.colcon_core.environment:checking '/home/sli/slither_ws/install/dynamixel_sdk/lib/python3.10/site-packages'
[4.493s] Level 1:colcon.colcon_core.environment:checking '/home/sli/slither_ws/install/dynamixel_sdk/bin'
[4.494s] INFO:colcon.colcon_core.shell:Creating package script '/home/sli/slither_ws/install/dynamixel_sdk/share/dynamixel_sdk/package.ps1'
[4.499s] INFO:colcon.colcon_core.shell:Creating package descriptor '/home/sli/slither_ws/install/dynamixel_sdk/share/dynamixel_sdk/package.dsv'
[4.503s] INFO:colcon.colcon_core.shell:Creating package script '/home/sli/slither_ws/install/dynamixel_sdk/share/dynamixel_sdk/package.sh'
[4.506s] INFO:colcon.colcon_core.shell:Creating package script '/home/sli/slither_ws/install/dynamixel_sdk/share/dynamixel_sdk/package.bash'
[4.511s] INFO:colcon.colcon_core.shell:Creating package script '/home/sli/slither_ws/install/dynamixel_sdk/share/dynamixel_sdk/package.zsh'
[4.515s] Level 1:colcon.colcon_core.environment:create_file_with_runtime_dependencies(/home/sli/slither_ws/install/dynamixel_sdk/share/colcon-core/packages/dynamixel_sdk)
[4.524s] DEBUG:colcon.colcon_core.event_handler.log_command:Invoked command in '/home/sli/slither_ws/build/dynamixel_sdk_custom_interfaces' returned '0': CMAKE_PREFIX_PATH=${CMAKE_PREFIX_PATH}:/home/sli/slither_ws/install/dynamixel_mpu9250:/home/sli/slither_ws/install/dynamixel_keyboard_controller:/opt/ros/humble /usr/bin/cmake --build /home/sli/slither_ws/build/dynamixel_sdk_custom_interfaces -- -j4 -l4
[4.824s] Level 1:colcon.colcon_core.environment:create_environment_scripts_only(dynamixel_sdk)
[4.825s] Level 1:colcon.colcon_core.environment:checking '/home/sli/slither_ws/install/dynamixel_sdk' for CMake module files
[4.829s] Level 1:colcon.colcon_core.environment:checking '/home/sli/slither_ws/install/dynamixel_sdk' for CMake config files
[4.830s] Level 1:colcon.colcon_core.shell:create_environment_hook('dynamixel_sdk', 'cmake_prefix_path')
[4.831s] INFO:colcon.colcon_core.shell:Creating environment hook '/home/sli/slither_ws/install/dynamixel_sdk/share/dynamixel_sdk/hook/cmake_prefix_path.ps1'
[4.833s] INFO:colcon.colcon_core.shell:Creating environment descriptor '/home/sli/slither_ws/install/dynamixel_sdk/share/dynamixel_sdk/hook/cmake_prefix_path.dsv'
[4.835s] INFO:colcon.colcon_core.shell:Creating environment hook '/home/sli/slither_ws/install/dynamixel_sdk/share/dynamixel_sdk/hook/cmake_prefix_path.sh'
[4.838s] Level 1:colcon.colcon_core.environment:checking '/home/sli/slither_ws/install/dynamixel_sdk/lib'
[4.840s] Level 1:colcon.colcon_core.shell:create_environment_hook('dynamixel_sdk', 'ld_library_path_lib')
[4.842s] INFO:colcon.colcon_core.shell:Creating environment hook '/home/sli/slither_ws/install/dynamixel_sdk/share/dynamixel_sdk/hook/ld_library_path_lib.ps1'
[4.844s] INFO:colcon.colcon_core.shell:Creating environment descriptor '/home/sli/slither_ws/install/dynamixel_sdk/share/dynamixel_sdk/hook/ld_library_path_lib.dsv'
[4.847s] INFO:colcon.colcon_core.shell:Creating environment hook '/home/sli/slither_ws/install/dynamixel_sdk/share/dynamixel_sdk/hook/ld_library_path_lib.sh'
[4.854s] Level 1:colcon.colcon_core.environment:checking '/home/sli/slither_ws/install/dynamixel_sdk/bin'
[4.855s] Level 1:colcon.colcon_core.environment:checking '/home/sli/slither_ws/install/dynamixel_sdk/lib/pkgconfig/dynamixel_sdk.pc'
[4.857s] Level 1:colcon.colcon_core.environment:checking '/home/sli/slither_ws/install/dynamixel_sdk/lib/python3.10/site-packages'
[4.859s] Level 1:colcon.colcon_core.environment:checking '/home/sli/slither_ws/install/dynamixel_sdk/bin'
[4.861s] INFO:colcon.colcon_core.shell:Creating package script '/home/sli/slither_ws/install/dynamixel_sdk/share/dynamixel_sdk/package.ps1'
[4.865s] INFO:colcon.colcon_core.shell:Creating package descriptor '/home/sli/slither_ws/install/dynamixel_sdk/share/dynamixel_sdk/package.dsv'
[4.868s] INFO:colcon.colcon_core.shell:Creating package script '/home/sli/slither_ws/install/dynamixel_sdk/share/dynamixel_sdk/package.sh'
[4.871s] INFO:colcon.colcon_core.shell:Creating package script '/home/sli/slither_ws/install/dynamixel_sdk/share/dynamixel_sdk/package.bash'
[4.874s] INFO:colcon.colcon_core.shell:Creating package script '/home/sli/slither_ws/install/dynamixel_sdk/share/dynamixel_sdk/package.zsh'
[4.876s] Level 1:colcon.colcon_core.environment:create_file_with_runtime_dependencies(/home/sli/slither_ws/install/dynamixel_sdk/share/colcon-core/packages/dynamixel_sdk)
[4.880s] INFO:colcon.colcon_ros.task.ament_python.build:Building ROS package in '/home/sli/slither_ws/src/dynamixel_mpu9250' with build type 'ament_python'
[4.881s] Level 1:colcon.colcon_core.shell:create_environment_hook('dynamixel_mpu9250', 'ament_prefix_path')
[4.882s] INFO:colcon.colcon_core.shell:Creating environment hook '/home/sli/slither_ws/install/dynamixel_mpu9250/share/dynamixel_mpu9250/hook/ament_prefix_path.ps1'
[4.884s] INFO:colcon.colcon_core.shell:Creating environment descriptor '/home/sli/slither_ws/install/dynamixel_mpu9250/share/dynamixel_mpu9250/hook/ament_prefix_path.dsv'
[4.887s] INFO:colcon.colcon_core.shell:Creating environment hook '/home/sli/slither_ws/install/dynamixel_mpu9250/share/dynamixel_mpu9250/hook/ament_prefix_path.sh'
[4.890s] INFO:colcon.colcon_core.shell:Skip shell extension 'powershell' for command environment: Not usable outside of PowerShell
[4.891s] DEBUG:colcon.colcon_core.shell:Skip shell extension 'dsv' for command environment
[6.475s] INFO:colcon.colcon_core.task.python.build:Building Python package in '/home/sli/slither_ws/src/dynamixel_mpu9250'
[6.476s] INFO:colcon.colcon_core.shell:Skip shell extension 'powershell' for command environment: Not usable outside of PowerShell
[6.477s] DEBUG:colcon.colcon_core.shell:Skip shell extension 'dsv' for command environment
[6.509s] DEBUG:colcon.colcon_core.event_handler.log_command:Invoking command in '/home/sli/slither_ws/build/dynamixel_sdk_custom_interfaces': CMAKE_PREFIX_PATH=${CMAKE_PREFIX_PATH}:/home/sli/slither_ws/install/dynamixel_mpu9250:/home/sli/slither_ws/install/dynamixel_keyboard_controller:/opt/ros/humble /usr/bin/cmake --install /home/sli/slither_ws/build/dynamixel_sdk_custom_interfaces
[6.534s] DEBUG:colcon.colcon_core.event_handler.log_command:Invoking command in '/home/sli/slither_ws/src/dynamixel_keyboard_controller': PYTHONPATH=/home/sli/slither_ws/build/dynamixel_keyboard_controller/prefix_override:/usr/lib/python3/dist-packages/colcon_core/task/python/colcon_distutils_commands:/home/sli/slither_ws/install/dynamixel_keyboard_controller/lib/python3.10/site-packages:${PYTHONPATH} /usr/bin/python3 -W ignore:setup.py install is deprecated setup.py egg_info --egg-base ../../build/dynamixel_keyboard_controller build --build-base /home/sli/slither_ws/build/dynamixel_keyboard_controller/build install --record /home/sli/slither_ws/build/dynamixel_keyboard_controller/install.log --single-version-externally-managed install_data
[6.953s] Level 1:colcon.colcon_core.environment:create_environment_scripts_only(dynamixel_sdk_custom_interfaces)
[6.955s] Level 1:colcon.colcon_core.environment:checking '/home/sli/slither_ws/install/dynamixel_sdk_custom_interfaces' for CMake module files
[6.957s] DEBUG:colcon.colcon_core.event_handler.log_command:Invoked command in '/home/sli/slither_ws/build/dynamixel_sdk_custom_interfaces' returned '0': CMAKE_PREFIX_PATH=${CMAKE_PREFIX_PATH}:/home/sli/slither_ws/install/dynamixel_mpu9250:/home/sli/slither_ws/install/dynamixel_keyboard_controller:/opt/ros/humble /usr/bin/cmake --install /home/sli/slither_ws/build/dynamixel_sdk_custom_interfaces
[6.962s] Level 1:colcon.colcon_core.environment:checking '/home/sli/slither_ws/install/dynamixel_sdk_custom_interfaces' for CMake config files
[6.966s] Level 1:colcon.colcon_core.shell:create_environment_hook('dynamixel_sdk_custom_interfaces', 'cmake_prefix_path')
[6.967s] INFO:colcon.colcon_core.shell:Creating environment hook '/home/sli/slither_ws/install/dynamixel_sdk_custom_interfaces/share/dynamixel_sdk_custom_interfaces/hook/cmake_prefix_path.ps1'
[6.975s] INFO:colcon.colcon_core.shell:Creating environment descriptor '/home/sli/slither_ws/install/dynamixel_sdk_custom_interfaces/share/dynamixel_sdk_custom_interfaces/hook/cmake_prefix_path.dsv'
[6.978s] INFO:colcon.colcon_core.shell:Creating environment hook '/home/sli/slither_ws/install/dynamixel_sdk_custom_interfaces/share/dynamixel_sdk_custom_interfaces/hook/cmake_prefix_path.sh'
[6.982s] Level 1:colcon.colcon_core.environment:checking '/home/sli/slither_ws/install/dynamixel_sdk_custom_interfaces/lib'
[6.983s] Level 1:colcon.colcon_core.shell:create_environment_hook('dynamixel_sdk_custom_interfaces', 'ld_library_path_lib')
[6.984s] INFO:colcon.colcon_core.shell:Creating environment hook '/home/sli/slither_ws/install/dynamixel_sdk_custom_interfaces/share/dynamixel_sdk_custom_interfaces/hook/ld_library_path_lib.ps1'
[6.987s] INFO:colcon.colcon_core.shell:Creating environment descriptor '/home/sli/slither_ws/install/dynamixel_sdk_custom_interfaces/share/dynamixel_sdk_custom_interfaces/hook/ld_library_path_lib.dsv'
[6.989s] INFO:colcon.colcon_core.shell:Creating environment hook '/home/sli/slither_ws/install/dynamixel_sdk_custom_interfaces/share/dynamixel_sdk_custom_interfaces/hook/ld_library_path_lib.sh'
[6.992s] Level 1:colcon.colcon_core.environment:checking '/home/sli/slither_ws/install/dynamixel_sdk_custom_interfaces/bin'
[6.992s] Level 1:colcon.colcon_core.environment:checking '/home/sli/slither_ws/install/dynamixel_sdk_custom_interfaces/lib/pkgconfig/dynamixel_sdk_custom_interfaces.pc'
[6.994s] Level 1:colcon.colcon_core.environment:checking '/home/sli/slither_ws/install/dynamixel_sdk_custom_interfaces/lib/python3.10/site-packages'
[6.995s] Level 1:colcon.colcon_core.environment:checking '/home/sli/slither_ws/install/dynamixel_sdk_custom_interfaces/bin'
[6.997s] INFO:colcon.colcon_core.shell:Creating package script '/home/sli/slither_ws/install/dynamixel_sdk_custom_interfaces/share/dynamixel_sdk_custom_interfaces/package.ps1'
[7.000s] INFO:colcon.colcon_core.shell:Creating package descriptor '/home/sli/slither_ws/install/dynamixel_sdk_custom_interfaces/share/dynamixel_sdk_custom_interfaces/package.dsv'
[7.002s] INFO:colcon.colcon_core.shell:Creating package script '/home/sli/slither_ws/install/dynamixel_sdk_custom_interfaces/share/dynamixel_sdk_custom_interfaces/package.sh'
[7.006s] INFO:colcon.colcon_core.shell:Creating package script '/home/sli/slither_ws/install/dynamixel_sdk_custom_interfaces/share/dynamixel_sdk_custom_interfaces/package.bash'
[7.008s] INFO:colcon.colcon_core.shell:Creating package script '/home/sli/slither_ws/install/dynamixel_sdk_custom_interfaces/share/dynamixel_sdk_custom_interfaces/package.zsh'
[7.010s] Level 1:colcon.colcon_core.environment:create_file_with_runtime_dependencies(/home/sli/slither_ws/install/dynamixel_sdk_custom_interfaces/share/colcon-core/packages/dynamixel_sdk_custom_interfaces)
[7.660s] Level 1:colcon.colcon_core.environment:create_environment_scripts_only(dynamixel_sdk_custom_interfaces)
[7.661s] Level 1:colcon.colcon_core.environment:checking '/home/sli/slither_ws/install/dynamixel_sdk_custom_interfaces' for CMake module files
[7.666s] Level 1:colcon.colcon_core.environment:checking '/home/sli/slither_ws/install/dynamixel_sdk_custom_interfaces' for CMake config files
[7.669s] Level 1:colcon.colcon_core.shell:create_environment_hook('dynamixel_sdk_custom_interfaces', 'cmake_prefix_path')
[7.670s] INFO:colcon.colcon_core.shell:Creating environment hook '/home/sli/slither_ws/install/dynamixel_sdk_custom_interfaces/share/dynamixel_sdk_custom_interfaces/hook/cmake_prefix_path.ps1'
[7.673s] INFO:colcon.colcon_core.shell:Creating environment descriptor '/home/sli/slither_ws/install/dynamixel_sdk_custom_interfaces/share/dynamixel_sdk_custom_interfaces/hook/cmake_prefix_path.dsv'
[7.676s] INFO:colcon.colcon_core.shell:Creating environment hook '/home/sli/slither_ws/install/dynamixel_sdk_custom_interfaces/share/dynamixel_sdk_custom_interfaces/hook/cmake_prefix_path.sh'
[7.680s] Level 1:colcon.colcon_core.environment:checking '/home/sli/slither_ws/install/dynamixel_sdk_custom_interfaces/lib'
[7.681s] Level 1:colcon.colcon_core.shell:create_environment_hook('dynamixel_sdk_custom_interfaces', 'ld_library_path_lib')
[7.682s] INFO:colcon.colcon_core.shell:Creating environment hook '/home/sli/slither_ws/install/dynamixel_sdk_custom_interfaces/share/dynamixel_sdk_custom_interfaces/hook/ld_library_path_lib.ps1'
[7.685s] INFO:colcon.colcon_core.shell:Creating environment descriptor '/home/sli/slither_ws/install/dynamixel_sdk_custom_interfaces/share/dynamixel_sdk_custom_interfaces/hook/ld_library_path_lib.dsv'
[7.688s] INFO:colcon.colcon_core.shell:Creating environment hook '/home/sli/slither_ws/install/dynamixel_sdk_custom_interfaces/share/dynamixel_sdk_custom_interfaces/hook/ld_library_path_lib.sh'
[7.690s] Level 1:colcon.colcon_core.environment:checking '/home/sli/slither_ws/install/dynamixel_sdk_custom_interfaces/bin'
[7.690s] Level 1:colcon.colcon_core.environment:checking '/home/sli/slither_ws/install/dynamixel_sdk_custom_interfaces/lib/pkgconfig/dynamixel_sdk_custom_interfaces.pc'
[7.691s] Level 1:colcon.colcon_core.environment:checking '/home/sli/slither_ws/install/dynamixel_sdk_custom_interfaces/lib/python3.10/site-packages'
[7.693s] Level 1:colcon.colcon_core.environment:checking '/home/sli/slither_ws/install/dynamixel_sdk_custom_interfaces/bin'
[7.694s] INFO:colcon.colcon_core.shell:Creating package script '/home/sli/slither_ws/install/dynamixel_sdk_custom_interfaces/share/dynamixel_sdk_custom_interfaces/package.ps1'
[7.697s] INFO:colcon.colcon_core.shell:Creating package descriptor '/home/sli/slither_ws/install/dynamixel_sdk_custom_interfaces/share/dynamixel_sdk_custom_interfaces/package.dsv'
[7.700s] INFO:colcon.colcon_core.shell:Creating package script '/home/sli/slither_ws/install/dynamixel_sdk_custom_interfaces/share/dynamixel_sdk_custom_interfaces/package.sh'
[7.703s] INFO:colcon.colcon_core.shell:Creating package script '/home/sli/slither_ws/install/dynamixel_sdk_custom_interfaces/share/dynamixel_sdk_custom_interfaces/package.bash'
[7.705s] INFO:colcon.colcon_core.shell:Creating package script '/home/sli/slither_ws/install/dynamixel_sdk_custom_interfaces/share/dynamixel_sdk_custom_interfaces/package.zsh'
[7.707s] Level 1:colcon.colcon_core.environment:create_file_with_runtime_dependencies(/home/sli/slither_ws/install/dynamixel_sdk_custom_interfaces/share/colcon-core/packages/dynamixel_sdk_custom_interfaces)
[7.711s] INFO:colcon.colcon_ros.task.ament_cmake.build:Building ROS package in '/home/sli/slither_ws/src/DynamixelSDK/dynamixel_sdk_examples' with build type 'ament_cmake'
[7.712s] INFO:colcon.colcon_cmake.task.cmake.build:Building CMake package in '/home/sli/slither_ws/src/DynamixelSDK/dynamixel_sdk_examples'
[7.713s] INFO:colcon.colcon_core.shell:Skip shell extension 'powershell' for command environment: Not usable outside of PowerShell
[7.714s] DEBUG:colcon.colcon_core.shell:Skip shell extension 'dsv' for command environment
[7.791s] DEBUG:colcon.colcon_core.event_handler.log_command:Invoking command in '/home/sli/slither_ws/build/dynamixel_sdk_examples': CMAKE_PREFIX_PATH=/home/sli/slither_ws/install/dynamixel_sdk_custom_interfaces:/home/sli/slither_ws/install/dynamixel_sdk:/home/sli/slither_ws/install/dynamixel_sdk_examples:/home/sli/slither_ws/install/dynamixel_mpu9250:/home/sli/slither_ws/install/dynamixel_keyboard_controller:/opt/ros/humble /usr/bin/cmake --build /home/sli/slither_ws/build/dynamixel_sdk_examples -- -j4 -l4
[8.151s] DEBUG:colcon.colcon_core.event_handler.log_command:Invoked command in '/home/sli/slither_ws/build/dynamixel_sdk_examples' returned '0': CMAKE_PREFIX_PATH=/home/sli/slither_ws/install/dynamixel_sdk_custom_interfaces:/home/sli/slither_ws/install/dynamixel_sdk:/home/sli/slither_ws/install/dynamixel_sdk_examples:/home/sli/slither_ws/install/dynamixel_mpu9250:/home/sli/slither_ws/install/dynamixel_keyboard_controller:/opt/ros/humble /usr/bin/cmake --build /home/sli/slither_ws/build/dynamixel_sdk_examples -- -j4 -l4
[8.363s] DEBUG:colcon.colcon_core.event_handler.log_command:Invoking command in '/home/sli/slither_ws/build/dynamixel_sdk_examples': CMAKE_PREFIX_PATH=/home/sli/slither_ws/install/dynamixel_sdk_custom_interfaces:/home/sli/slither_ws/install/dynamixel_sdk:/home/sli/slither_ws/install/dynamixel_sdk_examples:/home/sli/slither_ws/install/dynamixel_mpu9250:/home/sli/slither_ws/install/dynamixel_keyboard_controller:/opt/ros/humble /usr/bin/cmake --install /home/sli/slither_ws/build/dynamixel_sdk_examples
[8.458s] Level 1:colcon.colcon_core.environment:create_environment_scripts_only(dynamixel_sdk_examples)
[8.460s] Level 1:colcon.colcon_core.environment:checking '/home/sli/slither_ws/install/dynamixel_sdk_examples' for CMake module files
[8.465s] Level 1:colcon.colcon_core.environment:checking '/home/sli/slither_ws/install/dynamixel_sdk_examples' for CMake config files
[8.478s] DEBUG:colcon.colcon_core.event_handler.log_command:Invoked command in '/home/sli/slither_ws/build/dynamixel_sdk_examples' returned '0': CMAKE_PREFIX_PATH=/home/sli/slither_ws/install/dynamixel_sdk_custom_interfaces:/home/sli/slither_ws/install/dynamixel_sdk:/home/sli/slither_ws/install/dynamixel_sdk_examples:/home/sli/slither_ws/install/dynamixel_mpu9250:/home/sli/slither_ws/install/dynamixel_keyboard_controller:/opt/ros/humble /usr/bin/cmake --install /home/sli/slither_ws/build/dynamixel_sdk_examples
[8.479s] Level 1:colcon.colcon_core.shell:create_environment_hook('dynamixel_sdk_examples', 'cmake_prefix_path')
[8.481s] INFO:colcon.colcon_core.shell:Creating environment hook '/home/sli/slither_ws/install/dynamixel_sdk_examples/share/dynamixel_sdk_examples/hook/cmake_prefix_path.ps1'
[8.484s] INFO:colcon.colcon_core.shell:Creating environment descriptor '/home/sli/slither_ws/install/dynamixel_sdk_examples/share/dynamixel_sdk_examples/hook/cmake_prefix_path.dsv'
[8.488s] INFO:colcon.colcon_core.shell:Creating environment hook '/home/sli/slither_ws/install/dynamixel_sdk_examples/share/dynamixel_sdk_examples/hook/cmake_prefix_path.sh'
[8.493s] Level 1:colcon.colcon_core.environment:checking '/home/sli/slither_ws/install/dynamixel_sdk_examples/lib'
[8.495s] Level 1:colcon.colcon_core.environment:checking '/home/sli/slither_ws/install/dynamixel_sdk_examples/bin'
[8.496s] Level 1:colcon.colcon_core.environment:checking '/home/sli/slither_ws/install/dynamixel_sdk_examples/lib/pkgconfig/dynamixel_sdk_examples.pc'
[8.497s] Level 1:colcon.colcon_core.environment:checking '/home/sli/slither_ws/install/dynamixel_sdk_examples/lib/python3.10/site-packages'
[8.499s] Level 1:colcon.colcon_core.environment:checking '/home/sli/slither_ws/install/dynamixel_sdk_examples/bin'
[8.501s] INFO:colcon.colcon_core.shell:Creating package script '/home/sli/slither_ws/install/dynamixel_sdk_examples/share/dynamixel_sdk_examples/package.ps1'
[8.505s] INFO:colcon.colcon_core.shell:Creating package descriptor '/home/sli/slither_ws/install/dynamixel_sdk_examples/share/dynamixel_sdk_examples/package.dsv'
[8.509s] INFO:colcon.colcon_core.shell:Creating package script '/home/sli/slither_ws/install/dynamixel_sdk_examples/share/dynamixel_sdk_examples/package.sh'
[8.512s] INFO:colcon.colcon_core.shell:Creating package script '/home/sli/slither_ws/install/dynamixel_sdk_examples/share/dynamixel_sdk_examples/package.bash'
[8.514s] INFO:colcon.colcon_core.shell:Creating package script '/home/sli/slither_ws/install/dynamixel_sdk_examples/share/dynamixel_sdk_examples/package.zsh'
[8.517s] Level 1:colcon.colcon_core.environment:create_file_with_runtime_dependencies(/home/sli/slither_ws/install/dynamixel_sdk_examples/share/colcon-core/packages/dynamixel_sdk_examples)
[8.528s] Level 1:colcon.colcon_core.environment:checking '/home/sli/slither_ws/install/dynamixel_keyboard_controller' for CMake module files
[8.530s] DEBUG:colcon.colcon_core.event_handler.log_command:Invoked command in '/home/sli/slither_ws/src/dynamixel_keyboard_controller' returned '0': PYTHONPATH=/home/sli/slither_ws/build/dynamixel_keyboard_controller/prefix_override:/usr/lib/python3/dist-packages/colcon_core/task/python/colcon_distutils_commands:/home/sli/slither_ws/install/dynamixel_keyboard_controller/lib/python3.10/site-packages:${PYTHONPATH} /usr/bin/python3 -W ignore:setup.py install is deprecated setup.py egg_info --egg-base ../../build/dynamixel_keyboard_controller build --build-base /home/sli/slither_ws/build/dynamixel_keyboard_controller/build install --record /home/sli/slither_ws/build/dynamixel_keyboard_controller/install.log --single-version-externally-managed install_data
[8.533s] Level 1:colcon.colcon_core.environment:checking '/home/sli/slither_ws/install/dynamixel_keyboard_controller' for CMake config files
[8.538s] Level 1:colcon.colcon_core.environment:checking '/home/sli/slither_ws/install/dynamixel_keyboard_controller/lib'
[8.539s] Level 1:colcon.colcon_core.environment:checking '/home/sli/slither_ws/install/dynamixel_keyboard_controller/bin'
[8.540s] Level 1:colcon.colcon_core.environment:checking '/home/sli/slither_ws/install/dynamixel_keyboard_controller/lib/pkgconfig/dynamixel_keyboard_controller.pc'
[8.541s] Level 1:colcon.colcon_core.environment:checking '/home/sli/slither_ws/install/dynamixel_keyboard_controller/lib/python3.10/site-packages'
[8.542s] Level 1:colcon.colcon_core.shell:create_environment_hook('dynamixel_keyboard_controller', 'pythonpath')
[8.543s] INFO:colcon.colcon_core.shell:Creating environment hook '/home/sli/slither_ws/install/dynamixel_keyboard_controller/share/dynamixel_keyboard_controller/hook/pythonpath.ps1'
[8.545s] INFO:colcon.colcon_core.shell:Creating environment descriptor '/home/sli/slither_ws/install/dynamixel_keyboard_controller/share/dynamixel_keyboard_controller/hook/pythonpath.dsv'
[8.548s] INFO:colcon.colcon_core.shell:Creating environment hook '/home/sli/slither_ws/install/dynamixel_keyboard_controller/share/dynamixel_keyboard_controller/hook/pythonpath.sh'
[8.552s] Level 1:colcon.colcon_core.environment:checking '/home/sli/slither_ws/install/dynamixel_keyboard_controller/bin'
[8.553s] Level 1:colcon.colcon_core.environment:create_environment_scripts_only(dynamixel_keyboard_controller)
[8.556s] INFO:colcon.colcon_core.shell:Creating package script '/home/sli/slither_ws/install/dynamixel_keyboard_controller/share/dynamixel_keyboard_controller/package.ps1'
[8.561s] INFO:colcon.colcon_core.shell:Creating package descriptor '/home/sli/slither_ws/install/dynamixel_keyboard_controller/share/dynamixel_keyboard_controller/package.dsv'
[8.564s] INFO:colcon.colcon_core.shell:Creating package script '/home/sli/slither_ws/install/dynamixel_keyboard_controller/share/dynamixel_keyboard_controller/package.sh'
[8.567s] INFO:colcon.colcon_core.shell:Creating package script '/home/sli/slither_ws/install/dynamixel_keyboard_controller/share/dynamixel_keyboard_controller/package.bash'
[8.569s] INFO:colcon.colcon_core.shell:Creating package script '/home/sli/slither_ws/install/dynamixel_keyboard_controller/share/dynamixel_keyboard_controller/package.zsh'
[8.572s] Level 1:colcon.colcon_core.environment:create_file_with_runtime_dependencies(/home/sli/slither_ws/install/dynamixel_keyboard_controller/share/colcon-core/packages/dynamixel_keyboard_controller)
[8.720s] Level 1:colcon.colcon_core.environment:create_environment_scripts_only(dynamixel_sdk_examples)
[8.722s] Level 1:colcon.colcon_core.environment:checking '/home/sli/slither_ws/install/dynamixel_sdk_examples' for CMake module files
[8.726s] Level 1:colcon.colcon_core.environment:checking '/home/sli/slither_ws/install/dynamixel_sdk_examples' for CMake config files
[8.728s] Level 1:colcon.colcon_core.shell:create_environment_hook('dynamixel_sdk_examples', 'cmake_prefix_path')
[8.730s] INFO:colcon.colcon_core.shell:Creating environment hook '/home/sli/slither_ws/install/dynamixel_sdk_examples/share/dynamixel_sdk_examples/hook/cmake_prefix_path.ps1'
[8.733s] INFO:colcon.colcon_core.shell:Creating environment descriptor '/home/sli/slither_ws/install/dynamixel_sdk_examples/share/dynamixel_sdk_examples/hook/cmake_prefix_path.dsv'
[8.737s] INFO:colcon.colcon_core.shell:Creating environment hook '/home/sli/slither_ws/install/dynamixel_sdk_examples/share/dynamixel_sdk_examples/hook/cmake_prefix_path.sh'
[8.742s] Level 1:colcon.colcon_core.environment:checking '/home/sli/slither_ws/install/dynamixel_sdk_examples/lib'
[8.743s] Level 1:colcon.colcon_core.environment:checking '/home/sli/slither_ws/install/dynamixel_sdk_examples/bin'
[8.743s] Level 1:colcon.colcon_core.environment:checking '/home/sli/slither_ws/install/dynamixel_sdk_examples/lib/pkgconfig/dynamixel_sdk_examples.pc'
[8.744s] Level 1:colcon.colcon_core.environment:checking '/home/sli/slither_ws/install/dynamixel_sdk_examples/lib/python3.10/site-packages'
[8.746s] Level 1:colcon.colcon_core.environment:checking '/home/sli/slither_ws/install/dynamixel_sdk_examples/bin'
[8.747s] INFO:colcon.colcon_core.shell:Creating package script '/home/sli/slither_ws/install/dynamixel_sdk_examples/share/dynamixel_sdk_examples/package.ps1'
[8.750s] INFO:colcon.colcon_core.shell:Creating package descriptor '/home/sli/slither_ws/install/dynamixel_sdk_examples/share/dynamixel_sdk_examples/package.dsv'
[8.752s] INFO:colcon.colcon_core.shell:Creating package script '/home/sli/slither_ws/install/dynamixel_sdk_examples/share/dynamixel_sdk_examples/package.sh'
[8.754s] INFO:colcon.colcon_core.shell:Creating package script '/home/sli/slither_ws/install/dynamixel_sdk_examples/share/dynamixel_sdk_examples/package.bash'
[8.756s] INFO:colcon.colcon_core.shell:Creating package script '/home/sli/slither_ws/install/dynamixel_sdk_examples/share/dynamixel_sdk_examples/package.zsh'
[8.758s] Level 1:colcon.colcon_core.environment:create_file_with_runtime_dependencies(/home/sli/slither_ws/install/dynamixel_sdk_examples/share/colcon-core/packages/dynamixel_sdk_examples)
[8.774s] DEBUG:colcon.colcon_core.event_handler.log_command:Invoking command in '/home/sli/slither_ws/src/dynamixel_mpu9250': CMAKE_PREFIX_PATH=/home/sli/slither_ws/install/dynamixel_sdk:/home/sli/slither_ws/install/dynamixel_sdk_examples:/home/sli/slither_ws/install/dynamixel_sdk_custom_interfaces LD_LIBRARY_PATH=/home/sli/slither_ws/install/dynamixel_sdk/lib:/home/sli/slither_ws/install/dynamixel_sdk_custom_interfaces/lib:/opt/ros/humble/opt/rviz_ogre_vendor/lib:/opt/ros/humble/lib/aarch64-linux-gnu:/opt/ros/humble/lib PYTHONPATH=/home/sli/slither_ws/build/dynamixel_mpu9250/prefix_override:/usr/lib/python3/dist-packages/colcon_core/task/python/colcon_distutils_commands:/home/sli/slither_ws/install/dynamixel_mpu9250/lib/python3.10/site-packages:${PYTHONPATH} /usr/bin/python3 -W ignore:setup.py install is deprecated setup.py egg_info --egg-base ../../build/dynamixel_mpu9250 build --build-base /home/sli/slither_ws/build/dynamixel_mpu9250/build install --record /home/sli/slither_ws/build/dynamixel_mpu9250/install.log --single-version-externally-managed install_data
[10.255s] Level 1:colcon.colcon_core.environment:checking '/home/sli/slither_ws/install/dynamixel_mpu9250' for CMake module files
[10.257s] DEBUG:colcon.colcon_core.event_handler.log_command:Invoked command in '/home/sli/slither_ws/src/dynamixel_mpu9250' returned '0': CMAKE_PREFIX_PATH=/home/sli/slither_ws/install/dynamixel_sdk:/home/sli/slither_ws/install/dynamixel_sdk_examples:/home/sli/slither_ws/install/dynamixel_sdk_custom_interfaces LD_LIBRARY_PATH=/home/sli/slither_ws/install/dynamixel_sdk/lib:/home/sli/slither_ws/install/dynamixel_sdk_custom_interfaces/lib:/opt/ros/humble/opt/rviz_ogre_vendor/lib:/opt/ros/humble/lib/aarch64-linux-gnu:/opt/ros/humble/lib PYTHONPATH=/home/sli/slither_ws/build/dynamixel_mpu9250/prefix_override:/usr/lib/python3/dist-packages/colcon_core/task/python/colcon_distutils_commands:/home/sli/slither_ws/install/dynamixel_mpu9250/lib/python3.10/site-packages:${PYTHONPATH} /usr/bin/python3 -W ignore:setup.py install is deprecated setup.py egg_info --egg-base ../../build/dynamixel_mpu9250 build --build-base /home/sli/slither_ws/build/dynamixel_mpu9250/build install --record /home/sli/slither_ws/build/dynamixel_mpu9250/install.log --single-version-externally-managed install_data
[10.258s] Level 1:colcon.colcon_core.environment:checking '/home/sli/slither_ws/install/dynamixel_mpu9250' for CMake config files
[10.262s] Level 1:colcon.colcon_core.environment:checking '/home/sli/slither_ws/install/dynamixel_mpu9250/lib'
[10.262s] Level 1:colcon.colcon_core.environment:checking '/home/sli/slither_ws/install/dynamixel_mpu9250/bin'
[10.262s] Level 1:colcon.colcon_core.environment:checking '/home/sli/slither_ws/install/dynamixel_mpu9250/lib/pkgconfig/dynamixel_mpu9250.pc'
[10.263s] Level 1:colcon.colcon_core.environment:checking '/home/sli/slither_ws/install/dynamixel_mpu9250/lib/python3.10/site-packages'
[10.263s] Level 1:colcon.colcon_core.shell:create_environment_hook('dynamixel_mpu9250', 'pythonpath')
[10.265s] INFO:colcon.colcon_core.shell:Creating environment hook '/home/sli/slither_ws/install/dynamixel_mpu9250/share/dynamixel_mpu9250/hook/pythonpath.ps1'
[10.267s] INFO:colcon.colcon_core.shell:Creating environment descriptor '/home/sli/slither_ws/install/dynamixel_mpu9250/share/dynamixel_mpu9250/hook/pythonpath.dsv'
[10.269s] INFO:colcon.colcon_core.shell:Creating environment hook '/home/sli/slither_ws/install/dynamixel_mpu9250/share/dynamixel_mpu9250/hook/pythonpath.sh'
[10.272s] Level 1:colcon.colcon_core.environment:checking '/home/sli/slither_ws/install/dynamixel_mpu9250/bin'
[10.272s] Level 1:colcon.colcon_core.environment:create_environment_scripts_only(dynamixel_mpu9250)
[10.274s] INFO:colcon.colcon_core.shell:Creating package script '/home/sli/slither_ws/install/dynamixel_mpu9250/share/dynamixel_mpu9250/package.ps1'
[10.277s] INFO:colcon.colcon_core.shell:Creating package descriptor '/home/sli/slither_ws/install/dynamixel_mpu9250/share/dynamixel_mpu9250/package.dsv'
[10.279s] INFO:colcon.colcon_core.shell:Creating package script '/home/sli/slither_ws/install/dynamixel_mpu9250/share/dynamixel_mpu9250/package.sh'
[10.281s] INFO:colcon.colcon_core.shell:Creating package script '/home/sli/slither_ws/install/dynamixel_mpu9250/share/dynamixel_mpu9250/package.bash'
[10.283s] INFO:colcon.colcon_core.shell:Creating package script '/home/sli/slither_ws/install/dynamixel_mpu9250/share/dynamixel_mpu9250/package.zsh'
[10.285s] Level 1:colcon.colcon_core.environment:create_file_with_runtime_dependencies(/home/sli/slither_ws/install/dynamixel_mpu9250/share/colcon-core/packages/dynamixel_mpu9250)
[10.286s] DEBUG:colcon.colcon_parallel_executor.executor.parallel:closing loop
[10.287s] DEBUG:colcon.colcon_parallel_executor.executor.parallel:loop closed
[10.287s] DEBUG:colcon.colcon_parallel_executor.executor.parallel:run_until_complete finished with '0'
[10.288s] DEBUG:colcon.colcon_core.event_reactor:joining thread
[10.316s] INFO:colcon.colcon_core.plugin_system:Skipping extension 'colcon_notification.desktop_notification.terminal_notifier': Not used on non-Darwin systems
[10.317s] INFO:colcon.colcon_core.plugin_system:Skipping extension 'colcon_notification.desktop_notification.win32': Not used on non-Windows systems
[10.317s] INFO:colcon.colcon_notification.desktop_notification:Sending desktop notification using 'notify2'
[10.373s] DEBUG:colcon.colcon_core.event_reactor:joined thread
[10.375s] INFO:colcon.colcon_core.shell:Creating prefix script '/home/sli/slither_ws/install/local_setup.ps1'
[10.379s] INFO:colcon.colcon_core.shell:Creating prefix util module '/home/sli/slither_ws/install/_local_setup_util_ps1.py'
[10.386s] INFO:colcon.colcon_core.shell:Creating prefix chain script '/home/sli/slither_ws/install/setup.ps1'
[10.392s] INFO:colcon.colcon_core.shell:Creating prefix script '/home/sli/slither_ws/install/local_setup.sh'
[10.394s] INFO:colcon.colcon_core.shell:Creating prefix util module '/home/sli/slither_ws/install/_local_setup_util_sh.py'
[10.397s] INFO:colcon.colcon_core.shell:Creating prefix chain script '/home/sli/slither_ws/install/setup.sh'
[10.404s] INFO:colcon.colcon_core.shell:Creating prefix script '/home/sli/slither_ws/install/local_setup.bash'
[10.407s] INFO:colcon.colcon_core.shell:Creating prefix chain script '/home/sli/slither_ws/install/setup.bash'
[10.414s] INFO:colcon.colcon_core.shell:Creating prefix script '/home/sli/slither_ws/install/local_setup.zsh'
[10.417s] INFO:colcon.colcon_core.shell:Creating prefix chain script '/home/sli/slither_ws/install/setup.zsh'
